<!DOCTYPE HTML PUBLIC "-//W3C//DTD HTML 4.01 Transitional//EN" "http://www.w3.org/TR/html4/loose.dtd">
<html>
<head>
<title>Application log</title>
<style type="text/css">
<!--
body, table {font-family: arial,sans-serif; font-size: x-small;}
th {background: #336699; color: #FFFFFF; text-align: left;}
-->
</style>
</head>
<body bgcolor="#FFFFFF" topmargin="6" leftmargin="6">
<hr size="1" noshade>
Log session start time Wed Aug 05 14:34:54 IST 2020<br>
<br>
<table cellspacing="0" cellpadding="4" border="1" bordercolor="#224466" width="100%">
<tr>
<th>Time</th>
<th>Thread</th>
<th>Level</th>
<th>Category</th>
<th>File:Line</th>
<th>Message</th>
</tr>
</table>
<br>
</body></html><!DOCTYPE HTML PUBLIC "-//W3C//DTD HTML 4.01 Transitional//EN" "http://www.w3.org/TR/html4/loose.dtd">
<html>
<head>
<title>Application log</title>
<style type="text/css">
<!--
body, table {font-family: arial,sans-serif; font-size: x-small;}
th {background: #336699; color: #FFFFFF; text-align: left;}
-->
</style>
</head>
<body bgcolor="#FFFFFF" topmargin="6" leftmargin="6">
<hr size="1" noshade>
Log session start time Wed Aug 05 14:34:54 IST 2020<br>
<br>
<table cellspacing="0" cellpadding="4" border="1" bordercolor="#224466" width="100%">
<tr>
<th>Time</th>
<th>Thread</th>
<th>Level</th>
<th>Category</th>
<th>File:Line</th>
<th>Message</th>
</tr>

<tr>
<td>0</td>
<td title="pool-1-thread-2 thread">pool-1-thread-2</td>
<td title="Level">INFO</td>
<td title="Test Suite category">Test Suite</td>
<td>ITestAnnotation.java:81</td>
<td title="Message">TEST CASE: TC501 | Priority: 5</td>
</tr>

<tr>
<td>2</td>
<td title="pool-1-thread-1 thread">pool-1-thread-1</td>
<td title="Level">INFO</td>
<td title="Test Suite category">Test Suite</td>
<td>ITestAnnotation.java:81</td>
<td title="Message">TEST CASE: TC001 | Priority: 5</td>
</tr>

<tr>
<td>35911</td>
<td title="pool-1-thread-2 thread">pool-1-thread-2</td>
<td title="Level"><font color="#993300"><strong>ERROR</strong></font></td>
<td title="Test Suite category">Test Suite</td>
<td>ITestAnnotation.java:36</td>
<td title="Message">TC501 is Failed ! 
 EXCEPTION:  ---&gt;  java.lang.NullPointerException: null value in entry: url=null
	at com.google.common.collect.CollectPreconditions.checkEntryNotNull(CollectPreconditions.java:32)
	at com.google.common.collect.SingletonImmutableBiMap.&lt;init&gt;(SingletonImmutableBiMap.java:42)
	at com.google.common.collect.ImmutableBiMap.of(ImmutableBiMap.java:70)
	at com.google.common.collect.ImmutableMap.of(ImmutableMap.java:123)
	at org.openqa.selenium.remote.RemoteWebDriver.get(RemoteWebDriver.java:325)
	at resources.BrowserFactory.&lt;init&gt;(BrowserFactory.java:22)
	at resources.Testing.&lt;init&gt;(Testing.java:35)
	at testApparent.TC_Apparent.TC501(TC_Apparent.java:45)
	at sun.reflect.NativeMethodAccessorImpl.invoke0(Native Method)
	at sun.reflect.NativeMethodAccessorImpl.invoke(NativeMethodAccessorImpl.java:62)
	at sun.reflect.DelegatingMethodAccessorImpl.invoke(DelegatingMethodAccessorImpl.java:43)
	at java.lang.reflect.Method.invoke(Method.java:498)
	at org.testng.internal.MethodInvocationHelper.invokeMethod(MethodInvocationHelper.java:85)
	at org.testng.internal.Invoker.invokeMethod(Invoker.java:639)
	at org.testng.internal.Invoker.invokeTestMethod(Invoker.java:816)
	at org.testng.internal.Invoker.invokeTestMethods(Invoker.java:1124)
	at org.testng.internal.TestMethodWorker.invokeTestMethods(TestMethodWorker.java:125)
	at org.testng.internal.TestMethodWorker.run(TestMethodWorker.java:108)
	at java.util.concurrent.ThreadPoolExecutor.runWorker(ThreadPoolExecutor.java:1142)
	at java.util.concurrent.ThreadPoolExecutor$Worker.run(ThreadPoolExecutor.java:617)
	at java.lang.Thread.run(Thread.java:745)
</td>
</tr>

<tr>
<td>36056</td>
<td title="pool-1-thread-1 thread">pool-1-thread-1</td>
<td title="Level"><font color="#993300"><strong>ERROR</strong></font></td>
<td title="Test Suite category">Test Suite</td>
<td>ITestAnnotation.java:36</td>
<td title="Message">TC001 is Failed ! 
 EXCEPTION:  ---&gt;  java.lang.NullPointerException: null value in entry: url=null
	at com.google.common.collect.CollectPreconditions.checkEntryNotNull(CollectPreconditions.java:32)
	at com.google.common.collect.SingletonImmutableBiMap.&lt;init&gt;(SingletonImmutableBiMap.java:42)
	at com.google.common.collect.ImmutableBiMap.of(ImmutableBiMap.java:70)
	at com.google.common.collect.ImmutableMap.of(ImmutableMap.java:123)
	at org.openqa.selenium.remote.RemoteWebDriver.get(RemoteWebDriver.java:325)
	at resources.BrowserFactory.&lt;init&gt;(BrowserFactory.java:22)
	at resources.Testing.&lt;init&gt;(Testing.java:35)
	at testElephant.TC_Elephant.TC001(TC_Elephant.java:45)
	at sun.reflect.NativeMethodAccessorImpl.invoke0(Native Method)
	at sun.reflect.NativeMethodAccessorImpl.invoke(NativeMethodAccessorImpl.java:62)
	at sun.reflect.DelegatingMethodAccessorImpl.invoke(DelegatingMethodAccessorImpl.java:43)
	at java.lang.reflect.Method.invoke(Method.java:498)
	at org.testng.internal.MethodInvocationHelper.invokeMethod(MethodInvocationHelper.java:85)
	at org.testng.internal.Invoker.invokeMethod(Invoker.java:639)
	at org.testng.internal.Invoker.invokeTestMethod(Invoker.java:816)
	at org.testng.internal.Invoker.invokeTestMethods(Invoker.java:1124)
	at org.testng.internal.TestMethodWorker.invokeTestMethods(TestMethodWorker.java:125)
	at org.testng.internal.TestMethodWorker.run(TestMethodWorker.java:108)
	at java.util.concurrent.ThreadPoolExecutor.runWorker(ThreadPoolExecutor.java:1142)
	at java.util.concurrent.ThreadPoolExecutor$Worker.run(ThreadPoolExecutor.java:617)
	at java.lang.Thread.run(Thread.java:745)
</td>
</tr>
<!DOCTYPE HTML PUBLIC "-//W3C//DTD HTML 4.01 Transitional//EN" "http://www.w3.org/TR/html4/loose.dtd">
<html>
<head>
<title>Application log</title>
<style type="text/css">
<!--
body, table {font-family: arial,sans-serif; font-size: x-small;}
th {background: #336699; color: #FFFFFF; text-align: left;}
-->
</style>
</head>
<body bgcolor="#FFFFFF" topmargin="6" leftmargin="6">
<hr size="1" noshade>
Log session start time Fri Nov 06 19:45:56 IST 2020<br>
<br>
<table cellspacing="0" cellpadding="4" border="1" bordercolor="#224466" width="100%">
<tr>
<th>Time</th>
<th>Thread</th>
<th>Level</th>
<th>Category</th>
<th>File:Line</th>
<th>Message</th>
</tr>

<tr>
<td>0</td>
<td title="main thread">main</td>
<td title="Level">INFO</td>
<td title="Test Suite category">Test Suite</td>
<td>ITestAnnotation.java:81</td>
<td title="Message">TEST CASE: TC005 | Priority: 5</td>
</tr>

<tr>
<td>1194</td>
<td title="main thread">main</td>
<td title="Level"><font color="#993300"><strong>ERROR</strong></font></td>
<td title="Test Suite category">Test Suite</td>
<td>ITestAnnotation.java:36</td>
<td title="Message">TC005 is Failed ! 
 EXCEPTION:  ---&gt;  java.lang.IllegalStateException: The driver executable does not exist: D:\Admiral\Automation\BrowserDrivers\chromedriver.exe
	at com.google.common.base.Preconditions.checkState(Preconditions.java:585)
	at org.openqa.selenium.remote.service.DriverService.checkExecutable(DriverService.java:136)
	at org.openqa.selenium.remote.service.DriverService.findExecutable(DriverService.java:131)
	at org.openqa.selenium.chrome.ChromeDriverService.access$000(ChromeDriverService.java:32)
	at org.openqa.selenium.chrome.ChromeDriverService$Builder.findDefaultExecutable(ChromeDriverService.java:137)
	at org.openqa.selenium.remote.service.DriverService$Builder.build(DriverService.java:339)
	at org.openqa.selenium.chrome.ChromeDriverService.createDefaultService(ChromeDriverService.java:88)
	at org.openqa.selenium.chrome.ChromeDriver.&lt;init&gt;(ChromeDriver.java:123)
	at resources.BrowserFactory.&lt;init&gt;(BrowserFactory.java:20)
	at resources.Testing.&lt;init&gt;(Testing.java:35)
	at testElephant.TC_Elephant.TC005(TC_Elephant.java:142)
	at sun.reflect.NativeMethodAccessorImpl.invoke0(Native Method)
	at sun.reflect.NativeMethodAccessorImpl.invoke(NativeMethodAccessorImpl.java:62)
	at sun.reflect.DelegatingMethodAccessorImpl.invoke(DelegatingMethodAccessorImpl.java:43)
	at java.lang.reflect.Method.invoke(Method.java:498)
	at org.testng.internal.MethodInvocationHelper.invokeMethod(MethodInvocationHelper.java:85)
	at org.testng.internal.Invoker.invokeMethod(Invoker.java:639)
	at org.testng.internal.Invoker.invokeTestMethod(Invoker.java:816)
	at org.testng.internal.Invoker.invokeTestMethods(Invoker.java:1124)
	at org.testng.internal.TestMethodWorker.invokeTestMethods(TestMethodWorker.java:125)
	at org.testng.internal.TestMethodWorker.run(TestMethodWorker.java:108)
	at org.testng.TestRunner.privateRun(TestRunner.java:774)
	at org.testng.TestRunner.run(TestRunner.java:624)
	at org.testng.SuiteRunner.runTest(SuiteRunner.java:359)
	at org.testng.SuiteRunner.runSequentially(SuiteRunner.java:354)
	at org.testng.SuiteRunner.privateRun(SuiteRunner.java:312)
	at org.testng.SuiteRunner.run(SuiteRunner.java:261)
	at org.testng.SuiteRunnerWorker.runSuite(SuiteRunnerWorker.java:52)
	at org.testng.SuiteRunnerWorker.run(SuiteRunnerWorker.java:86)
	at org.testng.TestNG.runSuitesSequentially(TestNG.java:1191)
	at org.testng.TestNG.runSuitesLocally(TestNG.java:1116)
	at org.testng.TestNG.run(TestNG.java:1024)
	at org.testng.remote.AbstractRemoteTestNG.run(AbstractRemoteTestNG.java:114)
	at org.testng.remote.RemoteTestNG.initAndRun(RemoteTestNG.java:251)
	at org.testng.remote.RemoteTestNG.main(RemoteTestNG.java:77)
</td>
</tr>
<!DOCTYPE HTML PUBLIC "-//W3C//DTD HTML 4.01 Transitional//EN" "http://www.w3.org/TR/html4/loose.dtd">
<html>
<head>
<title>Application log</title>
<style type="text/css">
<!--
body, table {font-family: arial,sans-serif; font-size: x-small;}
th {background: #336699; color: #FFFFFF; text-align: left;}
-->
</style>
</head>
<body bgcolor="#FFFFFF" topmargin="6" leftmargin="6">
<hr size="1" noshade>
Log session start time Fri Nov 06 19:46:41 IST 2020<br>
<br>
<table cellspacing="0" cellpadding="4" border="1" bordercolor="#224466" width="100%">
<tr>
<th>Time</th>
<th>Thread</th>
<th>Level</th>
<th>Category</th>
<th>File:Line</th>
<th>Message</th>
</tr>

<tr>
<td>1</td>
<td title="main thread">main</td>
<td title="Level">INFO</td>
<td title="Test Suite category">Test Suite</td>
<td>ITestAnnotation.java:81</td>
<td title="Message">TEST CASE: TC005 | Priority: 5</td>
</tr>

<tr>
<td>1148</td>
<td title="main thread">main</td>
<td title="Level"><font color="#993300"><strong>ERROR</strong></font></td>
<td title="Test Suite category">Test Suite</td>
<td>ITestAnnotation.java:36</td>
<td title="Message">TC005 is Failed ! 
 EXCEPTION:  ---&gt;  java.lang.IllegalStateException: The driver executable does not exist: D:\Admiral\Automation\BrowserDrivers\chromedriver.exe
	at com.google.common.base.Preconditions.checkState(Preconditions.java:585)
	at org.openqa.selenium.remote.service.DriverService.checkExecutable(DriverService.java:136)
	at org.openqa.selenium.remote.service.DriverService.findExecutable(DriverService.java:131)
	at org.openqa.selenium.chrome.ChromeDriverService.access$000(ChromeDriverService.java:32)
	at org.openqa.selenium.chrome.ChromeDriverService$Builder.findDefaultExecutable(ChromeDriverService.java:137)
	at org.openqa.selenium.remote.service.DriverService$Builder.build(DriverService.java:339)
	at org.openqa.selenium.chrome.ChromeDriverService.createDefaultService(ChromeDriverService.java:88)
	at org.openqa.selenium.chrome.ChromeDriver.&lt;init&gt;(ChromeDriver.java:123)
	at resources.BrowserFactory.&lt;init&gt;(BrowserFactory.java:20)
	at resources.Testing.&lt;init&gt;(Testing.java:35)
	at testElephant.TC_Elephant.TC005(TC_Elephant.java:142)
	at sun.reflect.NativeMethodAccessorImpl.invoke0(Native Method)
	at sun.reflect.NativeMethodAccessorImpl.invoke(NativeMethodAccessorImpl.java:62)
	at sun.reflect.DelegatingMethodAccessorImpl.invoke(DelegatingMethodAccessorImpl.java:43)
	at java.lang.reflect.Method.invoke(Method.java:498)
	at org.testng.internal.MethodInvocationHelper.invokeMethod(MethodInvocationHelper.java:85)
	at org.testng.internal.Invoker.invokeMethod(Invoker.java:639)
	at org.testng.internal.Invoker.invokeTestMethod(Invoker.java:816)
	at org.testng.internal.Invoker.invokeTestMethods(Invoker.java:1124)
	at org.testng.internal.TestMethodWorker.invokeTestMethods(TestMethodWorker.java:125)
	at org.testng.internal.TestMethodWorker.run(TestMethodWorker.java:108)
	at org.testng.TestRunner.privateRun(TestRunner.java:774)
	at org.testng.TestRunner.run(TestRunner.java:624)
	at org.testng.SuiteRunner.runTest(SuiteRunner.java:359)
	at org.testng.SuiteRunner.runSequentially(SuiteRunner.java:354)
	at org.testng.SuiteRunner.privateRun(SuiteRunner.java:312)
	at org.testng.SuiteRunner.run(SuiteRunner.java:261)
	at org.testng.SuiteRunnerWorker.runSuite(SuiteRunnerWorker.java:52)
	at org.testng.SuiteRunnerWorker.run(SuiteRunnerWorker.java:86)
	at org.testng.TestNG.runSuitesSequentially(TestNG.java:1191)
	at org.testng.TestNG.runSuitesLocally(TestNG.java:1116)
	at org.testng.TestNG.run(TestNG.java:1024)
	at org.testng.remote.AbstractRemoteTestNG.run(AbstractRemoteTestNG.java:114)
	at org.testng.remote.RemoteTestNG.initAndRun(RemoteTestNG.java:251)
	at org.testng.remote.RemoteTestNG.main(RemoteTestNG.java:77)
</td>
</tr>
<!DOCTYPE HTML PUBLIC "-//W3C//DTD HTML 4.01 Transitional//EN" "http://www.w3.org/TR/html4/loose.dtd">
<html>
<head>
<title>Application log</title>
<style type="text/css">
<!--
body, table {font-family: arial,sans-serif; font-size: x-small;}
th {background: #336699; color: #FFFFFF; text-align: left;}
-->
</style>
</head>
<body bgcolor="#FFFFFF" topmargin="6" leftmargin="6">
<hr size="1" noshade>
Log session start time Fri Nov 06 19:52:36 IST 2020<br>
<br>
<table cellspacing="0" cellpadding="4" border="1" bordercolor="#224466" width="100%">
<tr>
<th>Time</th>
<th>Thread</th>
<th>Level</th>
<th>Category</th>
<th>File:Line</th>
<th>Message</th>
</tr>

<tr>
<td>0</td>
<td title="main thread">main</td>
<td title="Level">INFO</td>
<td title="Test Suite category">Test Suite</td>
<td>ITestAnnotation.java:81</td>
<td title="Message">TEST CASE: TC005 | Priority: 5</td>
</tr>

<tr>
<td>1210</td>
<td title="main thread">main</td>
<td title="Level"><font color="#993300"><strong>ERROR</strong></font></td>
<td title="Test Suite category">Test Suite</td>
<td>ITestAnnotation.java:36</td>
<td title="Message">TC005 is Failed ! 
 EXCEPTION:  ---&gt;  java.lang.IllegalStateException: The driver executable does not exist: D:\Admiral\Automation\BrowserDrivers\chromedriver.exe
	at com.google.common.base.Preconditions.checkState(Preconditions.java:585)
	at org.openqa.selenium.remote.service.DriverService.checkExecutable(DriverService.java:136)
	at org.openqa.selenium.remote.service.DriverService.findExecutable(DriverService.java:131)
	at org.openqa.selenium.chrome.ChromeDriverService.access$000(ChromeDriverService.java:32)
	at org.openqa.selenium.chrome.ChromeDriverService$Builder.findDefaultExecutable(ChromeDriverService.java:137)
	at org.openqa.selenium.remote.service.DriverService$Builder.build(DriverService.java:339)
	at org.openqa.selenium.chrome.ChromeDriverService.createDefaultService(ChromeDriverService.java:88)
	at org.openqa.selenium.chrome.ChromeDriver.&lt;init&gt;(ChromeDriver.java:123)
	at resources.BrowserFactory.&lt;init&gt;(BrowserFactory.java:20)
	at resources.Testing.&lt;init&gt;(Testing.java:35)
	at testElephant.TC_Elephant.TC005(TC_Elephant.java:142)
	at sun.reflect.NativeMethodAccessorImpl.invoke0(Native Method)
	at sun.reflect.NativeMethodAccessorImpl.invoke(NativeMethodAccessorImpl.java:62)
	at sun.reflect.DelegatingMethodAccessorImpl.invoke(DelegatingMethodAccessorImpl.java:43)
	at java.lang.reflect.Method.invoke(Method.java:498)
	at org.testng.internal.MethodInvocationHelper.invokeMethod(MethodInvocationHelper.java:85)
	at org.testng.internal.Invoker.invokeMethod(Invoker.java:639)
	at org.testng.internal.Invoker.invokeTestMethod(Invoker.java:816)
	at org.testng.internal.Invoker.invokeTestMethods(Invoker.java:1124)
	at org.testng.internal.TestMethodWorker.invokeTestMethods(TestMethodWorker.java:125)
	at org.testng.internal.TestMethodWorker.run(TestMethodWorker.java:108)
	at org.testng.TestRunner.privateRun(TestRunner.java:774)
	at org.testng.TestRunner.run(TestRunner.java:624)
	at org.testng.SuiteRunner.runTest(SuiteRunner.java:359)
	at org.testng.SuiteRunner.runSequentially(SuiteRunner.java:354)
	at org.testng.SuiteRunner.privateRun(SuiteRunner.java:312)
	at org.testng.SuiteRunner.run(SuiteRunner.java:261)
	at org.testng.SuiteRunnerWorker.runSuite(SuiteRunnerWorker.java:52)
	at org.testng.SuiteRunnerWorker.run(SuiteRunnerWorker.java:86)
	at org.testng.TestNG.runSuitesSequentially(TestNG.java:1191)
	at org.testng.TestNG.runSuitesLocally(TestNG.java:1116)
	at org.testng.TestNG.run(TestNG.java:1024)
	at org.testng.remote.AbstractRemoteTestNG.run(AbstractRemoteTestNG.java:114)
	at org.testng.remote.RemoteTestNG.initAndRun(RemoteTestNG.java:251)
	at org.testng.remote.RemoteTestNG.main(RemoteTestNG.java:77)
</td>
</tr>
<!DOCTYPE HTML PUBLIC "-//W3C//DTD HTML 4.01 Transitional//EN" "http://www.w3.org/TR/html4/loose.dtd">
<html>
<head>
<title>Application log</title>
<style type="text/css">
<!--
body, table {font-family: arial,sans-serif; font-size: x-small;}
th {background: #336699; color: #FFFFFF; text-align: left;}
-->
</style>
</head>
<body bgcolor="#FFFFFF" topmargin="6" leftmargin="6">
<hr size="1" noshade>
Log session start time Fri Nov 06 19:56:49 IST 2020<br>
<br>
<table cellspacing="0" cellpadding="4" border="1" bordercolor="#224466" width="100%">
<tr>
<th>Time</th>
<th>Thread</th>
<th>Level</th>
<th>Category</th>
<th>File:Line</th>
<th>Message</th>
</tr>

<tr>
<td>1</td>
<td title="main thread">main</td>
<td title="Level">INFO</td>
<td title="Test Suite category">Test Suite</td>
<td>ITestAnnotation.java:81</td>
<td title="Message">TEST CASE: TC005 | Priority: 5</td>
</tr>

<tr>
<td>1135</td>
<td title="main thread">main</td>
<td title="Level"><font color="#993300"><strong>ERROR</strong></font></td>
<td title="Test Suite category">Test Suite</td>
<td>ITestAnnotation.java:36</td>
<td title="Message">TC005 is Failed ! 
 EXCEPTION:  ---&gt;  java.lang.IllegalStateException: The driver executable does not exist: D:\Admiral\Automation\BrowserDrivers\chromedriver.exe
	at com.google.common.base.Preconditions.checkState(Preconditions.java:585)
	at org.openqa.selenium.remote.service.DriverService.checkExecutable(DriverService.java:136)
	at org.openqa.selenium.remote.service.DriverService.findExecutable(DriverService.java:131)
	at org.openqa.selenium.chrome.ChromeDriverService.access$000(ChromeDriverService.java:32)
	at org.openqa.selenium.chrome.ChromeDriverService$Builder.findDefaultExecutable(ChromeDriverService.java:137)
	at org.openqa.selenium.remote.service.DriverService$Builder.build(DriverService.java:339)
	at org.openqa.selenium.chrome.ChromeDriverService.createDefaultService(ChromeDriverService.java:88)
	at org.openqa.selenium.chrome.ChromeDriver.&lt;init&gt;(ChromeDriver.java:123)
	at resources.BrowserFactory.&lt;init&gt;(BrowserFactory.java:20)
	at resources.Testing.&lt;init&gt;(Testing.java:35)
	at testElephant.TC_Elephant.TC005(TC_Elephant.java:142)
	at sun.reflect.NativeMethodAccessorImpl.invoke0(Native Method)
	at sun.reflect.NativeMethodAccessorImpl.invoke(NativeMethodAccessorImpl.java:62)
	at sun.reflect.DelegatingMethodAccessorImpl.invoke(DelegatingMethodAccessorImpl.java:43)
	at java.lang.reflect.Method.invoke(Method.java:498)
	at org.testng.internal.MethodInvocationHelper.invokeMethod(MethodInvocationHelper.java:85)
	at org.testng.internal.Invoker.invokeMethod(Invoker.java:639)
	at org.testng.internal.Invoker.invokeTestMethod(Invoker.java:816)
	at org.testng.internal.Invoker.invokeTestMethods(Invoker.java:1124)
	at org.testng.internal.TestMethodWorker.invokeTestMethods(TestMethodWorker.java:125)
	at org.testng.internal.TestMethodWorker.run(TestMethodWorker.java:108)
	at org.testng.TestRunner.privateRun(TestRunner.java:774)
	at org.testng.TestRunner.run(TestRunner.java:624)
	at org.testng.SuiteRunner.runTest(SuiteRunner.java:359)
	at org.testng.SuiteRunner.runSequentially(SuiteRunner.java:354)
	at org.testng.SuiteRunner.privateRun(SuiteRunner.java:312)
	at org.testng.SuiteRunner.run(SuiteRunner.java:261)
	at org.testng.SuiteRunnerWorker.runSuite(SuiteRunnerWorker.java:52)
	at org.testng.SuiteRunnerWorker.run(SuiteRunnerWorker.java:86)
	at org.testng.TestNG.runSuitesSequentially(TestNG.java:1191)
	at org.testng.TestNG.runSuitesLocally(TestNG.java:1116)
	at org.testng.TestNG.run(TestNG.java:1024)
	at org.testng.remote.AbstractRemoteTestNG.run(AbstractRemoteTestNG.java:114)
	at org.testng.remote.RemoteTestNG.initAndRun(RemoteTestNG.java:251)
	at org.testng.remote.RemoteTestNG.main(RemoteTestNG.java:77)
</td>
</tr>
<!DOCTYPE HTML PUBLIC "-//W3C//DTD HTML 4.01 Transitional//EN" "http://www.w3.org/TR/html4/loose.dtd">
<html>
<head>
<title>Application log</title>
<style type="text/css">
<!--
body, table {font-family: arial,sans-serif; font-size: x-small;}
th {background: #336699; color: #FFFFFF; text-align: left;}
-->
</style>
</head>
<body bgcolor="#FFFFFF" topmargin="6" leftmargin="6">
<hr size="1" noshade>
Log session start time Fri Nov 06 19:57:47 IST 2020<br>
<br>
<table cellspacing="0" cellpadding="4" border="1" bordercolor="#224466" width="100%">
<tr>
<th>Time</th>
<th>Thread</th>
<th>Level</th>
<th>Category</th>
<th>File:Line</th>
<th>Message</th>
</tr>

<tr>
<td>0</td>
<td title="main thread">main</td>
<td title="Level">INFO</td>
<td title="Test Suite category">Test Suite</td>
<td>ITestAnnotation.java:81</td>
<td title="Message">TEST CASE: TC005 | Priority: 5</td>
</tr>

<tr>
<td>16463</td>
<td title="main thread">main</td>
<td title="Level"><font color="#993300"><strong>ERROR</strong></font></td>
<td title="Elephant-4VClaim category">Elephant-4VClaim</td>
<td>WebFunctions.java:138</td>
<td title="Message">NoSuchElement Exception</td>
</tr>

<tr>
<td>23830</td>
<td title="main thread">main</td>
<td title="Level">INFO</td>
<td title="Elephant-4VClaim category">Elephant-4VClaim</td>
<td>STC_LaunchPage.java:22</td>
<td title="Message">Clicked on 'All Other Claims' button on Launch Page of ENOL</td>
</tr>

<tr>
<td>64335</td>
<td title="main thread">main</td>
<td title="Level">INFO</td>
<td title="Test Suite category">Test Suite</td>
<td>ITestAnnotation.java:89</td>
<td title="Message">TC005 is Passed !</td>
</tr>
<!DOCTYPE HTML PUBLIC "-//W3C//DTD HTML 4.01 Transitional//EN" "http://www.w3.org/TR/html4/loose.dtd">
<html>
<head>
<title>Application log</title>
<style type="text/css">
<!--
body, table {font-family: arial,sans-serif; font-size: x-small;}
th {background: #336699; color: #FFFFFF; text-align: left;}
-->
</style>
</head>
<body bgcolor="#FFFFFF" topmargin="6" leftmargin="6">
<hr size="1" noshade>
Log session start time Fri Nov 06 20:03:01 IST 2020<br>
<br>
<table cellspacing="0" cellpadding="4" border="1" bordercolor="#224466" width="100%">
<tr>
<th>Time</th>
<th>Thread</th>
<th>Level</th>
<th>Category</th>
<th>File:Line</th>
<th>Message</th>
</tr>

<tr>
<td>0</td>
<td title="main thread">main</td>
<td title="Level">INFO</td>
<td title="Test Suite category">Test Suite</td>
<td>ITestAnnotation.java:81</td>
<td title="Message">TEST CASE: TC005 | Priority: 5</td>
</tr>

<tr>
<td>15359</td>
<td title="main thread">main</td>
<td title="Level"><font color="#993300"><strong>ERROR</strong></font></td>
<td title="Elephant-4VClaim category">Elephant-4VClaim</td>
<td>WebFunctions.java:138</td>
<td title="Message">NoSuchElement Exception</td>
</tr>

<tr>
<td>22692</td>
<td title="main thread">main</td>
<td title="Level">INFO</td>
<td title="Elephant-4VClaim category">Elephant-4VClaim</td>
<td>STC_LaunchPage.java:22</td>
<td title="Message">Clicked on 'All Other Claims' button on Launch Page of ENOL</td>
</tr>

<tr>
<td>22932</td>
<td title="main thread">main</td>
<td title="Level"><font color="#993300"><strong>ERROR</strong></font></td>
<td title="Elephant-4VClaim category">Elephant-4VClaim</td>
<td>WebFunctions.java:65</td>
<td title="Message">WebDriver Exception</td>
</tr>

<tr>
<td>25092</td>
<td title="main thread">main</td>
<td title="Level"><font color="#993300"><strong>ERROR</strong></font></td>
<td title="Elephant-4VClaim category">Elephant-4VClaim</td>
<td>WebFunctions.java:65</td>
<td title="Message">WebDriver Exception</td>
</tr>

<tr>
<td>27243</td>
<td title="main thread">main</td>
<td title="Level"><font color="#993300"><strong>ERROR</strong></font></td>
<td title="Elephant-4VClaim category">Elephant-4VClaim</td>
<td>WebFunctions.java:65</td>
<td title="Message">WebDriver Exception</td>
</tr>

<tr>
<td>29397</td>
<td title="main thread">main</td>
<td title="Level">INFO</td>
<td title="Test Suite category">Test Suite</td>
<td>ITestAnnotation.java:89</td>
<td title="Message">TC005 is Passed !</td>
</tr>
<!DOCTYPE HTML PUBLIC "-//W3C//DTD HTML 4.01 Transitional//EN" "http://www.w3.org/TR/html4/loose.dtd">
<html>
<head>
<title>Application log</title>
<style type="text/css">
<!--
body, table {font-family: arial,sans-serif; font-size: x-small;}
th {background: #336699; color: #FFFFFF; text-align: left;}
-->
</style>
</head>
<body bgcolor="#FFFFFF" topmargin="6" leftmargin="6">
<hr size="1" noshade>
Log session start time Fri Nov 06 20:04:28 IST 2020<br>
<br>
<table cellspacing="0" cellpadding="4" border="1" bordercolor="#224466" width="100%">
<tr>
<th>Time</th>
<th>Thread</th>
<th>Level</th>
<th>Category</th>
<th>File:Line</th>
<th>Message</th>
</tr>

<tr>
<td>0</td>
<td title="main thread">main</td>
<td title="Level">INFO</td>
<td title="Test Suite category">Test Suite</td>
<td>ITestAnnotation.java:81</td>
<td title="Message">TEST CASE: TC005 | Priority: 5</td>
</tr>

<tr>
<td>15998</td>
<td title="main thread">main</td>
<td title="Level"><font color="#993300"><strong>ERROR</strong></font></td>
<td title="Elephant-IncidentDate_Future category">Elephant-IncidentDate_Future</td>
<td>WebFunctions.java:138</td>
<td title="Message">NoSuchElement Exception</td>
</tr>

<tr>
<td>23367</td>
<td title="main thread">main</td>
<td title="Level">INFO</td>
<td title="Elephant-IncidentDate_Future category">Elephant-IncidentDate_Future</td>
<td>STC_LaunchPage.java:22</td>
<td title="Message">Clicked on 'All Other Claims' button on Launch Page of ENOL</td>
</tr>

<tr>
<td>23582</td>
<td title="main thread">main</td>
<td title="Level"><font color="#993300"><strong>ERROR</strong></font></td>
<td title="Elephant-IncidentDate_Future category">Elephant-IncidentDate_Future</td>
<td>WebFunctions.java:65</td>
<td title="Message">WebDriver Exception</td>
</tr>

<tr>
<td>25746</td>
<td title="main thread">main</td>
<td title="Level"><font color="#993300"><strong>ERROR</strong></font></td>
<td title="Elephant-IncidentDate_Future category">Elephant-IncidentDate_Future</td>
<td>WebFunctions.java:65</td>
<td title="Message">WebDriver Exception</td>
</tr>

<tr>
<td>27897</td>
<td title="main thread">main</td>
<td title="Level"><font color="#993300"><strong>ERROR</strong></font></td>
<td title="Elephant-IncidentDate_Future category">Elephant-IncidentDate_Future</td>
<td>WebFunctions.java:65</td>
<td title="Message">WebDriver Exception</td>
</tr>

<tr>
<td>30051</td>
<td title="main thread">main</td>
<td title="Level">INFO</td>
<td title="Test Suite category">Test Suite</td>
<td>ITestAnnotation.java:89</td>
<td title="Message">TC005 is Passed !</td>
</tr>
<!DOCTYPE HTML PUBLIC "-//W3C//DTD HTML 4.01 Transitional//EN" "http://www.w3.org/TR/html4/loose.dtd">
<html>
<head>
<title>Application log</title>
<style type="text/css">
<!--
body, table {font-family: arial,sans-serif; font-size: x-small;}
th {background: #336699; color: #FFFFFF; text-align: left;}
-->
</style>
</head>
<body bgcolor="#FFFFFF" topmargin="6" leftmargin="6">
<hr size="1" noshade>
Log session start time Fri Nov 06 20:05:51 IST 2020<br>
<br>
<table cellspacing="0" cellpadding="4" border="1" bordercolor="#224466" width="100%">
<tr>
<th>Time</th>
<th>Thread</th>
<th>Level</th>
<th>Category</th>
<th>File:Line</th>
<th>Message</th>
</tr>

<tr>
<td>0</td>
<td title="main thread">main</td>
<td title="Level">INFO</td>
<td title="Test Suite category">Test Suite</td>
<td>ITestAnnotation.java:81</td>
<td title="Message">TEST CASE: TC005 | Priority: 5</td>
</tr>

<tr>
<td>16700</td>
<td title="main thread">main</td>
<td title="Level"><font color="#993300"><strong>ERROR</strong></font></td>
<td title="Elephant-IncidentDate_Future category">Elephant-IncidentDate_Future</td>
<td>WebFunctions.java:138</td>
<td title="Message">NoSuchElement Exception</td>
</tr>

<tr>
<td>24036</td>
<td title="main thread">main</td>
<td title="Level">INFO</td>
<td title="Elephant-IncidentDate_Future category">Elephant-IncidentDate_Future</td>
<td>STC_LaunchPage.java:22</td>
<td title="Message">Clicked on 'All Other Claims' button on Launch Page of ENOL</td>
</tr>

<tr>
<td>24231</td>
<td title="main thread">main</td>
<td title="Level"><font color="#993300"><strong>ERROR</strong></font></td>
<td title="Elephant-IncidentDate_Future category">Elephant-IncidentDate_Future</td>
<td>WebFunctions.java:65</td>
<td title="Message">WebDriver Exception</td>
</tr>

<tr>
<td>26391</td>
<td title="main thread">main</td>
<td title="Level"><font color="#993300"><strong>ERROR</strong></font></td>
<td title="Elephant-IncidentDate_Future category">Elephant-IncidentDate_Future</td>
<td>WebFunctions.java:65</td>
<td title="Message">WebDriver Exception</td>
</tr>

<tr>
<td>28538</td>
<td title="main thread">main</td>
<td title="Level"><font color="#993300"><strong>ERROR</strong></font></td>
<td title="Elephant-IncidentDate_Future category">Elephant-IncidentDate_Future</td>
<td>WebFunctions.java:65</td>
<td title="Message">WebDriver Exception</td>
</tr>

<tr>
<td>30689</td>
<td title="main thread">main</td>
<td title="Level">INFO</td>
<td title="Test Suite category">Test Suite</td>
<td>ITestAnnotation.java:89</td>
<td title="Message">TC005 is Passed !</td>
</tr>
<!DOCTYPE HTML PUBLIC "-//W3C//DTD HTML 4.01 Transitional//EN" "http://www.w3.org/TR/html4/loose.dtd">
<html>
<head>
<title>Application log</title>
<style type="text/css">
<!--
body, table {font-family: arial,sans-serif; font-size: x-small;}
th {background: #336699; color: #FFFFFF; text-align: left;}
-->
</style>
</head>
<body bgcolor="#FFFFFF" topmargin="6" leftmargin="6">
<hr size="1" noshade>
Log session start time Fri Nov 06 20:10:36 IST 2020<br>
<br>
<table cellspacing="0" cellpadding="4" border="1" bordercolor="#224466" width="100%">
<tr>
<th>Time</th>
<th>Thread</th>
<th>Level</th>
<th>Category</th>
<th>File:Line</th>
<th>Message</th>
</tr>

<tr>
<td>0</td>
<td title="main thread">main</td>
<td title="Level">INFO</td>
<td title="Test Suite category">Test Suite</td>
<td>ITestAnnotation.java:81</td>
<td title="Message">TEST CASE: TC005 | Priority: 5</td>
</tr>

<tr>
<td>15401</td>
<td title="main thread">main</td>
<td title="Level"><font color="#993300"><strong>ERROR</strong></font></td>
<td title="Elephant-IncidentDate_Future category">Elephant-IncidentDate_Future</td>
<td>WebFunctions.java:138</td>
<td title="Message">NoSuchElement Exception</td>
</tr>

<tr>
<td>22786</td>
<td title="main thread">main</td>
<td title="Level">INFO</td>
<td title="Elephant-IncidentDate_Future category">Elephant-IncidentDate_Future</td>
<td>STC_LaunchPage.java:22</td>
<td title="Message">Clicked on 'All Other Claims' button on Launch Page of ENOL</td>
</tr>

<tr>
<td>23027</td>
<td title="main thread">main</td>
<td title="Level"><font color="#993300"><strong>ERROR</strong></font></td>
<td title="Elephant-IncidentDate_Future category">Elephant-IncidentDate_Future</td>
<td>WebFunctions.java:65</td>
<td title="Message">WebDriver Exception</td>
</tr>

<tr>
<td>25187</td>
<td title="main thread">main</td>
<td title="Level"><font color="#993300"><strong>ERROR</strong></font></td>
<td title="Elephant-IncidentDate_Future category">Elephant-IncidentDate_Future</td>
<td>WebFunctions.java:65</td>
<td title="Message">WebDriver Exception</td>
</tr>

<tr>
<td>27332</td>
<td title="main thread">main</td>
<td title="Level"><font color="#993300"><strong>ERROR</strong></font></td>
<td title="Elephant-IncidentDate_Future category">Elephant-IncidentDate_Future</td>
<td>WebFunctions.java:65</td>
<td title="Message">WebDriver Exception</td>
</tr>

<tr>
<td>29496</td>
<td title="main thread">main</td>
<td title="Level">INFO</td>
<td title="Test Suite category">Test Suite</td>
<td>ITestAnnotation.java:89</td>
<td title="Message">TC005 is Passed !</td>
</tr>
<!DOCTYPE HTML PUBLIC "-//W3C//DTD HTML 4.01 Transitional//EN" "http://www.w3.org/TR/html4/loose.dtd">
<html>
<head>
<title>Application log</title>
<style type="text/css">
<!--
body, table {font-family: arial,sans-serif; font-size: x-small;}
th {background: #336699; color: #FFFFFF; text-align: left;}
-->
</style>
</head>
<body bgcolor="#FFFFFF" topmargin="6" leftmargin="6">
<hr size="1" noshade>
Log session start time Fri Nov 06 20:16:07 IST 2020<br>
<br>
<table cellspacing="0" cellpadding="4" border="1" bordercolor="#224466" width="100%">
<tr>
<th>Time</th>
<th>Thread</th>
<th>Level</th>
<th>Category</th>
<th>File:Line</th>
<th>Message</th>
</tr>

<tr>
<td>0</td>
<td title="main thread">main</td>
<td title="Level">INFO</td>
<td title="Test Suite category">Test Suite</td>
<td>ITestAnnotation.java:81</td>
<td title="Message">TEST CASE: TC005 | Priority: 5</td>
</tr>

<tr>
<td>16654</td>
<td title="main thread">main</td>
<td title="Level"><font color="#993300"><strong>ERROR</strong></font></td>
<td title="Elephant-IncidentDate_Future category">Elephant-IncidentDate_Future</td>
<td>WebFunctions.java:138</td>
<td title="Message">NoSuchElement Exception</td>
</tr>

<tr>
<td>23999</td>
<td title="main thread">main</td>
<td title="Level">INFO</td>
<td title="Elephant-IncidentDate_Future category">Elephant-IncidentDate_Future</td>
<td>STC_LaunchPage.java:22</td>
<td title="Message">Clicked on 'All Other Claims' button on Launch Page of ENOL</td>
</tr>

<tr>
<td>42221</td>
<td title="main thread">main</td>
<td title="Level">INFO</td>
<td title="Test Suite category">Test Suite</td>
<td>ITestAnnotation.java:89</td>
<td title="Message">TC005 is Passed !</td>
</tr>
<!DOCTYPE HTML PUBLIC "-//W3C//DTD HTML 4.01 Transitional//EN" "http://www.w3.org/TR/html4/loose.dtd">
<html>
<head>
<title>Application log</title>
<style type="text/css">
<!--
body, table {font-family: arial,sans-serif; font-size: x-small;}
th {background: #336699; color: #FFFFFF; text-align: left;}
-->
</style>
</head>
<body bgcolor="#FFFFFF" topmargin="6" leftmargin="6">
<hr size="1" noshade>
Log session start time Fri Nov 06 20:17:38 IST 2020<br>
<br>
<table cellspacing="0" cellpadding="4" border="1" bordercolor="#224466" width="100%">
<tr>
<th>Time</th>
<th>Thread</th>
<th>Level</th>
<th>Category</th>
<th>File:Line</th>
<th>Message</th>
</tr>

<tr>
<td>0</td>
<td title="main thread">main</td>
<td title="Level">INFO</td>
<td title="Test Suite category">Test Suite</td>
<td>ITestAnnotation.java:81</td>
<td title="Message">TEST CASE: TC005 | Priority: 5</td>
</tr>

<tr>
<td>15992</td>
<td title="main thread">main</td>
<td title="Level"><font color="#993300"><strong>ERROR</strong></font></td>
<td title="Elephant-IncidentDate_Future category">Elephant-IncidentDate_Future</td>
<td>WebFunctions.java:138</td>
<td title="Message">NoSuchElement Exception</td>
</tr>

<tr>
<td>23399</td>
<td title="main thread">main</td>
<td title="Level">INFO</td>
<td title="Elephant-IncidentDate_Future category">Elephant-IncidentDate_Future</td>
<td>STC_LaunchPage.java:22</td>
<td title="Message">Clicked on 'All Other Claims' button on Launch Page of ENOL</td>
</tr>

<tr>
<td>41704</td>
<td title="main thread">main</td>
<td title="Level">INFO</td>
<td title="Test Suite category">Test Suite</td>
<td>ITestAnnotation.java:89</td>
<td title="Message">TC005 is Passed !</td>
</tr>
<!DOCTYPE HTML PUBLIC "-//W3C//DTD HTML 4.01 Transitional//EN" "http://www.w3.org/TR/html4/loose.dtd">
<html>
<head>
<title>Application log</title>
<style type="text/css">
<!--
body, table {font-family: arial,sans-serif; font-size: x-small;}
th {background: #336699; color: #FFFFFF; text-align: left;}
-->
</style>
</head>
<body bgcolor="#FFFFFF" topmargin="6" leftmargin="6">
<hr size="1" noshade>
Log session start time Fri Nov 06 20:20:14 IST 2020<br>
<br>
<table cellspacing="0" cellpadding="4" border="1" bordercolor="#224466" width="100%">
<tr>
<th>Time</th>
<th>Thread</th>
<th>Level</th>
<th>Category</th>
<th>File:Line</th>
<th>Message</th>
</tr>

<tr>
<td>1</td>
<td title="main thread">main</td>
<td title="Level">INFO</td>
<td title="Test Suite category">Test Suite</td>
<td>ITestAnnotation.java:81</td>
<td title="Message">TEST CASE: TC005 | Priority: 5</td>
</tr>

<tr>
<td>16836</td>
<td title="main thread">main</td>
<td title="Level"><font color="#993300"><strong>ERROR</strong></font></td>
<td title="Elephant-IncidentDate_Future category">Elephant-IncidentDate_Future</td>
<td>WebFunctions.java:138</td>
<td title="Message">NoSuchElement Exception</td>
</tr>

<tr>
<td>24269</td>
<td title="main thread">main</td>
<td title="Level">INFO</td>
<td title="Elephant-IncidentDate_Future category">Elephant-IncidentDate_Future</td>
<td>STC_LaunchPage.java:22</td>
<td title="Message">Clicked on 'All Other Claims' button on Launch Page of ENOL</td>
</tr>

<tr>
<td>50913</td>
<td title="main thread">main</td>
<td title="Level">INFO</td>
<td title="Elephant-IncidentDate_Future category">Elephant-IncidentDate_Future</td>
<td>STC_IncidentDetails.java:34</td>
<td title="Message">Incident Details Info entered, navigating to Vehicle Details Page...</td>
</tr>

<tr>
<td>52034</td>
<td title="main thread">main</td>
<td title="Level">INFO</td>
<td title="Elephant-IncidentDate_Future category">Elephant-IncidentDate_Future</td>
<td>STC_IncidentDetails.java:42</td>
<td title="Message">Actual Error Message : A future date is not allowed. Please enter a valid date within the last 12 months.</td>
</tr>

<tr>
<td>52040</td>
<td title="main thread">main</td>
<td title="Level"><font color="#993300"><strong>ERROR</strong></font></td>
<td title="Test Suite category">Test Suite</td>
<td>ITestAnnotation.java:36</td>
<td title="Message">TC005 is Failed ! 
 EXCEPTION:  ---&gt;  java.lang.AssertionError: expected [true] but found [false]
	at org.testng.Assert.fail(Assert.java:94)
	at org.testng.Assert.failNotEquals(Assert.java:496)
	at org.testng.Assert.assertTrue(Assert.java:42)
	at org.testng.Assert.assertTrue(Assert.java:52)
	at SharedTC.STC_IncidentDetails.verifyErrorMessage(STC_IncidentDetails.java:43)
	at testElephant.TC_Elephant.TC005(TC_Elephant.java:146)
	at sun.reflect.NativeMethodAccessorImpl.invoke0(Native Method)
	at sun.reflect.NativeMethodAccessorImpl.invoke(NativeMethodAccessorImpl.java:62)
	at sun.reflect.DelegatingMethodAccessorImpl.invoke(DelegatingMethodAccessorImpl.java:43)
	at java.lang.reflect.Method.invoke(Method.java:498)
	at org.testng.internal.MethodInvocationHelper.invokeMethod(MethodInvocationHelper.java:85)
	at org.testng.internal.Invoker.invokeMethod(Invoker.java:639)
	at org.testng.internal.Invoker.invokeTestMethod(Invoker.java:816)
	at org.testng.internal.Invoker.invokeTestMethods(Invoker.java:1124)
	at org.testng.internal.TestMethodWorker.invokeTestMethods(TestMethodWorker.java:125)
	at org.testng.internal.TestMethodWorker.run(TestMethodWorker.java:108)
	at org.testng.TestRunner.privateRun(TestRunner.java:774)
	at org.testng.TestRunner.run(TestRunner.java:624)
	at org.testng.SuiteRunner.runTest(SuiteRunner.java:359)
	at org.testng.SuiteRunner.runSequentially(SuiteRunner.java:354)
	at org.testng.SuiteRunner.privateRun(SuiteRunner.java:312)
	at org.testng.SuiteRunner.run(SuiteRunner.java:261)
	at org.testng.SuiteRunnerWorker.runSuite(SuiteRunnerWorker.java:52)
	at org.testng.SuiteRunnerWorker.run(SuiteRunnerWorker.java:86)
	at org.testng.TestNG.runSuitesSequentially(TestNG.java:1191)
	at org.testng.TestNG.runSuitesLocally(TestNG.java:1116)
	at org.testng.TestNG.run(TestNG.java:1024)
	at org.testng.remote.AbstractRemoteTestNG.run(AbstractRemoteTestNG.java:114)
	at org.testng.remote.RemoteTestNG.initAndRun(RemoteTestNG.java:251)
	at org.testng.remote.RemoteTestNG.main(RemoteTestNG.java:77)
</td>
</tr>
<!DOCTYPE HTML PUBLIC "-//W3C//DTD HTML 4.01 Transitional//EN" "http://www.w3.org/TR/html4/loose.dtd">
<html>
<head>
<title>Application log</title>
<style type="text/css">
<!--
body, table {font-family: arial,sans-serif; font-size: x-small;}
th {background: #336699; color: #FFFFFF; text-align: left;}
-->
</style>
</head>
<body bgcolor="#FFFFFF" topmargin="6" leftmargin="6">
<hr size="1" noshade>
Log session start time Fri Nov 06 20:26:22 IST 2020<br>
<br>
<table cellspacing="0" cellpadding="4" border="1" bordercolor="#224466" width="100%">
<tr>
<th>Time</th>
<th>Thread</th>
<th>Level</th>
<th>Category</th>
<th>File:Line</th>
<th>Message</th>
</tr>

<tr>
<td>0</td>
<td title="main thread">main</td>
<td title="Level">INFO</td>
<td title="Test Suite category">Test Suite</td>
<td>ITestAnnotation.java:81</td>
<td title="Message">TEST CASE: TC005 | Priority: 5</td>
</tr>

<tr>
<td>15876</td>
<td title="main thread">main</td>
<td title="Level"><font color="#993300"><strong>ERROR</strong></font></td>
<td title="Elephant-IncidentDate_Future category">Elephant-IncidentDate_Future</td>
<td>WebFunctions.java:138</td>
<td title="Message">NoSuchElement Exception</td>
</tr>

<tr>
<td>23369</td>
<td title="main thread">main</td>
<td title="Level">INFO</td>
<td title="Elephant-IncidentDate_Future category">Elephant-IncidentDate_Future</td>
<td>STC_LaunchPage.java:22</td>
<td title="Message">Clicked on 'All Other Claims' button on Launch Page of ENOL</td>
</tr>

<tr>
<td>41653</td>
<td title="main thread">main</td>
<td title="Level">INFO</td>
<td title="Test Suite category">Test Suite</td>
<td>ITestAnnotation.java:89</td>
<td title="Message">TC005 is Passed !</td>
</tr>
<!DOCTYPE HTML PUBLIC "-//W3C//DTD HTML 4.01 Transitional//EN" "http://www.w3.org/TR/html4/loose.dtd">
<html>
<head>
<title>Application log</title>
<style type="text/css">
<!--
body, table {font-family: arial,sans-serif; font-size: x-small;}
th {background: #336699; color: #FFFFFF; text-align: left;}
-->
</style>
</head>
<body bgcolor="#FFFFFF" topmargin="6" leftmargin="6">
<hr size="1" noshade>
Log session start time Fri Nov 06 20:28:42 IST 2020<br>
<br>
<table cellspacing="0" cellpadding="4" border="1" bordercolor="#224466" width="100%">
<tr>
<th>Time</th>
<th>Thread</th>
<th>Level</th>
<th>Category</th>
<th>File:Line</th>
<th>Message</th>
</tr>

<tr>
<td>0</td>
<td title="main thread">main</td>
<td title="Level">INFO</td>
<td title="Test Suite category">Test Suite</td>
<td>ITestAnnotation.java:81</td>
<td title="Message">TEST CASE: TC005 | Priority: 5</td>
</tr>

<tr>
<td>16220</td>
<td title="main thread">main</td>
<td title="Level"><font color="#993300"><strong>ERROR</strong></font></td>
<td title="Elephant-IncidentDate_Future category">Elephant-IncidentDate_Future</td>
<td>WebFunctions.java:138</td>
<td title="Message">NoSuchElement Exception</td>
</tr>

<tr>
<td>23674</td>
<td title="main thread">main</td>
<td title="Level">INFO</td>
<td title="Elephant-IncidentDate_Future category">Elephant-IncidentDate_Future</td>
<td>STC_LaunchPage.java:22</td>
<td title="Message">Clicked on 'All Other Claims' button on Launch Page of ENOL</td>
</tr>

<tr>
<td>50094</td>
<td title="main thread">main</td>
<td title="Level">INFO</td>
<td title="Elephant-IncidentDate_Future category">Elephant-IncidentDate_Future</td>
<td>STC_IncidentDetails.java:34</td>
<td title="Message">Incident Details Info entered, navigating to Vehicle Details Page...</td>
</tr>

<tr>
<td>51218</td>
<td title="main thread">main</td>
<td title="Level">INFO</td>
<td title="Elephant-IncidentDate_Future category">Elephant-IncidentDate_Future</td>
<td>STC_IncidentDetails.java:42</td>
<td title="Message">Actual Error Message : A future date is not allowed. Please enter a valid date within the last 12 months.</td>
</tr>

<tr>
<td>51221</td>
<td title="main thread">main</td>
<td title="Level">INFO</td>
<td title="Elephant-IncidentDate_Future category">Elephant-IncidentDate_Future</td>
<td>STC_IncidentDetails.java:44</td>
<td title="Message">Assertion Passed, error text is correct...</td>
</tr>

<tr>
<td>51222</td>
<td title="main thread">main</td>
<td title="Level">INFO</td>
<td title="Test Suite category">Test Suite</td>
<td>ITestAnnotation.java:89</td>
<td title="Message">TC005 is Passed !</td>
</tr>
<!DOCTYPE HTML PUBLIC "-//W3C//DTD HTML 4.01 Transitional//EN" "http://www.w3.org/TR/html4/loose.dtd">
<html>
<head>
<title>Application log</title>
<style type="text/css">
<!--
body, table {font-family: arial,sans-serif; font-size: x-small;}
th {background: #336699; color: #FFFFFF; text-align: left;}
-->
</style>
</head>
<body bgcolor="#FFFFFF" topmargin="6" leftmargin="6">
<hr size="1" noshade>
Log session start time Mon Nov 09 00:01:25 IST 2020<br>
<br>
<table cellspacing="0" cellpadding="4" border="1" bordercolor="#224466" width="100%">
<tr>
<th>Time</th>
<th>Thread</th>
<th>Level</th>
<th>Category</th>
<th>File:Line</th>
<th>Message</th>
</tr>

<tr>
<td>1</td>
<td title="main thread">main</td>
<td title="Level">INFO</td>
<td title="Test Suite category">Test Suite</td>
<td>ITestAnnotation.java:81</td>
<td title="Message">TEST CASE: TC006 | Priority: 5</td>
</tr>

<tr>
<td>15709</td>
<td title="main thread">main</td>
<td title="Level"><font color="#993300"><strong>ERROR</strong></font></td>
<td title="Elephant-IncidentDate_Out_Effective category">Elephant-IncidentDate_Out_Effective</td>
<td>WebFunctions.java:138</td>
<td title="Message">NoSuchElement Exception</td>
</tr>

<tr>
<td>23075</td>
<td title="main thread">main</td>
<td title="Level">INFO</td>
<td title="Elephant-IncidentDate_Out_Effective category">Elephant-IncidentDate_Out_Effective</td>
<td>STC_LaunchPage.java:22</td>
<td title="Message">Clicked on 'All Other Claims' button on Launch Page of ENOL</td>
</tr>

<tr>
<td>50481</td>
<td title="main thread">main</td>
<td title="Level">INFO</td>
<td title="Elephant-IncidentDate_Out_Effective category">Elephant-IncidentDate_Out_Effective</td>
<td>STC_IncidentDetails.java:34</td>
<td title="Message">Incident Details Info entered, navigating to Vehicle Details Page...</td>
</tr>

<tr>
<td>51724</td>
<td title="main thread">main</td>
<td title="Level">INFO</td>
<td title="Elephant-IncidentDate_Out_Effective category">Elephant-IncidentDate_Out_Effective</td>
<td>STC_IncidentDetails.java:42</td>
<td title="Message">Actual Error Message : We are unable to locate a valid policy from the details provided.</td>
</tr>

<tr>
<td>51740</td>
<td title="main thread">main</td>
<td title="Level">INFO</td>
<td title="Elephant-IncidentDate_Out_Effective category">Elephant-IncidentDate_Out_Effective</td>
<td>STC_IncidentDetails.java:44</td>
<td title="Message">Assertion Passed, error text is correct...</td>
</tr>

<tr>
<td>51745</td>
<td title="main thread">main</td>
<td title="Level">INFO</td>
<td title="Test Suite category">Test Suite</td>
<td>ITestAnnotation.java:89</td>
<td title="Message">TC006 is Passed !</td>
</tr>
<!DOCTYPE HTML PUBLIC "-//W3C//DTD HTML 4.01 Transitional//EN" "http://www.w3.org/TR/html4/loose.dtd">
<html>
<head>
<title>Application log</title>
<style type="text/css">
<!--
body, table {font-family: arial,sans-serif; font-size: x-small;}
th {background: #336699; color: #FFFFFF; text-align: left;}
-->
</style>
</head>
<body bgcolor="#FFFFFF" topmargin="6" leftmargin="6">
<hr size="1" noshade>
Log session start time Tue Dec 15 15:59:34 IST 2020<br>
<br>
<table cellspacing="0" cellpadding="4" border="1" bordercolor="#224466" width="100%">
<tr>
<th>Time</th>
<th>Thread</th>
<th>Level</th>
<th>Category</th>
<th>File:Line</th>
<th>Message</th>
</tr>

<tr>
<td>0</td>
<td title="pool-1-thread-1 thread">pool-1-thread-1</td>
<td title="Level">INFO</td>
<td title="Test Suite category">Test Suite</td>
<td>ITestAnnotation.java:81</td>
<td title="Message">TEST CASE: TC001 | Priority: 5</td>
</tr>

<tr>
<td>19346</td>
<td title="pool-1-thread-1 thread">pool-1-thread-1</td>
<td title="Level"><font color="#993300"><strong>ERROR</strong></font></td>
<td title="Apparent-Apparent_Test category">Apparent-Apparent_Test</td>
<td>WebFunctions.java:138</td>
<td title="Message">NoSuchElement Exception</td>
</tr>

<tr>
<td>22396</td>
<td title="pool-1-thread-1 thread">pool-1-thread-1</td>
<td title="Level"><font color="#993300"><strong>ERROR</strong></font></td>
<td title="Apparent-Apparent_Test category">Apparent-Apparent_Test</td>
<td>WebFunctions.java:138</td>
<td title="Message">NoSuchElement Exception</td>
</tr>

<tr>
<td>25502</td>
<td title="pool-1-thread-1 thread">pool-1-thread-1</td>
<td title="Level"><font color="#993300"><strong>ERROR</strong></font></td>
<td title="Apparent-Apparent_Test category">Apparent-Apparent_Test</td>
<td>WebFunctions.java:138</td>
<td title="Message">NoSuchElement Exception</td>
</tr>

<tr>
<td>42985</td>
<td title="pool-1-thread-1 thread">pool-1-thread-1</td>
<td title="Level"><font color="#993300"><strong>ERROR</strong></font></td>
<td title="Test Suite category">Test Suite</td>
<td>ITestAnnotation.java:36</td>
<td title="Message">TC001 is Failed ! 
 EXCEPTION:  ---&gt;  org.openqa.selenium.WebDriverException: chrome not reachable
  (Session info: chrome=87.0.4280.88)
  (Driver info: chromedriver=2.41.578737 (49da6702b16031c40d63e5618de03a32ff6c197e),platform=Windows NT 10.0.19041 x86_64) (WARNING: The server did not provide any stacktrace information)
Command duration or timeout: 0 milliseconds
Build info: version: '3.10.0', revision: '176b4a9', time: '2018-03-02T19:03:16.397Z'
System info: host: 'DESKTOP-RL948I0', ip: '10.1.208.138', os.name: 'Windows 10', os.arch: 'amd64', os.version: '10.0', java.version: '1.8.0_181'
Driver info: org.openqa.selenium.chrome.ChromeDriver
Capabilities {acceptInsecureCerts: false, acceptSslCerts: false, applicationCacheEnabled: false, browserConnectionEnabled: false, browserName: chrome, chrome: {chromedriverVersion: 2.41.578737 (49da6702b16031..., userDataDir: C:\Users\Admin\AppData\Loca...}, cssSelectorsEnabled: true, databaseEnabled: false, goog:chromeOptions: {debuggerAddress: localhost:65485}, handlesAlerts: true, hasTouchScreen: false, javascriptEnabled: true, locationContextEnabled: true, mobileEmulationEnabled: false, nativeEvents: true, networkConnectionEnabled: false, pageLoadStrategy: normal, platform: XP, platformName: XP, rotatable: false, setWindowRect: true, takesHeapSnapshot: true, takesScreenshot: true, unexpectedAlertBehaviour: , unhandledPromptBehavior: , version: 87.0.4280.88, webStorageEnabled: true}
Session ID: 1cbcdd7ba4100eea340256b91966f139
	at sun.reflect.NativeConstructorAccessorImpl.newInstance0(Native Method)
	at sun.reflect.NativeConstructorAccessorImpl.newInstance(NativeConstructorAccessorImpl.java:62)
	at sun.reflect.DelegatingConstructorAccessorImpl.newInstance(DelegatingConstructorAccessorImpl.java:45)
	at java.lang.reflect.Constructor.newInstance(Constructor.java:423)
	at org.openqa.selenium.remote.ErrorHandler.createThrowable(ErrorHandler.java:214)
	at org.openqa.selenium.remote.ErrorHandler.throwIfResponseFailed(ErrorHandler.java:166)
	at org.openqa.selenium.remote.http.JsonHttpResponseCodec.reconstructValue(JsonHttpResponseCodec.java:40)
	at org.openqa.selenium.remote.http.AbstractHttpResponseCodec.decode(AbstractHttpResponseCodec.java:80)
	at org.openqa.selenium.remote.http.AbstractHttpResponseCodec.decode(AbstractHttpResponseCodec.java:44)
	at org.openqa.selenium.remote.HttpCommandExecutor.execute(HttpCommandExecutor.java:160)
	at org.openqa.selenium.remote.service.DriverCommandExecutor.execute(DriverCommandExecutor.java:83)
	at org.openqa.selenium.remote.RemoteWebDriver.execute(RemoteWebDriver.java:601)
	at org.openqa.selenium.remote.RemoteWebDriver.execute(RemoteWebDriver.java:658)
	at org.openqa.selenium.remote.RemoteWebDriver.close(RemoteWebDriver.java:487)
	at resources.BrowserFactory.closeBrowser(BrowserFactory.java:29)
	at resources.Testing.tearDown(Testing.java:57)
	at testApparent.TC_Apparent.TC001(TC_Apparent.java:79)
	at sun.reflect.NativeMethodAccessorImpl.invoke0(Native Method)
	at sun.reflect.NativeMethodAccessorImpl.invoke(NativeMethodAccessorImpl.java:62)
	at sun.reflect.DelegatingMethodAccessorImpl.invoke(DelegatingMethodAccessorImpl.java:43)
	at java.lang.reflect.Method.invoke(Method.java:498)
	at org.testng.internal.MethodInvocationHelper.invokeMethod(MethodInvocationHelper.java:85)
	at org.testng.internal.Invoker.invokeMethod(Invoker.java:639)
	at org.testng.internal.Invoker.invokeTestMethod(Invoker.java:816)
	at org.testng.internal.Invoker.invokeTestMethods(Invoker.java:1124)
	at org.testng.internal.TestMethodWorker.invokeTestMethods(TestMethodWorker.java:125)
	at org.testng.internal.TestMethodWorker.run(TestMethodWorker.java:108)
	at java.util.concurrent.ThreadPoolExecutor.runWorker(ThreadPoolExecutor.java:1149)
	at java.util.concurrent.ThreadPoolExecutor$Worker.run(ThreadPoolExecutor.java:624)
	at java.lang.Thread.run(Thread.java:748)
</td>
</tr>
<!DOCTYPE HTML PUBLIC "-//W3C//DTD HTML 4.01 Transitional//EN" "http://www.w3.org/TR/html4/loose.dtd">
<html>
<head>
<title>Application log</title>
<style type="text/css">
<!--
body, table {font-family: arial,sans-serif; font-size: x-small;}
th {background: #336699; color: #FFFFFF; text-align: left;}
-->
</style>
</head>
<body bgcolor="#FFFFFF" topmargin="6" leftmargin="6">
<hr size="1" noshade>
Log session start time Tue Dec 15 16:01:56 IST 2020<br>
<br>
<table cellspacing="0" cellpadding="4" border="1" bordercolor="#224466" width="100%">
<tr>
<th>Time</th>
<th>Thread</th>
<th>Level</th>
<th>Category</th>
<th>File:Line</th>
<th>Message</th>
</tr>

<tr>
<td>0</td>
<td title="pool-1-thread-1 thread">pool-1-thread-1</td>
<td title="Level">INFO</td>
<td title="Test Suite category">Test Suite</td>
<td>ITestAnnotation.java:81</td>
<td title="Message">TEST CASE: TC001 | Priority: 5</td>
</tr>

<tr>
<td>17384</td>
<td title="pool-1-thread-1 thread">pool-1-thread-1</td>
<td title="Level"><font color="#993300"><strong>ERROR</strong></font></td>
<td title="Apparent-Apparent_Test category">Apparent-Apparent_Test</td>
<td>WebFunctions.java:138</td>
<td title="Message">NoSuchElement Exception</td>
</tr>
<!DOCTYPE HTML PUBLIC "-//W3C//DTD HTML 4.01 Transitional//EN" "http://www.w3.org/TR/html4/loose.dtd">
<html>
<head>
<title>Application log</title>
<style type="text/css">
<!--
body, table {font-family: arial,sans-serif; font-size: x-small;}
th {background: #336699; color: #FFFFFF; text-align: left;}
-->
</style>
</head>
<body bgcolor="#FFFFFF" topmargin="6" leftmargin="6">
<hr size="1" noshade>
Log session start time Tue Dec 15 16:08:52 IST 2020<br>
<br>
<table cellspacing="0" cellpadding="4" border="1" bordercolor="#224466" width="100%">
<tr>
<th>Time</th>
<th>Thread</th>
<th>Level</th>
<th>Category</th>
<th>File:Line</th>
<th>Message</th>
</tr>

<tr>
<td>0</td>
<td title="pool-1-thread-1 thread">pool-1-thread-1</td>
<td title="Level">INFO</td>
<td title="Test Suite category">Test Suite</td>
<td>ITestAnnotation.java:81</td>
<td title="Message">TEST CASE: TC001 | Priority: 5</td>
</tr>

<tr>
<td>25888</td>
<td title="pool-1-thread-1 thread">pool-1-thread-1</td>
<td title="Level"><font color="#993300"><strong>ERROR</strong></font></td>
<td title="Apparent-Apparent_Test category">Apparent-Apparent_Test</td>
<td>WebFunctions.java:147</td>
<td title="Message">WebDriver Exception</td>
</tr>

<tr>
<td>27948</td>
<td title="pool-1-thread-1 thread">pool-1-thread-1</td>
<td title="Level"><font color="#993300"><strong>ERROR</strong></font></td>
<td title="Apparent-Apparent_Test category">Apparent-Apparent_Test</td>
<td>WebFunctions.java:147</td>
<td title="Message">WebDriver Exception</td>
</tr>

<tr>
<td>30008</td>
<td title="pool-1-thread-1 thread">pool-1-thread-1</td>
<td title="Level"><font color="#993300"><strong>ERROR</strong></font></td>
<td title="Apparent-Apparent_Test category">Apparent-Apparent_Test</td>
<td>WebFunctions.java:147</td>
<td title="Message">WebDriver Exception</td>
</tr>

<tr>
<td>36278</td>
<td title="pool-1-thread-1 thread">pool-1-thread-1</td>
<td title="Level">INFO</td>
<td title="Apparent-Apparent_Test category">Apparent-Apparent_Test</td>
<td>SharedTestCases_PostalCode.java:19</td>
<td title="Message">Beginning to Quote.</td>
</tr>

<tr>
<td>46619</td>
<td title="pool-1-thread-1 thread">pool-1-thread-1</td>
<td title="Level">INFO</td>
<td title="Apparent-Apparent_Test category">Apparent-Apparent_Test</td>
<td>SharedTestCases_Family.java:23</td>
<td title="Message">Family page: Success!</td>
</tr>

<tr>
<td>48915</td>
<td title="pool-1-thread-1 thread">pool-1-thread-1</td>
<td title="Level"><font color="#993300"><strong>ERROR</strong></font></td>
<td title="Apparent-Apparent_Test category">Apparent-Apparent_Test</td>
<td>WebFunctions.java:65</td>
<td title="Message">WebDriver Exception</td>
</tr>

<tr>
<td>51081</td>
<td title="pool-1-thread-1 thread">pool-1-thread-1</td>
<td title="Level"><font color="#993300"><strong>ERROR</strong></font></td>
<td title="Apparent-Apparent_Test category">Apparent-Apparent_Test</td>
<td>WebFunctions.java:65</td>
<td title="Message">WebDriver Exception</td>
</tr>

<tr>
<td>53238</td>
<td title="pool-1-thread-1 thread">pool-1-thread-1</td>
<td title="Level"><font color="#993300"><strong>ERROR</strong></font></td>
<td title="Apparent-Apparent_Test category">Apparent-Apparent_Test</td>
<td>WebFunctions.java:65</td>
<td title="Message">WebDriver Exception</td>
</tr>

<tr>
<td>60557</td>
<td title="pool-1-thread-1 thread">pool-1-thread-1</td>
<td title="Level"><font color="#993300"><strong>ERROR</strong></font></td>
<td title="Test Suite category">Test Suite</td>
<td>ITestAnnotation.java:36</td>
<td title="Message">TC001 is Failed ! 
 EXCEPTION:  ---&gt;  org.openqa.selenium.WebDriverException: unknown error: keys should be a string
  (Session info: chrome=87.0.4280.88)
  (Driver info: chromedriver=2.41.578737 (49da6702b16031c40d63e5618de03a32ff6c197e),platform=Windows NT 10.0.19041 x86_64) (WARNING: The server did not provide any stacktrace information)
Command duration or timeout: 0 milliseconds
Build info: version: '3.10.0', revision: '176b4a9', time: '2018-03-02T19:03:16.397Z'
System info: host: 'DESKTOP-RL948I0', ip: '10.1.208.138', os.name: 'Windows 10', os.arch: 'amd64', os.version: '10.0', java.version: '1.8.0_181'
Driver info: org.openqa.selenium.chrome.ChromeDriver
Capabilities {acceptInsecureCerts: false, acceptSslCerts: false, applicationCacheEnabled: false, browserConnectionEnabled: false, browserName: chrome, chrome: {chromedriverVersion: 2.41.578737 (49da6702b16031..., userDataDir: C:\Users\Admin\AppData\Loca...}, cssSelectorsEnabled: true, databaseEnabled: false, goog:chromeOptions: {debuggerAddress: localhost:49478}, handlesAlerts: true, hasTouchScreen: false, javascriptEnabled: true, locationContextEnabled: true, mobileEmulationEnabled: false, nativeEvents: true, networkConnectionEnabled: false, pageLoadStrategy: normal, platform: XP, platformName: XP, rotatable: false, setWindowRect: true, takesHeapSnapshot: true, takesScreenshot: true, unexpectedAlertBehaviour: , unhandledPromptBehavior: , version: 87.0.4280.88, webStorageEnabled: true}
Session ID: 77bdf05bab7cd517d50d1563aaf93a06
	at sun.reflect.NativeConstructorAccessorImpl.newInstance0(Native Method)
	at sun.reflect.NativeConstructorAccessorImpl.newInstance(NativeConstructorAccessorImpl.java:62)
	at sun.reflect.DelegatingConstructorAccessorImpl.newInstance(DelegatingConstructorAccessorImpl.java:45)
	at java.lang.reflect.Constructor.newInstance(Constructor.java:423)
	at org.openqa.selenium.remote.ErrorHandler.createThrowable(ErrorHandler.java:214)
	at org.openqa.selenium.remote.ErrorHandler.throwIfResponseFailed(ErrorHandler.java:166)
	at org.openqa.selenium.remote.http.JsonHttpResponseCodec.reconstructValue(JsonHttpResponseCodec.java:40)
	at org.openqa.selenium.remote.http.AbstractHttpResponseCodec.decode(AbstractHttpResponseCodec.java:80)
	at org.openqa.selenium.remote.http.AbstractHttpResponseCodec.decode(AbstractHttpResponseCodec.java:44)
	at org.openqa.selenium.remote.HttpCommandExecutor.execute(HttpCommandExecutor.java:160)
	at org.openqa.selenium.remote.service.DriverCommandExecutor.execute(DriverCommandExecutor.java:83)
	at org.openqa.selenium.remote.RemoteWebDriver.execute(RemoteWebDriver.java:601)
	at org.openqa.selenium.remote.RemoteWebElement.execute(RemoteWebElement.java:279)
	at org.openqa.selenium.remote.RemoteWebElement.sendKeys(RemoteWebElement.java:100)
	at sun.reflect.NativeMethodAccessorImpl.invoke0(Native Method)
	at sun.reflect.NativeMethodAccessorImpl.invoke(NativeMethodAccessorImpl.java:62)
	at sun.reflect.DelegatingMethodAccessorImpl.invoke(DelegatingMethodAccessorImpl.java:43)
	at java.lang.reflect.Method.invoke(Method.java:498)
	at org.openqa.selenium.support.pagefactory.internal.LocatingElementHandler.invoke(LocatingElementHandler.java:51)
	at com.sun.proxy.$Proxy9.sendKeys(Unknown Source)
	at resources.WebFunctions.type(WebFunctions.java:37)
	at SharedTC.SharedTestCases_PolicyHolder.policyholder(SharedTestCases_PolicyHolder.java:22)
	at testApparent.TC_Apparent.TC001(TC_Apparent.java:74)
	at sun.reflect.NativeMethodAccessorImpl.invoke0(Native Method)
	at sun.reflect.NativeMethodAccessorImpl.invoke(NativeMethodAccessorImpl.java:62)
	at sun.reflect.DelegatingMethodAccessorImpl.invoke(DelegatingMethodAccessorImpl.java:43)
	at java.lang.reflect.Method.invoke(Method.java:498)
	at org.testng.internal.MethodInvocationHelper.invokeMethod(MethodInvocationHelper.java:85)
	at org.testng.internal.Invoker.invokeMethod(Invoker.java:639)
	at org.testng.internal.Invoker.invokeTestMethod(Invoker.java:816)
	at org.testng.internal.Invoker.invokeTestMethods(Invoker.java:1124)
	at org.testng.internal.TestMethodWorker.invokeTestMethods(TestMethodWorker.java:125)
	at org.testng.internal.TestMethodWorker.run(TestMethodWorker.java:108)
	at java.util.concurrent.ThreadPoolExecutor.runWorker(ThreadPoolExecutor.java:1149)
	at java.util.concurrent.ThreadPoolExecutor$Worker.run(ThreadPoolExecutor.java:624)
	at java.lang.Thread.run(Thread.java:748)
</td>
</tr>
<!DOCTYPE HTML PUBLIC "-//W3C//DTD HTML 4.01 Transitional//EN" "http://www.w3.org/TR/html4/loose.dtd">
<html>
<head>
<title>Application log</title>
<style type="text/css">
<!--
body, table {font-family: arial,sans-serif; font-size: x-small;}
th {background: #336699; color: #FFFFFF; text-align: left;}
-->
</style>
</head>
<body bgcolor="#FFFFFF" topmargin="6" leftmargin="6">
<hr size="1" noshade>
Log session start time Tue Dec 15 16:56:40 IST 2020<br>
<br>
<table cellspacing="0" cellpadding="4" border="1" bordercolor="#224466" width="100%">
<tr>
<th>Time</th>
<th>Thread</th>
<th>Level</th>
<th>Category</th>
<th>File:Line</th>
<th>Message</th>
</tr>

<tr>
<td>1</td>
<td title="pool-1-thread-1 thread">pool-1-thread-1</td>
<td title="Level">INFO</td>
<td title="Test Suite category">Test Suite</td>
<td>ITestAnnotation.java:81</td>
<td title="Message">TEST CASE: TC001 | Priority: 5</td>
</tr>

<tr>
<td>27681</td>
<td title="pool-1-thread-1 thread">pool-1-thread-1</td>
<td title="Level"><font color="#993300"><strong>ERROR</strong></font></td>
<td title="Apparent-Apparent_Test category">Apparent-Apparent_Test</td>
<td>WebFunctions.java:147</td>
<td title="Message">WebDriver Exception</td>
</tr>

<tr>
<td>33950</td>
<td title="pool-1-thread-1 thread">pool-1-thread-1</td>
<td title="Level">INFO</td>
<td title="Apparent-Apparent_Test category">Apparent-Apparent_Test</td>
<td>SharedTestCases_PostalCode.java:19</td>
<td title="Message">Beginning to Quote.</td>
</tr>

<tr>
<td>44272</td>
<td title="pool-1-thread-1 thread">pool-1-thread-1</td>
<td title="Level">INFO</td>
<td title="Apparent-Apparent_Test category">Apparent-Apparent_Test</td>
<td>SharedTestCases_Family.java:23</td>
<td title="Message">Family page: Success!</td>
</tr>

<tr>
<td>46534</td>
<td title="pool-1-thread-1 thread">pool-1-thread-1</td>
<td title="Level"><font color="#993300"><strong>ERROR</strong></font></td>
<td title="Apparent-Apparent_Test category">Apparent-Apparent_Test</td>
<td>WebFunctions.java:65</td>
<td title="Message">WebDriver Exception</td>
</tr>

<tr>
<td>48753</td>
<td title="pool-1-thread-1 thread">pool-1-thread-1</td>
<td title="Level"><font color="#993300"><strong>ERROR</strong></font></td>
<td title="Apparent-Apparent_Test category">Apparent-Apparent_Test</td>
<td>WebFunctions.java:65</td>
<td title="Message">WebDriver Exception</td>
</tr>

<tr>
<td>50960</td>
<td title="pool-1-thread-1 thread">pool-1-thread-1</td>
<td title="Level"><font color="#993300"><strong>ERROR</strong></font></td>
<td title="Apparent-Apparent_Test category">Apparent-Apparent_Test</td>
<td>WebFunctions.java:65</td>
<td title="Message">WebDriver Exception</td>
</tr>

<tr>
<td>54023</td>
<td title="pool-1-thread-1 thread">pool-1-thread-1</td>
<td title="Level"><font color="#993300"><strong>ERROR</strong></font></td>
<td title="Test Suite category">Test Suite</td>
<td>ITestAnnotation.java:36</td>
<td title="Message">TC001 is Failed ! 
 EXCEPTION:  ---&gt;  org.openqa.selenium.WebDriverException: unknown error: keys should be a string
  (Session info: chrome=87.0.4280.88)
  (Driver info: chromedriver=2.41.578737 (49da6702b16031c40d63e5618de03a32ff6c197e),platform=Windows NT 10.0.19041 x86_64) (WARNING: The server did not provide any stacktrace information)
Command duration or timeout: 0 milliseconds
Build info: version: '3.10.0', revision: '176b4a9', time: '2018-03-02T19:03:16.397Z'
System info: host: 'DESKTOP-RL948I0', ip: '10.1.208.138', os.name: 'Windows 10', os.arch: 'amd64', os.version: '10.0', java.version: '1.8.0_181'
Driver info: org.openqa.selenium.chrome.ChromeDriver
Capabilities {acceptInsecureCerts: false, acceptSslCerts: false, applicationCacheEnabled: false, browserConnectionEnabled: false, browserName: chrome, chrome: {chromedriverVersion: 2.41.578737 (49da6702b16031..., userDataDir: C:\Users\Admin\AppData\Loca...}, cssSelectorsEnabled: true, databaseEnabled: false, goog:chromeOptions: {debuggerAddress: localhost:52012}, handlesAlerts: true, hasTouchScreen: false, javascriptEnabled: true, locationContextEnabled: true, mobileEmulationEnabled: false, nativeEvents: true, networkConnectionEnabled: false, pageLoadStrategy: normal, platform: XP, platformName: XP, rotatable: false, setWindowRect: true, takesHeapSnapshot: true, takesScreenshot: true, unexpectedAlertBehaviour: , unhandledPromptBehavior: , version: 87.0.4280.88, webStorageEnabled: true}
Session ID: 4c2f2e26e2ffbe54ce3b12b9350e477d
	at sun.reflect.NativeConstructorAccessorImpl.newInstance0(Native Method)
	at sun.reflect.NativeConstructorAccessorImpl.newInstance(NativeConstructorAccessorImpl.java:62)
	at sun.reflect.DelegatingConstructorAccessorImpl.newInstance(DelegatingConstructorAccessorImpl.java:45)
	at java.lang.reflect.Constructor.newInstance(Constructor.java:423)
	at org.openqa.selenium.remote.ErrorHandler.createThrowable(ErrorHandler.java:214)
	at org.openqa.selenium.remote.ErrorHandler.throwIfResponseFailed(ErrorHandler.java:166)
	at org.openqa.selenium.remote.http.JsonHttpResponseCodec.reconstructValue(JsonHttpResponseCodec.java:40)
	at org.openqa.selenium.remote.http.AbstractHttpResponseCodec.decode(AbstractHttpResponseCodec.java:80)
	at org.openqa.selenium.remote.http.AbstractHttpResponseCodec.decode(AbstractHttpResponseCodec.java:44)
	at org.openqa.selenium.remote.HttpCommandExecutor.execute(HttpCommandExecutor.java:160)
	at org.openqa.selenium.remote.service.DriverCommandExecutor.execute(DriverCommandExecutor.java:83)
	at org.openqa.selenium.remote.RemoteWebDriver.execute(RemoteWebDriver.java:601)
	at org.openqa.selenium.remote.RemoteWebElement.execute(RemoteWebElement.java:279)
	at org.openqa.selenium.remote.RemoteWebElement.sendKeys(RemoteWebElement.java:100)
	at sun.reflect.NativeMethodAccessorImpl.invoke0(Native Method)
	at sun.reflect.NativeMethodAccessorImpl.invoke(NativeMethodAccessorImpl.java:62)
	at sun.reflect.DelegatingMethodAccessorImpl.invoke(DelegatingMethodAccessorImpl.java:43)
	at java.lang.reflect.Method.invoke(Method.java:498)
	at org.openqa.selenium.support.pagefactory.internal.LocatingElementHandler.invoke(LocatingElementHandler.java:51)
	at com.sun.proxy.$Proxy9.sendKeys(Unknown Source)
	at resources.WebFunctions.type(WebFunctions.java:37)
	at SharedTC.SharedTestCases_PolicyHolder.policyholder(SharedTestCases_PolicyHolder.java:22)
	at testApparent.TC_Apparent.TC001(TC_Apparent.java:74)
	at sun.reflect.NativeMethodAccessorImpl.invoke0(Native Method)
	at sun.reflect.NativeMethodAccessorImpl.invoke(NativeMethodAccessorImpl.java:62)
	at sun.reflect.DelegatingMethodAccessorImpl.invoke(DelegatingMethodAccessorImpl.java:43)
	at java.lang.reflect.Method.invoke(Method.java:498)
	at org.testng.internal.MethodInvocationHelper.invokeMethod(MethodInvocationHelper.java:85)
	at org.testng.internal.Invoker.invokeMethod(Invoker.java:639)
	at org.testng.internal.Invoker.invokeTestMethod(Invoker.java:816)
	at org.testng.internal.Invoker.invokeTestMethods(Invoker.java:1124)
	at org.testng.internal.TestMethodWorker.invokeTestMethods(TestMethodWorker.java:125)
	at org.testng.internal.TestMethodWorker.run(TestMethodWorker.java:108)
	at java.util.concurrent.ThreadPoolExecutor.runWorker(ThreadPoolExecutor.java:1149)
	at java.util.concurrent.ThreadPoolExecutor$Worker.run(ThreadPoolExecutor.java:624)
	at java.lang.Thread.run(Thread.java:748)
</td>
</tr>
<!DOCTYPE HTML PUBLIC "-//W3C//DTD HTML 4.01 Transitional//EN" "http://www.w3.org/TR/html4/loose.dtd">
<html>
<head>
<title>Application log</title>
<style type="text/css">
<!--
body, table {font-family: arial,sans-serif; font-size: x-small;}
th {background: #336699; color: #FFFFFF; text-align: left;}
-->
</style>
</head>
<body bgcolor="#FFFFFF" topmargin="6" leftmargin="6">
<hr size="1" noshade>
Log session start time Tue Dec 15 16:58:38 IST 2020<br>
<br>
<table cellspacing="0" cellpadding="4" border="1" bordercolor="#224466" width="100%">
<tr>
<th>Time</th>
<th>Thread</th>
<th>Level</th>
<th>Category</th>
<th>File:Line</th>
<th>Message</th>
</tr>

<tr>
<td>0</td>
<td title="pool-1-thread-1 thread">pool-1-thread-1</td>
<td title="Level">INFO</td>
<td title="Test Suite category">Test Suite</td>
<td>ITestAnnotation.java:81</td>
<td title="Message">TEST CASE: TC001 | Priority: 5</td>
</tr>

<tr>
<td>27462</td>
<td title="pool-1-thread-1 thread">pool-1-thread-1</td>
<td title="Level">INFO</td>
<td title="Apparent-Apparent_Test category">Apparent-Apparent_Test</td>
<td>SharedTestCases_PostalCode.java:19</td>
<td title="Message">Beginning to Quote.</td>
</tr>

<tr>
<td>37826</td>
<td title="pool-1-thread-1 thread">pool-1-thread-1</td>
<td title="Level">INFO</td>
<td title="Apparent-Apparent_Test category">Apparent-Apparent_Test</td>
<td>SharedTestCases_Family.java:23</td>
<td title="Message">Family page: Success!</td>
</tr>

<tr>
<td>54229</td>
<td title="pool-1-thread-1 thread">pool-1-thread-1</td>
<td title="Level">INFO</td>
<td title="Apparent-Apparent_Test category">Apparent-Apparent_Test</td>
<td>SharedTestCases_PolicyHolder.java:26</td>
<td title="Message">Policy Holder page: Success!</td>
</tr>

<tr>
<td>59337</td>
<td title="pool-1-thread-1 thread">pool-1-thread-1</td>
<td title="Level">INFO</td>
<td title="Test Suite category">Test Suite</td>
<td>ITestAnnotation.java:89</td>
<td title="Message">TC001 is Passed !</td>
</tr>
<!DOCTYPE HTML PUBLIC "-//W3C//DTD HTML 4.01 Transitional//EN" "http://www.w3.org/TR/html4/loose.dtd">
<html>
<head>
<title>Application log</title>
<style type="text/css">
<!--
body, table {font-family: arial,sans-serif; font-size: x-small;}
th {background: #336699; color: #FFFFFF; text-align: left;}
-->
</style>
</head>
<body bgcolor="#FFFFFF" topmargin="6" leftmargin="6">
<hr size="1" noshade>
Log session start time Tue Dec 15 18:59:56 IST 2020<br>
<br>
<table cellspacing="0" cellpadding="4" border="1" bordercolor="#224466" width="100%">
<tr>
<th>Time</th>
<th>Thread</th>
<th>Level</th>
<th>Category</th>
<th>File:Line</th>
<th>Message</th>
</tr>

<tr>
<td>0</td>
<td title="pool-1-thread-1 thread">pool-1-thread-1</td>
<td title="Level">INFO</td>
<td title="Test Suite category">Test Suite</td>
<td>ITestAnnotation.java:81</td>
<td title="Message">TEST CASE: TC001 | Priority: 5</td>
</tr>

<tr>
<td>18055</td>
<td title="pool-1-thread-1 thread">pool-1-thread-1</td>
<td title="Level"><font color="#993300"><strong>ERROR</strong></font></td>
<td title="Apparent-Apparent_Test category">Apparent-Apparent_Test</td>
<td>WebFunctions.java:138</td>
<td title="Message">NoSuchElement Exception</td>
</tr>

<tr>
<td>21126</td>
<td title="pool-1-thread-1 thread">pool-1-thread-1</td>
<td title="Level"><font color="#993300"><strong>ERROR</strong></font></td>
<td title="Apparent-Apparent_Test category">Apparent-Apparent_Test</td>
<td>WebFunctions.java:138</td>
<td title="Message">NoSuchElement Exception</td>
</tr>

<tr>
<td>24173</td>
<td title="pool-1-thread-1 thread">pool-1-thread-1</td>
<td title="Level"><font color="#993300"><strong>ERROR</strong></font></td>
<td title="Apparent-Apparent_Test category">Apparent-Apparent_Test</td>
<td>WebFunctions.java:138</td>
<td title="Message">NoSuchElement Exception</td>
</tr>

<tr>
<td>27936</td>
<td title="pool-1-thread-1 thread">pool-1-thread-1</td>
<td title="Level"><font color="#993300"><strong>ERROR</strong></font></td>
<td title="Test Suite category">Test Suite</td>
<td>ITestAnnotation.java:36</td>
<td title="Message">TC001 is Failed ! 
 EXCEPTION:  ---&gt;  org.openqa.selenium.NoSuchElementException: no such element: Unable to locate element: {&quot;method&quot;:&quot;id&quot;,&quot;selector&quot;:&quot;btnPostalCode&quot;}
  (Session info: chrome=87.0.4280.88)
  (Driver info: chromedriver=2.41.578737 (49da6702b16031c40d63e5618de03a32ff6c197e),platform=Windows NT 10.0.19041 x86_64) (WARNING: The server did not provide any stacktrace information)
Command duration or timeout: 0 milliseconds
For documentation on this error, please visit: http://seleniumhq.org/exceptions/no_such_element.html
Build info: version: '3.10.0', revision: '176b4a9', time: '2018-03-02T19:03:16.397Z'
System info: host: 'DESKTOP-RL948I0', ip: '10.1.208.138', os.name: 'Windows 10', os.arch: 'amd64', os.version: '10.0', java.version: '1.8.0_181'
Driver info: org.openqa.selenium.chrome.ChromeDriver
Capabilities {acceptInsecureCerts: false, acceptSslCerts: false, applicationCacheEnabled: false, browserConnectionEnabled: false, browserName: chrome, chrome: {chromedriverVersion: 2.41.578737 (49da6702b16031..., userDataDir: C:\Users\Admin\AppData\Loca...}, cssSelectorsEnabled: true, databaseEnabled: false, goog:chromeOptions: {debuggerAddress: localhost:56476}, handlesAlerts: true, hasTouchScreen: false, javascriptEnabled: true, locationContextEnabled: true, mobileEmulationEnabled: false, nativeEvents: true, networkConnectionEnabled: false, pageLoadStrategy: normal, platform: XP, platformName: XP, rotatable: false, setWindowRect: true, takesHeapSnapshot: true, takesScreenshot: true, unexpectedAlertBehaviour: , unhandledPromptBehavior: , version: 87.0.4280.88, webStorageEnabled: true}
Session ID: 01a9338d47e40878ed791a6771f5ed57
*** Element info: {Using=id, value=btnPostalCode}
	at sun.reflect.NativeConstructorAccessorImpl.newInstance0(Native Method)
	at sun.reflect.NativeConstructorAccessorImpl.newInstance(NativeConstructorAccessorImpl.java:62)
	at sun.reflect.DelegatingConstructorAccessorImpl.newInstance(DelegatingConstructorAccessorImpl.java:45)
	at java.lang.reflect.Constructor.newInstance(Constructor.java:423)
	at org.openqa.selenium.remote.ErrorHandler.createThrowable(ErrorHandler.java:214)
	at org.openqa.selenium.remote.ErrorHandler.throwIfResponseFailed(ErrorHandler.java:166)
	at org.openqa.selenium.remote.http.JsonHttpResponseCodec.reconstructValue(JsonHttpResponseCodec.java:40)
	at org.openqa.selenium.remote.http.AbstractHttpResponseCodec.decode(AbstractHttpResponseCodec.java:80)
	at org.openqa.selenium.remote.http.AbstractHttpResponseCodec.decode(AbstractHttpResponseCodec.java:44)
	at org.openqa.selenium.remote.HttpCommandExecutor.execute(HttpCommandExecutor.java:160)
	at org.openqa.selenium.remote.service.DriverCommandExecutor.execute(DriverCommandExecutor.java:83)
	at org.openqa.selenium.remote.RemoteWebDriver.execute(RemoteWebDriver.java:601)
	at org.openqa.selenium.remote.RemoteWebDriver.findElement(RemoteWebDriver.java:371)
	at org.openqa.selenium.remote.RemoteWebDriver.findElementById(RemoteWebDriver.java:417)
	at org.openqa.selenium.By$ById.findElement(By.java:218)
	at org.openqa.selenium.remote.RemoteWebDriver.findElement(RemoteWebDriver.java:363)
	at org.openqa.selenium.support.pagefactory.DefaultElementLocator.findElement(DefaultElementLocator.java:69)
	at org.openqa.selenium.support.pagefactory.internal.LocatingElementHandler.invoke(LocatingElementHandler.java:38)
	at com.sun.proxy.$Proxy9.click(Unknown Source)
	at resources.WebFunctions.click(WebFunctions.java:119)
	at SharedTC.SharedTestCases_PostalCode.postalCode(SharedTestCases_PostalCode.java:18)
	at testApparent.TC_Apparent.TC001(TC_Apparent.java:71)
	at sun.reflect.NativeMethodAccessorImpl.invoke0(Native Method)
	at sun.reflect.NativeMethodAccessorImpl.invoke(NativeMethodAccessorImpl.java:62)
	at sun.reflect.DelegatingMethodAccessorImpl.invoke(DelegatingMethodAccessorImpl.java:43)
	at java.lang.reflect.Method.invoke(Method.java:498)
	at org.testng.internal.MethodInvocationHelper.invokeMethod(MethodInvocationHelper.java:85)
	at org.testng.internal.Invoker.invokeMethod(Invoker.java:639)
	at org.testng.internal.Invoker.invokeTestMethod(Invoker.java:816)
	at org.testng.internal.Invoker.invokeTestMethods(Invoker.java:1124)
	at org.testng.internal.TestMethodWorker.invokeTestMethods(TestMethodWorker.java:125)
	at org.testng.internal.TestMethodWorker.run(TestMethodWorker.java:108)
	at java.util.concurrent.ThreadPoolExecutor.runWorker(ThreadPoolExecutor.java:1149)
	at java.util.concurrent.ThreadPoolExecutor$Worker.run(ThreadPoolExecutor.java:624)
	at java.lang.Thread.run(Thread.java:748)
</td>
</tr>
<!DOCTYPE HTML PUBLIC "-//W3C//DTD HTML 4.01 Transitional//EN" "http://www.w3.org/TR/html4/loose.dtd">
<html>
<head>
<title>Application log</title>
<style type="text/css">
<!--
body, table {font-family: arial,sans-serif; font-size: x-small;}
th {background: #336699; color: #FFFFFF; text-align: left;}
-->
</style>
</head>
<body bgcolor="#FFFFFF" topmargin="6" leftmargin="6">
<hr size="1" noshade>
Log session start time Thu Feb 04 14:50:43 IST 2021<br>
<br>
<table cellspacing="0" cellpadding="4" border="1" bordercolor="#224466" width="100%">
<tr>
<th>Time</th>
<th>Thread</th>
<th>Level</th>
<th>Category</th>
<th>File:Line</th>
<th>Message</th>
</tr>

<tr>
<td>0</td>
<td title="pool-1-thread-1 thread">pool-1-thread-1</td>
<td title="Level">INFO</td>
<td title="Test Suite category">Test Suite</td>
<td>ITestAnnotation.java:81</td>
<td title="Message">TEST CASE: TC009 | Priority: 5</td>
</tr>

<tr>
<td>14967</td>
<td title="pool-1-thread-1 thread">pool-1-thread-1</td>
<td title="Level">INFO</td>
<td title="Elephant-V2_D2_IN category">Elephant-V2_D2_IN</td>
<td>SharedTestCases_PostalCode.java:31</td>
<td title="Message">Beginning to Quote.</td>
</tr>

<tr>
<td>21540</td>
<td title="pool-1-thread-1 thread">pool-1-thread-1</td>
<td title="Level">INFO</td>
<td title="Elephant-V2_D2_IN category">Elephant-V2_D2_IN</td>
<td>SharedTestCases_PolicyHolder.java:22</td>
<td title="Message">Policy Holder page: Success!</td>
</tr>

<tr>
<td>21892</td>
<td title="pool-1-thread-1 thread">pool-1-thread-1</td>
<td title="Level"><font color="#993300"><strong>ERROR</strong></font></td>
<td title="Elephant-V2_D2_IN category">Elephant-V2_D2_IN</td>
<td>WebFunctions.java:489</td>
<td title="Message">NoSuchElement Exception</td>
</tr>

<tr>
<td>46711</td>
<td title="pool-1-thread-1 thread">pool-1-thread-1</td>
<td title="Level">INFO</td>
<td title="Elephant-V2_D2_IN category">Elephant-V2_D2_IN</td>
<td>SharedTestCases_Address.java:20</td>
<td title="Message">Address page: Success!</td>
</tr>

<tr>
<td>84141</td>
<td title="pool-1-thread-1 thread">pool-1-thread-1</td>
<td title="Level">INFO</td>
<td title="Elephant-V2_D2_IN category">Elephant-V2_D2_IN</td>
<td>SharedTestCases_VehicleDetails1of2.java:52</td>
<td title="Message">Vehicle Details 1of2 page: Success!</td>
</tr>

<tr>
<td>124446</td>
<td title="pool-1-thread-1 thread">pool-1-thread-1</td>
<td title="Level"><font color="#993300"><strong>ERROR</strong></font></td>
<td title="Elephant-V2_D2_IN category">Elephant-V2_D2_IN</td>
<td>WebFunctions.java:147</td>
<td title="Message">WebDriver Exception</td>
</tr>

<tr>
<td>166575</td>
<td title="pool-1-thread-1 thread">pool-1-thread-1</td>
<td title="Level"><font color="#993300"><strong>ERROR</strong></font></td>
<td title="Elephant-V2_D2_IN category">Elephant-V2_D2_IN</td>
<td>WebFunctions.java:147</td>
<td title="Message">WebDriver Exception</td>
</tr>

<tr>
<td>208895</td>
<td title="pool-1-thread-1 thread">pool-1-thread-1</td>
<td title="Level"><font color="#993300"><strong>ERROR</strong></font></td>
<td title="Elephant-V2_D2_IN category">Elephant-V2_D2_IN</td>
<td>WebFunctions.java:147</td>
<td title="Message">WebDriver Exception</td>
</tr>

<tr>
<td>251772</td>
<td title="pool-1-thread-1 thread">pool-1-thread-1</td>
<td title="Level"><font color="#993300"><strong>ERROR</strong></font></td>
<td title="Test Suite category">Test Suite</td>
<td>ITestAnnotation.java:36</td>
<td title="Message">TC009 is Failed ! 
 EXCEPTION:  ---&gt;  org.openqa.selenium.TimeoutException: Expected condition failed: waiting for element to be clickable: Proxy element for: DefaultElementLocator 'By.id: yearSelection_ddl' (tried for 40 second(s) with 500 milliseconds interval)
	at org.openqa.selenium.support.ui.WebDriverWait.timeoutException(WebDriverWait.java:82)
	at org.openqa.selenium.support.ui.FluentWait.until(FluentWait.java:272)
	at resources.WebFunctions.click(WebFunctions.java:118)
	at SharedTC.SharedTestCases_VehicleDetails1of2.vehicleDetails_2of2(SharedTestCases_VehicleDetails1of2.java:60)
	at SharedTC.SharedTestCases_VehicleDetails1of2.vehicleDetails(SharedTestCases_VehicleDetails1of2.java:103)
	at testElephant.TC_Elephant.TC009(TC_Elephant.java:339)
	at java.base/jdk.internal.reflect.NativeMethodAccessorImpl.invoke0(Native Method)
	at java.base/jdk.internal.reflect.NativeMethodAccessorImpl.invoke(NativeMethodAccessorImpl.java:62)
	at java.base/jdk.internal.reflect.DelegatingMethodAccessorImpl.invoke(DelegatingMethodAccessorImpl.java:43)
	at java.base/java.lang.reflect.Method.invoke(Method.java:566)
	at org.testng.internal.MethodInvocationHelper.invokeMethod(MethodInvocationHelper.java:85)
	at org.testng.internal.Invoker.invokeMethod(Invoker.java:639)
	at org.testng.internal.Invoker.invokeTestMethod(Invoker.java:816)
	at org.testng.internal.Invoker.invokeTestMethods(Invoker.java:1124)
	at org.testng.internal.TestMethodWorker.invokeTestMethods(TestMethodWorker.java:125)
	at org.testng.internal.TestMethodWorker.run(TestMethodWorker.java:108)
	at java.base/java.util.concurrent.ThreadPoolExecutor.runWorker(ThreadPoolExecutor.java:1128)
	at java.base/java.util.concurrent.ThreadPoolExecutor$Worker.run(ThreadPoolExecutor.java:628)
	at java.base/java.lang.Thread.run(Thread.java:834)
Caused by: org.openqa.selenium.NoSuchElementException: no such element: Unable to locate element: {&quot;method&quot;:&quot;css selector&quot;,&quot;selector&quot;:&quot;#yearSelection_ddl&quot;}
  (Session info: chrome=88.0.4324.104)
For documentation on this error, please visit: http://seleniumhq.org/exceptions/no_such_element.html
Build info: version: '3.10.0', revision: '176b4a9', time: '2018-03-02T19:03:16.397Z'
System info: host: 'RACHNA', ip: '10.96.164.5', os.name: 'Windows 10', os.arch: 'amd64', os.version: '10.0', java.version: '11.0.8'
Driver info: org.openqa.selenium.chrome.ChromeDriver
Capabilities {acceptInsecureCerts: false, browserName: chrome, browserVersion: 88.0.4324.104, chrome: {chromedriverVersion: 88.0.4324.96 (68dba2d8a0b14..., userDataDir: C:\Users\RACHNA~1.ARO\AppDa...}, goog:chromeOptions: {debuggerAddress: localhost:54808}, javascriptEnabled: true, networkConnectionEnabled: false, pageLoadStrategy: normal, platform: WINDOWS, platformName: WINDOWS, proxy: Proxy(), setWindowRect: true, strictFileInteractability: false, timeouts: {implicit: 0, pageLoad: 300000, script: 30000}, unhandledPromptBehavior: dismiss and notify, webauthn:extension:largeBlob: true, webauthn:virtualAuthenticators: true}
Session ID: 2fd97bc8e4c47f095818231dc070daf7
*** Element info: {Using=id, value=yearSelection_ddl}
	at jdk.internal.reflect.GeneratedConstructorAccessor16.newInstance(Unknown Source)
	at java.base/jdk.internal.reflect.DelegatingConstructorAccessorImpl.newInstance(DelegatingConstructorAccessorImpl.java:45)
	at java.base/java.lang.reflect.Constructor.newInstance(Constructor.java:490)
	at org.openqa.selenium.remote.http.W3CHttpResponseCodec.createException(W3CHttpResponseCodec.java:187)
	at org.openqa.selenium.remote.http.W3CHttpResponseCodec.decode(W3CHttpResponseCodec.java:122)
	at org.openqa.selenium.remote.http.W3CHttpResponseCodec.decode(W3CHttpResponseCodec.java:49)
	at org.openqa.selenium.remote.HttpCommandExecutor.execute(HttpCommandExecutor.java:160)
	at org.openqa.selenium.remote.service.DriverCommandExecutor.execute(DriverCommandExecutor.java:83)
	at org.openqa.selenium.remote.RemoteWebDriver.execute(RemoteWebDriver.java:601)
	at org.openqa.selenium.remote.RemoteWebDriver.findElement(RemoteWebDriver.java:371)
	at org.openqa.selenium.remote.RemoteWebDriver.findElementById(RemoteWebDriver.java:417)
	at org.openqa.selenium.By$ById.findElement(By.java:218)
	at org.openqa.selenium.remote.RemoteWebDriver.findElement(RemoteWebDriver.java:363)
	at org.openqa.selenium.support.pagefactory.DefaultElementLocator.findElement(DefaultElementLocator.java:69)
	at org.openqa.selenium.support.pagefactory.internal.LocatingElementHandler.invoke(LocatingElementHandler.java:38)
	at com.sun.proxy.$Proxy12.isDisplayed(Unknown Source)
	at org.openqa.selenium.support.ui.ExpectedConditions.elementIfVisible(ExpectedConditions.java:315)
	at org.openqa.selenium.support.ui.ExpectedConditions.access$100(ExpectedConditions.java:44)
	at org.openqa.selenium.support.ui.ExpectedConditions$10.apply(ExpectedConditions.java:301)
	at org.openqa.selenium.support.ui.ExpectedConditions$10.apply(ExpectedConditions.java:298)
	at org.openqa.selenium.support.ui.ExpectedConditions$23.apply(ExpectedConditions.java:686)
	at org.openqa.selenium.support.ui.ExpectedConditions$23.apply(ExpectedConditions.java:682)
	at org.openqa.selenium.support.ui.FluentWait.until(FluentWait.java:249)
	... 17 more
</td>
</tr>
<!DOCTYPE HTML PUBLIC "-//W3C//DTD HTML 4.01 Transitional//EN" "http://www.w3.org/TR/html4/loose.dtd">
<html>
<head>
<title>Application log</title>
<style type="text/css">
<!--
body, table {font-family: arial,sans-serif; font-size: x-small;}
th {background: #336699; color: #FFFFFF; text-align: left;}
-->
</style>
</head>
<body bgcolor="#FFFFFF" topmargin="6" leftmargin="6">
<hr size="1" noshade>
Log session start time Thu Feb 04 15:35:56 IST 2021<br>
<br>
<table cellspacing="0" cellpadding="4" border="1" bordercolor="#224466" width="100%">
<tr>
<th>Time</th>
<th>Thread</th>
<th>Level</th>
<th>Category</th>
<th>File:Line</th>
<th>Message</th>
</tr>

<tr>
<td>0</td>
<td title="pool-1-thread-1 thread">pool-1-thread-1</td>
<td title="Level">INFO</td>
<td title="Test Suite category">Test Suite</td>
<td>ITestAnnotation.java:81</td>
<td title="Message">TEST CASE: TC009 | Priority: 5</td>
</tr>

<tr>
<td>14566</td>
<td title="pool-1-thread-1 thread">pool-1-thread-1</td>
<td title="Level">INFO</td>
<td title="Elephant-V2_D2_IN category">Elephant-V2_D2_IN</td>
<td>SharedTestCases_PostalCode.java:31</td>
<td title="Message">Beginning to Quote.</td>
</tr>

<tr>
<td>21198</td>
<td title="pool-1-thread-1 thread">pool-1-thread-1</td>
<td title="Level">INFO</td>
<td title="Elephant-V2_D2_IN category">Elephant-V2_D2_IN</td>
<td>SharedTestCases_PolicyHolder.java:22</td>
<td title="Message">Policy Holder page: Success!</td>
</tr>

<tr>
<td>21602</td>
<td title="pool-1-thread-1 thread">pool-1-thread-1</td>
<td title="Level"><font color="#993300"><strong>ERROR</strong></font></td>
<td title="Elephant-V2_D2_IN category">Elephant-V2_D2_IN</td>
<td>WebFunctions.java:489</td>
<td title="Message">NoSuchElement Exception</td>
</tr>

<tr>
<td>46548</td>
<td title="pool-1-thread-1 thread">pool-1-thread-1</td>
<td title="Level">INFO</td>
<td title="Elephant-V2_D2_IN category">Elephant-V2_D2_IN</td>
<td>SharedTestCases_Address.java:20</td>
<td title="Message">Address page: Success!</td>
</tr>

<tr>
<td>83998</td>
<td title="pool-1-thread-1 thread">pool-1-thread-1</td>
<td title="Level">INFO</td>
<td title="Elephant-V2_D2_IN category">Elephant-V2_D2_IN</td>
<td>SharedTestCases_VehicleDetails1of2.java:52</td>
<td title="Message">Vehicle Details 1of2 page: Success!</td>
</tr>

<tr>
<td>124186</td>
<td title="pool-1-thread-1 thread">pool-1-thread-1</td>
<td title="Level"><font color="#993300"><strong>ERROR</strong></font></td>
<td title="Elephant-V2_D2_IN category">Elephant-V2_D2_IN</td>
<td>WebFunctions.java:147</td>
<td title="Message">WebDriver Exception</td>
</tr>

<tr>
<td>166287</td>
<td title="pool-1-thread-1 thread">pool-1-thread-1</td>
<td title="Level"><font color="#993300"><strong>ERROR</strong></font></td>
<td title="Elephant-V2_D2_IN category">Elephant-V2_D2_IN</td>
<td>WebFunctions.java:147</td>
<td title="Message">WebDriver Exception</td>
</tr>

<tr>
<td>208346</td>
<td title="pool-1-thread-1 thread">pool-1-thread-1</td>
<td title="Level"><font color="#993300"><strong>ERROR</strong></font></td>
<td title="Elephant-V2_D2_IN category">Elephant-V2_D2_IN</td>
<td>WebFunctions.java:147</td>
<td title="Message">WebDriver Exception</td>
</tr>

<tr>
<td>255506</td>
<td title="pool-1-thread-1 thread">pool-1-thread-1</td>
<td title="Level"><font color="#993300"><strong>ERROR</strong></font></td>
<td title="Test Suite category">Test Suite</td>
<td>ITestAnnotation.java:36</td>
<td title="Message">TC009 is Failed ! 
 EXCEPTION:  ---&gt;  org.openqa.selenium.TimeoutException: Expected condition failed: waiting for element to be clickable: Proxy element for: DefaultElementLocator 'By.id: yearSelection_ddl' (tried for 40 second(s) with 500 milliseconds interval)
	at org.openqa.selenium.support.ui.WebDriverWait.timeoutException(WebDriverWait.java:82)
	at org.openqa.selenium.support.ui.FluentWait.until(FluentWait.java:272)
	at resources.WebFunctions.click(WebFunctions.java:118)
	at SharedTC.SharedTestCases_VehicleDetails1of2.vehicleDetails_2of2(SharedTestCases_VehicleDetails1of2.java:60)
	at SharedTC.SharedTestCases_VehicleDetails1of2.vehicleDetails(SharedTestCases_VehicleDetails1of2.java:103)
	at testElephant.TC_Elephant.TC009(TC_Elephant.java:339)
	at java.base/jdk.internal.reflect.NativeMethodAccessorImpl.invoke0(Native Method)
	at java.base/jdk.internal.reflect.NativeMethodAccessorImpl.invoke(NativeMethodAccessorImpl.java:62)
	at java.base/jdk.internal.reflect.DelegatingMethodAccessorImpl.invoke(DelegatingMethodAccessorImpl.java:43)
	at java.base/java.lang.reflect.Method.invoke(Method.java:566)
	at org.testng.internal.MethodInvocationHelper.invokeMethod(MethodInvocationHelper.java:85)
	at org.testng.internal.Invoker.invokeMethod(Invoker.java:639)
	at org.testng.internal.Invoker.invokeTestMethod(Invoker.java:816)
	at org.testng.internal.Invoker.invokeTestMethods(Invoker.java:1124)
	at org.testng.internal.TestMethodWorker.invokeTestMethods(TestMethodWorker.java:125)
	at org.testng.internal.TestMethodWorker.run(TestMethodWorker.java:108)
	at java.base/java.util.concurrent.ThreadPoolExecutor.runWorker(ThreadPoolExecutor.java:1128)
	at java.base/java.util.concurrent.ThreadPoolExecutor$Worker.run(ThreadPoolExecutor.java:628)
	at java.base/java.lang.Thread.run(Thread.java:834)
Caused by: org.openqa.selenium.NoSuchElementException: no such element: Unable to locate element: {&quot;method&quot;:&quot;css selector&quot;,&quot;selector&quot;:&quot;#yearSelection_ddl&quot;}
  (Session info: chrome=88.0.4324.104)
For documentation on this error, please visit: http://seleniumhq.org/exceptions/no_such_element.html
Build info: version: '3.10.0', revision: '176b4a9', time: '2018-03-02T19:03:16.397Z'
System info: host: 'RACHNA', ip: '10.96.164.5', os.name: 'Windows 10', os.arch: 'amd64', os.version: '10.0', java.version: '11.0.8'
Driver info: org.openqa.selenium.chrome.ChromeDriver
Capabilities {acceptInsecureCerts: false, browserName: chrome, browserVersion: 88.0.4324.104, chrome: {chromedriverVersion: 88.0.4324.96 (68dba2d8a0b14..., userDataDir: C:\Users\RACHNA~1.ARO\AppDa...}, goog:chromeOptions: {debuggerAddress: localhost:55557}, javascriptEnabled: true, networkConnectionEnabled: false, pageLoadStrategy: normal, platform: WINDOWS, platformName: WINDOWS, proxy: Proxy(), setWindowRect: true, strictFileInteractability: false, timeouts: {implicit: 0, pageLoad: 300000, script: 30000}, unhandledPromptBehavior: dismiss and notify, webauthn:extension:largeBlob: true, webauthn:virtualAuthenticators: true}
Session ID: 23b0982017fc03710726f28f04b19db2
*** Element info: {Using=id, value=yearSelection_ddl}
	at jdk.internal.reflect.GeneratedConstructorAccessor16.newInstance(Unknown Source)
	at java.base/jdk.internal.reflect.DelegatingConstructorAccessorImpl.newInstance(DelegatingConstructorAccessorImpl.java:45)
	at java.base/java.lang.reflect.Constructor.newInstance(Constructor.java:490)
	at org.openqa.selenium.remote.http.W3CHttpResponseCodec.createException(W3CHttpResponseCodec.java:187)
	at org.openqa.selenium.remote.http.W3CHttpResponseCodec.decode(W3CHttpResponseCodec.java:122)
	at org.openqa.selenium.remote.http.W3CHttpResponseCodec.decode(W3CHttpResponseCodec.java:49)
	at org.openqa.selenium.remote.HttpCommandExecutor.execute(HttpCommandExecutor.java:160)
	at org.openqa.selenium.remote.service.DriverCommandExecutor.execute(DriverCommandExecutor.java:83)
	at org.openqa.selenium.remote.RemoteWebDriver.execute(RemoteWebDriver.java:601)
	at org.openqa.selenium.remote.RemoteWebDriver.findElement(RemoteWebDriver.java:371)
	at org.openqa.selenium.remote.RemoteWebDriver.findElementById(RemoteWebDriver.java:417)
	at org.openqa.selenium.By$ById.findElement(By.java:218)
	at org.openqa.selenium.remote.RemoteWebDriver.findElement(RemoteWebDriver.java:363)
	at org.openqa.selenium.support.pagefactory.DefaultElementLocator.findElement(DefaultElementLocator.java:69)
	at org.openqa.selenium.support.pagefactory.internal.LocatingElementHandler.invoke(LocatingElementHandler.java:38)
	at com.sun.proxy.$Proxy12.isDisplayed(Unknown Source)
	at org.openqa.selenium.support.ui.ExpectedConditions.elementIfVisible(ExpectedConditions.java:315)
	at org.openqa.selenium.support.ui.ExpectedConditions.access$100(ExpectedConditions.java:44)
	at org.openqa.selenium.support.ui.ExpectedConditions$10.apply(ExpectedConditions.java:301)
	at org.openqa.selenium.support.ui.ExpectedConditions$10.apply(ExpectedConditions.java:298)
	at org.openqa.selenium.support.ui.ExpectedConditions$23.apply(ExpectedConditions.java:686)
	at org.openqa.selenium.support.ui.ExpectedConditions$23.apply(ExpectedConditions.java:682)
	at org.openqa.selenium.support.ui.FluentWait.until(FluentWait.java:249)
	... 17 more
</td>
</tr>
<!DOCTYPE HTML PUBLIC "-//W3C//DTD HTML 4.01 Transitional//EN" "http://www.w3.org/TR/html4/loose.dtd">
<html>
<head>
<title>Application log</title>
<style type="text/css">
<!--
body, table {font-family: arial,sans-serif; font-size: x-small;}
th {background: #336699; color: #FFFFFF; text-align: left;}
-->
</style>
</head>
<body bgcolor="#FFFFFF" topmargin="6" leftmargin="6">
<hr size="1" noshade>
Log session start time Thu Feb 04 15:40:40 IST 2021<br>
<br>
<table cellspacing="0" cellpadding="4" border="1" bordercolor="#224466" width="100%">
<tr>
<th>Time</th>
<th>Thread</th>
<th>Level</th>
<th>Category</th>
<th>File:Line</th>
<th>Message</th>
</tr>

<tr>
<td>0</td>
<td title="pool-1-thread-1 thread">pool-1-thread-1</td>
<td title="Level">INFO</td>
<td title="Test Suite category">Test Suite</td>
<td>ITestAnnotation.java:81</td>
<td title="Message">TEST CASE: TC009 | Priority: 5</td>
</tr>

<tr>
<td>14270</td>
<td title="pool-1-thread-1 thread">pool-1-thread-1</td>
<td title="Level">INFO</td>
<td title="Elephant-V2_D2_IN category">Elephant-V2_D2_IN</td>
<td>SharedTestCases_PostalCode.java:31</td>
<td title="Message">Beginning to Quote.</td>
</tr>

<tr>
<td>20830</td>
<td title="pool-1-thread-1 thread">pool-1-thread-1</td>
<td title="Level">INFO</td>
<td title="Elephant-V2_D2_IN category">Elephant-V2_D2_IN</td>
<td>SharedTestCases_PolicyHolder.java:22</td>
<td title="Message">Policy Holder page: Success!</td>
</tr>

<tr>
<td>21198</td>
<td title="pool-1-thread-1 thread">pool-1-thread-1</td>
<td title="Level"><font color="#993300"><strong>ERROR</strong></font></td>
<td title="Elephant-V2_D2_IN category">Elephant-V2_D2_IN</td>
<td>WebFunctions.java:489</td>
<td title="Message">NoSuchElement Exception</td>
</tr>

<tr>
<td>46089</td>
<td title="pool-1-thread-1 thread">pool-1-thread-1</td>
<td title="Level">INFO</td>
<td title="Elephant-V2_D2_IN category">Elephant-V2_D2_IN</td>
<td>SharedTestCases_Address.java:20</td>
<td title="Message">Address page: Success!</td>
</tr>

<tr>
<td>83565</td>
<td title="pool-1-thread-1 thread">pool-1-thread-1</td>
<td title="Level">INFO</td>
<td title="Elephant-V2_D2_IN category">Elephant-V2_D2_IN</td>
<td>SharedTestCases_VehicleDetails1of2.java:52</td>
<td title="Message">Vehicle Details 1of2 page: Success!</td>
</tr>

<tr>
<td>123818</td>
<td title="pool-1-thread-1 thread">pool-1-thread-1</td>
<td title="Level"><font color="#993300"><strong>ERROR</strong></font></td>
<td title="Elephant-V2_D2_IN category">Elephant-V2_D2_IN</td>
<td>WebFunctions.java:147</td>
<td title="Message">WebDriver Exception</td>
</tr>

<tr>
<td>165952</td>
<td title="pool-1-thread-1 thread">pool-1-thread-1</td>
<td title="Level"><font color="#993300"><strong>ERROR</strong></font></td>
<td title="Elephant-V2_D2_IN category">Elephant-V2_D2_IN</td>
<td>WebFunctions.java:147</td>
<td title="Message">WebDriver Exception</td>
</tr>

<tr>
<td>208079</td>
<td title="pool-1-thread-1 thread">pool-1-thread-1</td>
<td title="Level"><font color="#993300"><strong>ERROR</strong></font></td>
<td title="Elephant-V2_D2_IN category">Elephant-V2_D2_IN</td>
<td>WebFunctions.java:147</td>
<td title="Message">WebDriver Exception</td>
</tr>

<tr>
<td>255017</td>
<td title="pool-1-thread-1 thread">pool-1-thread-1</td>
<td title="Level"><font color="#993300"><strong>ERROR</strong></font></td>
<td title="Test Suite category">Test Suite</td>
<td>ITestAnnotation.java:36</td>
<td title="Message">TC009 is Failed ! 
 EXCEPTION:  ---&gt;  org.openqa.selenium.TimeoutException: Expected condition failed: waiting for element to be clickable: Proxy element for: DefaultElementLocator 'By.id: yearSelection_ddl' (tried for 40 second(s) with 500 milliseconds interval)
	at org.openqa.selenium.support.ui.WebDriverWait.timeoutException(WebDriverWait.java:82)
	at org.openqa.selenium.support.ui.FluentWait.until(FluentWait.java:272)
	at resources.WebFunctions.click(WebFunctions.java:118)
	at SharedTC.SharedTestCases_VehicleDetails1of2.vehicleDetails_2of2(SharedTestCases_VehicleDetails1of2.java:60)
	at SharedTC.SharedTestCases_VehicleDetails1of2.vehicleDetails(SharedTestCases_VehicleDetails1of2.java:103)
	at testElephant.TC_Elephant.TC009(TC_Elephant.java:339)
	at java.base/jdk.internal.reflect.NativeMethodAccessorImpl.invoke0(Native Method)
	at java.base/jdk.internal.reflect.NativeMethodAccessorImpl.invoke(NativeMethodAccessorImpl.java:62)
	at java.base/jdk.internal.reflect.DelegatingMethodAccessorImpl.invoke(DelegatingMethodAccessorImpl.java:43)
	at java.base/java.lang.reflect.Method.invoke(Method.java:566)
	at org.testng.internal.MethodInvocationHelper.invokeMethod(MethodInvocationHelper.java:85)
	at org.testng.internal.Invoker.invokeMethod(Invoker.java:639)
	at org.testng.internal.Invoker.invokeTestMethod(Invoker.java:816)
	at org.testng.internal.Invoker.invokeTestMethods(Invoker.java:1124)
	at org.testng.internal.TestMethodWorker.invokeTestMethods(TestMethodWorker.java:125)
	at org.testng.internal.TestMethodWorker.run(TestMethodWorker.java:108)
	at java.base/java.util.concurrent.ThreadPoolExecutor.runWorker(ThreadPoolExecutor.java:1128)
	at java.base/java.util.concurrent.ThreadPoolExecutor$Worker.run(ThreadPoolExecutor.java:628)
	at java.base/java.lang.Thread.run(Thread.java:834)
Caused by: org.openqa.selenium.NoSuchElementException: no such element: Unable to locate element: {&quot;method&quot;:&quot;css selector&quot;,&quot;selector&quot;:&quot;#yearSelection_ddl&quot;}
  (Session info: chrome=88.0.4324.104)
For documentation on this error, please visit: http://seleniumhq.org/exceptions/no_such_element.html
Build info: version: '3.10.0', revision: '176b4a9', time: '2018-03-02T19:03:16.397Z'
System info: host: 'RACHNA', ip: '10.96.164.5', os.name: 'Windows 10', os.arch: 'amd64', os.version: '10.0', java.version: '11.0.8'
Driver info: org.openqa.selenium.chrome.ChromeDriver
Capabilities {acceptInsecureCerts: false, browserName: chrome, browserVersion: 88.0.4324.104, chrome: {chromedriverVersion: 88.0.4324.96 (68dba2d8a0b14..., userDataDir: C:\Users\RACHNA~1.ARO\AppDa...}, goog:chromeOptions: {debuggerAddress: localhost:55795}, javascriptEnabled: true, networkConnectionEnabled: false, pageLoadStrategy: normal, platform: WINDOWS, platformName: WINDOWS, proxy: Proxy(), setWindowRect: true, strictFileInteractability: false, timeouts: {implicit: 0, pageLoad: 300000, script: 30000}, unhandledPromptBehavior: dismiss and notify, webauthn:extension:largeBlob: true, webauthn:virtualAuthenticators: true}
Session ID: 72041907c0e9383bb64836b9a1a2ee70
*** Element info: {Using=id, value=yearSelection_ddl}
	at jdk.internal.reflect.GeneratedConstructorAccessor16.newInstance(Unknown Source)
	at java.base/jdk.internal.reflect.DelegatingConstructorAccessorImpl.newInstance(DelegatingConstructorAccessorImpl.java:45)
	at java.base/java.lang.reflect.Constructor.newInstance(Constructor.java:490)
	at org.openqa.selenium.remote.http.W3CHttpResponseCodec.createException(W3CHttpResponseCodec.java:187)
	at org.openqa.selenium.remote.http.W3CHttpResponseCodec.decode(W3CHttpResponseCodec.java:122)
	at org.openqa.selenium.remote.http.W3CHttpResponseCodec.decode(W3CHttpResponseCodec.java:49)
	at org.openqa.selenium.remote.HttpCommandExecutor.execute(HttpCommandExecutor.java:160)
	at org.openqa.selenium.remote.service.DriverCommandExecutor.execute(DriverCommandExecutor.java:83)
	at org.openqa.selenium.remote.RemoteWebDriver.execute(RemoteWebDriver.java:601)
	at org.openqa.selenium.remote.RemoteWebDriver.findElement(RemoteWebDriver.java:371)
	at org.openqa.selenium.remote.RemoteWebDriver.findElementById(RemoteWebDriver.java:417)
	at org.openqa.selenium.By$ById.findElement(By.java:218)
	at org.openqa.selenium.remote.RemoteWebDriver.findElement(RemoteWebDriver.java:363)
	at org.openqa.selenium.support.pagefactory.DefaultElementLocator.findElement(DefaultElementLocator.java:69)
	at org.openqa.selenium.support.pagefactory.internal.LocatingElementHandler.invoke(LocatingElementHandler.java:38)
	at com.sun.proxy.$Proxy12.isDisplayed(Unknown Source)
	at org.openqa.selenium.support.ui.ExpectedConditions.elementIfVisible(ExpectedConditions.java:315)
	at org.openqa.selenium.support.ui.ExpectedConditions.access$100(ExpectedConditions.java:44)
	at org.openqa.selenium.support.ui.ExpectedConditions$10.apply(ExpectedConditions.java:301)
	at org.openqa.selenium.support.ui.ExpectedConditions$10.apply(ExpectedConditions.java:298)
	at org.openqa.selenium.support.ui.ExpectedConditions$23.apply(ExpectedConditions.java:686)
	at org.openqa.selenium.support.ui.ExpectedConditions$23.apply(ExpectedConditions.java:682)
	at org.openqa.selenium.support.ui.FluentWait.until(FluentWait.java:249)
	... 17 more
</td>
</tr>
<!DOCTYPE HTML PUBLIC "-//W3C//DTD HTML 4.01 Transitional//EN" "http://www.w3.org/TR/html4/loose.dtd">
<html>
<head>
<title>Application log</title>
<style type="text/css">
<!--
body, table {font-family: arial,sans-serif; font-size: x-small;}
th {background: #336699; color: #FFFFFF; text-align: left;}
-->
</style>
</head>
<body bgcolor="#FFFFFF" topmargin="6" leftmargin="6">
<hr size="1" noshade>
Log session start time Thu Feb 04 16:02:34 IST 2021<br>
<br>
<table cellspacing="0" cellpadding="4" border="1" bordercolor="#224466" width="100%">
<tr>
<th>Time</th>
<th>Thread</th>
<th>Level</th>
<th>Category</th>
<th>File:Line</th>
<th>Message</th>
</tr>

<tr>
<td>0</td>
<td title="pool-1-thread-1 thread">pool-1-thread-1</td>
<td title="Level">INFO</td>
<td title="Test Suite category">Test Suite</td>
<td>ITestAnnotation.java:81</td>
<td title="Message">TEST CASE: TC009 | Priority: 5</td>
</tr>

<tr>
<td>27147</td>
<td title="pool-1-thread-1 thread">pool-1-thread-1</td>
<td title="Level">INFO</td>
<td title="Elephant-V2_D2_IN category">Elephant-V2_D2_IN</td>
<td>SharedTestCases_PostalCode.java:31</td>
<td title="Message">Beginning to Quote.</td>
</tr>

<tr>
<td>33737</td>
<td title="pool-1-thread-1 thread">pool-1-thread-1</td>
<td title="Level">INFO</td>
<td title="Elephant-V2_D2_IN category">Elephant-V2_D2_IN</td>
<td>SharedTestCases_PolicyHolder.java:22</td>
<td title="Message">Policy Holder page: Success!</td>
</tr>

<tr>
<td>34120</td>
<td title="pool-1-thread-1 thread">pool-1-thread-1</td>
<td title="Level"><font color="#993300"><strong>ERROR</strong></font></td>
<td title="Elephant-V2_D2_IN category">Elephant-V2_D2_IN</td>
<td>WebFunctions.java:489</td>
<td title="Message">NoSuchElement Exception</td>
</tr>

<tr>
<td>59045</td>
<td title="pool-1-thread-1 thread">pool-1-thread-1</td>
<td title="Level">INFO</td>
<td title="Elephant-V2_D2_IN category">Elephant-V2_D2_IN</td>
<td>SharedTestCases_Address.java:20</td>
<td title="Message">Address page: Success!</td>
</tr>

<tr>
<td>97642</td>
<td title="pool-1-thread-1 thread">pool-1-thread-1</td>
<td title="Level">INFO</td>
<td title="Elephant-V2_D2_IN category">Elephant-V2_D2_IN</td>
<td>SharedTestCases_VehicleDetails1of2.java:52</td>
<td title="Message">Vehicle Details 1of2 page: Success!</td>
</tr>

<tr>
<td>118441</td>
<td title="pool-1-thread-1 thread">pool-1-thread-1</td>
<td title="Level">INFO</td>
<td title="Elephant-V2_D2_IN category">Elephant-V2_D2_IN</td>
<td>SharedTestCases_VehicleDetails1of2.java:80</td>
<td title="Message">Vehicle Details 2of2 page: Success!</td>
</tr>

<tr>
<td>121539</td>
<td title="pool-1-thread-1 thread">pool-1-thread-1</td>
<td title="Level">INFO</td>
<td title="Elephant-V2_D2_IN category">Elephant-V2_D2_IN</td>
<td>SharedTestCases_VehicleDetails1of2.java:94</td>
<td title="Message">VehicleList page: Success!</td>
</tr>

<tr>
<td>163052</td>
<td title="pool-1-thread-1 thread">pool-1-thread-1</td>
<td title="Level">INFO</td>
<td title="Elephant-V2_D2_IN category">Elephant-V2_D2_IN</td>
<td>SharedTestCases_VehicleDetails1of2.java:52</td>
<td title="Message">Vehicle Details 1of2 page: Success!</td>
</tr>

<tr>
<td>181718</td>
<td title="pool-1-thread-1 thread">pool-1-thread-1</td>
<td title="Level">INFO</td>
<td title="Elephant-V2_D2_IN category">Elephant-V2_D2_IN</td>
<td>SharedTestCases_VehicleDetails1of2.java:80</td>
<td title="Message">Vehicle Details 2of2 page: Success!</td>
</tr>

<tr>
<td>184814</td>
<td title="pool-1-thread-1 thread">pool-1-thread-1</td>
<td title="Level">INFO</td>
<td title="Elephant-V2_D2_IN category">Elephant-V2_D2_IN</td>
<td>SharedTestCases_VehicleDetails1of2.java:90</td>
<td title="Message">VehicleList page: Success!</td>
</tr>

<tr>
<td>200282</td>
<td title="pool-1-thread-1 thread">pool-1-thread-1</td>
<td title="Level">INFO</td>
<td title="Elephant-V2_D2_IN category">Elephant-V2_D2_IN</td>
<td>SharedTestCases_PolicyHolderDetails1of2.java:22</td>
<td title="Message">Policy holder Details 1of2 page: Success!</td>
</tr>

<tr>
<td>215772</td>
<td title="pool-1-thread-1 thread">pool-1-thread-1</td>
<td title="Level">INFO</td>
<td title="Elephant-V2_D2_IN category">Elephant-V2_D2_IN</td>
<td>SharedTestCases_PolicyHolderDetails2of2.java:22</td>
<td title="Message">Policy Holder Details 2of2 page: Success!</td>
</tr>

<tr>
<td>218859</td>
<td title="pool-1-thread-1 thread">pool-1-thread-1</td>
<td title="Level">INFO</td>
<td title="Elephant-V2_D2_IN category">Elephant-V2_D2_IN</td>
<td>SharedTestCases_DriverInfo1of2.java:79</td>
<td title="Message">DriverList page: Success!</td>
</tr>

<tr>
<td>247220</td>
<td title="pool-1-thread-1 thread">pool-1-thread-1</td>
<td title="Level">INFO</td>
<td title="Elephant-V2_D2_IN category">Elephant-V2_D2_IN</td>
<td>SharedTestCases_DriverInfo1of2.java:113</td>
<td title="Message">Currently In School page: Success!</td>
</tr>

<tr>
<td>247220</td>
<td title="pool-1-thread-1 thread">pool-1-thread-1</td>
<td title="Level">INFO</td>
<td title="Elephant-V2_D2_IN category">Elephant-V2_D2_IN</td>
<td>SharedTestCases_DriverInfo1of2.java:49</td>
<td title="Message">Additional Driver 1of2 page: Success!</td>
</tr>

<tr>
<td>264809</td>
<td title="pool-1-thread-1 thread">pool-1-thread-1</td>
<td title="Level">INFO</td>
<td title="Elephant-V2_D2_IN category">Elephant-V2_D2_IN</td>
<td>SharedTestCases_DriverInfo1of2.java:68</td>
<td title="Message">Additional Driver 2of2 page: Success!</td>
</tr>

<tr>
<td>267907</td>
<td title="pool-1-thread-1 thread">pool-1-thread-1</td>
<td title="Level">INFO</td>
<td title="Elephant-V2_D2_IN category">Elephant-V2_D2_IN</td>
<td>SharedTestCases_DriverInfo1of2.java:76</td>
<td title="Message">DriverList page: Success!</td>
</tr>

<tr>
<td>268686</td>
<td title="pool-1-thread-1 thread">pool-1-thread-1</td>
<td title="Level"><font color="#993300"><strong>ERROR</strong></font></td>
<td title="Test Suite category">Test Suite</td>
<td>ITestAnnotation.java:36</td>
<td title="Message">TC009 is Failed ! 
 EXCEPTION:  ---&gt;  org.openqa.selenium.NoSuchElementException: no such element: Unable to locate element: {&quot;method&quot;:&quot;xpath&quot;,&quot;selector&quot;:&quot;//*[@identity='rdCurrentlyInsured']/div/div/label[contains(text(),'Yes')]&quot;}
  (Session info: chrome=88.0.4324.104)
For documentation on this error, please visit: http://seleniumhq.org/exceptions/no_such_element.html
Build info: version: '3.10.0', revision: '176b4a9', time: '2018-03-02T19:03:16.397Z'
System info: host: 'RACHNA', ip: '10.96.164.5', os.name: 'Windows 10', os.arch: 'amd64', os.version: '10.0', java.version: '11.0.8'
Driver info: org.openqa.selenium.chrome.ChromeDriver
Capabilities {acceptInsecureCerts: false, browserName: chrome, browserVersion: 88.0.4324.104, chrome: {chromedriverVersion: 88.0.4324.96 (68dba2d8a0b14..., userDataDir: C:\Users\RACHNA~1.ARO\AppDa...}, goog:chromeOptions: {debuggerAddress: localhost:56326}, javascriptEnabled: true, networkConnectionEnabled: false, pageLoadStrategy: normal, platform: WINDOWS, platformName: WINDOWS, proxy: Proxy(), setWindowRect: true, strictFileInteractability: false, timeouts: {implicit: 0, pageLoad: 300000, script: 30000}, unhandledPromptBehavior: dismiss and notify, webauthn:extension:largeBlob: true, webauthn:virtualAuthenticators: true}
Session ID: 7d7e85542e9bfbc549738f4ffcba26ca
*** Element info: {Using=xpath, value=//*[@identity='rdCurrentlyInsured']/div/div/label[contains(text(),'Yes')]}
	at java.base/jdk.internal.reflect.NativeConstructorAccessorImpl.newInstance0(Native Method)
	at java.base/jdk.internal.reflect.NativeConstructorAccessorImpl.newInstance(NativeConstructorAccessorImpl.java:62)
	at java.base/jdk.internal.reflect.DelegatingConstructorAccessorImpl.newInstance(DelegatingConstructorAccessorImpl.java:45)
	at java.base/java.lang.reflect.Constructor.newInstance(Constructor.java:490)
	at org.openqa.selenium.remote.http.W3CHttpResponseCodec.createException(W3CHttpResponseCodec.java:187)
	at org.openqa.selenium.remote.http.W3CHttpResponseCodec.decode(W3CHttpResponseCodec.java:122)
	at org.openqa.selenium.remote.http.W3CHttpResponseCodec.decode(W3CHttpResponseCodec.java:49)
	at org.openqa.selenium.remote.HttpCommandExecutor.execute(HttpCommandExecutor.java:160)
	at org.openqa.selenium.remote.service.DriverCommandExecutor.execute(DriverCommandExecutor.java:83)
	at org.openqa.selenium.remote.RemoteWebDriver.execute(RemoteWebDriver.java:601)
	at org.openqa.selenium.remote.RemoteWebDriver.findElement(RemoteWebDriver.java:371)
	at org.openqa.selenium.remote.RemoteWebDriver.findElementByXPath(RemoteWebDriver.java:473)
	at org.openqa.selenium.By$ByXPath.findElement(By.java:361)
	at org.openqa.selenium.remote.RemoteWebDriver.findElement(RemoteWebDriver.java:363)
	at resources.WebFunctions.click(WebFunctions.java:164)
	at SharedTC.SharedTestCases_InsuranceHistory.insuranceHistory_Yes(SharedTestCases_InsuranceHistory.java:18)
	at testElephant.TC_Elephant.TC009(TC_Elephant.java:343)
	at java.base/jdk.internal.reflect.NativeMethodAccessorImpl.invoke0(Native Method)
	at java.base/jdk.internal.reflect.NativeMethodAccessorImpl.invoke(NativeMethodAccessorImpl.java:62)
	at java.base/jdk.internal.reflect.DelegatingMethodAccessorImpl.invoke(DelegatingMethodAccessorImpl.java:43)
	at java.base/java.lang.reflect.Method.invoke(Method.java:566)
	at org.testng.internal.MethodInvocationHelper.invokeMethod(MethodInvocationHelper.java:85)
	at org.testng.internal.Invoker.invokeMethod(Invoker.java:639)
	at org.testng.internal.Invoker.invokeTestMethod(Invoker.java:816)
	at org.testng.internal.Invoker.invokeTestMethods(Invoker.java:1124)
	at org.testng.internal.TestMethodWorker.invokeTestMethods(TestMethodWorker.java:125)
	at org.testng.internal.TestMethodWorker.run(TestMethodWorker.java:108)
	at java.base/java.util.concurrent.ThreadPoolExecutor.runWorker(ThreadPoolExecutor.java:1128)
	at java.base/java.util.concurrent.ThreadPoolExecutor$Worker.run(ThreadPoolExecutor.java:628)
	at java.base/java.lang.Thread.run(Thread.java:834)
</td>
</tr>
<!DOCTYPE HTML PUBLIC "-//W3C//DTD HTML 4.01 Transitional//EN" "http://www.w3.org/TR/html4/loose.dtd">
<html>
<head>
<title>Application log</title>
<style type="text/css">
<!--
body, table {font-family: arial,sans-serif; font-size: x-small;}
th {background: #336699; color: #FFFFFF; text-align: left;}
-->
</style>
</head>
<body bgcolor="#FFFFFF" topmargin="6" leftmargin="6">
<hr size="1" noshade>
Log session start time Thu Feb 04 16:11:06 IST 2021<br>
<br>
<table cellspacing="0" cellpadding="4" border="1" bordercolor="#224466" width="100%">
<tr>
<th>Time</th>
<th>Thread</th>
<th>Level</th>
<th>Category</th>
<th>File:Line</th>
<th>Message</th>
</tr>

<tr>
<td>0</td>
<td title="pool-1-thread-1 thread">pool-1-thread-1</td>
<td title="Level">INFO</td>
<td title="Test Suite category">Test Suite</td>
<td>ITestAnnotation.java:81</td>
<td title="Message">TEST CASE: TC009 | Priority: 5</td>
</tr>

<tr>
<td>15666</td>
<td title="pool-1-thread-1 thread">pool-1-thread-1</td>
<td title="Level">INFO</td>
<td title="Elephant-V2_D2_IN category">Elephant-V2_D2_IN</td>
<td>SharedTestCases_PostalCode.java:31</td>
<td title="Message">Beginning to Quote.</td>
</tr>

<tr>
<td>22297</td>
<td title="pool-1-thread-1 thread">pool-1-thread-1</td>
<td title="Level">INFO</td>
<td title="Elephant-V2_D2_IN category">Elephant-V2_D2_IN</td>
<td>SharedTestCases_PolicyHolder.java:22</td>
<td title="Message">Policy Holder page: Success!</td>
</tr>

<tr>
<td>22682</td>
<td title="pool-1-thread-1 thread">pool-1-thread-1</td>
<td title="Level"><font color="#993300"><strong>ERROR</strong></font></td>
<td title="Elephant-V2_D2_IN category">Elephant-V2_D2_IN</td>
<td>WebFunctions.java:489</td>
<td title="Message">NoSuchElement Exception</td>
</tr>

<tr>
<td>47673</td>
<td title="pool-1-thread-1 thread">pool-1-thread-1</td>
<td title="Level">INFO</td>
<td title="Elephant-V2_D2_IN category">Elephant-V2_D2_IN</td>
<td>SharedTestCases_Address.java:20</td>
<td title="Message">Address page: Success!</td>
</tr>

<tr>
<td>91834</td>
<td title="pool-1-thread-1 thread">pool-1-thread-1</td>
<td title="Level">INFO</td>
<td title="Elephant-V2_D2_IN category">Elephant-V2_D2_IN</td>
<td>SharedTestCases_VehicleDetails1of2.java:52</td>
<td title="Message">Vehicle Details 1of2 page: Success!</td>
</tr>

<tr>
<td>110473</td>
<td title="pool-1-thread-1 thread">pool-1-thread-1</td>
<td title="Level">INFO</td>
<td title="Elephant-V2_D2_IN category">Elephant-V2_D2_IN</td>
<td>SharedTestCases_VehicleDetails1of2.java:80</td>
<td title="Message">Vehicle Details 2of2 page: Success!</td>
</tr>

<tr>
<td>113594</td>
<td title="pool-1-thread-1 thread">pool-1-thread-1</td>
<td title="Level">INFO</td>
<td title="Elephant-V2_D2_IN category">Elephant-V2_D2_IN</td>
<td>SharedTestCases_VehicleDetails1of2.java:94</td>
<td title="Message">VehicleList page: Success!</td>
</tr>

<tr>
<td>155186</td>
<td title="pool-1-thread-1 thread">pool-1-thread-1</td>
<td title="Level">INFO</td>
<td title="Elephant-V2_D2_IN category">Elephant-V2_D2_IN</td>
<td>SharedTestCases_VehicleDetails1of2.java:52</td>
<td title="Message">Vehicle Details 1of2 page: Success!</td>
</tr>

<tr>
<td>173824</td>
<td title="pool-1-thread-1 thread">pool-1-thread-1</td>
<td title="Level">INFO</td>
<td title="Elephant-V2_D2_IN category">Elephant-V2_D2_IN</td>
<td>SharedTestCases_VehicleDetails1of2.java:80</td>
<td title="Message">Vehicle Details 2of2 page: Success!</td>
</tr>

<tr>
<td>176942</td>
<td title="pool-1-thread-1 thread">pool-1-thread-1</td>
<td title="Level">INFO</td>
<td title="Elephant-V2_D2_IN category">Elephant-V2_D2_IN</td>
<td>SharedTestCases_VehicleDetails1of2.java:90</td>
<td title="Message">VehicleList page: Success!</td>
</tr>

<tr>
<td>192367</td>
<td title="pool-1-thread-1 thread">pool-1-thread-1</td>
<td title="Level">INFO</td>
<td title="Elephant-V2_D2_IN category">Elephant-V2_D2_IN</td>
<td>SharedTestCases_PolicyHolderDetails1of2.java:22</td>
<td title="Message">Policy holder Details 1of2 page: Success!</td>
</tr>

<tr>
<td>207892</td>
<td title="pool-1-thread-1 thread">pool-1-thread-1</td>
<td title="Level">INFO</td>
<td title="Elephant-V2_D2_IN category">Elephant-V2_D2_IN</td>
<td>SharedTestCases_PolicyHolderDetails2of2.java:22</td>
<td title="Message">Policy Holder Details 2of2 page: Success!</td>
</tr>

<tr>
<td>211011</td>
<td title="pool-1-thread-1 thread">pool-1-thread-1</td>
<td title="Level">INFO</td>
<td title="Elephant-V2_D2_IN category">Elephant-V2_D2_IN</td>
<td>SharedTestCases_DriverInfo1of2.java:79</td>
<td title="Message">DriverList page: Success!</td>
</tr>

<tr>
<td>239359</td>
<td title="pool-1-thread-1 thread">pool-1-thread-1</td>
<td title="Level">INFO</td>
<td title="Elephant-V2_D2_IN category">Elephant-V2_D2_IN</td>
<td>SharedTestCases_DriverInfo1of2.java:113</td>
<td title="Message">Currently In School page: Success!</td>
</tr>

<tr>
<td>239360</td>
<td title="pool-1-thread-1 thread">pool-1-thread-1</td>
<td title="Level">INFO</td>
<td title="Elephant-V2_D2_IN category">Elephant-V2_D2_IN</td>
<td>SharedTestCases_DriverInfo1of2.java:49</td>
<td title="Message">Additional Driver 1of2 page: Success!</td>
</tr>

<tr>
<td>256868</td>
<td title="pool-1-thread-1 thread">pool-1-thread-1</td>
<td title="Level">INFO</td>
<td title="Elephant-V2_D2_IN category">Elephant-V2_D2_IN</td>
<td>SharedTestCases_DriverInfo1of2.java:68</td>
<td title="Message">Additional Driver 2of2 page: Success!</td>
</tr>

<tr>
<td>259993</td>
<td title="pool-1-thread-1 thread">pool-1-thread-1</td>
<td title="Level">INFO</td>
<td title="Elephant-V2_D2_IN category">Elephant-V2_D2_IN</td>
<td>SharedTestCases_DriverInfo1of2.java:76</td>
<td title="Message">DriverList page: Success!</td>
</tr>

<tr>
<td>293051</td>
<td title="pool-1-thread-1 thread">pool-1-thread-1</td>
<td title="Level">INFO</td>
<td title="Elephant-V2_D2_IN category">Elephant-V2_D2_IN</td>
<td>SharedTestCases_InsuranceHistory.java:29</td>
<td title="Message">Insurance History page: Success!</td>
</tr>

<tr>
<td>333243</td>
<td title="pool-1-thread-1 thread">pool-1-thread-1</td>
<td title="Level"><font color="#993300"><strong>ERROR</strong></font></td>
<td title="Elephant-V2_D2_IN category">Elephant-V2_D2_IN</td>
<td>WebFunctions.java:147</td>
<td title="Message">WebDriver Exception</td>
</tr>

<tr>
<td>375439</td>
<td title="pool-1-thread-1 thread">pool-1-thread-1</td>
<td title="Level"><font color="#993300"><strong>ERROR</strong></font></td>
<td title="Elephant-V2_D2_IN category">Elephant-V2_D2_IN</td>
<td>WebFunctions.java:147</td>
<td title="Message">WebDriver Exception</td>
</tr>

<tr>
<td>417633</td>
<td title="pool-1-thread-1 thread">pool-1-thread-1</td>
<td title="Level"><font color="#993300"><strong>ERROR</strong></font></td>
<td title="Elephant-V2_D2_IN category">Elephant-V2_D2_IN</td>
<td>WebFunctions.java:147</td>
<td title="Message">WebDriver Exception</td>
</tr>

<tr>
<td>464653</td>
<td title="pool-1-thread-1 thread">pool-1-thread-1</td>
<td title="Level"><font color="#993300"><strong>ERROR</strong></font></td>
<td title="Test Suite category">Test Suite</td>
<td>ITestAnnotation.java:36</td>
<td title="Message">TC009 is Failed ! 
 EXCEPTION:  ---&gt;  org.openqa.selenium.TimeoutException: Expected condition failed: waiting for element to be clickable: Proxy element for: DefaultElementLocator 'By.id: btnNext' (tried for 40 second(s) with 500 milliseconds interval)
	at org.openqa.selenium.support.ui.WebDriverWait.timeoutException(WebDriverWait.java:82)
	at org.openqa.selenium.support.ui.FluentWait.until(FluentWait.java:272)
	at resources.WebFunctions.click(WebFunctions.java:118)
	at SharedTC.SharedTestCases_Assignment.driverVehicleAssignmentPage(SharedTestCases_Assignment.java:21)
	at testElephant.TC_Elephant.TC009(TC_Elephant.java:344)
	at java.base/jdk.internal.reflect.NativeMethodAccessorImpl.invoke0(Native Method)
	at java.base/jdk.internal.reflect.NativeMethodAccessorImpl.invoke(NativeMethodAccessorImpl.java:62)
	at java.base/jdk.internal.reflect.DelegatingMethodAccessorImpl.invoke(DelegatingMethodAccessorImpl.java:43)
	at java.base/java.lang.reflect.Method.invoke(Method.java:566)
	at org.testng.internal.MethodInvocationHelper.invokeMethod(MethodInvocationHelper.java:85)
	at org.testng.internal.Invoker.invokeMethod(Invoker.java:639)
	at org.testng.internal.Invoker.invokeTestMethod(Invoker.java:816)
	at org.testng.internal.Invoker.invokeTestMethods(Invoker.java:1124)
	at org.testng.internal.TestMethodWorker.invokeTestMethods(TestMethodWorker.java:125)
	at org.testng.internal.TestMethodWorker.run(TestMethodWorker.java:108)
	at java.base/java.util.concurrent.ThreadPoolExecutor.runWorker(ThreadPoolExecutor.java:1128)
	at java.base/java.util.concurrent.ThreadPoolExecutor$Worker.run(ThreadPoolExecutor.java:628)
	at java.base/java.lang.Thread.run(Thread.java:834)
Caused by: org.openqa.selenium.NoSuchElementException: no such element: Unable to locate element: {&quot;method&quot;:&quot;css selector&quot;,&quot;selector&quot;:&quot;#btnNext&quot;}
  (Session info: chrome=88.0.4324.104)
For documentation on this error, please visit: http://seleniumhq.org/exceptions/no_such_element.html
Build info: version: '3.10.0', revision: '176b4a9', time: '2018-03-02T19:03:16.397Z'
System info: host: 'RACHNA', ip: '10.96.164.5', os.name: 'Windows 10', os.arch: 'amd64', os.version: '10.0', java.version: '11.0.8'
Driver info: org.openqa.selenium.chrome.ChromeDriver
Capabilities {acceptInsecureCerts: false, browserName: chrome, browserVersion: 88.0.4324.104, chrome: {chromedriverVersion: 88.0.4324.96 (68dba2d8a0b14..., userDataDir: C:\Users\RACHNA~1.ARO\AppDa...}, goog:chromeOptions: {debuggerAddress: localhost:56535}, javascriptEnabled: true, networkConnectionEnabled: false, pageLoadStrategy: normal, platform: WINDOWS, platformName: WINDOWS, proxy: Proxy(), setWindowRect: true, strictFileInteractability: false, timeouts: {implicit: 0, pageLoad: 300000, script: 30000}, unhandledPromptBehavior: dismiss and notify, webauthn:extension:largeBlob: true, webauthn:virtualAuthenticators: true}
Session ID: a87e3d712a288fc45fd71bbf76a17031
*** Element info: {Using=id, value=btnNext}
	at jdk.internal.reflect.GeneratedConstructorAccessor16.newInstance(Unknown Source)
	at java.base/jdk.internal.reflect.DelegatingConstructorAccessorImpl.newInstance(DelegatingConstructorAccessorImpl.java:45)
	at java.base/java.lang.reflect.Constructor.newInstance(Constructor.java:490)
	at org.openqa.selenium.remote.http.W3CHttpResponseCodec.createException(W3CHttpResponseCodec.java:187)
	at org.openqa.selenium.remote.http.W3CHttpResponseCodec.decode(W3CHttpResponseCodec.java:122)
	at org.openqa.selenium.remote.http.W3CHttpResponseCodec.decode(W3CHttpResponseCodec.java:49)
	at org.openqa.selenium.remote.HttpCommandExecutor.execute(HttpCommandExecutor.java:160)
	at org.openqa.selenium.remote.service.DriverCommandExecutor.execute(DriverCommandExecutor.java:83)
	at org.openqa.selenium.remote.RemoteWebDriver.execute(RemoteWebDriver.java:601)
	at org.openqa.selenium.remote.RemoteWebDriver.findElement(RemoteWebDriver.java:371)
	at org.openqa.selenium.remote.RemoteWebDriver.findElementById(RemoteWebDriver.java:417)
	at org.openqa.selenium.By$ById.findElement(By.java:218)
	at org.openqa.selenium.remote.RemoteWebDriver.findElement(RemoteWebDriver.java:363)
	at org.openqa.selenium.support.pagefactory.DefaultElementLocator.findElement(DefaultElementLocator.java:69)
	at org.openqa.selenium.support.pagefactory.internal.LocatingElementHandler.invoke(LocatingElementHandler.java:38)
	at com.sun.proxy.$Proxy12.isDisplayed(Unknown Source)
	at org.openqa.selenium.support.ui.ExpectedConditions.elementIfVisible(ExpectedConditions.java:315)
	at org.openqa.selenium.support.ui.ExpectedConditions.access$100(ExpectedConditions.java:44)
	at org.openqa.selenium.support.ui.ExpectedConditions$10.apply(ExpectedConditions.java:301)
	at org.openqa.selenium.support.ui.ExpectedConditions$10.apply(ExpectedConditions.java:298)
	at org.openqa.selenium.support.ui.ExpectedConditions$23.apply(ExpectedConditions.java:686)
	at org.openqa.selenium.support.ui.ExpectedConditions$23.apply(ExpectedConditions.java:682)
	at org.openqa.selenium.support.ui.FluentWait.until(FluentWait.java:249)
	... 16 more
</td>
</tr>
<!DOCTYPE HTML PUBLIC "-//W3C//DTD HTML 4.01 Transitional//EN" "http://www.w3.org/TR/html4/loose.dtd">
<html>
<head>
<title>Application log</title>
<style type="text/css">
<!--
body, table {font-family: arial,sans-serif; font-size: x-small;}
th {background: #336699; color: #FFFFFF; text-align: left;}
-->
</style>
</head>
<body bgcolor="#FFFFFF" topmargin="6" leftmargin="6">
<hr size="1" noshade>
Log session start time Thu Feb 04 16:22:29 IST 2021<br>
<br>
<table cellspacing="0" cellpadding="4" border="1" bordercolor="#224466" width="100%">
<tr>
<th>Time</th>
<th>Thread</th>
<th>Level</th>
<th>Category</th>
<th>File:Line</th>
<th>Message</th>
</tr>

<tr>
<td>0</td>
<td title="pool-1-thread-1 thread">pool-1-thread-1</td>
<td title="Level">INFO</td>
<td title="Test Suite category">Test Suite</td>
<td>ITestAnnotation.java:81</td>
<td title="Message">TEST CASE: TC009 | Priority: 5</td>
</tr>

<tr>
<td>46962</td>
<td title="pool-1-thread-1 thread">pool-1-thread-1</td>
<td title="Level">INFO</td>
<td title="Elephant-V2_D2_IN category">Elephant-V2_D2_IN</td>
<td>SharedTestCases_PostalCode.java:31</td>
<td title="Message">Beginning to Quote.</td>
</tr>

<tr>
<td>53573</td>
<td title="pool-1-thread-1 thread">pool-1-thread-1</td>
<td title="Level">INFO</td>
<td title="Elephant-V2_D2_IN category">Elephant-V2_D2_IN</td>
<td>SharedTestCases_PolicyHolder.java:22</td>
<td title="Message">Policy Holder page: Success!</td>
</tr>

<tr>
<td>53943</td>
<td title="pool-1-thread-1 thread">pool-1-thread-1</td>
<td title="Level"><font color="#993300"><strong>ERROR</strong></font></td>
<td title="Elephant-V2_D2_IN category">Elephant-V2_D2_IN</td>
<td>WebFunctions.java:489</td>
<td title="Message">NoSuchElement Exception</td>
</tr>

<tr>
<td>78733</td>
<td title="pool-1-thread-1 thread">pool-1-thread-1</td>
<td title="Level">INFO</td>
<td title="Elephant-V2_D2_IN category">Elephant-V2_D2_IN</td>
<td>SharedTestCases_Address.java:20</td>
<td title="Message">Address page: Success!</td>
</tr>

<tr>
<td>122441</td>
<td title="pool-1-thread-1 thread">pool-1-thread-1</td>
<td title="Level">INFO</td>
<td title="Elephant-V2_D2_IN category">Elephant-V2_D2_IN</td>
<td>SharedTestCases_VehicleDetails1of2.java:52</td>
<td title="Message">Vehicle Details 1of2 page: Success!</td>
</tr>

<tr>
<td>141162</td>
<td title="pool-1-thread-1 thread">pool-1-thread-1</td>
<td title="Level">INFO</td>
<td title="Elephant-V2_D2_IN category">Elephant-V2_D2_IN</td>
<td>SharedTestCases_VehicleDetails1of2.java:80</td>
<td title="Message">Vehicle Details 2of2 page: Success!</td>
</tr>

<tr>
<td>144263</td>
<td title="pool-1-thread-1 thread">pool-1-thread-1</td>
<td title="Level">INFO</td>
<td title="Elephant-V2_D2_IN category">Elephant-V2_D2_IN</td>
<td>SharedTestCases_VehicleDetails1of2.java:94</td>
<td title="Message">VehicleList page: Success!</td>
</tr>

<tr>
<td>185836</td>
<td title="pool-1-thread-1 thread">pool-1-thread-1</td>
<td title="Level">INFO</td>
<td title="Elephant-V2_D2_IN category">Elephant-V2_D2_IN</td>
<td>SharedTestCases_VehicleDetails1of2.java:52</td>
<td title="Message">Vehicle Details 1of2 page: Success!</td>
</tr>

<tr>
<td>204472</td>
<td title="pool-1-thread-1 thread">pool-1-thread-1</td>
<td title="Level">INFO</td>
<td title="Elephant-V2_D2_IN category">Elephant-V2_D2_IN</td>
<td>SharedTestCases_VehicleDetails1of2.java:80</td>
<td title="Message">Vehicle Details 2of2 page: Success!</td>
</tr>

<tr>
<td>207586</td>
<td title="pool-1-thread-1 thread">pool-1-thread-1</td>
<td title="Level">INFO</td>
<td title="Elephant-V2_D2_IN category">Elephant-V2_D2_IN</td>
<td>SharedTestCases_VehicleDetails1of2.java:90</td>
<td title="Message">VehicleList page: Success!</td>
</tr>

<tr>
<td>223089</td>
<td title="pool-1-thread-1 thread">pool-1-thread-1</td>
<td title="Level">INFO</td>
<td title="Elephant-V2_D2_IN category">Elephant-V2_D2_IN</td>
<td>SharedTestCases_PolicyHolderDetails1of2.java:22</td>
<td title="Message">Policy holder Details 1of2 page: Success!</td>
</tr>

<tr>
<td>238669</td>
<td title="pool-1-thread-1 thread">pool-1-thread-1</td>
<td title="Level">INFO</td>
<td title="Elephant-V2_D2_IN category">Elephant-V2_D2_IN</td>
<td>SharedTestCases_PolicyHolderDetails2of2.java:22</td>
<td title="Message">Policy Holder Details 2of2 page: Success!</td>
</tr>

<tr>
<td>241773</td>
<td title="pool-1-thread-1 thread">pool-1-thread-1</td>
<td title="Level">INFO</td>
<td title="Elephant-V2_D2_IN category">Elephant-V2_D2_IN</td>
<td>SharedTestCases_DriverInfo1of2.java:84</td>
<td title="Message">DriverList page: Success!</td>
</tr>

<tr>
<td>270106</td>
<td title="pool-1-thread-1 thread">pool-1-thread-1</td>
<td title="Level">INFO</td>
<td title="Elephant-V2_D2_IN category">Elephant-V2_D2_IN</td>
<td>SharedTestCases_DriverInfo1of2.java:118</td>
<td title="Message">Currently In School page: Success!</td>
</tr>

<tr>
<td>270108</td>
<td title="pool-1-thread-1 thread">pool-1-thread-1</td>
<td title="Level">INFO</td>
<td title="Elephant-V2_D2_IN category">Elephant-V2_D2_IN</td>
<td>SharedTestCases_DriverInfo1of2.java:49</td>
<td title="Message">Additional Driver 1of2 page: Success!</td>
</tr>

<tr>
<td>291790</td>
<td title="pool-1-thread-1 thread">pool-1-thread-1</td>
<td title="Level">INFO</td>
<td title="Elephant-V2_D2_IN category">Elephant-V2_D2_IN</td>
<td>SharedTestCases_DriverInfo1of2.java:73</td>
<td title="Message">Additional Driver 2of2 page: Success!</td>
</tr>

<tr>
<td>294883</td>
<td title="pool-1-thread-1 thread">pool-1-thread-1</td>
<td title="Level">INFO</td>
<td title="Elephant-V2_D2_IN category">Elephant-V2_D2_IN</td>
<td>SharedTestCases_DriverInfo1of2.java:81</td>
<td title="Message">DriverList page: Success!</td>
</tr>

<tr>
<td>327952</td>
<td title="pool-1-thread-1 thread">pool-1-thread-1</td>
<td title="Level">INFO</td>
<td title="Elephant-V2_D2_IN category">Elephant-V2_D2_IN</td>
<td>SharedTestCases_InsuranceHistory.java:29</td>
<td title="Message">Insurance History page: Success!</td>
</tr>

<tr>
<td>368447</td>
<td title="pool-1-thread-1 thread">pool-1-thread-1</td>
<td title="Level"><font color="#993300"><strong>ERROR</strong></font></td>
<td title="Elephant-V2_D2_IN category">Elephant-V2_D2_IN</td>
<td>WebFunctions.java:147</td>
<td title="Message">WebDriver Exception</td>
</tr>

<tr>
<td>410666</td>
<td title="pool-1-thread-1 thread">pool-1-thread-1</td>
<td title="Level"><font color="#993300"><strong>ERROR</strong></font></td>
<td title="Elephant-V2_D2_IN category">Elephant-V2_D2_IN</td>
<td>WebFunctions.java:147</td>
<td title="Message">WebDriver Exception</td>
</tr>

<tr>
<td>453173</td>
<td title="pool-1-thread-1 thread">pool-1-thread-1</td>
<td title="Level"><font color="#993300"><strong>ERROR</strong></font></td>
<td title="Elephant-V2_D2_IN category">Elephant-V2_D2_IN</td>
<td>WebFunctions.java:147</td>
<td title="Message">WebDriver Exception</td>
</tr>

<tr>
<td>500103</td>
<td title="pool-1-thread-1 thread">pool-1-thread-1</td>
<td title="Level"><font color="#993300"><strong>ERROR</strong></font></td>
<td title="Test Suite category">Test Suite</td>
<td>ITestAnnotation.java:36</td>
<td title="Message">TC009 is Failed ! 
 EXCEPTION:  ---&gt;  org.openqa.selenium.TimeoutException: Expected condition failed: waiting for element to be clickable: Proxy element for: DefaultElementLocator 'By.id: btnNext' (tried for 40 second(s) with 500 milliseconds interval)
	at org.openqa.selenium.support.ui.WebDriverWait.timeoutException(WebDriverWait.java:82)
	at org.openqa.selenium.support.ui.FluentWait.until(FluentWait.java:272)
	at resources.WebFunctions.click(WebFunctions.java:118)
	at SharedTC.SharedTestCases_Assignment.driverVehicleAssignmentPage(SharedTestCases_Assignment.java:21)
	at testElephant.TC_Elephant.TC009(TC_Elephant.java:344)
	at java.base/jdk.internal.reflect.NativeMethodAccessorImpl.invoke0(Native Method)
	at java.base/jdk.internal.reflect.NativeMethodAccessorImpl.invoke(NativeMethodAccessorImpl.java:62)
	at java.base/jdk.internal.reflect.DelegatingMethodAccessorImpl.invoke(DelegatingMethodAccessorImpl.java:43)
	at java.base/java.lang.reflect.Method.invoke(Method.java:566)
	at org.testng.internal.MethodInvocationHelper.invokeMethod(MethodInvocationHelper.java:85)
	at org.testng.internal.Invoker.invokeMethod(Invoker.java:639)
	at org.testng.internal.Invoker.invokeTestMethod(Invoker.java:816)
	at org.testng.internal.Invoker.invokeTestMethods(Invoker.java:1124)
	at org.testng.internal.TestMethodWorker.invokeTestMethods(TestMethodWorker.java:125)
	at org.testng.internal.TestMethodWorker.run(TestMethodWorker.java:108)
	at java.base/java.util.concurrent.ThreadPoolExecutor.runWorker(ThreadPoolExecutor.java:1128)
	at java.base/java.util.concurrent.ThreadPoolExecutor$Worker.run(ThreadPoolExecutor.java:628)
	at java.base/java.lang.Thread.run(Thread.java:834)
Caused by: org.openqa.selenium.NoSuchElementException: no such element: Unable to locate element: {&quot;method&quot;:&quot;css selector&quot;,&quot;selector&quot;:&quot;#btnNext&quot;}
  (Session info: chrome=88.0.4324.104)
For documentation on this error, please visit: http://seleniumhq.org/exceptions/no_such_element.html
Build info: version: '3.10.0', revision: '176b4a9', time: '2018-03-02T19:03:16.397Z'
System info: host: 'RACHNA', ip: '10.96.164.5', os.name: 'Windows 10', os.arch: 'amd64', os.version: '10.0', java.version: '11.0.8'
Driver info: org.openqa.selenium.chrome.ChromeDriver
Capabilities {acceptInsecureCerts: false, browserName: chrome, browserVersion: 88.0.4324.104, chrome: {chromedriverVersion: 88.0.4324.96 (68dba2d8a0b14..., userDataDir: C:\Users\RACHNA~1.ARO\AppDa...}, goog:chromeOptions: {debuggerAddress: localhost:56886}, javascriptEnabled: true, networkConnectionEnabled: false, pageLoadStrategy: normal, platform: WINDOWS, platformName: WINDOWS, proxy: Proxy(), setWindowRect: true, strictFileInteractability: false, timeouts: {implicit: 0, pageLoad: 300000, script: 30000}, unhandledPromptBehavior: dismiss and notify, webauthn:extension:largeBlob: true, webauthn:virtualAuthenticators: true}
Session ID: 94d3c17ca28a6a0ddd765622233e19e3
*** Element info: {Using=id, value=btnNext}
	at jdk.internal.reflect.GeneratedConstructorAccessor16.newInstance(Unknown Source)
	at java.base/jdk.internal.reflect.DelegatingConstructorAccessorImpl.newInstance(DelegatingConstructorAccessorImpl.java:45)
	at java.base/java.lang.reflect.Constructor.newInstance(Constructor.java:490)
	at org.openqa.selenium.remote.http.W3CHttpResponseCodec.createException(W3CHttpResponseCodec.java:187)
	at org.openqa.selenium.remote.http.W3CHttpResponseCodec.decode(W3CHttpResponseCodec.java:122)
	at org.openqa.selenium.remote.http.W3CHttpResponseCodec.decode(W3CHttpResponseCodec.java:49)
	at org.openqa.selenium.remote.HttpCommandExecutor.execute(HttpCommandExecutor.java:160)
	at org.openqa.selenium.remote.service.DriverCommandExecutor.execute(DriverCommandExecutor.java:83)
	at org.openqa.selenium.remote.RemoteWebDriver.execute(RemoteWebDriver.java:601)
	at org.openqa.selenium.remote.RemoteWebDriver.findElement(RemoteWebDriver.java:371)
	at org.openqa.selenium.remote.RemoteWebDriver.findElementById(RemoteWebDriver.java:417)
	at org.openqa.selenium.By$ById.findElement(By.java:218)
	at org.openqa.selenium.remote.RemoteWebDriver.findElement(RemoteWebDriver.java:363)
	at org.openqa.selenium.support.pagefactory.DefaultElementLocator.findElement(DefaultElementLocator.java:69)
	at org.openqa.selenium.support.pagefactory.internal.LocatingElementHandler.invoke(LocatingElementHandler.java:38)
	at com.sun.proxy.$Proxy12.isDisplayed(Unknown Source)
	at org.openqa.selenium.support.ui.ExpectedConditions.elementIfVisible(ExpectedConditions.java:315)
	at org.openqa.selenium.support.ui.ExpectedConditions.access$100(ExpectedConditions.java:44)
	at org.openqa.selenium.support.ui.ExpectedConditions$10.apply(ExpectedConditions.java:301)
	at org.openqa.selenium.support.ui.ExpectedConditions$10.apply(ExpectedConditions.java:298)
	at org.openqa.selenium.support.ui.ExpectedConditions$23.apply(ExpectedConditions.java:686)
	at org.openqa.selenium.support.ui.ExpectedConditions$23.apply(ExpectedConditions.java:682)
	at org.openqa.selenium.support.ui.FluentWait.until(FluentWait.java:249)
	... 16 more
</td>
</tr>
<!DOCTYPE HTML PUBLIC "-//W3C//DTD HTML 4.01 Transitional//EN" "http://www.w3.org/TR/html4/loose.dtd">
<html>
<head>
<title>Application log</title>
<style type="text/css">
<!--
body, table {font-family: arial,sans-serif; font-size: x-small;}
th {background: #336699; color: #FFFFFF; text-align: left;}
-->
</style>
</head>
<body bgcolor="#FFFFFF" topmargin="6" leftmargin="6">
<hr size="1" noshade>
Log session start time Thu Feb 04 16:42:24 IST 2021<br>
<br>
<table cellspacing="0" cellpadding="4" border="1" bordercolor="#224466" width="100%">
<tr>
<th>Time</th>
<th>Thread</th>
<th>Level</th>
<th>Category</th>
<th>File:Line</th>
<th>Message</th>
</tr>

<tr>
<td>0</td>
<td title="pool-1-thread-1 thread">pool-1-thread-1</td>
<td title="Level">INFO</td>
<td title="Test Suite category">Test Suite</td>
<td>ITestAnnotation.java:81</td>
<td title="Message">TEST CASE: TC009 | Priority: 5</td>
</tr>

<tr>
<td>21638</td>
<td title="pool-1-thread-1 thread">pool-1-thread-1</td>
<td title="Level">INFO</td>
<td title="Elephant-V2_D2_IN category">Elephant-V2_D2_IN</td>
<td>SharedTestCases_PostalCode.java:31</td>
<td title="Message">Beginning to Quote.</td>
</tr>

<tr>
<td>28243</td>
<td title="pool-1-thread-1 thread">pool-1-thread-1</td>
<td title="Level">INFO</td>
<td title="Elephant-V2_D2_IN category">Elephant-V2_D2_IN</td>
<td>SharedTestCases_PolicyHolder.java:22</td>
<td title="Message">Policy Holder page: Success!</td>
</tr>

<tr>
<td>28674</td>
<td title="pool-1-thread-1 thread">pool-1-thread-1</td>
<td title="Level"><font color="#993300"><strong>ERROR</strong></font></td>
<td title="Elephant-V2_D2_IN category">Elephant-V2_D2_IN</td>
<td>WebFunctions.java:489</td>
<td title="Message">NoSuchElement Exception</td>
</tr>

<tr>
<td>53848</td>
<td title="pool-1-thread-1 thread">pool-1-thread-1</td>
<td title="Level">INFO</td>
<td title="Elephant-V2_D2_IN category">Elephant-V2_D2_IN</td>
<td>SharedTestCases_Address.java:20</td>
<td title="Message">Address page: Success!</td>
</tr>

<tr>
<td>98093</td>
<td title="pool-1-thread-1 thread">pool-1-thread-1</td>
<td title="Level">INFO</td>
<td title="Elephant-V2_D2_IN category">Elephant-V2_D2_IN</td>
<td>SharedTestCases_VehicleDetails1of2.java:52</td>
<td title="Message">Vehicle Details 1of2 page: Success!</td>
</tr>

<tr>
<td>116771</td>
<td title="pool-1-thread-1 thread">pool-1-thread-1</td>
<td title="Level">INFO</td>
<td title="Elephant-V2_D2_IN category">Elephant-V2_D2_IN</td>
<td>SharedTestCases_VehicleDetails1of2.java:80</td>
<td title="Message">Vehicle Details 2of2 page: Success!</td>
</tr>

<tr>
<td>119868</td>
<td title="pool-1-thread-1 thread">pool-1-thread-1</td>
<td title="Level">INFO</td>
<td title="Elephant-V2_D2_IN category">Elephant-V2_D2_IN</td>
<td>SharedTestCases_VehicleDetails1of2.java:94</td>
<td title="Message">VehicleList page: Success!</td>
</tr>

<tr>
<td>162018</td>
<td title="pool-1-thread-1 thread">pool-1-thread-1</td>
<td title="Level">INFO</td>
<td title="Elephant-V2_D2_IN category">Elephant-V2_D2_IN</td>
<td>SharedTestCases_VehicleDetails1of2.java:52</td>
<td title="Message">Vehicle Details 1of2 page: Success!</td>
</tr>

<tr>
<td>180684</td>
<td title="pool-1-thread-1 thread">pool-1-thread-1</td>
<td title="Level">INFO</td>
<td title="Elephant-V2_D2_IN category">Elephant-V2_D2_IN</td>
<td>SharedTestCases_VehicleDetails1of2.java:80</td>
<td title="Message">Vehicle Details 2of2 page: Success!</td>
</tr>

<tr>
<td>183806</td>
<td title="pool-1-thread-1 thread">pool-1-thread-1</td>
<td title="Level">INFO</td>
<td title="Elephant-V2_D2_IN category">Elephant-V2_D2_IN</td>
<td>SharedTestCases_VehicleDetails1of2.java:90</td>
<td title="Message">VehicleList page: Success!</td>
</tr>

<tr>
<td>199355</td>
<td title="pool-1-thread-1 thread">pool-1-thread-1</td>
<td title="Level">INFO</td>
<td title="Elephant-V2_D2_IN category">Elephant-V2_D2_IN</td>
<td>SharedTestCases_PolicyHolderDetails1of2.java:22</td>
<td title="Message">Policy holder Details 1of2 page: Success!</td>
</tr>

<tr>
<td>214855</td>
<td title="pool-1-thread-1 thread">pool-1-thread-1</td>
<td title="Level">INFO</td>
<td title="Elephant-V2_D2_IN category">Elephant-V2_D2_IN</td>
<td>SharedTestCases_PolicyHolderDetails2of2.java:22</td>
<td title="Message">Policy Holder Details 2of2 page: Success!</td>
</tr>

<tr>
<td>217942</td>
<td title="pool-1-thread-1 thread">pool-1-thread-1</td>
<td title="Level">INFO</td>
<td title="Elephant-V2_D2_IN category">Elephant-V2_D2_IN</td>
<td>SharedTestCases_DriverInfo1of2.java:84</td>
<td title="Message">DriverList page: Success!</td>
</tr>

<tr>
<td>246234</td>
<td title="pool-1-thread-1 thread">pool-1-thread-1</td>
<td title="Level">INFO</td>
<td title="Elephant-V2_D2_IN category">Elephant-V2_D2_IN</td>
<td>SharedTestCases_DriverInfo1of2.java:118</td>
<td title="Message">Currently In School page: Success!</td>
</tr>

<tr>
<td>246235</td>
<td title="pool-1-thread-1 thread">pool-1-thread-1</td>
<td title="Level">INFO</td>
<td title="Elephant-V2_D2_IN category">Elephant-V2_D2_IN</td>
<td>SharedTestCases_DriverInfo1of2.java:49</td>
<td title="Message">Additional Driver 1of2 page: Success!</td>
</tr>

<tr>
<td>267984</td>
<td title="pool-1-thread-1 thread">pool-1-thread-1</td>
<td title="Level">INFO</td>
<td title="Elephant-V2_D2_IN category">Elephant-V2_D2_IN</td>
<td>SharedTestCases_DriverInfo1of2.java:73</td>
<td title="Message">Additional Driver 2of2 page: Success!</td>
</tr>

<tr>
<td>271077</td>
<td title="pool-1-thread-1 thread">pool-1-thread-1</td>
<td title="Level">INFO</td>
<td title="Elephant-V2_D2_IN category">Elephant-V2_D2_IN</td>
<td>SharedTestCases_DriverInfo1of2.java:81</td>
<td title="Message">DriverList page: Success!</td>
</tr>

<tr>
<td>304202</td>
<td title="pool-1-thread-1 thread">pool-1-thread-1</td>
<td title="Level">INFO</td>
<td title="Elephant-V2_D2_IN category">Elephant-V2_D2_IN</td>
<td>SharedTestCases_InsuranceHistory.java:29</td>
<td title="Message">Insurance History page: Success!</td>
</tr>

<tr>
<td>315883</td>
<td title="pool-1-thread-1 thread">pool-1-thread-1</td>
<td title="Level">INFO</td>
<td title="Elephant-V2_D2_IN category">Elephant-V2_D2_IN</td>
<td>SharedTestCases_PolicyStatrDate.java:25</td>
<td title="Message">Policy Start page: Success!</td>
</tr>

<tr>
<td>336033</td>
<td title="pool-1-thread-1 thread">pool-1-thread-1</td>
<td title="Level">INFO</td>
<td title="Elephant-V2_D2_IN category">Elephant-V2_D2_IN</td>
<td>SharedTestCases_Quote.java:25</td>
<td title="Message">Quote Page: Success!</td>
</tr>

<tr>
<td>340236</td>
<td title="pool-1-thread-1 thread">pool-1-thread-1</td>
<td title="Level"><font color="#993300"><strong>ERROR</strong></font></td>
<td title="Test Suite category">Test Suite</td>
<td>ITestAnnotation.java:36</td>
<td title="Message">TC009 is Failed ! 
 EXCEPTION:  ---&gt;  org.openqa.selenium.NoSuchElementException: no such element: Unable to locate element: {&quot;method&quot;:&quot;xpath&quot;,&quot;selector&quot;:&quot;(//input[@name='driverLicense'])[2]&quot;}
  (Session info: chrome=88.0.4324.104)
For documentation on this error, please visit: http://seleniumhq.org/exceptions/no_such_element.html
Build info: version: '3.10.0', revision: '176b4a9', time: '2018-03-02T19:03:16.397Z'
System info: host: 'RACHNA', ip: '10.96.164.5', os.name: 'Windows 10', os.arch: 'amd64', os.version: '10.0', java.version: '11.0.8'
Driver info: org.openqa.selenium.chrome.ChromeDriver
Capabilities {acceptInsecureCerts: false, browserName: chrome, browserVersion: 88.0.4324.104, chrome: {chromedriverVersion: 88.0.4324.96 (68dba2d8a0b14..., userDataDir: C:\Users\RACHNA~1.ARO\AppDa...}, goog:chromeOptions: {debuggerAddress: localhost:57912}, javascriptEnabled: true, networkConnectionEnabled: false, pageLoadStrategy: normal, platform: WINDOWS, platformName: WINDOWS, proxy: Proxy(), setWindowRect: true, strictFileInteractability: false, timeouts: {implicit: 0, pageLoad: 300000, script: 30000}, unhandledPromptBehavior: dismiss and notify, webauthn:extension:largeBlob: true, webauthn:virtualAuthenticators: true}
Session ID: e4bf4b6ab428530d12dcaeaaab43f837
*** Element info: {Using=xpath, value=(//input[@name='driverLicense'])[2]}
	at java.base/jdk.internal.reflect.NativeConstructorAccessorImpl.newInstance0(Native Method)
	at java.base/jdk.internal.reflect.NativeConstructorAccessorImpl.newInstance(NativeConstructorAccessorImpl.java:62)
	at java.base/jdk.internal.reflect.DelegatingConstructorAccessorImpl.newInstance(DelegatingConstructorAccessorImpl.java:45)
	at java.base/java.lang.reflect.Constructor.newInstance(Constructor.java:490)
	at org.openqa.selenium.remote.http.W3CHttpResponseCodec.createException(W3CHttpResponseCodec.java:187)
	at org.openqa.selenium.remote.http.W3CHttpResponseCodec.decode(W3CHttpResponseCodec.java:122)
	at org.openqa.selenium.remote.http.W3CHttpResponseCodec.decode(W3CHttpResponseCodec.java:49)
	at org.openqa.selenium.remote.HttpCommandExecutor.execute(HttpCommandExecutor.java:160)
	at org.openqa.selenium.remote.service.DriverCommandExecutor.execute(DriverCommandExecutor.java:83)
	at org.openqa.selenium.remote.RemoteWebDriver.execute(RemoteWebDriver.java:601)
	at org.openqa.selenium.remote.RemoteWebDriver.findElement(RemoteWebDriver.java:371)
	at org.openqa.selenium.remote.RemoteWebDriver.findElementByXPath(RemoteWebDriver.java:473)
	at org.openqa.selenium.By$ByXPath.findElement(By.java:361)
	at org.openqa.selenium.remote.RemoteWebDriver.findElement(RemoteWebDriver.java:363)
	at resources.WebFunctions.type(WebFunctions.java:87)
	at SharedTC.SharedTestCases_ConfirmDriver.confirmDriver(SharedTestCases_ConfirmDriver.java:22)
	at testElephant.TC_Elephant.TC009(TC_Elephant.java:348)
	at java.base/jdk.internal.reflect.NativeMethodAccessorImpl.invoke0(Native Method)
	at java.base/jdk.internal.reflect.NativeMethodAccessorImpl.invoke(NativeMethodAccessorImpl.java:62)
	at java.base/jdk.internal.reflect.DelegatingMethodAccessorImpl.invoke(DelegatingMethodAccessorImpl.java:43)
	at java.base/java.lang.reflect.Method.invoke(Method.java:566)
	at org.testng.internal.MethodInvocationHelper.invokeMethod(MethodInvocationHelper.java:85)
	at org.testng.internal.Invoker.invokeMethod(Invoker.java:639)
	at org.testng.internal.Invoker.invokeTestMethod(Invoker.java:816)
	at org.testng.internal.Invoker.invokeTestMethods(Invoker.java:1124)
	at org.testng.internal.TestMethodWorker.invokeTestMethods(TestMethodWorker.java:125)
	at org.testng.internal.TestMethodWorker.run(TestMethodWorker.java:108)
	at java.base/java.util.concurrent.ThreadPoolExecutor.runWorker(ThreadPoolExecutor.java:1128)
	at java.base/java.util.concurrent.ThreadPoolExecutor$Worker.run(ThreadPoolExecutor.java:628)
	at java.base/java.lang.Thread.run(Thread.java:834)
</td>
</tr>
<!DOCTYPE HTML PUBLIC "-//W3C//DTD HTML 4.01 Transitional//EN" "http://www.w3.org/TR/html4/loose.dtd">
<html>
<head>
<title>Application log</title>
<style type="text/css">
<!--
body, table {font-family: arial,sans-serif; font-size: x-small;}
th {background: #336699; color: #FFFFFF; text-align: left;}
-->
</style>
</head>
<body bgcolor="#FFFFFF" topmargin="6" leftmargin="6">
<hr size="1" noshade>
Log session start time Thu Feb 04 16:50:01 IST 2021<br>
<br>
<table cellspacing="0" cellpadding="4" border="1" bordercolor="#224466" width="100%">
<tr>
<th>Time</th>
<th>Thread</th>
<th>Level</th>
<th>Category</th>
<th>File:Line</th>
<th>Message</th>
</tr>

<tr>
<td>0</td>
<td title="pool-1-thread-1 thread">pool-1-thread-1</td>
<td title="Level">INFO</td>
<td title="Test Suite category">Test Suite</td>
<td>ITestAnnotation.java:81</td>
<td title="Message">TEST CASE: TC009 | Priority: 5</td>
</tr>

<tr>
<td>15477</td>
<td title="pool-1-thread-1 thread">pool-1-thread-1</td>
<td title="Level">INFO</td>
<td title="Elephant-V2_D2_IN category">Elephant-V2_D2_IN</td>
<td>SharedTestCases_PostalCode.java:31</td>
<td title="Message">Beginning to Quote.</td>
</tr>

<tr>
<td>22124</td>
<td title="pool-1-thread-1 thread">pool-1-thread-1</td>
<td title="Level">INFO</td>
<td title="Elephant-V2_D2_IN category">Elephant-V2_D2_IN</td>
<td>SharedTestCases_PolicyHolder.java:22</td>
<td title="Message">Policy Holder page: Success!</td>
</tr>

<tr>
<td>22491</td>
<td title="pool-1-thread-1 thread">pool-1-thread-1</td>
<td title="Level"><font color="#993300"><strong>ERROR</strong></font></td>
<td title="Elephant-V2_D2_IN category">Elephant-V2_D2_IN</td>
<td>WebFunctions.java:489</td>
<td title="Message">NoSuchElement Exception</td>
</tr>

<tr>
<td>47654</td>
<td title="pool-1-thread-1 thread">pool-1-thread-1</td>
<td title="Level">INFO</td>
<td title="Elephant-V2_D2_IN category">Elephant-V2_D2_IN</td>
<td>SharedTestCases_Address.java:20</td>
<td title="Message">Address page: Success!</td>
</tr>

<tr>
<td>91925</td>
<td title="pool-1-thread-1 thread">pool-1-thread-1</td>
<td title="Level">INFO</td>
<td title="Elephant-V2_D2_IN category">Elephant-V2_D2_IN</td>
<td>SharedTestCases_VehicleDetails1of2.java:52</td>
<td title="Message">Vehicle Details 1of2 page: Success!</td>
</tr>

<tr>
<td>110567</td>
<td title="pool-1-thread-1 thread">pool-1-thread-1</td>
<td title="Level">INFO</td>
<td title="Elephant-V2_D2_IN category">Elephant-V2_D2_IN</td>
<td>SharedTestCases_VehicleDetails1of2.java:80</td>
<td title="Message">Vehicle Details 2of2 page: Success!</td>
</tr>

<tr>
<td>113770</td>
<td title="pool-1-thread-1 thread">pool-1-thread-1</td>
<td title="Level">INFO</td>
<td title="Elephant-V2_D2_IN category">Elephant-V2_D2_IN</td>
<td>SharedTestCases_VehicleDetails1of2.java:94</td>
<td title="Message">VehicleList page: Success!</td>
</tr>

<tr>
<td>155403</td>
<td title="pool-1-thread-1 thread">pool-1-thread-1</td>
<td title="Level">INFO</td>
<td title="Elephant-V2_D2_IN category">Elephant-V2_D2_IN</td>
<td>SharedTestCases_VehicleDetails1of2.java:52</td>
<td title="Message">Vehicle Details 1of2 page: Success!</td>
</tr>

<tr>
<td>174099</td>
<td title="pool-1-thread-1 thread">pool-1-thread-1</td>
<td title="Level">INFO</td>
<td title="Elephant-V2_D2_IN category">Elephant-V2_D2_IN</td>
<td>SharedTestCases_VehicleDetails1of2.java:80</td>
<td title="Message">Vehicle Details 2of2 page: Success!</td>
</tr>

<tr>
<td>177180</td>
<td title="pool-1-thread-1 thread">pool-1-thread-1</td>
<td title="Level">INFO</td>
<td title="Elephant-V2_D2_IN category">Elephant-V2_D2_IN</td>
<td>SharedTestCases_VehicleDetails1of2.java:90</td>
<td title="Message">VehicleList page: Success!</td>
</tr>

<tr>
<td>192637</td>
<td title="pool-1-thread-1 thread">pool-1-thread-1</td>
<td title="Level">INFO</td>
<td title="Elephant-V2_D2_IN category">Elephant-V2_D2_IN</td>
<td>SharedTestCases_PolicyHolderDetails1of2.java:22</td>
<td title="Message">Policy holder Details 1of2 page: Success!</td>
</tr>

<tr>
<td>208182</td>
<td title="pool-1-thread-1 thread">pool-1-thread-1</td>
<td title="Level">INFO</td>
<td title="Elephant-V2_D2_IN category">Elephant-V2_D2_IN</td>
<td>SharedTestCases_PolicyHolderDetails2of2.java:22</td>
<td title="Message">Policy Holder Details 2of2 page: Success!</td>
</tr>

<tr>
<td>211296</td>
<td title="pool-1-thread-1 thread">pool-1-thread-1</td>
<td title="Level">INFO</td>
<td title="Elephant-V2_D2_IN category">Elephant-V2_D2_IN</td>
<td>SharedTestCases_DriverInfo1of2.java:84</td>
<td title="Message">DriverList page: Success!</td>
</tr>

<tr>
<td>239623</td>
<td title="pool-1-thread-1 thread">pool-1-thread-1</td>
<td title="Level">INFO</td>
<td title="Elephant-V2_D2_IN category">Elephant-V2_D2_IN</td>
<td>SharedTestCases_DriverInfo1of2.java:118</td>
<td title="Message">Currently In School page: Success!</td>
</tr>

<tr>
<td>239624</td>
<td title="pool-1-thread-1 thread">pool-1-thread-1</td>
<td title="Level">INFO</td>
<td title="Elephant-V2_D2_IN category">Elephant-V2_D2_IN</td>
<td>SharedTestCases_DriverInfo1of2.java:49</td>
<td title="Message">Additional Driver 1of2 page: Success!</td>
</tr>

<tr>
<td>255109</td>
<td title="pool-1-thread-1 thread">pool-1-thread-1</td>
<td title="Level">INFO</td>
<td title="Elephant-V2_D2_IN category">Elephant-V2_D2_IN</td>
<td>SharedTestCases_DriverInfo1of2.java:73</td>
<td title="Message">Additional Driver 2of2 page: Success!</td>
</tr>

<tr>
<td>258229</td>
<td title="pool-1-thread-1 thread">pool-1-thread-1</td>
<td title="Level">INFO</td>
<td title="Elephant-V2_D2_IN category">Elephant-V2_D2_IN</td>
<td>SharedTestCases_DriverInfo1of2.java:81</td>
<td title="Message">DriverList page: Success!</td>
</tr>

<tr>
<td>291417</td>
<td title="pool-1-thread-1 thread">pool-1-thread-1</td>
<td title="Level">INFO</td>
<td title="Elephant-V2_D2_IN category">Elephant-V2_D2_IN</td>
<td>SharedTestCases_InsuranceHistory.java:29</td>
<td title="Message">Insurance History page: Success!</td>
</tr>

<tr>
<td>294505</td>
<td title="pool-1-thread-1 thread">pool-1-thread-1</td>
<td title="Level">INFO</td>
<td title="Elephant-V2_D2_IN category">Elephant-V2_D2_IN</td>
<td>SharedTestCases_Assignment.java:22</td>
<td title="Message">Assignment page: Success!</td>
</tr>

<tr>
<td>306253</td>
<td title="pool-1-thread-1 thread">pool-1-thread-1</td>
<td title="Level">INFO</td>
<td title="Elephant-V2_D2_IN category">Elephant-V2_D2_IN</td>
<td>SharedTestCases_PolicyStatrDate.java:25</td>
<td title="Message">Policy Start page: Success!</td>
</tr>

<tr>
<td>326400</td>
<td title="pool-1-thread-1 thread">pool-1-thread-1</td>
<td title="Level">INFO</td>
<td title="Elephant-V2_D2_IN category">Elephant-V2_D2_IN</td>
<td>SharedTestCases_Quote.java:25</td>
<td title="Message">Quote Page: Success!</td>
</tr>

<tr>
<td>333823</td>
<td title="pool-1-thread-1 thread">pool-1-thread-1</td>
<td title="Level">INFO</td>
<td title="Elephant-V2_D2_IN category">Elephant-V2_D2_IN</td>
<td>SharedTestCases_ConfirmDriver.java:27</td>
<td title="Message">Confirm Driver page: Success!</td>
</tr>

<tr>
<td>355286</td>
<td title="pool-1-thread-1 thread">pool-1-thread-1</td>
<td title="Level">INFO</td>
<td title="Elephant-V2_D2_IN category">Elephant-V2_D2_IN</td>
<td>SharedTestCases_ConfirmVehicle.java:26</td>
<td title="Message">ConfirmVehicle page: Success!</td>
</tr>

<tr>
<td>369453</td>
<td title="pool-1-thread-1 thread">pool-1-thread-1</td>
<td title="Level"><font color="#993300"><strong>ERROR</strong></font></td>
<td title="Test Suite category">Test Suite</td>
<td>ITestAnnotation.java:36</td>
<td title="Message">TC009 is Failed ! 
 EXCEPTION:  ---&gt;  org.openqa.selenium.NoSuchElementException: no such element: Unable to locate element: {&quot;method&quot;:&quot;xpath&quot;,&quot;selector&quot;:&quot;//*[@class='payment-options']/div/label/div/p[contains(text(),'Monthly')]&quot;}
  (Session info: chrome=88.0.4324.104)
For documentation on this error, please visit: http://seleniumhq.org/exceptions/no_such_element.html
Build info: version: '3.10.0', revision: '176b4a9', time: '2018-03-02T19:03:16.397Z'
System info: host: 'RACHNA', ip: '10.96.164.5', os.name: 'Windows 10', os.arch: 'amd64', os.version: '10.0', java.version: '11.0.8'
Driver info: org.openqa.selenium.chrome.ChromeDriver
Capabilities {acceptInsecureCerts: false, browserName: chrome, browserVersion: 88.0.4324.104, chrome: {chromedriverVersion: 88.0.4324.96 (68dba2d8a0b14..., userDataDir: C:\Users\RACHNA~1.ARO\AppDa...}, goog:chromeOptions: {debuggerAddress: localhost:58190}, javascriptEnabled: true, networkConnectionEnabled: false, pageLoadStrategy: normal, platform: WINDOWS, platformName: WINDOWS, proxy: Proxy(), setWindowRect: true, strictFileInteractability: false, timeouts: {implicit: 0, pageLoad: 300000, script: 30000}, unhandledPromptBehavior: dismiss and notify, webauthn:extension:largeBlob: true, webauthn:virtualAuthenticators: true}
Session ID: cdbfc4ed42acce0285ad3536795641e2
*** Element info: {Using=xpath, value=//*[@class='payment-options']/div/label/div/p[contains(text(),'Monthly')]}
	at java.base/jdk.internal.reflect.NativeConstructorAccessorImpl.newInstance0(Native Method)
	at java.base/jdk.internal.reflect.NativeConstructorAccessorImpl.newInstance(NativeConstructorAccessorImpl.java:62)
	at java.base/jdk.internal.reflect.DelegatingConstructorAccessorImpl.newInstance(DelegatingConstructorAccessorImpl.java:45)
	at java.base/java.lang.reflect.Constructor.newInstance(Constructor.java:490)
	at org.openqa.selenium.remote.http.W3CHttpResponseCodec.createException(W3CHttpResponseCodec.java:187)
	at org.openqa.selenium.remote.http.W3CHttpResponseCodec.decode(W3CHttpResponseCodec.java:122)
	at org.openqa.selenium.remote.http.W3CHttpResponseCodec.decode(W3CHttpResponseCodec.java:49)
	at org.openqa.selenium.remote.HttpCommandExecutor.execute(HttpCommandExecutor.java:160)
	at org.openqa.selenium.remote.service.DriverCommandExecutor.execute(DriverCommandExecutor.java:83)
	at org.openqa.selenium.remote.RemoteWebDriver.execute(RemoteWebDriver.java:601)
	at org.openqa.selenium.remote.RemoteWebDriver.findElement(RemoteWebDriver.java:371)
	at org.openqa.selenium.remote.RemoteWebDriver.findElementByXPath(RemoteWebDriver.java:473)
	at org.openqa.selenium.By$ByXPath.findElement(By.java:361)
	at org.openqa.selenium.remote.RemoteWebDriver.findElement(RemoteWebDriver.java:363)
	at resources.WebFunctions.click(WebFunctions.java:164)
	at SharedTC.SharedTestCases_Billing.billing_Elephant(SharedTestCases_Billing.java:41)
	at testElephant.TC_Elephant.TC009(TC_Elephant.java:350)
	at java.base/jdk.internal.reflect.NativeMethodAccessorImpl.invoke0(Native Method)
	at java.base/jdk.internal.reflect.NativeMethodAccessorImpl.invoke(NativeMethodAccessorImpl.java:62)
	at java.base/jdk.internal.reflect.DelegatingMethodAccessorImpl.invoke(DelegatingMethodAccessorImpl.java:43)
	at java.base/java.lang.reflect.Method.invoke(Method.java:566)
	at org.testng.internal.MethodInvocationHelper.invokeMethod(MethodInvocationHelper.java:85)
	at org.testng.internal.Invoker.invokeMethod(Invoker.java:639)
	at org.testng.internal.Invoker.invokeTestMethod(Invoker.java:816)
	at org.testng.internal.Invoker.invokeTestMethods(Invoker.java:1124)
	at org.testng.internal.TestMethodWorker.invokeTestMethods(TestMethodWorker.java:125)
	at org.testng.internal.TestMethodWorker.run(TestMethodWorker.java:108)
	at java.base/java.util.concurrent.ThreadPoolExecutor.runWorker(ThreadPoolExecutor.java:1128)
	at java.base/java.util.concurrent.ThreadPoolExecutor$Worker.run(ThreadPoolExecutor.java:628)
	at java.base/java.lang.Thread.run(Thread.java:834)
</td>
</tr>
<!DOCTYPE HTML PUBLIC "-//W3C//DTD HTML 4.01 Transitional//EN" "http://www.w3.org/TR/html4/loose.dtd">
<html>
<head>
<title>Application log</title>
<style type="text/css">
<!--
body, table {font-family: arial,sans-serif; font-size: x-small;}
th {background: #336699; color: #FFFFFF; text-align: left;}
-->
</style>
</head>
<body bgcolor="#FFFFFF" topmargin="6" leftmargin="6">
<hr size="1" noshade>
Log session start time Thu Feb 04 17:44:14 IST 2021<br>
<br>
<table cellspacing="0" cellpadding="4" border="1" bordercolor="#224466" width="100%">
<tr>
<th>Time</th>
<th>Thread</th>
<th>Level</th>
<th>Category</th>
<th>File:Line</th>
<th>Message</th>
</tr>

<tr>
<td>0</td>
<td title="pool-1-thread-1 thread">pool-1-thread-1</td>
<td title="Level">INFO</td>
<td title="Test Suite category">Test Suite</td>
<td>ITestAnnotation.java:81</td>
<td title="Message">TEST CASE: TC009 | Priority: 5</td>
</tr>

<tr>
<td>21712</td>
<td title="pool-1-thread-1 thread">pool-1-thread-1</td>
<td title="Level">INFO</td>
<td title="Elephant-V2_D2_IN category">Elephant-V2_D2_IN</td>
<td>SharedTestCases_PostalCode.java:31</td>
<td title="Message">Beginning to Quote.</td>
</tr>

<tr>
<td>61985</td>
<td title="pool-1-thread-1 thread">pool-1-thread-1</td>
<td title="Level"><font color="#993300"><strong>ERROR</strong></font></td>
<td title="Elephant-V2_D2_IN category">Elephant-V2_D2_IN</td>
<td>WebFunctions.java:65</td>
<td title="Message">WebDriver Exception</td>
</tr>

<tr>
<td>104291</td>
<td title="pool-1-thread-1 thread">pool-1-thread-1</td>
<td title="Level"><font color="#993300"><strong>ERROR</strong></font></td>
<td title="Elephant-V2_D2_IN category">Elephant-V2_D2_IN</td>
<td>WebFunctions.java:65</td>
<td title="Message">WebDriver Exception</td>
</tr>

<tr>
<td>146503</td>
<td title="pool-1-thread-1 thread">pool-1-thread-1</td>
<td title="Level"><font color="#993300"><strong>ERROR</strong></font></td>
<td title="Elephant-V2_D2_IN category">Elephant-V2_D2_IN</td>
<td>WebFunctions.java:65</td>
<td title="Message">WebDriver Exception</td>
</tr>

<tr>
<td>193379</td>
<td title="pool-1-thread-1 thread">pool-1-thread-1</td>
<td title="Level"><font color="#993300"><strong>ERROR</strong></font></td>
<td title="Test Suite category">Test Suite</td>
<td>ITestAnnotation.java:36</td>
<td title="Message">TC009 is Failed ! 
 EXCEPTION:  ---&gt;  org.openqa.selenium.TimeoutException: Expected condition failed: waiting for element to be clickable: Proxy element for: DefaultElementLocator 'By.id: customerFname' (tried for 40 second(s) with 500 milliseconds interval)
	at org.openqa.selenium.support.ui.WebDriverWait.timeoutException(WebDriverWait.java:82)
	at org.openqa.selenium.support.ui.FluentWait.until(FluentWait.java:272)
	at resources.WebFunctions.type(WebFunctions.java:35)
	at SharedTC.SharedTestCases_PolicyHolder.policyholder(SharedTestCases_PolicyHolder.java:18)
	at testElephant.TC_Elephant.TC009(TC_Elephant.java:337)
	at java.base/jdk.internal.reflect.NativeMethodAccessorImpl.invoke0(Native Method)
	at java.base/jdk.internal.reflect.NativeMethodAccessorImpl.invoke(NativeMethodAccessorImpl.java:62)
	at java.base/jdk.internal.reflect.DelegatingMethodAccessorImpl.invoke(DelegatingMethodAccessorImpl.java:43)
	at java.base/java.lang.reflect.Method.invoke(Method.java:566)
	at org.testng.internal.MethodInvocationHelper.invokeMethod(MethodInvocationHelper.java:85)
	at org.testng.internal.Invoker.invokeMethod(Invoker.java:639)
	at org.testng.internal.Invoker.invokeTestMethod(Invoker.java:816)
	at org.testng.internal.Invoker.invokeTestMethods(Invoker.java:1124)
	at org.testng.internal.TestMethodWorker.invokeTestMethods(TestMethodWorker.java:125)
	at org.testng.internal.TestMethodWorker.run(TestMethodWorker.java:108)
	at java.base/java.util.concurrent.ThreadPoolExecutor.runWorker(ThreadPoolExecutor.java:1128)
	at java.base/java.util.concurrent.ThreadPoolExecutor$Worker.run(ThreadPoolExecutor.java:628)
	at java.base/java.lang.Thread.run(Thread.java:834)
Caused by: org.openqa.selenium.NoSuchElementException: no such element: Unable to locate element: {&quot;method&quot;:&quot;css selector&quot;,&quot;selector&quot;:&quot;#customerFname&quot;}
  (Session info: chrome=88.0.4324.104)
For documentation on this error, please visit: http://seleniumhq.org/exceptions/no_such_element.html
Build info: version: '3.10.0', revision: '176b4a9', time: '2018-03-02T19:03:16.397Z'
System info: host: 'RACHNA', ip: '192.168.1.111', os.name: 'Windows 10', os.arch: 'amd64', os.version: '10.0', java.version: '11.0.8'
Driver info: org.openqa.selenium.chrome.ChromeDriver
Capabilities {acceptInsecureCerts: false, browserName: chrome, browserVersion: 88.0.4324.104, chrome: {chromedriverVersion: 88.0.4324.96 (68dba2d8a0b14..., userDataDir: C:\Users\RACHNA~1.ARO\AppDa...}, goog:chromeOptions: {debuggerAddress: localhost:59993}, javascriptEnabled: true, networkConnectionEnabled: false, pageLoadStrategy: normal, platform: WINDOWS, platformName: WINDOWS, proxy: Proxy(), setWindowRect: true, strictFileInteractability: false, timeouts: {implicit: 0, pageLoad: 300000, script: 30000}, unhandledPromptBehavior: dismiss and notify, webauthn:extension:largeBlob: true, webauthn:virtualAuthenticators: true}
Session ID: 163d29e7765e4241b4d7cf59a4806207
*** Element info: {Using=id, value=customerFname}
	at jdk.internal.reflect.GeneratedConstructorAccessor13.newInstance(Unknown Source)
	at java.base/jdk.internal.reflect.DelegatingConstructorAccessorImpl.newInstance(DelegatingConstructorAccessorImpl.java:45)
	at java.base/java.lang.reflect.Constructor.newInstance(Constructor.java:490)
	at org.openqa.selenium.remote.http.W3CHttpResponseCodec.createException(W3CHttpResponseCodec.java:187)
	at org.openqa.selenium.remote.http.W3CHttpResponseCodec.decode(W3CHttpResponseCodec.java:122)
	at org.openqa.selenium.remote.http.W3CHttpResponseCodec.decode(W3CHttpResponseCodec.java:49)
	at org.openqa.selenium.remote.HttpCommandExecutor.execute(HttpCommandExecutor.java:160)
	at org.openqa.selenium.remote.service.DriverCommandExecutor.execute(DriverCommandExecutor.java:83)
	at org.openqa.selenium.remote.RemoteWebDriver.execute(RemoteWebDriver.java:601)
	at org.openqa.selenium.remote.RemoteWebDriver.findElement(RemoteWebDriver.java:371)
	at org.openqa.selenium.remote.RemoteWebDriver.findElementById(RemoteWebDriver.java:417)
	at org.openqa.selenium.By$ById.findElement(By.java:218)
	at org.openqa.selenium.remote.RemoteWebDriver.findElement(RemoteWebDriver.java:363)
	at org.openqa.selenium.support.pagefactory.DefaultElementLocator.findElement(DefaultElementLocator.java:69)
	at org.openqa.selenium.support.pagefactory.internal.LocatingElementHandler.invoke(LocatingElementHandler.java:38)
	at com.sun.proxy.$Proxy12.isDisplayed(Unknown Source)
	at org.openqa.selenium.support.ui.ExpectedConditions.elementIfVisible(ExpectedConditions.java:315)
	at org.openqa.selenium.support.ui.ExpectedConditions.access$100(ExpectedConditions.java:44)
	at org.openqa.selenium.support.ui.ExpectedConditions$10.apply(ExpectedConditions.java:301)
	at org.openqa.selenium.support.ui.ExpectedConditions$10.apply(ExpectedConditions.java:298)
	at org.openqa.selenium.support.ui.ExpectedConditions$23.apply(ExpectedConditions.java:686)
	at org.openqa.selenium.support.ui.ExpectedConditions$23.apply(ExpectedConditions.java:682)
	at org.openqa.selenium.support.ui.FluentWait.until(FluentWait.java:249)
	... 16 more
</td>
</tr>
<!DOCTYPE HTML PUBLIC "-//W3C//DTD HTML 4.01 Transitional//EN" "http://www.w3.org/TR/html4/loose.dtd">
<html>
<head>
<title>Application log</title>
<style type="text/css">
<!--
body, table {font-family: arial,sans-serif; font-size: x-small;}
th {background: #336699; color: #FFFFFF; text-align: left;}
-->
</style>
</head>
<body bgcolor="#FFFFFF" topmargin="6" leftmargin="6">
<hr size="1" noshade>
Log session start time Thu Feb 04 17:53:02 IST 2021<br>
<br>
<table cellspacing="0" cellpadding="4" border="1" bordercolor="#224466" width="100%">
<tr>
<th>Time</th>
<th>Thread</th>
<th>Level</th>
<th>Category</th>
<th>File:Line</th>
<th>Message</th>
</tr>

<tr>
<td>0</td>
<td title="pool-1-thread-1 thread">pool-1-thread-1</td>
<td title="Level">INFO</td>
<td title="Test Suite category">Test Suite</td>
<td>ITestAnnotation.java:81</td>
<td title="Message">TEST CASE: TC009 | Priority: 5</td>
</tr>

<tr>
<td>17599</td>
<td title="pool-1-thread-1 thread">pool-1-thread-1</td>
<td title="Level">INFO</td>
<td title="Elephant-V2_D2_IN category">Elephant-V2_D2_IN</td>
<td>SharedTestCases_PostalCode.java:31</td>
<td title="Message">Beginning to Quote.</td>
</tr>

<tr>
<td>24251</td>
<td title="pool-1-thread-1 thread">pool-1-thread-1</td>
<td title="Level">INFO</td>
<td title="Elephant-V2_D2_IN category">Elephant-V2_D2_IN</td>
<td>SharedTestCases_PolicyHolder.java:22</td>
<td title="Message">Policy Holder page: Success!</td>
</tr>

<tr>
<td>24633</td>
<td title="pool-1-thread-1 thread">pool-1-thread-1</td>
<td title="Level"><font color="#993300"><strong>ERROR</strong></font></td>
<td title="Elephant-V2_D2_IN category">Elephant-V2_D2_IN</td>
<td>WebFunctions.java:489</td>
<td title="Message">NoSuchElement Exception</td>
</tr>

<tr>
<td>49373</td>
<td title="pool-1-thread-1 thread">pool-1-thread-1</td>
<td title="Level">INFO</td>
<td title="Elephant-V2_D2_IN category">Elephant-V2_D2_IN</td>
<td>SharedTestCases_Address.java:20</td>
<td title="Message">Address page: Success!</td>
</tr>

<tr>
<td>93438</td>
<td title="pool-1-thread-1 thread">pool-1-thread-1</td>
<td title="Level">INFO</td>
<td title="Elephant-V2_D2_IN category">Elephant-V2_D2_IN</td>
<td>SharedTestCases_VehicleDetails1of2.java:52</td>
<td title="Message">Vehicle Details 1of2 page: Success!</td>
</tr>

<tr>
<td>112164</td>
<td title="pool-1-thread-1 thread">pool-1-thread-1</td>
<td title="Level">INFO</td>
<td title="Elephant-V2_D2_IN category">Elephant-V2_D2_IN</td>
<td>SharedTestCases_VehicleDetails1of2.java:80</td>
<td title="Message">Vehicle Details 2of2 page: Success!</td>
</tr>

<tr>
<td>115348</td>
<td title="pool-1-thread-1 thread">pool-1-thread-1</td>
<td title="Level">INFO</td>
<td title="Elephant-V2_D2_IN category">Elephant-V2_D2_IN</td>
<td>SharedTestCases_VehicleDetails1of2.java:94</td>
<td title="Message">VehicleList page: Success!</td>
</tr>

<tr>
<td>156992</td>
<td title="pool-1-thread-1 thread">pool-1-thread-1</td>
<td title="Level">INFO</td>
<td title="Elephant-V2_D2_IN category">Elephant-V2_D2_IN</td>
<td>SharedTestCases_VehicleDetails1of2.java:52</td>
<td title="Message">Vehicle Details 1of2 page: Success!</td>
</tr>

<tr>
<td>175675</td>
<td title="pool-1-thread-1 thread">pool-1-thread-1</td>
<td title="Level">INFO</td>
<td title="Elephant-V2_D2_IN category">Elephant-V2_D2_IN</td>
<td>SharedTestCases_VehicleDetails1of2.java:80</td>
<td title="Message">Vehicle Details 2of2 page: Success!</td>
</tr>

<tr>
<td>178761</td>
<td title="pool-1-thread-1 thread">pool-1-thread-1</td>
<td title="Level">INFO</td>
<td title="Elephant-V2_D2_IN category">Elephant-V2_D2_IN</td>
<td>SharedTestCases_VehicleDetails1of2.java:90</td>
<td title="Message">VehicleList page: Success!</td>
</tr>

<tr>
<td>194250</td>
<td title="pool-1-thread-1 thread">pool-1-thread-1</td>
<td title="Level">INFO</td>
<td title="Elephant-V2_D2_IN category">Elephant-V2_D2_IN</td>
<td>SharedTestCases_PolicyHolderDetails1of2.java:22</td>
<td title="Message">Policy holder Details 1of2 page: Success!</td>
</tr>

<tr>
<td>209718</td>
<td title="pool-1-thread-1 thread">pool-1-thread-1</td>
<td title="Level">INFO</td>
<td title="Elephant-V2_D2_IN category">Elephant-V2_D2_IN</td>
<td>SharedTestCases_PolicyHolderDetails2of2.java:22</td>
<td title="Message">Policy Holder Details 2of2 page: Success!</td>
</tr>

<tr>
<td>212814</td>
<td title="pool-1-thread-1 thread">pool-1-thread-1</td>
<td title="Level">INFO</td>
<td title="Elephant-V2_D2_IN category">Elephant-V2_D2_IN</td>
<td>SharedTestCases_DriverInfo1of2.java:77</td>
<td title="Message">DriverList page: Success!</td>
</tr>

<tr>
<td>241223</td>
<td title="pool-1-thread-1 thread">pool-1-thread-1</td>
<td title="Level">INFO</td>
<td title="Elephant-V2_D2_IN category">Elephant-V2_D2_IN</td>
<td>SharedTestCases_DriverInfo1of2.java:111</td>
<td title="Message">Currently In School page: Success!</td>
</tr>

<tr>
<td>241224</td>
<td title="pool-1-thread-1 thread">pool-1-thread-1</td>
<td title="Level">INFO</td>
<td title="Elephant-V2_D2_IN category">Elephant-V2_D2_IN</td>
<td>SharedTestCases_DriverInfo1of2.java:49</td>
<td title="Message">Additional Driver 1of2 page: Success!</td>
</tr>

<tr>
<td>256740</td>
<td title="pool-1-thread-1 thread">pool-1-thread-1</td>
<td title="Level">INFO</td>
<td title="Elephant-V2_D2_IN category">Elephant-V2_D2_IN</td>
<td>SharedTestCases_DriverInfo1of2.java:66</td>
<td title="Message">Additional Driver 2of2 page: Success!</td>
</tr>

<tr>
<td>259835</td>
<td title="pool-1-thread-1 thread">pool-1-thread-1</td>
<td title="Level">INFO</td>
<td title="Elephant-V2_D2_IN category">Elephant-V2_D2_IN</td>
<td>SharedTestCases_DriverInfo1of2.java:74</td>
<td title="Message">DriverList page: Success!</td>
</tr>

<tr>
<td>293005</td>
<td title="pool-1-thread-1 thread">pool-1-thread-1</td>
<td title="Level">INFO</td>
<td title="Elephant-V2_D2_IN category">Elephant-V2_D2_IN</td>
<td>SharedTestCases_InsuranceHistory.java:29</td>
<td title="Message">Insurance History page: Success!</td>
</tr>

<tr>
<td>296158</td>
<td title="pool-1-thread-1 thread">pool-1-thread-1</td>
<td title="Level">INFO</td>
<td title="Elephant-V2_D2_IN category">Elephant-V2_D2_IN</td>
<td>SharedTestCases_Assignment.java:22</td>
<td title="Message">Assignment page: Success!</td>
</tr>

<tr>
<td>307899</td>
<td title="pool-1-thread-1 thread">pool-1-thread-1</td>
<td title="Level">INFO</td>
<td title="Elephant-V2_D2_IN category">Elephant-V2_D2_IN</td>
<td>SharedTestCases_PolicyStatrDate.java:25</td>
<td title="Message">Policy Start page: Success!</td>
</tr>

<tr>
<td>328047</td>
<td title="pool-1-thread-1 thread">pool-1-thread-1</td>
<td title="Level">INFO</td>
<td title="Elephant-V2_D2_IN category">Elephant-V2_D2_IN</td>
<td>SharedTestCases_Quote.java:25</td>
<td title="Message">Quote Page: Success!</td>
</tr>

<tr>
<td>335500</td>
<td title="pool-1-thread-1 thread">pool-1-thread-1</td>
<td title="Level">INFO</td>
<td title="Elephant-V2_D2_IN category">Elephant-V2_D2_IN</td>
<td>SharedTestCases_ConfirmDriver.java:27</td>
<td title="Message">Confirm Driver page: Success!</td>
</tr>

<tr>
<td>357072</td>
<td title="pool-1-thread-1 thread">pool-1-thread-1</td>
<td title="Level">INFO</td>
<td title="Elephant-V2_D2_IN category">Elephant-V2_D2_IN</td>
<td>SharedTestCases_ConfirmVehicle.java:26</td>
<td title="Message">ConfirmVehicle page: Success!</td>
</tr>

<tr>
<td>402595</td>
<td title="pool-1-thread-1 thread">pool-1-thread-1</td>
<td title="Level">INFO</td>
<td title="Elephant-V2_D2_IN category">Elephant-V2_D2_IN</td>
<td>SharedTestCases_Billing.java:52</td>
<td title="Message">Billing page: Success!</td>
</tr>

<tr>
<td>417191</td>
<td title="pool-1-thread-1 thread">pool-1-thread-1</td>
<td title="Level">INFO</td>
<td title="Elephant-V2_D2_IN category">Elephant-V2_D2_IN</td>
<td>SharedTestCases_GetInfo.java:18</td>
<td title="Message">Policy Number :215-000-000-13</td>
</tr>

<tr>
<td>422049</td>
<td title="pool-1-thread-1 thread">pool-1-thread-1</td>
<td title="Level">INFO</td>
<td title="Test Suite category">Test Suite</td>
<td>ITestAnnotation.java:89</td>
<td title="Message">TC009 is Passed !</td>
</tr>
