2020-08-05 14:34:55,692 - Test Suite -INFO - TEST CASE: TC501 | Priority: 5
2020-08-05 14:34:55,694 - Test Suite -INFO - TEST CASE: TC001 | Priority: 5
2020-08-05 14:35:31,603 - Test Suite -ERROR - TC501 is Failed ! 
 EXCEPTION:  --->  java.lang.NullPointerException: null value in entry: url=null
	at com.google.common.collect.CollectPreconditions.checkEntryNotNull(CollectPreconditions.java:32)
	at com.google.common.collect.SingletonImmutableBiMap.<init>(SingletonImmutableBiMap.java:42)
	at com.google.common.collect.ImmutableBiMap.of(ImmutableBiMap.java:70)
	at com.google.common.collect.ImmutableMap.of(ImmutableMap.java:123)
	at org.openqa.selenium.remote.RemoteWebDriver.get(RemoteWebDriver.java:325)
	at resources.BrowserFactory.<init>(BrowserFactory.java:22)
	at resources.Testing.<init>(Testing.java:35)
	at testApparent.TC_Apparent.TC501(TC_Apparent.java:45)
	at sun.reflect.NativeMethodAccessorImpl.invoke0(Native Method)
	at sun.reflect.NativeMethodAccessorImpl.invoke(NativeMethodAccessorImpl.java:62)
	at sun.reflect.DelegatingMethodAccessorImpl.invoke(DelegatingMethodAccessorImpl.java:43)
	at java.lang.reflect.Method.invoke(Method.java:498)
	at org.testng.internal.MethodInvocationHelper.invokeMethod(MethodInvocationHelper.java:85)
	at org.testng.internal.Invoker.invokeMethod(Invoker.java:639)
	at org.testng.internal.Invoker.invokeTestMethod(Invoker.java:816)
	at org.testng.internal.Invoker.invokeTestMethods(Invoker.java:1124)
	at org.testng.internal.TestMethodWorker.invokeTestMethods(TestMethodWorker.java:125)
	at org.testng.internal.TestMethodWorker.run(TestMethodWorker.java:108)
	at java.util.concurrent.ThreadPoolExecutor.runWorker(ThreadPoolExecutor.java:1142)
	at java.util.concurrent.ThreadPoolExecutor$Worker.run(ThreadPoolExecutor.java:617)
	at java.lang.Thread.run(Thread.java:745)

2020-08-05 14:35:31,748 - Test Suite -ERROR - TC001 is Failed ! 
 EXCEPTION:  --->  java.lang.NullPointerException: null value in entry: url=null
	at com.google.common.collect.CollectPreconditions.checkEntryNotNull(CollectPreconditions.java:32)
	at com.google.common.collect.SingletonImmutableBiMap.<init>(SingletonImmutableBiMap.java:42)
	at com.google.common.collect.ImmutableBiMap.of(ImmutableBiMap.java:70)
	at com.google.common.collect.ImmutableMap.of(ImmutableMap.java:123)
	at org.openqa.selenium.remote.RemoteWebDriver.get(RemoteWebDriver.java:325)
	at resources.BrowserFactory.<init>(BrowserFactory.java:22)
	at resources.Testing.<init>(Testing.java:35)
	at testElephant.TC_Elephant.TC001(TC_Elephant.java:45)
	at sun.reflect.NativeMethodAccessorImpl.invoke0(Native Method)
	at sun.reflect.NativeMethodAccessorImpl.invoke(NativeMethodAccessorImpl.java:62)
	at sun.reflect.DelegatingMethodAccessorImpl.invoke(DelegatingMethodAccessorImpl.java:43)
	at java.lang.reflect.Method.invoke(Method.java:498)
	at org.testng.internal.MethodInvocationHelper.invokeMethod(MethodInvocationHelper.java:85)
	at org.testng.internal.Invoker.invokeMethod(Invoker.java:639)
	at org.testng.internal.Invoker.invokeTestMethod(Invoker.java:816)
	at org.testng.internal.Invoker.invokeTestMethods(Invoker.java:1124)
	at org.testng.internal.TestMethodWorker.invokeTestMethods(TestMethodWorker.java:125)
	at org.testng.internal.TestMethodWorker.run(TestMethodWorker.java:108)
	at java.util.concurrent.ThreadPoolExecutor.runWorker(ThreadPoolExecutor.java:1142)
	at java.util.concurrent.ThreadPoolExecutor$Worker.run(ThreadPoolExecutor.java:617)
	at java.lang.Thread.run(Thread.java:745)

2020-11-06 19:45:57,024 - Test Suite -INFO - TEST CASE: TC005 | Priority: 5
2020-11-06 19:45:58,218 - Test Suite -ERROR - TC005 is Failed ! 
 EXCEPTION:  --->  java.lang.IllegalStateException: The driver executable does not exist: D:\Admiral\Automation\BrowserDrivers\chromedriver.exe
	at com.google.common.base.Preconditions.checkState(Preconditions.java:585)
	at org.openqa.selenium.remote.service.DriverService.checkExecutable(DriverService.java:136)
	at org.openqa.selenium.remote.service.DriverService.findExecutable(DriverService.java:131)
	at org.openqa.selenium.chrome.ChromeDriverService.access$000(ChromeDriverService.java:32)
	at org.openqa.selenium.chrome.ChromeDriverService$Builder.findDefaultExecutable(ChromeDriverService.java:137)
	at org.openqa.selenium.remote.service.DriverService$Builder.build(DriverService.java:339)
	at org.openqa.selenium.chrome.ChromeDriverService.createDefaultService(ChromeDriverService.java:88)
	at org.openqa.selenium.chrome.ChromeDriver.<init>(ChromeDriver.java:123)
	at resources.BrowserFactory.<init>(BrowserFactory.java:20)
	at resources.Testing.<init>(Testing.java:35)
	at testElephant.TC_Elephant.TC005(TC_Elephant.java:142)
	at sun.reflect.NativeMethodAccessorImpl.invoke0(Native Method)
	at sun.reflect.NativeMethodAccessorImpl.invoke(NativeMethodAccessorImpl.java:62)
	at sun.reflect.DelegatingMethodAccessorImpl.invoke(DelegatingMethodAccessorImpl.java:43)
	at java.lang.reflect.Method.invoke(Method.java:498)
	at org.testng.internal.MethodInvocationHelper.invokeMethod(MethodInvocationHelper.java:85)
	at org.testng.internal.Invoker.invokeMethod(Invoker.java:639)
	at org.testng.internal.Invoker.invokeTestMethod(Invoker.java:816)
	at org.testng.internal.Invoker.invokeTestMethods(Invoker.java:1124)
	at org.testng.internal.TestMethodWorker.invokeTestMethods(TestMethodWorker.java:125)
	at org.testng.internal.TestMethodWorker.run(TestMethodWorker.java:108)
	at org.testng.TestRunner.privateRun(TestRunner.java:774)
	at org.testng.TestRunner.run(TestRunner.java:624)
	at org.testng.SuiteRunner.runTest(SuiteRunner.java:359)
	at org.testng.SuiteRunner.runSequentially(SuiteRunner.java:354)
	at org.testng.SuiteRunner.privateRun(SuiteRunner.java:312)
	at org.testng.SuiteRunner.run(SuiteRunner.java:261)
	at org.testng.SuiteRunnerWorker.runSuite(SuiteRunnerWorker.java:52)
	at org.testng.SuiteRunnerWorker.run(SuiteRunnerWorker.java:86)
	at org.testng.TestNG.runSuitesSequentially(TestNG.java:1191)
	at org.testng.TestNG.runSuitesLocally(TestNG.java:1116)
	at org.testng.TestNG.run(TestNG.java:1024)
	at org.testng.remote.AbstractRemoteTestNG.run(AbstractRemoteTestNG.java:114)
	at org.testng.remote.RemoteTestNG.initAndRun(RemoteTestNG.java:251)
	at org.testng.remote.RemoteTestNG.main(RemoteTestNG.java:77)

2020-11-06 19:46:41,689 - Test Suite -INFO - TEST CASE: TC005 | Priority: 5
2020-11-06 19:46:42,836 - Test Suite -ERROR - TC005 is Failed ! 
 EXCEPTION:  --->  java.lang.IllegalStateException: The driver executable does not exist: D:\Admiral\Automation\BrowserDrivers\chromedriver.exe
	at com.google.common.base.Preconditions.checkState(Preconditions.java:585)
	at org.openqa.selenium.remote.service.DriverService.checkExecutable(DriverService.java:136)
	at org.openqa.selenium.remote.service.DriverService.findExecutable(DriverService.java:131)
	at org.openqa.selenium.chrome.ChromeDriverService.access$000(ChromeDriverService.java:32)
	at org.openqa.selenium.chrome.ChromeDriverService$Builder.findDefaultExecutable(ChromeDriverService.java:137)
	at org.openqa.selenium.remote.service.DriverService$Builder.build(DriverService.java:339)
	at org.openqa.selenium.chrome.ChromeDriverService.createDefaultService(ChromeDriverService.java:88)
	at org.openqa.selenium.chrome.ChromeDriver.<init>(ChromeDriver.java:123)
	at resources.BrowserFactory.<init>(BrowserFactory.java:20)
	at resources.Testing.<init>(Testing.java:35)
	at testElephant.TC_Elephant.TC005(TC_Elephant.java:142)
	at sun.reflect.NativeMethodAccessorImpl.invoke0(Native Method)
	at sun.reflect.NativeMethodAccessorImpl.invoke(NativeMethodAccessorImpl.java:62)
	at sun.reflect.DelegatingMethodAccessorImpl.invoke(DelegatingMethodAccessorImpl.java:43)
	at java.lang.reflect.Method.invoke(Method.java:498)
	at org.testng.internal.MethodInvocationHelper.invokeMethod(MethodInvocationHelper.java:85)
	at org.testng.internal.Invoker.invokeMethod(Invoker.java:639)
	at org.testng.internal.Invoker.invokeTestMethod(Invoker.java:816)
	at org.testng.internal.Invoker.invokeTestMethods(Invoker.java:1124)
	at org.testng.internal.TestMethodWorker.invokeTestMethods(TestMethodWorker.java:125)
	at org.testng.internal.TestMethodWorker.run(TestMethodWorker.java:108)
	at org.testng.TestRunner.privateRun(TestRunner.java:774)
	at org.testng.TestRunner.run(TestRunner.java:624)
	at org.testng.SuiteRunner.runTest(SuiteRunner.java:359)
	at org.testng.SuiteRunner.runSequentially(SuiteRunner.java:354)
	at org.testng.SuiteRunner.privateRun(SuiteRunner.java:312)
	at org.testng.SuiteRunner.run(SuiteRunner.java:261)
	at org.testng.SuiteRunnerWorker.runSuite(SuiteRunnerWorker.java:52)
	at org.testng.SuiteRunnerWorker.run(SuiteRunnerWorker.java:86)
	at org.testng.TestNG.runSuitesSequentially(TestNG.java:1191)
	at org.testng.TestNG.runSuitesLocally(TestNG.java:1116)
	at org.testng.TestNG.run(TestNG.java:1024)
	at org.testng.remote.AbstractRemoteTestNG.run(AbstractRemoteTestNG.java:114)
	at org.testng.remote.RemoteTestNG.initAndRun(RemoteTestNG.java:251)
	at org.testng.remote.RemoteTestNG.main(RemoteTestNG.java:77)

2020-11-06 19:52:36,925 - Test Suite -INFO - TEST CASE: TC005 | Priority: 5
2020-11-06 19:52:38,135 - Test Suite -ERROR - TC005 is Failed ! 
 EXCEPTION:  --->  java.lang.IllegalStateException: The driver executable does not exist: D:\Admiral\Automation\BrowserDrivers\chromedriver.exe
	at com.google.common.base.Preconditions.checkState(Preconditions.java:585)
	at org.openqa.selenium.remote.service.DriverService.checkExecutable(DriverService.java:136)
	at org.openqa.selenium.remote.service.DriverService.findExecutable(DriverService.java:131)
	at org.openqa.selenium.chrome.ChromeDriverService.access$000(ChromeDriverService.java:32)
	at org.openqa.selenium.chrome.ChromeDriverService$Builder.findDefaultExecutable(ChromeDriverService.java:137)
	at org.openqa.selenium.remote.service.DriverService$Builder.build(DriverService.java:339)
	at org.openqa.selenium.chrome.ChromeDriverService.createDefaultService(ChromeDriverService.java:88)
	at org.openqa.selenium.chrome.ChromeDriver.<init>(ChromeDriver.java:123)
	at resources.BrowserFactory.<init>(BrowserFactory.java:20)
	at resources.Testing.<init>(Testing.java:35)
	at testElephant.TC_Elephant.TC005(TC_Elephant.java:142)
	at sun.reflect.NativeMethodAccessorImpl.invoke0(Native Method)
	at sun.reflect.NativeMethodAccessorImpl.invoke(NativeMethodAccessorImpl.java:62)
	at sun.reflect.DelegatingMethodAccessorImpl.invoke(DelegatingMethodAccessorImpl.java:43)
	at java.lang.reflect.Method.invoke(Method.java:498)
	at org.testng.internal.MethodInvocationHelper.invokeMethod(MethodInvocationHelper.java:85)
	at org.testng.internal.Invoker.invokeMethod(Invoker.java:639)
	at org.testng.internal.Invoker.invokeTestMethod(Invoker.java:816)
	at org.testng.internal.Invoker.invokeTestMethods(Invoker.java:1124)
	at org.testng.internal.TestMethodWorker.invokeTestMethods(TestMethodWorker.java:125)
	at org.testng.internal.TestMethodWorker.run(TestMethodWorker.java:108)
	at org.testng.TestRunner.privateRun(TestRunner.java:774)
	at org.testng.TestRunner.run(TestRunner.java:624)
	at org.testng.SuiteRunner.runTest(SuiteRunner.java:359)
	at org.testng.SuiteRunner.runSequentially(SuiteRunner.java:354)
	at org.testng.SuiteRunner.privateRun(SuiteRunner.java:312)
	at org.testng.SuiteRunner.run(SuiteRunner.java:261)
	at org.testng.SuiteRunnerWorker.runSuite(SuiteRunnerWorker.java:52)
	at org.testng.SuiteRunnerWorker.run(SuiteRunnerWorker.java:86)
	at org.testng.TestNG.runSuitesSequentially(TestNG.java:1191)
	at org.testng.TestNG.runSuitesLocally(TestNG.java:1116)
	at org.testng.TestNG.run(TestNG.java:1024)
	at org.testng.remote.AbstractRemoteTestNG.run(AbstractRemoteTestNG.java:114)
	at org.testng.remote.RemoteTestNG.initAndRun(RemoteTestNG.java:251)
	at org.testng.remote.RemoteTestNG.main(RemoteTestNG.java:77)

2020-11-06 19:56:49,586 - Test Suite -INFO - TEST CASE: TC005 | Priority: 5
2020-11-06 19:56:50,720 - Test Suite -ERROR - TC005 is Failed ! 
 EXCEPTION:  --->  java.lang.IllegalStateException: The driver executable does not exist: D:\Admiral\Automation\BrowserDrivers\chromedriver.exe
	at com.google.common.base.Preconditions.checkState(Preconditions.java:585)
	at org.openqa.selenium.remote.service.DriverService.checkExecutable(DriverService.java:136)
	at org.openqa.selenium.remote.service.DriverService.findExecutable(DriverService.java:131)
	at org.openqa.selenium.chrome.ChromeDriverService.access$000(ChromeDriverService.java:32)
	at org.openqa.selenium.chrome.ChromeDriverService$Builder.findDefaultExecutable(ChromeDriverService.java:137)
	at org.openqa.selenium.remote.service.DriverService$Builder.build(DriverService.java:339)
	at org.openqa.selenium.chrome.ChromeDriverService.createDefaultService(ChromeDriverService.java:88)
	at org.openqa.selenium.chrome.ChromeDriver.<init>(ChromeDriver.java:123)
	at resources.BrowserFactory.<init>(BrowserFactory.java:20)
	at resources.Testing.<init>(Testing.java:35)
	at testElephant.TC_Elephant.TC005(TC_Elephant.java:142)
	at sun.reflect.NativeMethodAccessorImpl.invoke0(Native Method)
	at sun.reflect.NativeMethodAccessorImpl.invoke(NativeMethodAccessorImpl.java:62)
	at sun.reflect.DelegatingMethodAccessorImpl.invoke(DelegatingMethodAccessorImpl.java:43)
	at java.lang.reflect.Method.invoke(Method.java:498)
	at org.testng.internal.MethodInvocationHelper.invokeMethod(MethodInvocationHelper.java:85)
	at org.testng.internal.Invoker.invokeMethod(Invoker.java:639)
	at org.testng.internal.Invoker.invokeTestMethod(Invoker.java:816)
	at org.testng.internal.Invoker.invokeTestMethods(Invoker.java:1124)
	at org.testng.internal.TestMethodWorker.invokeTestMethods(TestMethodWorker.java:125)
	at org.testng.internal.TestMethodWorker.run(TestMethodWorker.java:108)
	at org.testng.TestRunner.privateRun(TestRunner.java:774)
	at org.testng.TestRunner.run(TestRunner.java:624)
	at org.testng.SuiteRunner.runTest(SuiteRunner.java:359)
	at org.testng.SuiteRunner.runSequentially(SuiteRunner.java:354)
	at org.testng.SuiteRunner.privateRun(SuiteRunner.java:312)
	at org.testng.SuiteRunner.run(SuiteRunner.java:261)
	at org.testng.SuiteRunnerWorker.runSuite(SuiteRunnerWorker.java:52)
	at org.testng.SuiteRunnerWorker.run(SuiteRunnerWorker.java:86)
	at org.testng.TestNG.runSuitesSequentially(TestNG.java:1191)
	at org.testng.TestNG.runSuitesLocally(TestNG.java:1116)
	at org.testng.TestNG.run(TestNG.java:1024)
	at org.testng.remote.AbstractRemoteTestNG.run(AbstractRemoteTestNG.java:114)
	at org.testng.remote.RemoteTestNG.initAndRun(RemoteTestNG.java:251)
	at org.testng.remote.RemoteTestNG.main(RemoteTestNG.java:77)

2020-11-06 19:57:47,661 - Test Suite -INFO - TEST CASE: TC005 | Priority: 5
2020-11-06 19:58:04,124 - Elephant-4VClaim -ERROR - NoSuchElement Exception
2020-11-06 19:58:11,491 - Elephant-4VClaim -INFO - Clicked on 'All Other Claims' button on Launch Page of ENOL
2020-11-06 19:58:51,996 - Test Suite -INFO - TC005 is Passed !
2020-11-06 20:03:01,781 - Test Suite -INFO - TEST CASE: TC005 | Priority: 5
2020-11-06 20:03:17,140 - Elephant-4VClaim -ERROR - NoSuchElement Exception
2020-11-06 20:03:24,473 - Elephant-4VClaim -INFO - Clicked on 'All Other Claims' button on Launch Page of ENOL
2020-11-06 20:03:24,713 - Elephant-4VClaim -ERROR - WebDriver Exception
2020-11-06 20:03:26,873 - Elephant-4VClaim -ERROR - WebDriver Exception
2020-11-06 20:03:29,024 - Elephant-4VClaim -ERROR - WebDriver Exception
2020-11-06 20:03:31,178 - Test Suite -INFO - TC005 is Passed !
2020-11-06 20:04:28,411 - Test Suite -INFO - TEST CASE: TC005 | Priority: 5
2020-11-06 20:04:44,409 - Elephant-IncidentDate_Future -ERROR - NoSuchElement Exception
2020-11-06 20:04:51,778 - Elephant-IncidentDate_Future -INFO - Clicked on 'All Other Claims' button on Launch Page of ENOL
2020-11-06 20:04:51,993 - Elephant-IncidentDate_Future -ERROR - WebDriver Exception
2020-11-06 20:04:54,157 - Elephant-IncidentDate_Future -ERROR - WebDriver Exception
2020-11-06 20:04:56,308 - Elephant-IncidentDate_Future -ERROR - WebDriver Exception
2020-11-06 20:04:58,462 - Test Suite -INFO - TC005 is Passed !
2020-11-06 20:05:51,850 - Test Suite -INFO - TEST CASE: TC005 | Priority: 5
2020-11-06 20:06:08,550 - Elephant-IncidentDate_Future -ERROR - NoSuchElement Exception
2020-11-06 20:06:15,886 - Elephant-IncidentDate_Future -INFO - Clicked on 'All Other Claims' button on Launch Page of ENOL
2020-11-06 20:06:16,081 - Elephant-IncidentDate_Future -ERROR - WebDriver Exception
2020-11-06 20:06:18,241 - Elephant-IncidentDate_Future -ERROR - WebDriver Exception
2020-11-06 20:06:20,388 - Elephant-IncidentDate_Future -ERROR - WebDriver Exception
2020-11-06 20:06:22,539 - Test Suite -INFO - TC005 is Passed !
2020-11-06 20:10:36,694 - Test Suite -INFO - TEST CASE: TC005 | Priority: 5
2020-11-06 20:10:52,095 - Elephant-IncidentDate_Future -ERROR - NoSuchElement Exception
2020-11-06 20:10:59,480 - Elephant-IncidentDate_Future -INFO - Clicked on 'All Other Claims' button on Launch Page of ENOL
2020-11-06 20:10:59,721 - Elephant-IncidentDate_Future -ERROR - WebDriver Exception
2020-11-06 20:11:01,881 - Elephant-IncidentDate_Future -ERROR - WebDriver Exception
2020-11-06 20:11:04,026 - Elephant-IncidentDate_Future -ERROR - WebDriver Exception
2020-11-06 20:11:06,190 - Test Suite -INFO - TC005 is Passed !
2020-11-06 20:16:08,022 - Test Suite -INFO - TEST CASE: TC005 | Priority: 5
2020-11-06 20:16:24,676 - Elephant-IncidentDate_Future -ERROR - NoSuchElement Exception
2020-11-06 20:16:32,021 - Elephant-IncidentDate_Future -INFO - Clicked on 'All Other Claims' button on Launch Page of ENOL
2020-11-06 20:16:50,243 - Test Suite -INFO - TC005 is Passed !
2020-11-06 20:17:38,674 - Test Suite -INFO - TEST CASE: TC005 | Priority: 5
2020-11-06 20:17:54,666 - Elephant-IncidentDate_Future -ERROR - NoSuchElement Exception
2020-11-06 20:18:02,073 - Elephant-IncidentDate_Future -INFO - Clicked on 'All Other Claims' button on Launch Page of ENOL
2020-11-06 20:18:20,378 - Test Suite -INFO - TC005 is Passed !
2020-11-06 20:20:14,312 - Test Suite -INFO - TEST CASE: TC005 | Priority: 5
2020-11-06 20:20:31,147 - Elephant-IncidentDate_Future -ERROR - NoSuchElement Exception
2020-11-06 20:20:38,580 - Elephant-IncidentDate_Future -INFO - Clicked on 'All Other Claims' button on Launch Page of ENOL
2020-11-06 20:21:05,224 - Elephant-IncidentDate_Future -INFO - Incident Details Info entered, navigating to Vehicle Details Page...
2020-11-06 20:21:06,345 - Elephant-IncidentDate_Future -INFO - Actual Error Message : A future date is not allowed. Please enter a valid date within the last 12 months.
2020-11-06 20:21:06,351 - Test Suite -ERROR - TC005 is Failed ! 
 EXCEPTION:  --->  java.lang.AssertionError: expected [true] but found [false]
	at org.testng.Assert.fail(Assert.java:94)
	at org.testng.Assert.failNotEquals(Assert.java:496)
	at org.testng.Assert.assertTrue(Assert.java:42)
	at org.testng.Assert.assertTrue(Assert.java:52)
	at SharedTC.STC_IncidentDetails.verifyErrorMessage(STC_IncidentDetails.java:43)
	at testElephant.TC_Elephant.TC005(TC_Elephant.java:146)
	at sun.reflect.NativeMethodAccessorImpl.invoke0(Native Method)
	at sun.reflect.NativeMethodAccessorImpl.invoke(NativeMethodAccessorImpl.java:62)
	at sun.reflect.DelegatingMethodAccessorImpl.invoke(DelegatingMethodAccessorImpl.java:43)
	at java.lang.reflect.Method.invoke(Method.java:498)
	at org.testng.internal.MethodInvocationHelper.invokeMethod(MethodInvocationHelper.java:85)
	at org.testng.internal.Invoker.invokeMethod(Invoker.java:639)
	at org.testng.internal.Invoker.invokeTestMethod(Invoker.java:816)
	at org.testng.internal.Invoker.invokeTestMethods(Invoker.java:1124)
	at org.testng.internal.TestMethodWorker.invokeTestMethods(TestMethodWorker.java:125)
	at org.testng.internal.TestMethodWorker.run(TestMethodWorker.java:108)
	at org.testng.TestRunner.privateRun(TestRunner.java:774)
	at org.testng.TestRunner.run(TestRunner.java:624)
	at org.testng.SuiteRunner.runTest(SuiteRunner.java:359)
	at org.testng.SuiteRunner.runSequentially(SuiteRunner.java:354)
	at org.testng.SuiteRunner.privateRun(SuiteRunner.java:312)
	at org.testng.SuiteRunner.run(SuiteRunner.java:261)
	at org.testng.SuiteRunnerWorker.runSuite(SuiteRunnerWorker.java:52)
	at org.testng.SuiteRunnerWorker.run(SuiteRunnerWorker.java:86)
	at org.testng.TestNG.runSuitesSequentially(TestNG.java:1191)
	at org.testng.TestNG.runSuitesLocally(TestNG.java:1116)
	at org.testng.TestNG.run(TestNG.java:1024)
	at org.testng.remote.AbstractRemoteTestNG.run(AbstractRemoteTestNG.java:114)
	at org.testng.remote.RemoteTestNG.initAndRun(RemoteTestNG.java:251)
	at org.testng.remote.RemoteTestNG.main(RemoteTestNG.java:77)

2020-11-06 20:26:22,983 - Test Suite -INFO - TEST CASE: TC005 | Priority: 5
2020-11-06 20:26:38,859 - Elephant-IncidentDate_Future -ERROR - NoSuchElement Exception
2020-11-06 20:26:46,352 - Elephant-IncidentDate_Future -INFO - Clicked on 'All Other Claims' button on Launch Page of ENOL
2020-11-06 20:27:04,636 - Test Suite -INFO - TC005 is Passed !
2020-11-06 20:28:42,800 - Test Suite -INFO - TEST CASE: TC005 | Priority: 5
2020-11-06 20:28:59,020 - Elephant-IncidentDate_Future -ERROR - NoSuchElement Exception
2020-11-06 20:29:06,474 - Elephant-IncidentDate_Future -INFO - Clicked on 'All Other Claims' button on Launch Page of ENOL
2020-11-06 20:29:32,894 - Elephant-IncidentDate_Future -INFO - Incident Details Info entered, navigating to Vehicle Details Page...
2020-11-06 20:29:34,018 - Elephant-IncidentDate_Future -INFO - Actual Error Message : A future date is not allowed. Please enter a valid date within the last 12 months.
2020-11-06 20:29:34,021 - Elephant-IncidentDate_Future -INFO - Assertion Passed, error text is correct...
2020-11-06 20:29:34,022 - Test Suite -INFO - TC005 is Passed !
2020-11-09 00:01:25,081 - Test Suite -INFO - TEST CASE: TC006 | Priority: 5
2020-11-09 00:01:40,789 - Elephant-IncidentDate_Out_Effective -ERROR - NoSuchElement Exception
2020-11-09 00:01:48,155 - Elephant-IncidentDate_Out_Effective -INFO - Clicked on 'All Other Claims' button on Launch Page of ENOL
2020-11-09 00:02:15,561 - Elephant-IncidentDate_Out_Effective -INFO - Incident Details Info entered, navigating to Vehicle Details Page...
2020-11-09 00:02:16,804 - Elephant-IncidentDate_Out_Effective -INFO - Actual Error Message : We are unable to locate a valid policy from the details provided.
2020-11-09 00:02:16,820 - Elephant-IncidentDate_Out_Effective -INFO - Assertion Passed, error text is correct...
2020-11-09 00:02:16,825 - Test Suite -INFO - TC006 is Passed !
2020-12-15 15:59:34,745 - Test Suite -INFO - TEST CASE: TC001 | Priority: 5
2020-12-15 15:59:54,091 - Apparent-Apparent_Test -ERROR - NoSuchElement Exception
2020-12-15 15:59:57,141 - Apparent-Apparent_Test -ERROR - NoSuchElement Exception
2020-12-15 16:00:00,247 - Apparent-Apparent_Test -ERROR - NoSuchElement Exception
2020-12-15 16:00:17,730 - Test Suite -ERROR - TC001 is Failed ! 
 EXCEPTION:  --->  org.openqa.selenium.WebDriverException: chrome not reachable
  (Session info: chrome=87.0.4280.88)
  (Driver info: chromedriver=2.41.578737 (49da6702b16031c40d63e5618de03a32ff6c197e),platform=Windows NT 10.0.19041 x86_64) (WARNING: The server did not provide any stacktrace information)
Command duration or timeout: 0 milliseconds
Build info: version: '3.10.0', revision: '176b4a9', time: '2018-03-02T19:03:16.397Z'
System info: host: 'DESKTOP-RL948I0', ip: '10.1.208.138', os.name: 'Windows 10', os.arch: 'amd64', os.version: '10.0', java.version: '1.8.0_181'
Driver info: org.openqa.selenium.chrome.ChromeDriver
Capabilities {acceptInsecureCerts: false, acceptSslCerts: false, applicationCacheEnabled: false, browserConnectionEnabled: false, browserName: chrome, chrome: {chromedriverVersion: 2.41.578737 (49da6702b16031..., userDataDir: C:\Users\Admin\AppData\Loca...}, cssSelectorsEnabled: true, databaseEnabled: false, goog:chromeOptions: {debuggerAddress: localhost:65485}, handlesAlerts: true, hasTouchScreen: false, javascriptEnabled: true, locationContextEnabled: true, mobileEmulationEnabled: false, nativeEvents: true, networkConnectionEnabled: false, pageLoadStrategy: normal, platform: XP, platformName: XP, rotatable: false, setWindowRect: true, takesHeapSnapshot: true, takesScreenshot: true, unexpectedAlertBehaviour: , unhandledPromptBehavior: , version: 87.0.4280.88, webStorageEnabled: true}
Session ID: 1cbcdd7ba4100eea340256b91966f139
	at sun.reflect.NativeConstructorAccessorImpl.newInstance0(Native Method)
	at sun.reflect.NativeConstructorAccessorImpl.newInstance(NativeConstructorAccessorImpl.java:62)
	at sun.reflect.DelegatingConstructorAccessorImpl.newInstance(DelegatingConstructorAccessorImpl.java:45)
	at java.lang.reflect.Constructor.newInstance(Constructor.java:423)
	at org.openqa.selenium.remote.ErrorHandler.createThrowable(ErrorHandler.java:214)
	at org.openqa.selenium.remote.ErrorHandler.throwIfResponseFailed(ErrorHandler.java:166)
	at org.openqa.selenium.remote.http.JsonHttpResponseCodec.reconstructValue(JsonHttpResponseCodec.java:40)
	at org.openqa.selenium.remote.http.AbstractHttpResponseCodec.decode(AbstractHttpResponseCodec.java:80)
	at org.openqa.selenium.remote.http.AbstractHttpResponseCodec.decode(AbstractHttpResponseCodec.java:44)
	at org.openqa.selenium.remote.HttpCommandExecutor.execute(HttpCommandExecutor.java:160)
	at org.openqa.selenium.remote.service.DriverCommandExecutor.execute(DriverCommandExecutor.java:83)
	at org.openqa.selenium.remote.RemoteWebDriver.execute(RemoteWebDriver.java:601)
	at org.openqa.selenium.remote.RemoteWebDriver.execute(RemoteWebDriver.java:658)
	at org.openqa.selenium.remote.RemoteWebDriver.close(RemoteWebDriver.java:487)
	at resources.BrowserFactory.closeBrowser(BrowserFactory.java:29)
	at resources.Testing.tearDown(Testing.java:57)
	at testApparent.TC_Apparent.TC001(TC_Apparent.java:79)
	at sun.reflect.NativeMethodAccessorImpl.invoke0(Native Method)
	at sun.reflect.NativeMethodAccessorImpl.invoke(NativeMethodAccessorImpl.java:62)
	at sun.reflect.DelegatingMethodAccessorImpl.invoke(DelegatingMethodAccessorImpl.java:43)
	at java.lang.reflect.Method.invoke(Method.java:498)
	at org.testng.internal.MethodInvocationHelper.invokeMethod(MethodInvocationHelper.java:85)
	at org.testng.internal.Invoker.invokeMethod(Invoker.java:639)
	at org.testng.internal.Invoker.invokeTestMethod(Invoker.java:816)
	at org.testng.internal.Invoker.invokeTestMethods(Invoker.java:1124)
	at org.testng.internal.TestMethodWorker.invokeTestMethods(TestMethodWorker.java:125)
	at org.testng.internal.TestMethodWorker.run(TestMethodWorker.java:108)
	at java.util.concurrent.ThreadPoolExecutor.runWorker(ThreadPoolExecutor.java:1149)
	at java.util.concurrent.ThreadPoolExecutor$Worker.run(ThreadPoolExecutor.java:624)
	at java.lang.Thread.run(Thread.java:748)

2020-12-15 16:01:56,862 - Test Suite -INFO - TEST CASE: TC001 | Priority: 5
2020-12-15 16:02:14,246 - Apparent-Apparent_Test -ERROR - NoSuchElement Exception
2020-12-15 16:08:52,718 - Test Suite -INFO - TEST CASE: TC001 | Priority: 5
2020-12-15 16:09:18,606 - Apparent-Apparent_Test -ERROR - WebDriver Exception
2020-12-15 16:09:20,666 - Apparent-Apparent_Test -ERROR - WebDriver Exception
2020-12-15 16:09:22,726 - Apparent-Apparent_Test -ERROR - WebDriver Exception
2020-12-15 16:09:28,996 - Apparent-Apparent_Test -INFO - Beginning to Quote.
2020-12-15 16:09:39,337 - Apparent-Apparent_Test -INFO - Family page: Success!
2020-12-15 16:09:41,633 - Apparent-Apparent_Test -ERROR - WebDriver Exception
2020-12-15 16:09:43,799 - Apparent-Apparent_Test -ERROR - WebDriver Exception
2020-12-15 16:09:45,956 - Apparent-Apparent_Test -ERROR - WebDriver Exception
2020-12-15 16:09:53,275 - Test Suite -ERROR - TC001 is Failed ! 
 EXCEPTION:  --->  org.openqa.selenium.WebDriverException: unknown error: keys should be a string
  (Session info: chrome=87.0.4280.88)
  (Driver info: chromedriver=2.41.578737 (49da6702b16031c40d63e5618de03a32ff6c197e),platform=Windows NT 10.0.19041 x86_64) (WARNING: The server did not provide any stacktrace information)
Command duration or timeout: 0 milliseconds
Build info: version: '3.10.0', revision: '176b4a9', time: '2018-03-02T19:03:16.397Z'
System info: host: 'DESKTOP-RL948I0', ip: '10.1.208.138', os.name: 'Windows 10', os.arch: 'amd64', os.version: '10.0', java.version: '1.8.0_181'
Driver info: org.openqa.selenium.chrome.ChromeDriver
Capabilities {acceptInsecureCerts: false, acceptSslCerts: false, applicationCacheEnabled: false, browserConnectionEnabled: false, browserName: chrome, chrome: {chromedriverVersion: 2.41.578737 (49da6702b16031..., userDataDir: C:\Users\Admin\AppData\Loca...}, cssSelectorsEnabled: true, databaseEnabled: false, goog:chromeOptions: {debuggerAddress: localhost:49478}, handlesAlerts: true, hasTouchScreen: false, javascriptEnabled: true, locationContextEnabled: true, mobileEmulationEnabled: false, nativeEvents: true, networkConnectionEnabled: false, pageLoadStrategy: normal, platform: XP, platformName: XP, rotatable: false, setWindowRect: true, takesHeapSnapshot: true, takesScreenshot: true, unexpectedAlertBehaviour: , unhandledPromptBehavior: , version: 87.0.4280.88, webStorageEnabled: true}
Session ID: 77bdf05bab7cd517d50d1563aaf93a06
	at sun.reflect.NativeConstructorAccessorImpl.newInstance0(Native Method)
	at sun.reflect.NativeConstructorAccessorImpl.newInstance(NativeConstructorAccessorImpl.java:62)
	at sun.reflect.DelegatingConstructorAccessorImpl.newInstance(DelegatingConstructorAccessorImpl.java:45)
	at java.lang.reflect.Constructor.newInstance(Constructor.java:423)
	at org.openqa.selenium.remote.ErrorHandler.createThrowable(ErrorHandler.java:214)
	at org.openqa.selenium.remote.ErrorHandler.throwIfResponseFailed(ErrorHandler.java:166)
	at org.openqa.selenium.remote.http.JsonHttpResponseCodec.reconstructValue(JsonHttpResponseCodec.java:40)
	at org.openqa.selenium.remote.http.AbstractHttpResponseCodec.decode(AbstractHttpResponseCodec.java:80)
	at org.openqa.selenium.remote.http.AbstractHttpResponseCodec.decode(AbstractHttpResponseCodec.java:44)
	at org.openqa.selenium.remote.HttpCommandExecutor.execute(HttpCommandExecutor.java:160)
	at org.openqa.selenium.remote.service.DriverCommandExecutor.execute(DriverCommandExecutor.java:83)
	at org.openqa.selenium.remote.RemoteWebDriver.execute(RemoteWebDriver.java:601)
	at org.openqa.selenium.remote.RemoteWebElement.execute(RemoteWebElement.java:279)
	at org.openqa.selenium.remote.RemoteWebElement.sendKeys(RemoteWebElement.java:100)
	at sun.reflect.NativeMethodAccessorImpl.invoke0(Native Method)
	at sun.reflect.NativeMethodAccessorImpl.invoke(NativeMethodAccessorImpl.java:62)
	at sun.reflect.DelegatingMethodAccessorImpl.invoke(DelegatingMethodAccessorImpl.java:43)
	at java.lang.reflect.Method.invoke(Method.java:498)
	at org.openqa.selenium.support.pagefactory.internal.LocatingElementHandler.invoke(LocatingElementHandler.java:51)
	at com.sun.proxy.$Proxy9.sendKeys(Unknown Source)
	at resources.WebFunctions.type(WebFunctions.java:37)
	at SharedTC.SharedTestCases_PolicyHolder.policyholder(SharedTestCases_PolicyHolder.java:22)
	at testApparent.TC_Apparent.TC001(TC_Apparent.java:74)
	at sun.reflect.NativeMethodAccessorImpl.invoke0(Native Method)
	at sun.reflect.NativeMethodAccessorImpl.invoke(NativeMethodAccessorImpl.java:62)
	at sun.reflect.DelegatingMethodAccessorImpl.invoke(DelegatingMethodAccessorImpl.java:43)
	at java.lang.reflect.Method.invoke(Method.java:498)
	at org.testng.internal.MethodInvocationHelper.invokeMethod(MethodInvocationHelper.java:85)
	at org.testng.internal.Invoker.invokeMethod(Invoker.java:639)
	at org.testng.internal.Invoker.invokeTestMethod(Invoker.java:816)
	at org.testng.internal.Invoker.invokeTestMethods(Invoker.java:1124)
	at org.testng.internal.TestMethodWorker.invokeTestMethods(TestMethodWorker.java:125)
	at org.testng.internal.TestMethodWorker.run(TestMethodWorker.java:108)
	at java.util.concurrent.ThreadPoolExecutor.runWorker(ThreadPoolExecutor.java:1149)
	at java.util.concurrent.ThreadPoolExecutor$Worker.run(ThreadPoolExecutor.java:624)
	at java.lang.Thread.run(Thread.java:748)

2020-12-15 16:56:40,890 - Test Suite -INFO - TEST CASE: TC001 | Priority: 5
2020-12-15 16:57:08,570 - Apparent-Apparent_Test -ERROR - WebDriver Exception
2020-12-15 16:57:14,839 - Apparent-Apparent_Test -INFO - Beginning to Quote.
2020-12-15 16:57:25,161 - Apparent-Apparent_Test -INFO - Family page: Success!
2020-12-15 16:57:27,423 - Apparent-Apparent_Test -ERROR - WebDriver Exception
2020-12-15 16:57:29,642 - Apparent-Apparent_Test -ERROR - WebDriver Exception
2020-12-15 16:57:31,849 - Apparent-Apparent_Test -ERROR - WebDriver Exception
2020-12-15 16:57:34,912 - Test Suite -ERROR - TC001 is Failed ! 
 EXCEPTION:  --->  org.openqa.selenium.WebDriverException: unknown error: keys should be a string
  (Session info: chrome=87.0.4280.88)
  (Driver info: chromedriver=2.41.578737 (49da6702b16031c40d63e5618de03a32ff6c197e),platform=Windows NT 10.0.19041 x86_64) (WARNING: The server did not provide any stacktrace information)
Command duration or timeout: 0 milliseconds
Build info: version: '3.10.0', revision: '176b4a9', time: '2018-03-02T19:03:16.397Z'
System info: host: 'DESKTOP-RL948I0', ip: '10.1.208.138', os.name: 'Windows 10', os.arch: 'amd64', os.version: '10.0', java.version: '1.8.0_181'
Driver info: org.openqa.selenium.chrome.ChromeDriver
Capabilities {acceptInsecureCerts: false, acceptSslCerts: false, applicationCacheEnabled: false, browserConnectionEnabled: false, browserName: chrome, chrome: {chromedriverVersion: 2.41.578737 (49da6702b16031..., userDataDir: C:\Users\Admin\AppData\Loca...}, cssSelectorsEnabled: true, databaseEnabled: false, goog:chromeOptions: {debuggerAddress: localhost:52012}, handlesAlerts: true, hasTouchScreen: false, javascriptEnabled: true, locationContextEnabled: true, mobileEmulationEnabled: false, nativeEvents: true, networkConnectionEnabled: false, pageLoadStrategy: normal, platform: XP, platformName: XP, rotatable: false, setWindowRect: true, takesHeapSnapshot: true, takesScreenshot: true, unexpectedAlertBehaviour: , unhandledPromptBehavior: , version: 87.0.4280.88, webStorageEnabled: true}
Session ID: 4c2f2e26e2ffbe54ce3b12b9350e477d
	at sun.reflect.NativeConstructorAccessorImpl.newInstance0(Native Method)
	at sun.reflect.NativeConstructorAccessorImpl.newInstance(NativeConstructorAccessorImpl.java:62)
	at sun.reflect.DelegatingConstructorAccessorImpl.newInstance(DelegatingConstructorAccessorImpl.java:45)
	at java.lang.reflect.Constructor.newInstance(Constructor.java:423)
	at org.openqa.selenium.remote.ErrorHandler.createThrowable(ErrorHandler.java:214)
	at org.openqa.selenium.remote.ErrorHandler.throwIfResponseFailed(ErrorHandler.java:166)
	at org.openqa.selenium.remote.http.JsonHttpResponseCodec.reconstructValue(JsonHttpResponseCodec.java:40)
	at org.openqa.selenium.remote.http.AbstractHttpResponseCodec.decode(AbstractHttpResponseCodec.java:80)
	at org.openqa.selenium.remote.http.AbstractHttpResponseCodec.decode(AbstractHttpResponseCodec.java:44)
	at org.openqa.selenium.remote.HttpCommandExecutor.execute(HttpCommandExecutor.java:160)
	at org.openqa.selenium.remote.service.DriverCommandExecutor.execute(DriverCommandExecutor.java:83)
	at org.openqa.selenium.remote.RemoteWebDriver.execute(RemoteWebDriver.java:601)
	at org.openqa.selenium.remote.RemoteWebElement.execute(RemoteWebElement.java:279)
	at org.openqa.selenium.remote.RemoteWebElement.sendKeys(RemoteWebElement.java:100)
	at sun.reflect.NativeMethodAccessorImpl.invoke0(Native Method)
	at sun.reflect.NativeMethodAccessorImpl.invoke(NativeMethodAccessorImpl.java:62)
	at sun.reflect.DelegatingMethodAccessorImpl.invoke(DelegatingMethodAccessorImpl.java:43)
	at java.lang.reflect.Method.invoke(Method.java:498)
	at org.openqa.selenium.support.pagefactory.internal.LocatingElementHandler.invoke(LocatingElementHandler.java:51)
	at com.sun.proxy.$Proxy9.sendKeys(Unknown Source)
	at resources.WebFunctions.type(WebFunctions.java:37)
	at SharedTC.SharedTestCases_PolicyHolder.policyholder(SharedTestCases_PolicyHolder.java:22)
	at testApparent.TC_Apparent.TC001(TC_Apparent.java:74)
	at sun.reflect.NativeMethodAccessorImpl.invoke0(Native Method)
	at sun.reflect.NativeMethodAccessorImpl.invoke(NativeMethodAccessorImpl.java:62)
	at sun.reflect.DelegatingMethodAccessorImpl.invoke(DelegatingMethodAccessorImpl.java:43)
	at java.lang.reflect.Method.invoke(Method.java:498)
	at org.testng.internal.MethodInvocationHelper.invokeMethod(MethodInvocationHelper.java:85)
	at org.testng.internal.Invoker.invokeMethod(Invoker.java:639)
	at org.testng.internal.Invoker.invokeTestMethod(Invoker.java:816)
	at org.testng.internal.Invoker.invokeTestMethods(Invoker.java:1124)
	at org.testng.internal.TestMethodWorker.invokeTestMethods(TestMethodWorker.java:125)
	at org.testng.internal.TestMethodWorker.run(TestMethodWorker.java:108)
	at java.util.concurrent.ThreadPoolExecutor.runWorker(ThreadPoolExecutor.java:1149)
	at java.util.concurrent.ThreadPoolExecutor$Worker.run(ThreadPoolExecutor.java:624)
	at java.lang.Thread.run(Thread.java:748)

2020-12-15 16:58:38,662 - Test Suite -INFO - TEST CASE: TC001 | Priority: 5
2020-12-15 16:59:06,124 - Apparent-Apparent_Test -INFO - Beginning to Quote.
2020-12-15 16:59:16,488 - Apparent-Apparent_Test -INFO - Family page: Success!
2020-12-15 16:59:32,891 - Apparent-Apparent_Test -INFO - Policy Holder page: Success!
2020-12-15 16:59:37,999 - Test Suite -INFO - TC001 is Passed !
2020-12-15 18:59:56,569 - Test Suite -INFO - TEST CASE: TC001 | Priority: 5
2020-12-15 19:00:14,624 - Apparent-Apparent_Test -ERROR - NoSuchElement Exception
2020-12-15 19:00:17,695 - Apparent-Apparent_Test -ERROR - NoSuchElement Exception
2020-12-15 19:00:20,742 - Apparent-Apparent_Test -ERROR - NoSuchElement Exception
2020-12-15 19:00:24,505 - Test Suite -ERROR - TC001 is Failed ! 
 EXCEPTION:  --->  org.openqa.selenium.NoSuchElementException: no such element: Unable to locate element: {"method":"id","selector":"btnPostalCode"}
  (Session info: chrome=87.0.4280.88)
  (Driver info: chromedriver=2.41.578737 (49da6702b16031c40d63e5618de03a32ff6c197e),platform=Windows NT 10.0.19041 x86_64) (WARNING: The server did not provide any stacktrace information)
Command duration or timeout: 0 milliseconds
For documentation on this error, please visit: http://seleniumhq.org/exceptions/no_such_element.html
Build info: version: '3.10.0', revision: '176b4a9', time: '2018-03-02T19:03:16.397Z'
System info: host: 'DESKTOP-RL948I0', ip: '10.1.208.138', os.name: 'Windows 10', os.arch: 'amd64', os.version: '10.0', java.version: '1.8.0_181'
Driver info: org.openqa.selenium.chrome.ChromeDriver
Capabilities {acceptInsecureCerts: false, acceptSslCerts: false, applicationCacheEnabled: false, browserConnectionEnabled: false, browserName: chrome, chrome: {chromedriverVersion: 2.41.578737 (49da6702b16031..., userDataDir: C:\Users\Admin\AppData\Loca...}, cssSelectorsEnabled: true, databaseEnabled: false, goog:chromeOptions: {debuggerAddress: localhost:56476}, handlesAlerts: true, hasTouchScreen: false, javascriptEnabled: true, locationContextEnabled: true, mobileEmulationEnabled: false, nativeEvents: true, networkConnectionEnabled: false, pageLoadStrategy: normal, platform: XP, platformName: XP, rotatable: false, setWindowRect: true, takesHeapSnapshot: true, takesScreenshot: true, unexpectedAlertBehaviour: , unhandledPromptBehavior: , version: 87.0.4280.88, webStorageEnabled: true}
Session ID: 01a9338d47e40878ed791a6771f5ed57
*** Element info: {Using=id, value=btnPostalCode}
	at sun.reflect.NativeConstructorAccessorImpl.newInstance0(Native Method)
	at sun.reflect.NativeConstructorAccessorImpl.newInstance(NativeConstructorAccessorImpl.java:62)
	at sun.reflect.DelegatingConstructorAccessorImpl.newInstance(DelegatingConstructorAccessorImpl.java:45)
	at java.lang.reflect.Constructor.newInstance(Constructor.java:423)
	at org.openqa.selenium.remote.ErrorHandler.createThrowable(ErrorHandler.java:214)
	at org.openqa.selenium.remote.ErrorHandler.throwIfResponseFailed(ErrorHandler.java:166)
	at org.openqa.selenium.remote.http.JsonHttpResponseCodec.reconstructValue(JsonHttpResponseCodec.java:40)
	at org.openqa.selenium.remote.http.AbstractHttpResponseCodec.decode(AbstractHttpResponseCodec.java:80)
	at org.openqa.selenium.remote.http.AbstractHttpResponseCodec.decode(AbstractHttpResponseCodec.java:44)
	at org.openqa.selenium.remote.HttpCommandExecutor.execute(HttpCommandExecutor.java:160)
	at org.openqa.selenium.remote.service.DriverCommandExecutor.execute(DriverCommandExecutor.java:83)
	at org.openqa.selenium.remote.RemoteWebDriver.execute(RemoteWebDriver.java:601)
	at org.openqa.selenium.remote.RemoteWebDriver.findElement(RemoteWebDriver.java:371)
	at org.openqa.selenium.remote.RemoteWebDriver.findElementById(RemoteWebDriver.java:417)
	at org.openqa.selenium.By$ById.findElement(By.java:218)
	at org.openqa.selenium.remote.RemoteWebDriver.findElement(RemoteWebDriver.java:363)
	at org.openqa.selenium.support.pagefactory.DefaultElementLocator.findElement(DefaultElementLocator.java:69)
	at org.openqa.selenium.support.pagefactory.internal.LocatingElementHandler.invoke(LocatingElementHandler.java:38)
	at com.sun.proxy.$Proxy9.click(Unknown Source)
	at resources.WebFunctions.click(WebFunctions.java:119)
	at SharedTC.SharedTestCases_PostalCode.postalCode(SharedTestCases_PostalCode.java:18)
	at testApparent.TC_Apparent.TC001(TC_Apparent.java:71)
	at sun.reflect.NativeMethodAccessorImpl.invoke0(Native Method)
	at sun.reflect.NativeMethodAccessorImpl.invoke(NativeMethodAccessorImpl.java:62)
	at sun.reflect.DelegatingMethodAccessorImpl.invoke(DelegatingMethodAccessorImpl.java:43)
	at java.lang.reflect.Method.invoke(Method.java:498)
	at org.testng.internal.MethodInvocationHelper.invokeMethod(MethodInvocationHelper.java:85)
	at org.testng.internal.Invoker.invokeMethod(Invoker.java:639)
	at org.testng.internal.Invoker.invokeTestMethod(Invoker.java:816)
	at org.testng.internal.Invoker.invokeTestMethods(Invoker.java:1124)
	at org.testng.internal.TestMethodWorker.invokeTestMethods(TestMethodWorker.java:125)
	at org.testng.internal.TestMethodWorker.run(TestMethodWorker.java:108)
	at java.util.concurrent.ThreadPoolExecutor.runWorker(ThreadPoolExecutor.java:1149)
	at java.util.concurrent.ThreadPoolExecutor$Worker.run(ThreadPoolExecutor.java:624)
	at java.lang.Thread.run(Thread.java:748)

2021-03-03 16:20:11,824 - Test Suite -INFO - TEST CASE: TC015 | Priority: 5
2021-03-03 16:20:34,691 - Apparent-V1_D1_15_SuspendedLicense -INFO - Beginning to Quote.
2021-03-03 16:20:44,233 - Apparent-V1_D1_15_SuspendedLicense -INFO - Family page: Success!
2021-03-03 16:20:55,633 - Apparent-V1_D1_15_SuspendedLicense -INFO - Policy Holder page: Success!
2021-03-03 16:20:57,078 - Apparent-V1_D1_15_SuspendedLicense -ERROR - NoSuchElement Exception
2021-03-03 16:21:04,454 - Apparent-V1_D1_15_SuspendedLicense -ERROR - WebDriver Exception
2021-03-03 16:21:30,583 - Apparent-V1_D1_15_SuspendedLicense -INFO - Address page: Success!
2021-03-03 16:22:20,412 - Apparent-V1_D1_15_SuspendedLicense -INFO - Vehicle Details 1of2 page: Success!
2021-03-03 16:22:48,338 - Apparent-V1_D1_15_SuspendedLicense -INFO - Vehicle Details 2of2 page: Success!
2021-03-03 16:22:54,891 - Apparent-V1_D1_15_SuspendedLicense -INFO - VehicleList page: Success!
2021-03-03 16:23:12,837 - Apparent-V1_D1_15_SuspendedLicense -ERROR - NoSuchElement Exception
2021-03-03 16:23:17,208 - Apparent-V1_D1_15_SuspendedLicense -ERROR - NoSuchElement Exception
2021-03-03 16:23:21,069 - Apparent-V1_D1_15_SuspendedLicense -ERROR - NoSuchElement Exception
2021-03-03 16:23:28,883 - Apparent-V1_D1_15_SuspendedLicense -INFO - Policy holder Details 1of2 page: Success!
2021-03-03 16:23:55,871 - Apparent-V1_D1_15_SuspendedLicense -INFO - Policy Holder Details 2of2 page: Success!
2021-03-03 16:23:55,876 - Apparent-V1_D1_15_SuspendedLicense -INFO - No Incident added!
2021-03-03 16:23:57,268 - Apparent-V1_D1_15_SuspendedLicense -INFO - Test case is successful!
2021-03-03 16:23:59,009 - Test Suite -INFO - TC015 is Passed !
2021-03-03 22:25:20,878 - Test Suite -INFO - TEST CASE: TC016 | Priority: 5
2021-03-03 22:25:47,063 - Apparent-V2_D2_16_AdditionalDriver_Non-licensed -INFO - Beginning to Quote.
2021-03-03 22:25:55,945 - Apparent-V2_D2_16_AdditionalDriver_Non-licensed -INFO - Family page: Success!
2021-03-03 22:26:07,146 - Apparent-V2_D2_16_AdditionalDriver_Non-licensed -INFO - Policy Holder page: Success!
2021-03-03 22:26:09,097 - Apparent-V2_D2_16_AdditionalDriver_Non-licensed -ERROR - NoSuchElement Exception
2021-03-03 22:26:16,670 - Apparent-V2_D2_16_AdditionalDriver_Non-licensed -ERROR - WebDriver Exception
2021-03-03 22:26:42,681 - Apparent-V2_D2_16_AdditionalDriver_Non-licensed -INFO - Address page: Success!
2021-03-03 22:27:23,173 - Apparent-V2_D2_16_AdditionalDriver_Non-licensed -ERROR - WebDriver Exception
2021-03-03 22:27:47,922 - Test Suite -INFO - TEST CASE: TC016 | Priority: 5
2021-03-03 22:28:11,963 - Apparent-V2_D2_16_AdditionalDriver_Non-licensed -INFO - Beginning to Quote.
2021-03-03 22:28:21,148 - Apparent-V2_D2_16_AdditionalDriver_Non-licensed -INFO - Family page: Success!
2021-03-03 22:28:32,721 - Apparent-V2_D2_16_AdditionalDriver_Non-licensed -INFO - Policy Holder page: Success!
2021-03-03 22:28:33,995 - Apparent-V2_D2_16_AdditionalDriver_Non-licensed -ERROR - NoSuchElement Exception
2021-03-03 22:29:04,541 - Apparent-V2_D2_16_AdditionalDriver_Non-licensed -INFO - Address page: Success!
2021-03-03 22:29:52,388 - Apparent-V2_D2_16_AdditionalDriver_Non-licensed -INFO - Vehicle Details 1of2 page: Success!
2021-03-03 22:30:20,730 - Apparent-V2_D2_16_AdditionalDriver_Non-licensed -INFO - Vehicle Details 2of2 page: Success!
2021-03-03 22:30:24,403 - Apparent-V2_D2_16_AdditionalDriver_Non-licensed -INFO - VehicleList page: Success!
2021-03-03 22:31:09,212 - Apparent-V2_D2_16_AdditionalDriver_Non-licensed -INFO - Vehicle Details 1of2 page: Success!
2021-03-03 22:31:37,587 - Apparent-V2_D2_16_AdditionalDriver_Non-licensed -INFO - Vehicle Details 2of2 page: Success!
2021-03-03 22:31:44,213 - Apparent-V2_D2_16_AdditionalDriver_Non-licensed -INFO - VehicleList page: Success!
2021-03-03 22:32:02,773 - Apparent-V2_D2_16_AdditionalDriver_Non-licensed -ERROR - NoSuchElement Exception
2021-03-03 22:32:06,617 - Apparent-V2_D2_16_AdditionalDriver_Non-licensed -ERROR - NoSuchElement Exception
2021-03-03 22:32:10,852 - Apparent-V2_D2_16_AdditionalDriver_Non-licensed -ERROR - NoSuchElement Exception
2021-03-03 22:32:17,792 - Apparent-V2_D2_16_AdditionalDriver_Non-licensed -INFO - Policy holder Details 1of2 page: Success!
2021-03-03 22:32:37,621 - Apparent-V2_D2_16_AdditionalDriver_Non-licensed -INFO - Policy Holder Details 2of2 page: Success!
2021-03-03 22:32:57,911 - Apparent-V2_D2_16_AdditionalDriver_Non-licensed -INFO - Incident added Successfully !
2021-03-03 22:33:01,343 - Apparent-V2_D2_16_AdditionalDriver_Non-licensed -INFO - DriverList page: Success!
2021-03-03 22:33:20,879 - Apparent-V2_D2_16_AdditionalDriver_Non-licensed -INFO - Additional Driver 1of2 page: Success!
2021-03-03 22:33:32,191 - Apparent-V2_D2_16_AdditionalDriver_Non-licensed -ERROR - WebDriver Exception
2021-03-03 22:33:34,526 - Apparent-V2_D2_16_AdditionalDriver_Non-licensed -ERROR - WebDriver Exception
2021-03-03 22:33:36,858 - Apparent-V2_D2_16_AdditionalDriver_Non-licensed -ERROR - WebDriver Exception
2021-03-03 22:33:46,545 - Apparent-V2_D2_16_AdditionalDriver_Non-licensed -INFO - Additional Driver 2of2 page: Success!
2021-03-03 22:33:46,549 - Apparent-V2_D2_16_AdditionalDriver_Non-licensed -INFO - No Incident added!
2021-03-03 22:33:50,158 - Apparent-V2_D2_16_AdditionalDriver_Non-licensed -INFO - DriverList page: Success!
2021-03-03 22:33:53,283 - Apparent-V2_D2_16_AdditionalDriver_Non-licensed -INFO - Test case has failed!
2021-03-03 22:33:53,288 - Apparent-V2_D2_16_AdditionalDriver_Non-licensed -INFO - no such element: Unable to locate element: {"method":"xpath","selector":"//*[@identity='rdCurrentlyInsured']/div/div/label[contains(text(),'Yes')]"}
  (Session info: chrome=88.0.4324.190)
  (Driver info: chromedriver=2.41.578737 (49da6702b16031c40d63e5618de03a32ff6c197e),platform=Windows NT 10.0.19041 x86_64) (WARNING: The server did not provide any stacktrace information)
Command duration or timeout: 0 milliseconds
For documentation on this error, please visit: http://seleniumhq.org/exceptions/no_such_element.html
Build info: version: '3.10.0', revision: '176b4a9', time: '2018-03-02T19:03:16.397Z'
System info: host: 'DESKTOP-RL948I0', ip: '192.168.43.163', os.name: 'Windows 10', os.arch: 'amd64', os.version: '10.0', java.version: '1.8.0_181'
Driver info: org.openqa.selenium.chrome.ChromeDriver
Capabilities {acceptInsecureCerts: false, acceptSslCerts: false, applicationCacheEnabled: false, browserConnectionEnabled: false, browserName: chrome, chrome: {chromedriverVersion: 2.41.578737 (49da6702b16031..., userDataDir: C:\Users\Admin\AppData\Loca...}, cssSelectorsEnabled: true, databaseEnabled: false, goog:chromeOptions: {debuggerAddress: localhost:53400}, handlesAlerts: true, hasTouchScreen: false, javascriptEnabled: true, locationContextEnabled: true, mobileEmulationEnabled: false, nativeEvents: true, networkConnectionEnabled: false, pageLoadStrategy: normal, platform: XP, platformName: XP, rotatable: false, setWindowRect: true, takesHeapSnapshot: true, takesScreenshot: true, unexpectedAlertBehaviour: , unhandledPromptBehavior: , version: 88.0.4324.190, webStorageEnabled: true}
Session ID: 0c6586c9d89bda4bf59a8d2d6a6e7e4a
*** Element info: {Using=xpath, value=//*[@identity='rdCurrentlyInsured']/div/div/label[contains(text(),'Yes')]}
2021-03-03 22:33:55,401 - Test Suite -ERROR - TC016 is Failed ! 
 EXCEPTION:  --->  org.openqa.selenium.NoSuchElementException: no such element: Unable to locate element: {"method":"xpath","selector":"//*[@identity='rdCurrentlyInsured']/div/div/label[contains(text(),'Yes')]"}
  (Session info: chrome=88.0.4324.190)
  (Driver info: chromedriver=2.41.578737 (49da6702b16031c40d63e5618de03a32ff6c197e),platform=Windows NT 10.0.19041 x86_64) (WARNING: The server did not provide any stacktrace information)
Command duration or timeout: 0 milliseconds
For documentation on this error, please visit: http://seleniumhq.org/exceptions/no_such_element.html
Build info: version: '3.10.0', revision: '176b4a9', time: '2018-03-02T19:03:16.397Z'
System info: host: 'DESKTOP-RL948I0', ip: '192.168.43.163', os.name: 'Windows 10', os.arch: 'amd64', os.version: '10.0', java.version: '1.8.0_181'
Driver info: org.openqa.selenium.chrome.ChromeDriver
Capabilities {acceptInsecureCerts: false, acceptSslCerts: false, applicationCacheEnabled: false, browserConnectionEnabled: false, browserName: chrome, chrome: {chromedriverVersion: 2.41.578737 (49da6702b16031..., userDataDir: C:\Users\Admin\AppData\Loca...}, cssSelectorsEnabled: true, databaseEnabled: false, goog:chromeOptions: {debuggerAddress: localhost:53400}, handlesAlerts: true, hasTouchScreen: false, javascriptEnabled: true, locationContextEnabled: true, mobileEmulationEnabled: false, nativeEvents: true, networkConnectionEnabled: false, pageLoadStrategy: normal, platform: XP, platformName: XP, rotatable: false, setWindowRect: true, takesHeapSnapshot: true, takesScreenshot: true, unexpectedAlertBehaviour: , unhandledPromptBehavior: , version: 88.0.4324.190, webStorageEnabled: true}
Session ID: 0c6586c9d89bda4bf59a8d2d6a6e7e4a
*** Element info: {Using=xpath, value=//*[@identity='rdCurrentlyInsured']/div/div/label[contains(text(),'Yes')]}
	at sun.reflect.GeneratedConstructorAccessor18.newInstance(Unknown Source)
	at sun.reflect.DelegatingConstructorAccessorImpl.newInstance(DelegatingConstructorAccessorImpl.java:45)
	at java.lang.reflect.Constructor.newInstance(Constructor.java:423)
	at org.openqa.selenium.remote.ErrorHandler.createThrowable(ErrorHandler.java:214)
	at org.openqa.selenium.remote.ErrorHandler.throwIfResponseFailed(ErrorHandler.java:166)
	at org.openqa.selenium.remote.http.JsonHttpResponseCodec.reconstructValue(JsonHttpResponseCodec.java:40)
	at org.openqa.selenium.remote.http.AbstractHttpResponseCodec.decode(AbstractHttpResponseCodec.java:80)
	at org.openqa.selenium.remote.http.AbstractHttpResponseCodec.decode(AbstractHttpResponseCodec.java:44)
	at org.openqa.selenium.remote.HttpCommandExecutor.execute(HttpCommandExecutor.java:160)
	at org.openqa.selenium.remote.service.DriverCommandExecutor.execute(DriverCommandExecutor.java:83)
	at org.openqa.selenium.remote.RemoteWebDriver.execute(RemoteWebDriver.java:601)
	at org.openqa.selenium.remote.RemoteWebDriver.findElement(RemoteWebDriver.java:371)
	at org.openqa.selenium.remote.RemoteWebDriver.findElementByXPath(RemoteWebDriver.java:473)
	at org.openqa.selenium.By$ByXPath.findElement(By.java:361)
	at org.openqa.selenium.remote.RemoteWebDriver.findElement(RemoteWebDriver.java:363)
	at resources.WebFunctions.click(WebFunctions.java:164)
	at SharedTC.STC_InsuranceHistory.insuranceHistory_Yes(STC_InsuranceHistory.java:19)
	at testApparent.TC_Regression.TC016(TC_Regression.java:331)
	at sun.reflect.NativeMethodAccessorImpl.invoke0(Native Method)
	at sun.reflect.NativeMethodAccessorImpl.invoke(NativeMethodAccessorImpl.java:62)
	at sun.reflect.DelegatingMethodAccessorImpl.invoke(DelegatingMethodAccessorImpl.java:43)
	at java.lang.reflect.Method.invoke(Method.java:498)
	at org.testng.internal.MethodInvocationHelper.invokeMethod(MethodInvocationHelper.java:85)
	at org.testng.internal.Invoker.invokeMethod(Invoker.java:639)
	at org.testng.internal.Invoker.invokeTestMethod(Invoker.java:816)
	at org.testng.internal.Invoker.invokeTestMethods(Invoker.java:1124)
	at org.testng.internal.TestMethodWorker.invokeTestMethods(TestMethodWorker.java:125)
	at org.testng.internal.TestMethodWorker.run(TestMethodWorker.java:108)
	at java.util.concurrent.ThreadPoolExecutor.runWorker(ThreadPoolExecutor.java:1149)
	at java.util.concurrent.ThreadPoolExecutor$Worker.run(ThreadPoolExecutor.java:624)
	at java.lang.Thread.run(Thread.java:748)

2021-03-03 22:47:37,540 - Test Suite -INFO - TEST CASE: TC016 | Priority: 5
2021-03-03 22:47:59,980 - Apparent-V2_D2_16_AdditionalDriver_Non-licensed -INFO - Beginning to Quote.
2021-03-03 22:48:08,429 - Apparent-V2_D2_16_AdditionalDriver_Non-licensed -INFO - Family page: Success!
2021-03-03 22:48:17,581 - Apparent-V2_D2_16_AdditionalDriver_Non-licensed -INFO - Policy Holder page: Success!
2021-03-03 22:48:18,222 - Apparent-V2_D2_16_AdditionalDriver_Non-licensed -ERROR - NoSuchElement Exception
2021-03-03 22:48:24,086 - Apparent-V2_D2_16_AdditionalDriver_Non-licensed -ERROR - WebDriver Exception
2021-03-03 22:48:47,707 - Apparent-V2_D2_16_AdditionalDriver_Non-licensed -INFO - Address page: Success!
2021-03-03 22:49:29,981 - Apparent-V2_D2_16_AdditionalDriver_Non-licensed -INFO - Vehicle Details 1of2 page: Success!
2021-03-03 22:49:55,685 - Apparent-V2_D2_16_AdditionalDriver_Non-licensed -INFO - Vehicle Details 2of2 page: Success!
2021-03-03 22:49:58,913 - Apparent-V2_D2_16_AdditionalDriver_Non-licensed -INFO - VehicleList page: Success!
2021-03-03 22:50:38,771 - Apparent-V2_D2_16_AdditionalDriver_Non-licensed -INFO - Vehicle Details 1of2 page: Success!
2021-03-03 22:51:04,397 - Apparent-V2_D2_16_AdditionalDriver_Non-licensed -INFO - Vehicle Details 2of2 page: Success!
2021-03-03 22:51:10,629 - Apparent-V2_D2_16_AdditionalDriver_Non-licensed -INFO - VehicleList page: Success!
2021-03-03 22:51:27,011 - Apparent-V2_D2_16_AdditionalDriver_Non-licensed -ERROR - NoSuchElement Exception
2021-03-03 22:51:30,502 - Apparent-V2_D2_16_AdditionalDriver_Non-licensed -ERROR - NoSuchElement Exception
2021-03-03 22:51:34,025 - Apparent-V2_D2_16_AdditionalDriver_Non-licensed -ERROR - NoSuchElement Exception
2021-03-03 22:51:40,764 - Apparent-V2_D2_16_AdditionalDriver_Non-licensed -INFO - Policy holder Details 1of2 page: Success!
2021-03-03 22:51:58,820 - Apparent-V2_D2_16_AdditionalDriver_Non-licensed -INFO - Policy Holder Details 2of2 page: Success!
2021-03-03 22:52:16,631 - Apparent-V2_D2_16_AdditionalDriver_Non-licensed -INFO - Incident added Successfully !
2021-03-03 22:52:19,835 - Apparent-V2_D2_16_AdditionalDriver_Non-licensed -INFO - DriverList page: Success!
2021-03-03 22:52:36,582 - Apparent-V2_D2_16_AdditionalDriver_Non-licensed -INFO - Additional Driver 1of2 page: Success!
2021-03-03 22:52:46,334 - Apparent-V2_D2_16_AdditionalDriver_Non-licensed -ERROR - WebDriver Exception
2021-03-03 22:52:48,481 - Apparent-V2_D2_16_AdditionalDriver_Non-licensed -ERROR - WebDriver Exception
2021-03-03 22:52:50,620 - Apparent-V2_D2_16_AdditionalDriver_Non-licensed -ERROR - WebDriver Exception
2021-03-03 22:52:59,213 - Apparent-V2_D2_16_AdditionalDriver_Non-licensed -INFO - Additional Driver 2of2 page: Success!
2021-03-03 22:52:59,216 - Apparent-V2_D2_16_AdditionalDriver_Non-licensed -INFO - No Incident added!
2021-03-03 22:53:02,405 - Apparent-V2_D2_16_AdditionalDriver_Non-licensed -INFO - DriverList page: Success!
2021-03-03 22:53:05,437 - Apparent-V2_D2_16_AdditionalDriver_Non-licensed -INFO - Test case has failed!
2021-03-03 22:53:05,437 - Apparent-V2_D2_16_AdditionalDriver_Non-licensed -INFO - no such element: Unable to locate element: {"method":"xpath","selector":"//*[@identity='rdCurrentlyInsured']/div/div/label[contains(text(),'Yes')]"}
  (Session info: chrome=88.0.4324.190)
  (Driver info: chromedriver=2.41.578737 (49da6702b16031c40d63e5618de03a32ff6c197e),platform=Windows NT 10.0.19041 x86_64) (WARNING: The server did not provide any stacktrace information)
Command duration or timeout: 0 milliseconds
For documentation on this error, please visit: http://seleniumhq.org/exceptions/no_such_element.html
Build info: version: '3.10.0', revision: '176b4a9', time: '2018-03-02T19:03:16.397Z'
System info: host: 'DESKTOP-RL948I0', ip: '192.168.43.163', os.name: 'Windows 10', os.arch: 'amd64', os.version: '10.0', java.version: '1.8.0_181'
Driver info: org.openqa.selenium.chrome.ChromeDriver
Capabilities {acceptInsecureCerts: false, acceptSslCerts: false, applicationCacheEnabled: false, browserConnectionEnabled: false, browserName: chrome, chrome: {chromedriverVersion: 2.41.578737 (49da6702b16031..., userDataDir: C:\Users\Admin\AppData\Loca...}, cssSelectorsEnabled: true, databaseEnabled: false, goog:chromeOptions: {debuggerAddress: localhost:54044}, handlesAlerts: true, hasTouchScreen: false, javascriptEnabled: true, locationContextEnabled: true, mobileEmulationEnabled: false, nativeEvents: true, networkConnectionEnabled: false, pageLoadStrategy: normal, platform: XP, platformName: XP, rotatable: false, setWindowRect: true, takesHeapSnapshot: true, takesScreenshot: true, unexpectedAlertBehaviour: , unhandledPromptBehavior: , version: 88.0.4324.190, webStorageEnabled: true}
Session ID: 9e1bb77a52b973c9203b1b9034d11bcf
*** Element info: {Using=xpath, value=//*[@identity='rdCurrentlyInsured']/div/div/label[contains(text(),'Yes')]}
2021-03-03 22:53:10,753 - Test Suite -ERROR - TC016 is Failed ! 
 EXCEPTION:  --->  org.openqa.selenium.NoSuchElementException: no such element: Unable to locate element: {"method":"xpath","selector":"//*[@identity='rdCurrentlyInsured']/div/div/label[contains(text(),'Yes')]"}
  (Session info: chrome=88.0.4324.190)
  (Driver info: chromedriver=2.41.578737 (49da6702b16031c40d63e5618de03a32ff6c197e),platform=Windows NT 10.0.19041 x86_64) (WARNING: The server did not provide any stacktrace information)
Command duration or timeout: 0 milliseconds
For documentation on this error, please visit: http://seleniumhq.org/exceptions/no_such_element.html
Build info: version: '3.10.0', revision: '176b4a9', time: '2018-03-02T19:03:16.397Z'
System info: host: 'DESKTOP-RL948I0', ip: '192.168.43.163', os.name: 'Windows 10', os.arch: 'amd64', os.version: '10.0', java.version: '1.8.0_181'
Driver info: org.openqa.selenium.chrome.ChromeDriver
Capabilities {acceptInsecureCerts: false, acceptSslCerts: false, applicationCacheEnabled: false, browserConnectionEnabled: false, browserName: chrome, chrome: {chromedriverVersion: 2.41.578737 (49da6702b16031..., userDataDir: C:\Users\Admin\AppData\Loca...}, cssSelectorsEnabled: true, databaseEnabled: false, goog:chromeOptions: {debuggerAddress: localhost:54044}, handlesAlerts: true, hasTouchScreen: false, javascriptEnabled: true, locationContextEnabled: true, mobileEmulationEnabled: false, nativeEvents: true, networkConnectionEnabled: false, pageLoadStrategy: normal, platform: XP, platformName: XP, rotatable: false, setWindowRect: true, takesHeapSnapshot: true, takesScreenshot: true, unexpectedAlertBehaviour: , unhandledPromptBehavior: , version: 88.0.4324.190, webStorageEnabled: true}
Session ID: 9e1bb77a52b973c9203b1b9034d11bcf
*** Element info: {Using=xpath, value=//*[@identity='rdCurrentlyInsured']/div/div/label[contains(text(),'Yes')]}
	at sun.reflect.GeneratedConstructorAccessor18.newInstance(Unknown Source)
	at sun.reflect.DelegatingConstructorAccessorImpl.newInstance(DelegatingConstructorAccessorImpl.java:45)
	at java.lang.reflect.Constructor.newInstance(Constructor.java:423)
	at org.openqa.selenium.remote.ErrorHandler.createThrowable(ErrorHandler.java:214)
	at org.openqa.selenium.remote.ErrorHandler.throwIfResponseFailed(ErrorHandler.java:166)
	at org.openqa.selenium.remote.http.JsonHttpResponseCodec.reconstructValue(JsonHttpResponseCodec.java:40)
	at org.openqa.selenium.remote.http.AbstractHttpResponseCodec.decode(AbstractHttpResponseCodec.java:80)
	at org.openqa.selenium.remote.http.AbstractHttpResponseCodec.decode(AbstractHttpResponseCodec.java:44)
	at org.openqa.selenium.remote.HttpCommandExecutor.execute(HttpCommandExecutor.java:160)
	at org.openqa.selenium.remote.service.DriverCommandExecutor.execute(DriverCommandExecutor.java:83)
	at org.openqa.selenium.remote.RemoteWebDriver.execute(RemoteWebDriver.java:601)
	at org.openqa.selenium.remote.RemoteWebDriver.findElement(RemoteWebDriver.java:371)
	at org.openqa.selenium.remote.RemoteWebDriver.findElementByXPath(RemoteWebDriver.java:473)
	at org.openqa.selenium.By$ByXPath.findElement(By.java:361)
	at org.openqa.selenium.remote.RemoteWebDriver.findElement(RemoteWebDriver.java:363)
	at resources.WebFunctions.click(WebFunctions.java:164)
	at SharedTC.STC_InsuranceHistory.insuranceHistory_Yes(STC_InsuranceHistory.java:19)
	at testApparent.TC_Regression.TC016(TC_Regression.java:331)
	at sun.reflect.NativeMethodAccessorImpl.invoke0(Native Method)
	at sun.reflect.NativeMethodAccessorImpl.invoke(NativeMethodAccessorImpl.java:62)
	at sun.reflect.DelegatingMethodAccessorImpl.invoke(DelegatingMethodAccessorImpl.java:43)
	at java.lang.reflect.Method.invoke(Method.java:498)
	at org.testng.internal.MethodInvocationHelper.invokeMethod(MethodInvocationHelper.java:85)
	at org.testng.internal.Invoker.invokeMethod(Invoker.java:639)
	at org.testng.internal.Invoker.invokeTestMethod(Invoker.java:816)
	at org.testng.internal.Invoker.invokeTestMethods(Invoker.java:1124)
	at org.testng.internal.TestMethodWorker.invokeTestMethods(TestMethodWorker.java:125)
	at org.testng.internal.TestMethodWorker.run(TestMethodWorker.java:108)
	at java.util.concurrent.ThreadPoolExecutor.runWorker(ThreadPoolExecutor.java:1149)
	at java.util.concurrent.ThreadPoolExecutor$Worker.run(ThreadPoolExecutor.java:624)
	at java.lang.Thread.run(Thread.java:748)

2021-03-03 22:55:37,342 - Test Suite -INFO - TEST CASE: TC016 | Priority: 5
2021-03-03 22:55:59,606 - Apparent-V2_D2_16_AdditionalDriver_Non-licensed -INFO - Beginning to Quote.
2021-03-03 22:56:08,052 - Apparent-V2_D2_16_AdditionalDriver_Non-licensed -INFO - Family page: Success!
2021-03-03 22:56:17,155 - Apparent-V2_D2_16_AdditionalDriver_Non-licensed -INFO - Policy Holder page: Success!
2021-03-03 22:56:17,841 - Apparent-V2_D2_16_AdditionalDriver_Non-licensed -ERROR - NoSuchElement Exception
2021-03-03 22:56:23,794 - Apparent-V2_D2_16_AdditionalDriver_Non-licensed -ERROR - WebDriver Exception
2021-03-03 22:56:47,414 - Apparent-V2_D2_16_AdditionalDriver_Non-licensed -INFO - Address page: Success!
2021-03-03 22:57:32,667 - Apparent-V2_D2_16_AdditionalDriver_Non-licensed -INFO - Vehicle Details 1of2 page: Success!
2021-03-03 22:57:58,456 - Apparent-V2_D2_16_AdditionalDriver_Non-licensed -INFO - Vehicle Details 2of2 page: Success!
2021-03-03 22:58:01,682 - Apparent-V2_D2_16_AdditionalDriver_Non-licensed -INFO - VehicleList page: Success!
2021-03-03 22:58:41,422 - Apparent-V2_D2_16_AdditionalDriver_Non-licensed -INFO - Vehicle Details 1of2 page: Success!
2021-03-03 22:59:07,117 - Apparent-V2_D2_16_AdditionalDriver_Non-licensed -INFO - Vehicle Details 2of2 page: Success!
2021-03-03 22:59:13,355 - Apparent-V2_D2_16_AdditionalDriver_Non-licensed -INFO - VehicleList page: Success!
2021-03-03 22:59:29,764 - Apparent-V2_D2_16_AdditionalDriver_Non-licensed -ERROR - NoSuchElement Exception
2021-03-03 22:59:33,263 - Apparent-V2_D2_16_AdditionalDriver_Non-licensed -ERROR - NoSuchElement Exception
2021-03-03 22:59:36,788 - Apparent-V2_D2_16_AdditionalDriver_Non-licensed -ERROR - NoSuchElement Exception
2021-03-03 22:59:43,548 - Apparent-V2_D2_16_AdditionalDriver_Non-licensed -INFO - Policy holder Details 1of2 page: Success!
2021-03-03 23:00:01,520 - Apparent-V2_D2_16_AdditionalDriver_Non-licensed -INFO - Policy Holder Details 2of2 page: Success!
2021-03-03 23:00:19,226 - Apparent-V2_D2_16_AdditionalDriver_Non-licensed -INFO - Incident added Successfully !
2021-03-03 23:00:22,459 - Apparent-V2_D2_16_AdditionalDriver_Non-licensed -INFO - DriverList page: Success!
2021-03-03 23:00:39,276 - Apparent-V2_D2_16_AdditionalDriver_Non-licensed -INFO - Additional Driver 1of2 page: Success!
2021-03-03 23:01:32,495 - Apparent-V2_D2_16_AdditionalDriver_Non-licensed -ERROR - WebDriver Exception
2021-03-03 23:01:34,932 - Apparent-V2_D2_16_AdditionalDriver_Non-licensed -ERROR - WebDriver Exception
2021-03-03 23:01:37,396 - Apparent-V2_D2_16_AdditionalDriver_Non-licensed -ERROR - WebDriver Exception
2021-03-03 23:09:39,064 - Test Suite -INFO - TEST CASE: TC016 | Priority: 5
2021-03-03 23:10:02,469 - Apparent-V2_D2_16_AdditionalDriver_Non-licensed -INFO - Beginning to Quote.
2021-03-03 23:10:10,952 - Apparent-V2_D2_16_AdditionalDriver_Non-licensed -INFO - Family page: Success!
2021-03-03 23:10:20,235 - Apparent-V2_D2_16_AdditionalDriver_Non-licensed -INFO - Policy Holder page: Success!
2021-03-03 23:10:21,034 - Apparent-V2_D2_16_AdditionalDriver_Non-licensed -ERROR - NoSuchElement Exception
2021-03-03 23:10:26,950 - Apparent-V2_D2_16_AdditionalDriver_Non-licensed -ERROR - WebDriver Exception
2021-03-03 23:10:50,693 - Apparent-V2_D2_16_AdditionalDriver_Non-licensed -INFO - Address page: Success!
2021-03-03 23:11:33,951 - Apparent-V2_D2_16_AdditionalDriver_Non-licensed -INFO - Vehicle Details 1of2 page: Success!
2021-03-03 23:11:59,777 - Apparent-V2_D2_16_AdditionalDriver_Non-licensed -INFO - Vehicle Details 2of2 page: Success!
2021-03-03 23:12:03,009 - Apparent-V2_D2_16_AdditionalDriver_Non-licensed -INFO - VehicleList page: Success!
2021-03-03 23:12:42,985 - Apparent-V2_D2_16_AdditionalDriver_Non-licensed -INFO - Vehicle Details 1of2 page: Success!
2021-03-03 23:13:08,778 - Apparent-V2_D2_16_AdditionalDriver_Non-licensed -INFO - Vehicle Details 2of2 page: Success!
2021-03-03 23:13:15,025 - Apparent-V2_D2_16_AdditionalDriver_Non-licensed -INFO - VehicleList page: Success!
2021-03-03 23:13:31,481 - Apparent-V2_D2_16_AdditionalDriver_Non-licensed -ERROR - NoSuchElement Exception
2021-03-03 23:13:35,037 - Apparent-V2_D2_16_AdditionalDriver_Non-licensed -ERROR - NoSuchElement Exception
2021-03-03 23:13:38,590 - Apparent-V2_D2_16_AdditionalDriver_Non-licensed -ERROR - NoSuchElement Exception
2021-03-03 23:13:45,389 - Apparent-V2_D2_16_AdditionalDriver_Non-licensed -INFO - Policy holder Details 1of2 page: Success!
2021-03-03 23:14:03,487 - Apparent-V2_D2_16_AdditionalDriver_Non-licensed -INFO - Policy Holder Details 2of2 page: Success!
2021-03-03 23:14:21,328 - Apparent-V2_D2_16_AdditionalDriver_Non-licensed -INFO - Incident added Successfully !
2021-03-03 23:14:24,550 - Apparent-V2_D2_16_AdditionalDriver_Non-licensed -INFO - DriverList page: Success!
2021-03-03 23:14:41,337 - Apparent-V2_D2_16_AdditionalDriver_Non-licensed -INFO - Additional Driver 1of2 page: Success!
2021-03-03 23:16:08,319 - Apparent-V2_D2_16_AdditionalDriver_Non-licensed -INFO - Additional Driver 2of2 page: Success!
2021-03-03 23:16:25,390 - Apparent-V2_D2_16_AdditionalDriver_Non-licensed -INFO - No Incident added!
2021-03-03 23:16:39,032 - Apparent-V2_D2_16_AdditionalDriver_Non-licensed -INFO - DriverList page: Success!
2021-03-03 23:17:43,054 - Apparent-V2_D2_16_AdditionalDriver_Non-licensed -INFO - Insurance History page: Success!
2021-03-03 23:20:56,814 - Test Suite -INFO - TEST CASE: TC016 | Priority: 5
2021-03-03 23:21:17,983 - Apparent-V2_D2_16_AdditionalDriver_Non-licensed -INFO - Beginning to Quote.
2021-03-03 23:21:26,439 - Apparent-V2_D2_16_AdditionalDriver_Non-licensed -INFO - Family page: Success!
2021-03-03 23:21:35,712 - Apparent-V2_D2_16_AdditionalDriver_Non-licensed -INFO - Policy Holder page: Success!
2021-03-03 23:21:36,373 - Apparent-V2_D2_16_AdditionalDriver_Non-licensed -ERROR - NoSuchElement Exception
2021-03-03 23:21:42,291 - Apparent-V2_D2_16_AdditionalDriver_Non-licensed -ERROR - WebDriver Exception
2021-03-03 23:22:05,926 - Apparent-V2_D2_16_AdditionalDriver_Non-licensed -INFO - Address page: Success!
2021-03-03 23:22:48,051 - Apparent-V2_D2_16_AdditionalDriver_Non-licensed -INFO - Vehicle Details 1of2 page: Success!
2021-03-03 23:23:13,707 - Apparent-V2_D2_16_AdditionalDriver_Non-licensed -INFO - Vehicle Details 2of2 page: Success!
2021-03-03 23:23:16,953 - Apparent-V2_D2_16_AdditionalDriver_Non-licensed -INFO - VehicleList page: Success!
2021-03-03 23:23:56,702 - Apparent-V2_D2_16_AdditionalDriver_Non-licensed -INFO - Vehicle Details 1of2 page: Success!
2021-03-03 23:24:22,347 - Apparent-V2_D2_16_AdditionalDriver_Non-licensed -INFO - Vehicle Details 2of2 page: Success!
2021-03-03 23:24:28,575 - Apparent-V2_D2_16_AdditionalDriver_Non-licensed -INFO - VehicleList page: Success!
2021-03-03 23:24:44,944 - Apparent-V2_D2_16_AdditionalDriver_Non-licensed -ERROR - NoSuchElement Exception
2021-03-03 23:24:48,434 - Apparent-V2_D2_16_AdditionalDriver_Non-licensed -ERROR - NoSuchElement Exception
2021-03-03 23:24:51,962 - Apparent-V2_D2_16_AdditionalDriver_Non-licensed -ERROR - NoSuchElement Exception
2021-03-03 23:24:58,712 - Apparent-V2_D2_16_AdditionalDriver_Non-licensed -INFO - Policy holder Details 1of2 page: Success!
2021-03-03 23:25:16,766 - Apparent-V2_D2_16_AdditionalDriver_Non-licensed -INFO - Policy Holder Details 2of2 page: Success!
2021-03-03 23:25:34,499 - Apparent-V2_D2_16_AdditionalDriver_Non-licensed -INFO - Incident added Successfully !
2021-03-03 23:25:37,711 - Apparent-V2_D2_16_AdditionalDriver_Non-licensed -INFO - DriverList page: Success!
2021-03-03 23:25:54,548 - Apparent-V2_D2_16_AdditionalDriver_Non-licensed -INFO - Additional Driver 1of2 page: Success!
2021-03-03 23:26:13,926 - Apparent-V2_D2_16_AdditionalDriver_Non-licensed -INFO - Additional Driver 2of2 page: Success!
2021-03-03 23:26:13,926 - Apparent-V2_D2_16_AdditionalDriver_Non-licensed -INFO - No Incident added!
2021-03-03 23:26:17,146 - Apparent-V2_D2_16_AdditionalDriver_Non-licensed -INFO - DriverList page: Success!
2021-03-03 23:26:54,326 - Apparent-V2_D2_16_AdditionalDriver_Non-licensed -INFO - Insurance History page: Success!
2021-03-03 23:27:07,955 - Apparent-V2_D2_16_AdditionalDriver_Non-licensed -INFO - Policy Start page: Success!
2021-03-03 23:27:28,295 - Apparent-V2_D2_16_AdditionalDriver_Non-licensed -INFO - Quote Page: Success!
2021-03-03 23:27:41,655 - Apparent-V2_D2_16_AdditionalDriver_Non-licensed -INFO - Test case has failed!
2021-03-03 23:27:41,655 - Apparent-V2_D2_16_AdditionalDriver_Non-licensed -INFO - no such element: Unable to locate element: {"method":"xpath","selector":"(//input[@name='driverLicense'])[2]"}
  (Session info: chrome=88.0.4324.190)
  (Driver info: chromedriver=2.41.578737 (49da6702b16031c40d63e5618de03a32ff6c197e),platform=Windows NT 10.0.19041 x86_64) (WARNING: The server did not provide any stacktrace information)
Command duration or timeout: 0 milliseconds
For documentation on this error, please visit: http://seleniumhq.org/exceptions/no_such_element.html
Build info: version: '3.10.0', revision: '176b4a9', time: '2018-03-02T19:03:16.397Z'
System info: host: 'DESKTOP-RL948I0', ip: '192.168.43.163', os.name: 'Windows 10', os.arch: 'amd64', os.version: '10.0', java.version: '1.8.0_181'
Driver info: org.openqa.selenium.chrome.ChromeDriver
Capabilities {acceptInsecureCerts: false, acceptSslCerts: false, applicationCacheEnabled: false, browserConnectionEnabled: false, browserName: chrome, chrome: {chromedriverVersion: 2.41.578737 (49da6702b16031..., userDataDir: C:\Users\Admin\AppData\Loca...}, cssSelectorsEnabled: true, databaseEnabled: false, goog:chromeOptions: {debuggerAddress: localhost:56290}, handlesAlerts: true, hasTouchScreen: false, javascriptEnabled: true, locationContextEnabled: true, mobileEmulationEnabled: false, nativeEvents: true, networkConnectionEnabled: false, pageLoadStrategy: normal, platform: XP, platformName: XP, rotatable: false, setWindowRect: true, takesHeapSnapshot: true, takesScreenshot: true, unexpectedAlertBehaviour: , unhandledPromptBehavior: , version: 88.0.4324.190, webStorageEnabled: true}
Session ID: f3a66d59c85b786dbec42143e1d089ca
*** Element info: {Using=xpath, value=(//input[@name='driverLicense'])[2]}
2021-03-03 23:27:47,122 - Test Suite -ERROR - TC016 is Failed ! 
 EXCEPTION:  --->  org.openqa.selenium.NoSuchElementException: no such element: Unable to locate element: {"method":"xpath","selector":"(//input[@name='driverLicense'])[2]"}
  (Session info: chrome=88.0.4324.190)
  (Driver info: chromedriver=2.41.578737 (49da6702b16031c40d63e5618de03a32ff6c197e),platform=Windows NT 10.0.19041 x86_64) (WARNING: The server did not provide any stacktrace information)
Command duration or timeout: 0 milliseconds
For documentation on this error, please visit: http://seleniumhq.org/exceptions/no_such_element.html
Build info: version: '3.10.0', revision: '176b4a9', time: '2018-03-02T19:03:16.397Z'
System info: host: 'DESKTOP-RL948I0', ip: '192.168.43.163', os.name: 'Windows 10', os.arch: 'amd64', os.version: '10.0', java.version: '1.8.0_181'
Driver info: org.openqa.selenium.chrome.ChromeDriver
Capabilities {acceptInsecureCerts: false, acceptSslCerts: false, applicationCacheEnabled: false, browserConnectionEnabled: false, browserName: chrome, chrome: {chromedriverVersion: 2.41.578737 (49da6702b16031..., userDataDir: C:\Users\Admin\AppData\Loca...}, cssSelectorsEnabled: true, databaseEnabled: false, goog:chromeOptions: {debuggerAddress: localhost:56290}, handlesAlerts: true, hasTouchScreen: false, javascriptEnabled: true, locationContextEnabled: true, mobileEmulationEnabled: false, nativeEvents: true, networkConnectionEnabled: false, pageLoadStrategy: normal, platform: XP, platformName: XP, rotatable: false, setWindowRect: true, takesHeapSnapshot: true, takesScreenshot: true, unexpectedAlertBehaviour: , unhandledPromptBehavior: , version: 88.0.4324.190, webStorageEnabled: true}
Session ID: f3a66d59c85b786dbec42143e1d089ca
*** Element info: {Using=xpath, value=(//input[@name='driverLicense'])[2]}
	at sun.reflect.GeneratedConstructorAccessor18.newInstance(Unknown Source)
	at sun.reflect.DelegatingConstructorAccessorImpl.newInstance(DelegatingConstructorAccessorImpl.java:45)
	at java.lang.reflect.Constructor.newInstance(Constructor.java:423)
	at org.openqa.selenium.remote.ErrorHandler.createThrowable(ErrorHandler.java:214)
	at org.openqa.selenium.remote.ErrorHandler.throwIfResponseFailed(ErrorHandler.java:166)
	at org.openqa.selenium.remote.http.JsonHttpResponseCodec.reconstructValue(JsonHttpResponseCodec.java:40)
	at org.openqa.selenium.remote.http.AbstractHttpResponseCodec.decode(AbstractHttpResponseCodec.java:80)
	at org.openqa.selenium.remote.http.AbstractHttpResponseCodec.decode(AbstractHttpResponseCodec.java:44)
	at org.openqa.selenium.remote.HttpCommandExecutor.execute(HttpCommandExecutor.java:160)
	at org.openqa.selenium.remote.service.DriverCommandExecutor.execute(DriverCommandExecutor.java:83)
	at org.openqa.selenium.remote.RemoteWebDriver.execute(RemoteWebDriver.java:601)
	at org.openqa.selenium.remote.RemoteWebDriver.findElement(RemoteWebDriver.java:371)
	at org.openqa.selenium.remote.RemoteWebDriver.findElementByXPath(RemoteWebDriver.java:473)
	at org.openqa.selenium.By$ByXPath.findElement(By.java:361)
	at org.openqa.selenium.remote.RemoteWebDriver.findElement(RemoteWebDriver.java:363)
	at resources.WebFunctions.type(WebFunctions.java:87)
	at SharedTC.STC_ConfirmDriver.confirmDriver(STC_ConfirmDriver.java:23)
	at testApparent.TC_Regression.TC016(TC_Regression.java:335)
	at sun.reflect.NativeMethodAccessorImpl.invoke0(Native Method)
	at sun.reflect.NativeMethodAccessorImpl.invoke(NativeMethodAccessorImpl.java:62)
	at sun.reflect.DelegatingMethodAccessorImpl.invoke(DelegatingMethodAccessorImpl.java:43)
	at java.lang.reflect.Method.invoke(Method.java:498)
	at org.testng.internal.MethodInvocationHelper.invokeMethod(MethodInvocationHelper.java:85)
	at org.testng.internal.Invoker.invokeMethod(Invoker.java:639)
	at org.testng.internal.Invoker.invokeTestMethod(Invoker.java:816)
	at org.testng.internal.Invoker.invokeTestMethods(Invoker.java:1124)
	at org.testng.internal.TestMethodWorker.invokeTestMethods(TestMethodWorker.java:125)
	at org.testng.internal.TestMethodWorker.run(TestMethodWorker.java:108)
	at java.util.concurrent.ThreadPoolExecutor.runWorker(ThreadPoolExecutor.java:1149)
	at java.util.concurrent.ThreadPoolExecutor$Worker.run(ThreadPoolExecutor.java:624)
	at java.lang.Thread.run(Thread.java:748)

2021-03-03 23:32:20,238 - Test Suite -INFO - TEST CASE: TC016 | Priority: 5
2021-03-03 23:32:46,217 - Apparent-V2_D2_16_AdditionalDriver_Non-licensed -INFO - Beginning to Quote.
2021-03-03 23:32:54,658 - Apparent-V2_D2_16_AdditionalDriver_Non-licensed -INFO - Family page: Success!
2021-03-03 23:33:03,841 - Apparent-V2_D2_16_AdditionalDriver_Non-licensed -INFO - Policy Holder page: Success!
2021-03-03 23:33:04,510 - Apparent-V2_D2_16_AdditionalDriver_Non-licensed -ERROR - NoSuchElement Exception
2021-03-03 23:33:10,708 - Apparent-V2_D2_16_AdditionalDriver_Non-licensed -ERROR - WebDriver Exception
2021-03-03 23:33:34,290 - Apparent-V2_D2_16_AdditionalDriver_Non-licensed -INFO - Address page: Success!
2021-03-03 23:34:16,647 - Apparent-V2_D2_16_AdditionalDriver_Non-licensed -INFO - Vehicle Details 1of2 page: Success!
2021-03-03 23:34:42,353 - Apparent-V2_D2_16_AdditionalDriver_Non-licensed -INFO - Vehicle Details 2of2 page: Success!
2021-03-03 23:34:45,573 - Apparent-V2_D2_16_AdditionalDriver_Non-licensed -INFO - VehicleList page: Success!
2021-03-03 23:35:25,914 - Apparent-V2_D2_16_AdditionalDriver_Non-licensed -INFO - Vehicle Details 1of2 page: Success!
2021-03-03 23:35:51,601 - Apparent-V2_D2_16_AdditionalDriver_Non-licensed -INFO - Vehicle Details 2of2 page: Success!
2021-03-03 23:35:57,863 - Apparent-V2_D2_16_AdditionalDriver_Non-licensed -INFO - VehicleList page: Success!
2021-03-03 23:36:14,303 - Apparent-V2_D2_16_AdditionalDriver_Non-licensed -ERROR - NoSuchElement Exception
2021-03-03 23:36:17,822 - Apparent-V2_D2_16_AdditionalDriver_Non-licensed -ERROR - NoSuchElement Exception
2021-03-03 23:36:21,371 - Apparent-V2_D2_16_AdditionalDriver_Non-licensed -ERROR - NoSuchElement Exception
2021-03-03 23:36:28,088 - Apparent-V2_D2_16_AdditionalDriver_Non-licensed -INFO - Policy holder Details 1of2 page: Success!
2021-03-03 23:36:46,082 - Apparent-V2_D2_16_AdditionalDriver_Non-licensed -INFO - Policy Holder Details 2of2 page: Success!
2021-03-03 23:37:03,796 - Apparent-V2_D2_16_AdditionalDriver_Non-licensed -INFO - Incident added Successfully !
2021-03-03 23:37:06,989 - Apparent-V2_D2_16_AdditionalDriver_Non-licensed -INFO - DriverList page: Success!
2021-03-03 23:37:23,749 - Apparent-V2_D2_16_AdditionalDriver_Non-licensed -INFO - Additional Driver 1of2 page: Success!
2021-03-03 23:37:43,013 - Apparent-V2_D2_16_AdditionalDriver_Non-licensed -INFO - Additional Driver 2of2 page: Success!
2021-03-03 23:37:43,014 - Apparent-V2_D2_16_AdditionalDriver_Non-licensed -INFO - No Incident added!
2021-03-03 23:37:46,240 - Apparent-V2_D2_16_AdditionalDriver_Non-licensed -INFO - DriverList page: Success!
2021-03-03 23:38:23,359 - Apparent-V2_D2_16_AdditionalDriver_Non-licensed -INFO - Insurance History page: Success!
2021-03-03 23:38:37,005 - Apparent-V2_D2_16_AdditionalDriver_Non-licensed -INFO - Policy Start page: Success!
2021-03-03 23:40:30,072 - Apparent-V2_D2_16_AdditionalDriver_Non-licensed -INFO - Quote Page: Success!
2021-03-03 23:46:58,550 - Test Suite -INFO - TEST CASE: TC007 | Priority: 5
2021-03-03 23:48:02,578 - Apparent-V1_D1_07 -ERROR - WebDriver Exception
2021-03-03 23:48:23,281 - Apparent-V1_D1_07 -INFO - Beginning to Quote.
2021-03-03 23:48:36,770 - Apparent-V1_D1_07 -INFO - Family page: Success!
2021-03-03 23:48:39,063 - Apparent-V1_D1_07 -ERROR - WebDriver Exception
2021-03-03 23:48:41,209 - Apparent-V1_D1_07 -ERROR - WebDriver Exception
2021-03-03 23:48:43,428 - Apparent-V1_D1_07 -ERROR - WebDriver Exception
2021-03-03 23:48:45,623 - Apparent-V1_D1_07 -INFO - Test case has failed!
2021-03-03 23:48:45,624 - Apparent-V1_D1_07 -INFO - unknown error: keys should be a string
  (Session info: chrome=88.0.4324.190)
  (Driver info: chromedriver=2.41.578737 (49da6702b16031c40d63e5618de03a32ff6c197e),platform=Windows NT 10.0.19041 x86_64) (WARNING: The server did not provide any stacktrace information)
Command duration or timeout: 0 milliseconds
Build info: version: '3.10.0', revision: '176b4a9', time: '2018-03-02T19:03:16.397Z'
System info: host: 'DESKTOP-RL948I0', ip: '192.168.43.163', os.name: 'Windows 10', os.arch: 'amd64', os.version: '10.0', java.version: '1.8.0_181'
Driver info: org.openqa.selenium.chrome.ChromeDriver
Capabilities {acceptInsecureCerts: false, acceptSslCerts: false, applicationCacheEnabled: false, browserConnectionEnabled: false, browserName: chrome, chrome: {chromedriverVersion: 2.41.578737 (49da6702b16031..., userDataDir: C:\Users\Admin\AppData\Loca...}, cssSelectorsEnabled: true, databaseEnabled: false, goog:chromeOptions: {debuggerAddress: localhost:57761}, handlesAlerts: true, hasTouchScreen: false, javascriptEnabled: true, locationContextEnabled: true, mobileEmulationEnabled: false, nativeEvents: true, networkConnectionEnabled: false, pageLoadStrategy: normal, platform: XP, platformName: XP, rotatable: false, setWindowRect: true, takesHeapSnapshot: true, takesScreenshot: true, unexpectedAlertBehaviour: , unhandledPromptBehavior: , version: 88.0.4324.190, webStorageEnabled: true}
Session ID: 26d94aaa25fbef591103df9c052c068b
2021-03-03 23:48:50,981 - Test Suite -ERROR - TC007 is Failed ! 
 EXCEPTION:  --->  org.openqa.selenium.WebDriverException: unknown error: keys should be a string
  (Session info: chrome=88.0.4324.190)
  (Driver info: chromedriver=2.41.578737 (49da6702b16031c40d63e5618de03a32ff6c197e),platform=Windows NT 10.0.19041 x86_64) (WARNING: The server did not provide any stacktrace information)
Command duration or timeout: 0 milliseconds
Build info: version: '3.10.0', revision: '176b4a9', time: '2018-03-02T19:03:16.397Z'
System info: host: 'DESKTOP-RL948I0', ip: '192.168.43.163', os.name: 'Windows 10', os.arch: 'amd64', os.version: '10.0', java.version: '1.8.0_181'
Driver info: org.openqa.selenium.chrome.ChromeDriver
Capabilities {acceptInsecureCerts: false, acceptSslCerts: false, applicationCacheEnabled: false, browserConnectionEnabled: false, browserName: chrome, chrome: {chromedriverVersion: 2.41.578737 (49da6702b16031..., userDataDir: C:\Users\Admin\AppData\Loca...}, cssSelectorsEnabled: true, databaseEnabled: false, goog:chromeOptions: {debuggerAddress: localhost:57761}, handlesAlerts: true, hasTouchScreen: false, javascriptEnabled: true, locationContextEnabled: true, mobileEmulationEnabled: false, nativeEvents: true, networkConnectionEnabled: false, pageLoadStrategy: normal, platform: XP, platformName: XP, rotatable: false, setWindowRect: true, takesHeapSnapshot: true, takesScreenshot: true, unexpectedAlertBehaviour: , unhandledPromptBehavior: , version: 88.0.4324.190, webStorageEnabled: true}
Session ID: 26d94aaa25fbef591103df9c052c068b
	at sun.reflect.NativeConstructorAccessorImpl.newInstance0(Native Method)
	at sun.reflect.NativeConstructorAccessorImpl.newInstance(NativeConstructorAccessorImpl.java:62)
	at sun.reflect.DelegatingConstructorAccessorImpl.newInstance(DelegatingConstructorAccessorImpl.java:45)
	at java.lang.reflect.Constructor.newInstance(Constructor.java:423)
	at org.openqa.selenium.remote.ErrorHandler.createThrowable(ErrorHandler.java:214)
	at org.openqa.selenium.remote.ErrorHandler.throwIfResponseFailed(ErrorHandler.java:166)
	at org.openqa.selenium.remote.http.JsonHttpResponseCodec.reconstructValue(JsonHttpResponseCodec.java:40)
	at org.openqa.selenium.remote.http.AbstractHttpResponseCodec.decode(AbstractHttpResponseCodec.java:80)
	at org.openqa.selenium.remote.http.AbstractHttpResponseCodec.decode(AbstractHttpResponseCodec.java:44)
	at org.openqa.selenium.remote.HttpCommandExecutor.execute(HttpCommandExecutor.java:160)
	at org.openqa.selenium.remote.service.DriverCommandExecutor.execute(DriverCommandExecutor.java:83)
	at org.openqa.selenium.remote.RemoteWebDriver.execute(RemoteWebDriver.java:601)
	at org.openqa.selenium.remote.RemoteWebElement.execute(RemoteWebElement.java:279)
	at org.openqa.selenium.remote.RemoteWebElement.sendKeys(RemoteWebElement.java:100)
	at sun.reflect.NativeMethodAccessorImpl.invoke0(Native Method)
	at sun.reflect.NativeMethodAccessorImpl.invoke(NativeMethodAccessorImpl.java:62)
	at sun.reflect.DelegatingMethodAccessorImpl.invoke(DelegatingMethodAccessorImpl.java:43)
	at java.lang.reflect.Method.invoke(Method.java:498)
	at org.openqa.selenium.support.pagefactory.internal.LocatingElementHandler.invoke(LocatingElementHandler.java:51)
	at com.sun.proxy.$Proxy9.sendKeys(Unknown Source)
	at resources.WebFunctions.type(WebFunctions.java:37)
	at SharedTC.STC_PolicyHolder.policyholder(STC_PolicyHolder.java:18)
	at testApparent.TC_Regression.TC007(TC_Regression.java:183)
	at sun.reflect.NativeMethodAccessorImpl.invoke0(Native Method)
	at sun.reflect.NativeMethodAccessorImpl.invoke(NativeMethodAccessorImpl.java:62)
	at sun.reflect.DelegatingMethodAccessorImpl.invoke(DelegatingMethodAccessorImpl.java:43)
	at java.lang.reflect.Method.invoke(Method.java:498)
	at org.testng.internal.MethodInvocationHelper.invokeMethod(MethodInvocationHelper.java:85)
	at org.testng.internal.Invoker.invokeMethod(Invoker.java:639)
	at org.testng.internal.Invoker.invokeTestMethod(Invoker.java:816)
	at org.testng.internal.Invoker.invokeTestMethods(Invoker.java:1124)
	at org.testng.internal.TestMethodWorker.invokeTestMethods(TestMethodWorker.java:125)
	at org.testng.internal.TestMethodWorker.run(TestMethodWorker.java:108)
	at java.util.concurrent.ThreadPoolExecutor.runWorker(ThreadPoolExecutor.java:1149)
	at java.util.concurrent.ThreadPoolExecutor$Worker.run(ThreadPoolExecutor.java:624)
	at java.lang.Thread.run(Thread.java:748)

2021-03-03 23:51:58,042 - Test Suite -INFO - TEST CASE: TC007 | Priority: 5
2021-03-03 23:53:00,106 - Apparent-V1_D1_07 -INFO - Beginning to Quote.
2021-03-03 23:53:08,531 - Apparent-V1_D1_07 -INFO - Family page: Success!
2021-03-03 23:53:10,777 - Apparent-V1_D1_07 -ERROR - WebDriver Exception
2021-03-03 23:53:12,935 - Apparent-V1_D1_07 -ERROR - WebDriver Exception
2021-03-03 23:53:15,092 - Apparent-V1_D1_07 -ERROR - WebDriver Exception
2021-03-03 23:53:17,242 - Apparent-V1_D1_07 -INFO - Test case has failed!
2021-03-03 23:53:17,242 - Apparent-V1_D1_07 -INFO - unknown error: keys should be a string
  (Session info: chrome=88.0.4324.190)
  (Driver info: chromedriver=2.41.578737 (49da6702b16031c40d63e5618de03a32ff6c197e),platform=Windows NT 10.0.19041 x86_64) (WARNING: The server did not provide any stacktrace information)
Command duration or timeout: 0 milliseconds
Build info: version: '3.10.0', revision: '176b4a9', time: '2018-03-02T19:03:16.397Z'
System info: host: 'DESKTOP-RL948I0', ip: '192.168.43.163', os.name: 'Windows 10', os.arch: 'amd64', os.version: '10.0', java.version: '1.8.0_181'
Driver info: org.openqa.selenium.chrome.ChromeDriver
Capabilities {acceptInsecureCerts: false, acceptSslCerts: false, applicationCacheEnabled: false, browserConnectionEnabled: false, browserName: chrome, chrome: {chromedriverVersion: 2.41.578737 (49da6702b16031..., userDataDir: C:\Users\Admin\AppData\Loca...}, cssSelectorsEnabled: true, databaseEnabled: false, goog:chromeOptions: {debuggerAddress: localhost:58052}, handlesAlerts: true, hasTouchScreen: false, javascriptEnabled: true, locationContextEnabled: true, mobileEmulationEnabled: false, nativeEvents: true, networkConnectionEnabled: false, pageLoadStrategy: normal, platform: XP, platformName: XP, rotatable: false, setWindowRect: true, takesHeapSnapshot: true, takesScreenshot: true, unexpectedAlertBehaviour: , unhandledPromptBehavior: , version: 88.0.4324.190, webStorageEnabled: true}
Session ID: a1bd1bc5eba5262ce9a34eb2a9a5aaf5
2021-03-03 23:53:22,901 - Test Suite -ERROR - TC007 is Failed ! 
 EXCEPTION:  --->  org.openqa.selenium.WebDriverException: unknown error: keys should be a string
  (Session info: chrome=88.0.4324.190)
  (Driver info: chromedriver=2.41.578737 (49da6702b16031c40d63e5618de03a32ff6c197e),platform=Windows NT 10.0.19041 x86_64) (WARNING: The server did not provide any stacktrace information)
Command duration or timeout: 0 milliseconds
Build info: version: '3.10.0', revision: '176b4a9', time: '2018-03-02T19:03:16.397Z'
System info: host: 'DESKTOP-RL948I0', ip: '192.168.43.163', os.name: 'Windows 10', os.arch: 'amd64', os.version: '10.0', java.version: '1.8.0_181'
Driver info: org.openqa.selenium.chrome.ChromeDriver
Capabilities {acceptInsecureCerts: false, acceptSslCerts: false, applicationCacheEnabled: false, browserConnectionEnabled: false, browserName: chrome, chrome: {chromedriverVersion: 2.41.578737 (49da6702b16031..., userDataDir: C:\Users\Admin\AppData\Loca...}, cssSelectorsEnabled: true, databaseEnabled: false, goog:chromeOptions: {debuggerAddress: localhost:58052}, handlesAlerts: true, hasTouchScreen: false, javascriptEnabled: true, locationContextEnabled: true, mobileEmulationEnabled: false, nativeEvents: true, networkConnectionEnabled: false, pageLoadStrategy: normal, platform: XP, platformName: XP, rotatable: false, setWindowRect: true, takesHeapSnapshot: true, takesScreenshot: true, unexpectedAlertBehaviour: , unhandledPromptBehavior: , version: 88.0.4324.190, webStorageEnabled: true}
Session ID: a1bd1bc5eba5262ce9a34eb2a9a5aaf5
	at sun.reflect.NativeConstructorAccessorImpl.newInstance0(Native Method)
	at sun.reflect.NativeConstructorAccessorImpl.newInstance(NativeConstructorAccessorImpl.java:62)
	at sun.reflect.DelegatingConstructorAccessorImpl.newInstance(DelegatingConstructorAccessorImpl.java:45)
	at java.lang.reflect.Constructor.newInstance(Constructor.java:423)
	at org.openqa.selenium.remote.ErrorHandler.createThrowable(ErrorHandler.java:214)
	at org.openqa.selenium.remote.ErrorHandler.throwIfResponseFailed(ErrorHandler.java:166)
	at org.openqa.selenium.remote.http.JsonHttpResponseCodec.reconstructValue(JsonHttpResponseCodec.java:40)
	at org.openqa.selenium.remote.http.AbstractHttpResponseCodec.decode(AbstractHttpResponseCodec.java:80)
	at org.openqa.selenium.remote.http.AbstractHttpResponseCodec.decode(AbstractHttpResponseCodec.java:44)
	at org.openqa.selenium.remote.HttpCommandExecutor.execute(HttpCommandExecutor.java:160)
	at org.openqa.selenium.remote.service.DriverCommandExecutor.execute(DriverCommandExecutor.java:83)
	at org.openqa.selenium.remote.RemoteWebDriver.execute(RemoteWebDriver.java:601)
	at org.openqa.selenium.remote.RemoteWebElement.execute(RemoteWebElement.java:279)
	at org.openqa.selenium.remote.RemoteWebElement.sendKeys(RemoteWebElement.java:100)
	at sun.reflect.NativeMethodAccessorImpl.invoke0(Native Method)
	at sun.reflect.NativeMethodAccessorImpl.invoke(NativeMethodAccessorImpl.java:62)
	at sun.reflect.DelegatingMethodAccessorImpl.invoke(DelegatingMethodAccessorImpl.java:43)
	at java.lang.reflect.Method.invoke(Method.java:498)
	at org.openqa.selenium.support.pagefactory.internal.LocatingElementHandler.invoke(LocatingElementHandler.java:51)
	at com.sun.proxy.$Proxy9.sendKeys(Unknown Source)
	at resources.WebFunctions.type(WebFunctions.java:37)
	at SharedTC.STC_PolicyHolder.policyholder(STC_PolicyHolder.java:18)
	at testApparent.TC_Regression.TC007(TC_Regression.java:183)
	at sun.reflect.NativeMethodAccessorImpl.invoke0(Native Method)
	at sun.reflect.NativeMethodAccessorImpl.invoke(NativeMethodAccessorImpl.java:62)
	at sun.reflect.DelegatingMethodAccessorImpl.invoke(DelegatingMethodAccessorImpl.java:43)
	at java.lang.reflect.Method.invoke(Method.java:498)
	at org.testng.internal.MethodInvocationHelper.invokeMethod(MethodInvocationHelper.java:85)
	at org.testng.internal.Invoker.invokeMethod(Invoker.java:639)
	at org.testng.internal.Invoker.invokeTestMethod(Invoker.java:816)
	at org.testng.internal.Invoker.invokeTestMethods(Invoker.java:1124)
	at org.testng.internal.TestMethodWorker.invokeTestMethods(TestMethodWorker.java:125)
	at org.testng.internal.TestMethodWorker.run(TestMethodWorker.java:108)
	at java.util.concurrent.ThreadPoolExecutor.runWorker(ThreadPoolExecutor.java:1149)
	at java.util.concurrent.ThreadPoolExecutor$Worker.run(ThreadPoolExecutor.java:624)
	at java.lang.Thread.run(Thread.java:748)

2021-03-03 23:55:38,963 - Test Suite -INFO - TEST CASE: TC007 | Priority: 5
2021-03-03 23:56:01,035 - Apparent-V2_D2_07 -INFO - Beginning to Quote.
2021-03-03 23:57:35,669 - Test Suite -INFO - TEST CASE: TC007 | Priority: 5
2021-03-03 23:58:04,862 - Apparent-V2_D2_07 -INFO - Beginning to Quote.
2021-03-03 23:58:13,286 - Apparent-V2_D2_07 -INFO - Family page: Success!
2021-03-03 23:58:22,618 - Apparent-V2_D2_07 -INFO - Policy Holder page: Success!
2021-03-03 23:58:23,398 - Apparent-V2_D2_07 -ERROR - NoSuchElement Exception
2021-03-03 23:58:29,450 - Apparent-V2_D2_07 -ERROR - WebDriver Exception
2021-03-03 23:58:52,996 - Apparent-V2_D2_07 -INFO - Address page: Success!
2021-03-03 23:59:35,678 - Apparent-V2_D2_07 -INFO - Vehicle Details 1of2 page: Success!
2021-03-04 00:00:01,312 - Apparent-V2_D2_07 -INFO - Vehicle Details 2of2 page: Success!
2021-03-04 00:00:04,540 - Apparent-V2_D2_07 -INFO - VehicleList page: Success!
2021-03-04 00:00:44,377 - Apparent-V2_D2_07 -INFO - Vehicle Details 1of2 page: Success!
2021-03-04 00:01:10,012 - Apparent-V2_D2_07 -INFO - Vehicle Details 2of2 page: Success!
2021-03-04 00:01:16,241 - Apparent-V2_D2_07 -INFO - VehicleList page: Success!
2021-03-04 00:01:32,904 - Apparent-V2_D2_07 -ERROR - NoSuchElement Exception
2021-03-04 00:01:36,559 - Apparent-V2_D2_07 -ERROR - NoSuchElement Exception
2021-03-04 00:01:40,407 - Apparent-V2_D2_07 -ERROR - NoSuchElement Exception
2021-03-04 00:01:47,239 - Apparent-V2_D2_07 -INFO - Policy holder Details 1of2 page: Success!
2021-03-04 00:01:49,282 - Apparent-V2_D2_07 -INFO - Test case has failed!
2021-03-04 00:01:49,282 - Apparent-V2_D2_07 -INFO - no such element: Unable to locate element: {"method":"xpath","selector":"//*[@identity='HasValidUSLicense']/div/div/label[contains(text(),'Yes')]"}
  (Session info: chrome=88.0.4324.190)
  (Driver info: chromedriver=2.41.578737 (49da6702b16031c40d63e5618de03a32ff6c197e),platform=Windows NT 10.0.19041 x86_64) (WARNING: The server did not provide any stacktrace information)
Command duration or timeout: 0 milliseconds
For documentation on this error, please visit: http://seleniumhq.org/exceptions/no_such_element.html
Build info: version: '3.10.0', revision: '176b4a9', time: '2018-03-02T19:03:16.397Z'
System info: host: 'DESKTOP-RL948I0', ip: '192.168.43.163', os.name: 'Windows 10', os.arch: 'amd64', os.version: '10.0', java.version: '1.8.0_181'
Driver info: org.openqa.selenium.chrome.ChromeDriver
Capabilities {acceptInsecureCerts: false, acceptSslCerts: false, applicationCacheEnabled: false, browserConnectionEnabled: false, browserName: chrome, chrome: {chromedriverVersion: 2.41.578737 (49da6702b16031..., userDataDir: C:\Users\Admin\AppData\Loca...}, cssSelectorsEnabled: true, databaseEnabled: false, goog:chromeOptions: {debuggerAddress: localhost:58287}, handlesAlerts: true, hasTouchScreen: false, javascriptEnabled: true, locationContextEnabled: true, mobileEmulationEnabled: false, nativeEvents: true, networkConnectionEnabled: false, pageLoadStrategy: normal, platform: XP, platformName: XP, rotatable: false, setWindowRect: true, takesHeapSnapshot: true, takesScreenshot: true, unexpectedAlertBehaviour: , unhandledPromptBehavior: , version: 88.0.4324.190, webStorageEnabled: true}
Session ID: de73766329812a2d848920d642f836b6
*** Element info: {Using=xpath, value=//*[@identity='HasValidUSLicense']/div/div/label[contains(text(),'Yes')]}
2021-03-04 00:01:54,811 - Test Suite -ERROR - TC007 is Failed ! 
 EXCEPTION:  --->  org.openqa.selenium.NoSuchElementException: no such element: Unable to locate element: {"method":"xpath","selector":"//*[@identity='HasValidUSLicense']/div/div/label[contains(text(),'Yes')]"}
  (Session info: chrome=88.0.4324.190)
  (Driver info: chromedriver=2.41.578737 (49da6702b16031c40d63e5618de03a32ff6c197e),platform=Windows NT 10.0.19041 x86_64) (WARNING: The server did not provide any stacktrace information)
Command duration or timeout: 0 milliseconds
For documentation on this error, please visit: http://seleniumhq.org/exceptions/no_such_element.html
Build info: version: '3.10.0', revision: '176b4a9', time: '2018-03-02T19:03:16.397Z'
System info: host: 'DESKTOP-RL948I0', ip: '192.168.43.163', os.name: 'Windows 10', os.arch: 'amd64', os.version: '10.0', java.version: '1.8.0_181'
Driver info: org.openqa.selenium.chrome.ChromeDriver
Capabilities {acceptInsecureCerts: false, acceptSslCerts: false, applicationCacheEnabled: false, browserConnectionEnabled: false, browserName: chrome, chrome: {chromedriverVersion: 2.41.578737 (49da6702b16031..., userDataDir: C:\Users\Admin\AppData\Loca...}, cssSelectorsEnabled: true, databaseEnabled: false, goog:chromeOptions: {debuggerAddress: localhost:58287}, handlesAlerts: true, hasTouchScreen: false, javascriptEnabled: true, locationContextEnabled: true, mobileEmulationEnabled: false, nativeEvents: true, networkConnectionEnabled: false, pageLoadStrategy: normal, platform: XP, platformName: XP, rotatable: false, setWindowRect: true, takesHeapSnapshot: true, takesScreenshot: true, unexpectedAlertBehaviour: , unhandledPromptBehavior: , version: 88.0.4324.190, webStorageEnabled: true}
Session ID: de73766329812a2d848920d642f836b6
*** Element info: {Using=xpath, value=//*[@identity='HasValidUSLicense']/div/div/label[contains(text(),'Yes')]}
	at sun.reflect.GeneratedConstructorAccessor18.newInstance(Unknown Source)
	at sun.reflect.DelegatingConstructorAccessorImpl.newInstance(DelegatingConstructorAccessorImpl.java:45)
	at java.lang.reflect.Constructor.newInstance(Constructor.java:423)
	at org.openqa.selenium.remote.ErrorHandler.createThrowable(ErrorHandler.java:214)
	at org.openqa.selenium.remote.ErrorHandler.throwIfResponseFailed(ErrorHandler.java:166)
	at org.openqa.selenium.remote.http.JsonHttpResponseCodec.reconstructValue(JsonHttpResponseCodec.java:40)
	at org.openqa.selenium.remote.http.AbstractHttpResponseCodec.decode(AbstractHttpResponseCodec.java:80)
	at org.openqa.selenium.remote.http.AbstractHttpResponseCodec.decode(AbstractHttpResponseCodec.java:44)
	at org.openqa.selenium.remote.HttpCommandExecutor.execute(HttpCommandExecutor.java:160)
	at org.openqa.selenium.remote.service.DriverCommandExecutor.execute(DriverCommandExecutor.java:83)
	at org.openqa.selenium.remote.RemoteWebDriver.execute(RemoteWebDriver.java:601)
	at org.openqa.selenium.remote.RemoteWebDriver.findElement(RemoteWebDriver.java:371)
	at org.openqa.selenium.remote.RemoteWebDriver.findElementByXPath(RemoteWebDriver.java:473)
	at org.openqa.selenium.By$ByXPath.findElement(By.java:361)
	at org.openqa.selenium.remote.RemoteWebDriver.findElement(RemoteWebDriver.java:363)
	at resources.WebFunctions.click(WebFunctions.java:164)
	at SharedTC.STC_PolicyHolderDetails2of2.policyHolderDetails2of2(STC_PolicyHolderDetails2of2.java:21)
	at testApparent.TC_Regression.TC007(TC_Regression.java:187)
	at sun.reflect.NativeMethodAccessorImpl.invoke0(Native Method)
	at sun.reflect.NativeMethodAccessorImpl.invoke(NativeMethodAccessorImpl.java:62)
	at sun.reflect.DelegatingMethodAccessorImpl.invoke(DelegatingMethodAccessorImpl.java:43)
	at java.lang.reflect.Method.invoke(Method.java:498)
	at org.testng.internal.MethodInvocationHelper.invokeMethod(MethodInvocationHelper.java:85)
	at org.testng.internal.Invoker.invokeMethod(Invoker.java:639)
	at org.testng.internal.Invoker.invokeTestMethod(Invoker.java:816)
	at org.testng.internal.Invoker.invokeTestMethods(Invoker.java:1124)
	at org.testng.internal.TestMethodWorker.invokeTestMethods(TestMethodWorker.java:125)
	at org.testng.internal.TestMethodWorker.run(TestMethodWorker.java:108)
	at java.util.concurrent.ThreadPoolExecutor.runWorker(ThreadPoolExecutor.java:1149)
	at java.util.concurrent.ThreadPoolExecutor$Worker.run(ThreadPoolExecutor.java:624)
	at java.lang.Thread.run(Thread.java:748)

2021-03-04 00:03:25,797 - Test Suite -INFO - TEST CASE: TC007 | Priority: 5
2021-03-04 00:03:51,157 - Apparent-V2_D2_07 -INFO - Beginning to Quote.
2021-03-04 00:03:59,536 - Apparent-V2_D2_07 -INFO - Family page: Success!
2021-03-04 00:04:08,827 - Apparent-V2_D2_07 -INFO - Policy Holder page: Success!
2021-03-04 00:04:09,748 - Apparent-V2_D2_07 -ERROR - NoSuchElement Exception
2021-03-04 00:04:37,929 - Apparent-V2_D2_07 -INFO - Address page: Success!
2021-03-04 00:06:13,662 - Apparent-V2_D2_07 -INFO - Vehicle Details 1of2 page: Success!
2021-03-04 00:06:47,372 - Apparent-V2_D2_07 -INFO - Vehicle Details 2of2 page: Success!
2021-03-04 00:06:50,923 - Apparent-V2_D2_07 -INFO - VehicleList page: Success!
2021-03-04 00:07:34,472 - Apparent-V2_D2_07 -INFO - Vehicle Details 1of2 page: Success!
2021-03-04 00:08:02,500 - Apparent-V2_D2_07 -INFO - Vehicle Details 2of2 page: Success!
2021-03-04 00:08:09,019 - Apparent-V2_D2_07 -INFO - VehicleList page: Success!
2021-03-04 00:09:19,012 - Apparent-V2_D2_07 -ERROR - NoSuchElement Exception
2021-03-04 00:09:33,073 - Apparent-V2_D2_07 -ERROR - NoSuchElement Exception
2021-03-04 00:09:47,210 - Apparent-V2_D2_07 -ERROR - NoSuchElement Exception
2021-03-04 00:10:09,905 - Apparent-V2_D2_07 -INFO - Policy holder Details 1of2 page: Success!
2021-03-04 00:11:40,643 - Apparent-V2_D2_07 -INFO - Policy Holder Details 2of2 page: Success!
2021-03-04 00:11:40,683 - Apparent-V2_D2_07 -INFO - No Incident added!
2021-03-04 00:12:05,814 - Apparent-V2_D2_07 -INFO - DriverList page: Success!
2021-03-04 00:12:44,684 - Apparent-V2_D2_07 -INFO - Additional Driver 1of2 page: Success!
2021-03-04 00:12:55,226 - Apparent-V2_D2_07 -INFO - Additional Driver 2of2 page: Success!
2021-03-04 00:12:55,245 - Apparent-V2_D2_07 -INFO - No Incident added!
2021-03-04 00:12:58,799 - Apparent-V2_D2_07 -INFO - DriverList page: Success!
2021-03-04 00:23:50,040 - Test Suite -INFO - TEST CASE: TC007 | Priority: 5
2021-03-04 00:24:15,180 - Apparent-V2_D2_07 -INFO - Beginning to Quote.
2021-03-04 00:24:23,640 - Apparent-V2_D2_07 -INFO - Family page: Success!
2021-03-04 00:24:32,800 - Apparent-V2_D2_07 -INFO - Policy Holder page: Success!
2021-03-04 00:24:33,442 - Apparent-V2_D2_07 -ERROR - NoSuchElement Exception
2021-03-04 00:24:39,391 - Apparent-V2_D2_07 -ERROR - WebDriver Exception
2021-03-04 00:25:03,094 - Apparent-V2_D2_07 -INFO - Address page: Success!
2021-03-04 00:25:47,374 - Apparent-V2_D2_07 -INFO - Vehicle Details 1of2 page: Success!
2021-03-04 00:26:13,084 - Apparent-V2_D2_07 -INFO - Vehicle Details 2of2 page: Success!
2021-03-04 00:26:16,289 - Apparent-V2_D2_07 -INFO - VehicleList page: Success!
2021-03-04 00:26:56,764 - Apparent-V2_D2_07 -INFO - Vehicle Details 1of2 page: Success!
2021-03-04 00:27:22,360 - Apparent-V2_D2_07 -INFO - Vehicle Details 2of2 page: Success!
2021-03-04 00:27:28,614 - Apparent-V2_D2_07 -INFO - VehicleList page: Success!
2021-03-04 00:27:45,006 - Apparent-V2_D2_07 -ERROR - NoSuchElement Exception
2021-03-04 00:27:48,498 - Apparent-V2_D2_07 -ERROR - NoSuchElement Exception
2021-03-04 00:27:52,002 - Apparent-V2_D2_07 -ERROR - NoSuchElement Exception
2021-03-04 00:27:58,793 - Apparent-V2_D2_07 -INFO - Policy holder Details 1of2 page: Success!
2021-03-04 00:28:16,818 - Apparent-V2_D2_07 -INFO - Policy Holder Details 2of2 page: Success!
2021-03-04 00:28:16,820 - Apparent-V2_D2_07 -INFO - No Incident added!
2021-03-04 00:28:20,001 - Apparent-V2_D2_07 -INFO - DriverList page: Success!
2021-03-04 00:28:36,875 - Apparent-V2_D2_07 -INFO - Additional Driver 1of2 page: Success!
2021-03-04 00:32:37,218 - Test Suite -INFO - TEST CASE: TC007 | Priority: 5
2021-03-04 00:33:01,724 - Apparent-V2_D2_07 -INFO - Beginning to Quote.
2021-03-04 00:33:10,152 - Apparent-V2_D2_07 -INFO - Family page: Success!
2021-03-04 00:33:19,308 - Apparent-V2_D2_07 -INFO - Policy Holder page: Success!
2021-03-04 00:33:19,954 - Apparent-V2_D2_07 -ERROR - NoSuchElement Exception
2021-03-04 00:33:25,858 - Apparent-V2_D2_07 -ERROR - WebDriver Exception
2021-03-04 00:33:49,486 - Apparent-V2_D2_07 -INFO - Address page: Success!
2021-03-04 00:34:33,573 - Apparent-V2_D2_07 -INFO - Vehicle Details 1of2 page: Success!
2021-03-04 00:34:59,234 - Apparent-V2_D2_07 -INFO - Vehicle Details 2of2 page: Success!
2021-03-04 00:35:02,442 - Apparent-V2_D2_07 -INFO - VehicleList page: Success!
2021-03-04 00:35:42,272 - Apparent-V2_D2_07 -INFO - Vehicle Details 1of2 page: Success!
2021-03-04 00:36:08,021 - Apparent-V2_D2_07 -INFO - Vehicle Details 2of2 page: Success!
2021-03-04 00:36:14,255 - Apparent-V2_D2_07 -INFO - VehicleList page: Success!
2021-03-04 00:36:30,653 - Apparent-V2_D2_07 -ERROR - NoSuchElement Exception
2021-03-04 00:36:34,223 - Apparent-V2_D2_07 -ERROR - NoSuchElement Exception
2021-03-04 00:36:37,788 - Apparent-V2_D2_07 -ERROR - NoSuchElement Exception
2021-03-04 00:36:44,465 - Apparent-V2_D2_07 -INFO - Policy holder Details 1of2 page: Success!
2021-03-04 00:37:02,529 - Apparent-V2_D2_07 -INFO - Policy Holder Details 2of2 page: Success!
2021-03-04 00:37:02,537 - Apparent-V2_D2_07 -INFO - No Incident added!
2021-03-04 00:37:05,787 - Apparent-V2_D2_07 -INFO - DriverList page: Success!
2021-03-04 00:37:22,532 - Apparent-V2_D2_07 -INFO - Additional Driver 1of2 page: Success!
2021-03-04 00:42:06,247 - Test Suite -INFO - TEST CASE: TC007 | Priority: 5
2021-03-04 00:42:27,195 - Apparent-V2_D2_07 -INFO - Beginning to Quote.
2021-03-04 00:42:35,667 - Apparent-V2_D2_07 -INFO - Family page: Success!
2021-03-04 00:42:44,752 - Apparent-V2_D2_07 -INFO - Policy Holder page: Success!
2021-03-04 00:42:45,418 - Apparent-V2_D2_07 -ERROR - NoSuchElement Exception
2021-03-04 00:42:51,375 - Apparent-V2_D2_07 -ERROR - WebDriver Exception
2021-03-04 00:43:15,023 - Apparent-V2_D2_07 -INFO - Address page: Success!
2021-03-04 00:43:57,200 - Apparent-V2_D2_07 -INFO - Vehicle Details 1of2 page: Success!
2021-03-04 00:44:22,827 - Apparent-V2_D2_07 -INFO - Vehicle Details 2of2 page: Success!
2021-03-04 00:44:26,051 - Apparent-V2_D2_07 -INFO - VehicleList page: Success!
2021-03-04 00:45:06,354 - Apparent-V2_D2_07 -INFO - Vehicle Details 1of2 page: Success!
2021-03-04 00:45:31,992 - Apparent-V2_D2_07 -INFO - Vehicle Details 2of2 page: Success!
2021-03-04 00:45:38,243 - Apparent-V2_D2_07 -INFO - VehicleList page: Success!
2021-03-04 00:45:54,716 - Apparent-V2_D2_07 -ERROR - NoSuchElement Exception
2021-03-04 00:45:58,193 - Apparent-V2_D2_07 -ERROR - NoSuchElement Exception
2021-03-04 00:46:01,717 - Apparent-V2_D2_07 -ERROR - NoSuchElement Exception
2021-03-04 00:46:08,462 - Apparent-V2_D2_07 -INFO - Policy holder Details 1of2 page: Success!
2021-03-04 00:46:26,530 - Apparent-V2_D2_07 -INFO - Policy Holder Details 2of2 page: Success!
2021-03-04 00:46:26,537 - Apparent-V2_D2_07 -INFO - No Incident added!
2021-03-04 00:46:29,766 - Apparent-V2_D2_07 -INFO - DriverList page: Success!
2021-03-04 00:46:46,616 - Apparent-V2_D2_07 -INFO - Additional Driver 1of2 page: Success!
2021-03-04 00:47:41,484 - Apparent-V2_D2_07 -INFO - Additional Driver 2of2 page: Success!
2021-03-04 00:47:41,961 - Apparent-V2_D2_07 -INFO - No Incident added!
2021-03-04 00:47:50,309 - Apparent-V2_D2_07 -INFO - DriverList page: Success!
2021-03-04 00:48:21,022 - Test Suite -INFO - TEST CASE: TC016 | Priority: 5
2021-03-04 00:48:43,489 - Apparent-V2_D2_16_AdditionalDriver_Non-licensed -INFO - Beginning to Quote.
2021-03-04 00:48:51,986 - Apparent-V2_D2_16_AdditionalDriver_Non-licensed -INFO - Family page: Success!
2021-03-04 00:49:01,146 - Apparent-V2_D2_16_AdditionalDriver_Non-licensed -INFO - Policy Holder page: Success!
2021-03-04 00:49:01,830 - Apparent-V2_D2_16_AdditionalDriver_Non-licensed -ERROR - NoSuchElement Exception
2021-03-04 00:49:07,795 - Apparent-V2_D2_16_AdditionalDriver_Non-licensed -ERROR - WebDriver Exception
2021-03-04 00:49:31,297 - Apparent-V2_D2_16_AdditionalDriver_Non-licensed -INFO - Address page: Success!
2021-03-04 00:50:14,069 - Apparent-V2_D2_16_AdditionalDriver_Non-licensed -INFO - Vehicle Details 1of2 page: Success!
2021-03-04 00:50:39,726 - Apparent-V2_D2_16_AdditionalDriver_Non-licensed -INFO - Vehicle Details 2of2 page: Success!
2021-03-04 00:50:42,934 - Apparent-V2_D2_16_AdditionalDriver_Non-licensed -INFO - VehicleList page: Success!
2021-03-04 00:51:23,269 - Apparent-V2_D2_16_AdditionalDriver_Non-licensed -INFO - Vehicle Details 1of2 page: Success!
2021-03-04 00:51:48,895 - Apparent-V2_D2_16_AdditionalDriver_Non-licensed -INFO - Vehicle Details 2of2 page: Success!
2021-03-04 00:51:55,141 - Apparent-V2_D2_16_AdditionalDriver_Non-licensed -INFO - VehicleList page: Success!
2021-03-04 00:52:11,567 - Apparent-V2_D2_16_AdditionalDriver_Non-licensed -ERROR - NoSuchElement Exception
2021-03-04 00:52:15,052 - Apparent-V2_D2_16_AdditionalDriver_Non-licensed -ERROR - NoSuchElement Exception
2021-03-04 00:52:18,576 - Apparent-V2_D2_16_AdditionalDriver_Non-licensed -ERROR - NoSuchElement Exception
2021-03-04 00:52:25,316 - Apparent-V2_D2_16_AdditionalDriver_Non-licensed -INFO - Policy holder Details 1of2 page: Success!
2021-03-04 00:52:43,315 - Apparent-V2_D2_16_AdditionalDriver_Non-licensed -INFO - Policy Holder Details 2of2 page: Success!
2021-03-04 00:53:01,007 - Apparent-V2_D2_16_AdditionalDriver_Non-licensed -INFO - Incident added Successfully !
2021-03-04 00:53:04,236 - Apparent-V2_D2_16_AdditionalDriver_Non-licensed -INFO - DriverList page: Success!
2021-03-04 00:53:20,960 - Apparent-V2_D2_16_AdditionalDriver_Non-licensed -INFO - Additional Driver 1of2 page: Success!
2021-03-04 17:02:32,908 - Test Suite -INFO - TEST CASE: TC016 | Priority: 5
2021-03-04 17:03:06,154 - Apparent-V2_D2_16_AdditionalDriver_Non-licensed -INFO - Beginning to Quote.
2021-03-04 17:03:15,573 - Apparent-V2_D2_16_AdditionalDriver_Non-licensed -INFO - Family page: Success!
2021-03-04 17:03:26,302 - Apparent-V2_D2_16_AdditionalDriver_Non-licensed -INFO - Policy Holder page: Success!
2021-03-04 17:03:27,941 - Apparent-V2_D2_16_AdditionalDriver_Non-licensed -ERROR - NoSuchElement Exception
2021-03-04 17:03:35,208 - Apparent-V2_D2_16_AdditionalDriver_Non-licensed -ERROR - WebDriver Exception
2021-03-04 17:04:01,051 - Apparent-V2_D2_16_AdditionalDriver_Non-licensed -INFO - Address page: Success!
2021-03-04 17:04:48,419 - Apparent-V2_D2_16_AdditionalDriver_Non-licensed -INFO - Vehicle Details 1of2 page: Success!
2021-03-04 17:05:16,259 - Apparent-V2_D2_16_AdditionalDriver_Non-licensed -INFO - Vehicle Details 2of2 page: Success!
2021-03-04 17:05:19,912 - Apparent-V2_D2_16_AdditionalDriver_Non-licensed -INFO - VehicleList page: Success!
2021-03-04 17:06:06,807 - Apparent-V2_D2_16_AdditionalDriver_Non-licensed -INFO - Vehicle Details 1of2 page: Success!
2021-03-04 17:06:44,767 - Apparent-V2_D2_16_AdditionalDriver_Non-licensed -INFO - Vehicle Details 2of2 page: Success!
2021-03-04 17:06:51,304 - Apparent-V2_D2_16_AdditionalDriver_Non-licensed -INFO - VehicleList page: Success!
2021-03-04 17:07:09,318 - Apparent-V2_D2_16_AdditionalDriver_Non-licensed -ERROR - NoSuchElement Exception
2021-03-04 17:07:13,699 - Apparent-V2_D2_16_AdditionalDriver_Non-licensed -ERROR - NoSuchElement Exception
2021-03-04 17:07:18,114 - Apparent-V2_D2_16_AdditionalDriver_Non-licensed -ERROR - NoSuchElement Exception
2021-03-04 17:07:25,561 - Apparent-V2_D2_16_AdditionalDriver_Non-licensed -INFO - Policy holder Details 1of2 page: Success!
2021-03-04 17:07:44,821 - Apparent-V2_D2_16_AdditionalDriver_Non-licensed -INFO - Policy Holder Details 2of2 page: Success!
2021-03-04 17:08:04,862 - Apparent-V2_D2_16_AdditionalDriver_Non-licensed -INFO - Incident added Successfully !
2021-03-04 17:08:08,456 - Apparent-V2_D2_16_AdditionalDriver_Non-licensed -INFO - DriverList page: Success!
2021-03-04 17:08:28,059 - Apparent-V2_D2_16_AdditionalDriver_Non-licensed -INFO - Additional Driver 1of2 page: Success!
2021-03-04 17:08:49,316 - Apparent-V2_D2_16_AdditionalDriver_Non-licensed -INFO - Additional Driver 2of2 page: Success!
2021-03-04 17:08:49,322 - Apparent-V2_D2_16_AdditionalDriver_Non-licensed -INFO - No Incident added!
2021-03-04 17:08:53,040 - Apparent-V2_D2_16_AdditionalDriver_Non-licensed -INFO - DriverList page: Success!
2021-03-04 17:09:33,819 - Apparent-V2_D2_16_AdditionalDriver_Non-licensed -INFO - Insurance History page: Success!
2021-03-04 17:09:49,429 - Apparent-V2_D2_16_AdditionalDriver_Non-licensed -INFO - Policy Start page: Success!
2021-03-04 17:10:11,020 - Apparent-V2_D2_16_AdditionalDriver_Non-licensed -INFO - Quote Page: Success!
2021-03-04 17:10:17,214 - Apparent-V2_D2_16_AdditionalDriver_Non-licensed -INFO - Test case has failed!
2021-03-04 17:10:17,217 - Apparent-V2_D2_16_AdditionalDriver_Non-licensed -INFO - no such element: Unable to locate element: {"method":"xpath","selector":"(//input[@name='driverLicense'])[1]"}
  (Session info: chrome=88.0.4324.190)
  (Driver info: chromedriver=2.41.578737 (49da6702b16031c40d63e5618de03a32ff6c197e),platform=Windows NT 10.0.19041 x86_64) (WARNING: The server did not provide any stacktrace information)
Command duration or timeout: 0 milliseconds
For documentation on this error, please visit: http://seleniumhq.org/exceptions/no_such_element.html
Build info: version: '3.10.0', revision: '176b4a9', time: '2018-03-02T19:03:16.397Z'
System info: host: 'DESKTOP-RL948I0', ip: '192.168.43.163', os.name: 'Windows 10', os.arch: 'amd64', os.version: '10.0', java.version: '1.8.0_181'
Driver info: org.openqa.selenium.chrome.ChromeDriver
Capabilities {acceptInsecureCerts: false, acceptSslCerts: false, applicationCacheEnabled: false, browserConnectionEnabled: false, browserName: chrome, chrome: {chromedriverVersion: 2.41.578737 (49da6702b16031..., userDataDir: C:\Users\Admin\AppData\Loca...}, cssSelectorsEnabled: true, databaseEnabled: false, goog:chromeOptions: {debuggerAddress: localhost:60209}, handlesAlerts: true, hasTouchScreen: false, javascriptEnabled: true, locationContextEnabled: true, mobileEmulationEnabled: false, nativeEvents: true, networkConnectionEnabled: false, pageLoadStrategy: normal, platform: XP, platformName: XP, rotatable: false, setWindowRect: true, takesHeapSnapshot: true, takesScreenshot: true, unexpectedAlertBehaviour: , unhandledPromptBehavior: , version: 88.0.4324.190, webStorageEnabled: true}
Session ID: a6263e6a7c3df3e8596dcf276425af4e
*** Element info: {Using=xpath, value=(//input[@name='driverLicense'])[1]}
2021-03-04 17:10:19,487 - Test Suite -ERROR - TC016 is Failed ! 
 EXCEPTION:  --->  org.openqa.selenium.NoSuchElementException: no such element: Unable to locate element: {"method":"xpath","selector":"(//input[@name='driverLicense'])[1]"}
  (Session info: chrome=88.0.4324.190)
  (Driver info: chromedriver=2.41.578737 (49da6702b16031c40d63e5618de03a32ff6c197e),platform=Windows NT 10.0.19041 x86_64) (WARNING: The server did not provide any stacktrace information)
Command duration or timeout: 0 milliseconds
For documentation on this error, please visit: http://seleniumhq.org/exceptions/no_such_element.html
Build info: version: '3.10.0', revision: '176b4a9', time: '2018-03-02T19:03:16.397Z'
System info: host: 'DESKTOP-RL948I0', ip: '192.168.43.163', os.name: 'Windows 10', os.arch: 'amd64', os.version: '10.0', java.version: '1.8.0_181'
Driver info: org.openqa.selenium.chrome.ChromeDriver
Capabilities {acceptInsecureCerts: false, acceptSslCerts: false, applicationCacheEnabled: false, browserConnectionEnabled: false, browserName: chrome, chrome: {chromedriverVersion: 2.41.578737 (49da6702b16031..., userDataDir: C:\Users\Admin\AppData\Loca...}, cssSelectorsEnabled: true, databaseEnabled: false, goog:chromeOptions: {debuggerAddress: localhost:60209}, handlesAlerts: true, hasTouchScreen: false, javascriptEnabled: true, locationContextEnabled: true, mobileEmulationEnabled: false, nativeEvents: true, networkConnectionEnabled: false, pageLoadStrategy: normal, platform: XP, platformName: XP, rotatable: false, setWindowRect: true, takesHeapSnapshot: true, takesScreenshot: true, unexpectedAlertBehaviour: , unhandledPromptBehavior: , version: 88.0.4324.190, webStorageEnabled: true}
Session ID: a6263e6a7c3df3e8596dcf276425af4e
*** Element info: {Using=xpath, value=(//input[@name='driverLicense'])[1]}
	at sun.reflect.GeneratedConstructorAccessor18.newInstance(Unknown Source)
	at sun.reflect.DelegatingConstructorAccessorImpl.newInstance(DelegatingConstructorAccessorImpl.java:45)
	at java.lang.reflect.Constructor.newInstance(Constructor.java:423)
	at org.openqa.selenium.remote.ErrorHandler.createThrowable(ErrorHandler.java:214)
	at org.openqa.selenium.remote.ErrorHandler.throwIfResponseFailed(ErrorHandler.java:166)
	at org.openqa.selenium.remote.http.JsonHttpResponseCodec.reconstructValue(JsonHttpResponseCodec.java:40)
	at org.openqa.selenium.remote.http.AbstractHttpResponseCodec.decode(AbstractHttpResponseCodec.java:80)
	at org.openqa.selenium.remote.http.AbstractHttpResponseCodec.decode(AbstractHttpResponseCodec.java:44)
	at org.openqa.selenium.remote.HttpCommandExecutor.execute(HttpCommandExecutor.java:160)
	at org.openqa.selenium.remote.service.DriverCommandExecutor.execute(DriverCommandExecutor.java:83)
	at org.openqa.selenium.remote.RemoteWebDriver.execute(RemoteWebDriver.java:601)
	at org.openqa.selenium.remote.RemoteWebDriver.findElement(RemoteWebDriver.java:371)
	at org.openqa.selenium.remote.RemoteWebDriver.findElementByXPath(RemoteWebDriver.java:473)
	at org.openqa.selenium.By$ByXPath.findElement(By.java:361)
	at org.openqa.selenium.remote.RemoteWebDriver.findElement(RemoteWebDriver.java:363)
	at resources.WebFunctions.type(WebFunctions.java:87)
	at SharedTC.STC_ConfirmDriver.confirmDriver(STC_ConfirmDriver.java:23)
	at testApparent.TC_Regression.TC016(TC_Regression.java:338)
	at sun.reflect.NativeMethodAccessorImpl.invoke0(Native Method)
	at sun.reflect.NativeMethodAccessorImpl.invoke(NativeMethodAccessorImpl.java:62)
	at sun.reflect.DelegatingMethodAccessorImpl.invoke(DelegatingMethodAccessorImpl.java:43)
	at java.lang.reflect.Method.invoke(Method.java:498)
	at org.testng.internal.MethodInvocationHelper.invokeMethod(MethodInvocationHelper.java:85)
	at org.testng.internal.Invoker.invokeMethod(Invoker.java:639)
	at org.testng.internal.Invoker.invokeTestMethod(Invoker.java:816)
	at org.testng.internal.Invoker.invokeTestMethods(Invoker.java:1124)
	at org.testng.internal.TestMethodWorker.invokeTestMethods(TestMethodWorker.java:125)
	at org.testng.internal.TestMethodWorker.run(TestMethodWorker.java:108)
	at java.util.concurrent.ThreadPoolExecutor.runWorker(ThreadPoolExecutor.java:1149)
	at java.util.concurrent.ThreadPoolExecutor$Worker.run(ThreadPoolExecutor.java:624)
	at java.lang.Thread.run(Thread.java:748)

2021-03-04 17:21:42,632 - Test Suite -INFO - TEST CASE: TC016 | Priority: 5
2021-03-04 17:22:08,534 - Apparent-V2_D2_16_AdditionalDriver_Non-licensed -INFO - Beginning to Quote.
2021-03-04 17:22:17,908 - Apparent-V2_D2_16_AdditionalDriver_Non-licensed -INFO - Family page: Success!
2021-03-04 17:22:33,257 - Apparent-V2_D2_16_AdditionalDriver_Non-licensed -INFO - Policy Holder page: Success!
2021-03-04 17:22:44,407 - Apparent-V2_D2_16_AdditionalDriver_Non-licensed -ERROR - NoSuchElement Exception
2021-03-04 17:23:50,674 - Apparent-V2_D2_16_AdditionalDriver_Non-licensed -INFO - Address page: Success!
2021-03-04 17:24:38,257 - Apparent-V2_D2_16_AdditionalDriver_Non-licensed -INFO - Vehicle Details 1of2 page: Success!
2021-03-04 17:25:11,754 - Apparent-V2_D2_16_AdditionalDriver_Non-licensed -INFO - Vehicle Details 2of2 page: Success!
2021-03-04 17:25:15,305 - Apparent-V2_D2_16_AdditionalDriver_Non-licensed -INFO - VehicleList page: Success!
2021-03-04 17:25:59,858 - Apparent-V2_D2_16_AdditionalDriver_Non-licensed -INFO - Vehicle Details 1of2 page: Success!
2021-03-04 17:26:28,225 - Apparent-V2_D2_16_AdditionalDriver_Non-licensed -INFO - Vehicle Details 2of2 page: Success!
2021-03-04 17:26:34,850 - Apparent-V2_D2_16_AdditionalDriver_Non-licensed -INFO - VehicleList page: Success!
2021-03-04 17:26:53,513 - Apparent-V2_D2_16_AdditionalDriver_Non-licensed -ERROR - NoSuchElement Exception
2021-03-04 17:26:57,509 - Apparent-V2_D2_16_AdditionalDriver_Non-licensed -ERROR - NoSuchElement Exception
2021-03-04 17:27:02,161 - Apparent-V2_D2_16_AdditionalDriver_Non-licensed -ERROR - NoSuchElement Exception
2021-03-04 17:27:10,466 - Apparent-V2_D2_16_AdditionalDriver_Non-licensed -INFO - Policy holder Details 1of2 page: Success!
2021-03-04 17:27:29,927 - Apparent-V2_D2_16_AdditionalDriver_Non-licensed -INFO - Policy Holder Details 2of2 page: Success!
2021-03-04 17:27:49,516 - Apparent-V2_D2_16_AdditionalDriver_Non-licensed -INFO - Incident added Successfully !
2021-03-04 17:27:53,087 - Apparent-V2_D2_16_AdditionalDriver_Non-licensed -INFO - DriverList page: Success!
2021-03-04 17:28:12,651 - Apparent-V2_D2_16_AdditionalDriver_Non-licensed -INFO - Additional Driver 1of2 page: Success!
2021-03-04 17:28:30,365 - Apparent-V2_D2_16_AdditionalDriver_Non-licensed -INFO - Additional Driver 2of2 page: Success!
2021-03-04 17:28:30,373 - Apparent-V2_D2_16_AdditionalDriver_Non-licensed -INFO - No Incident added!
2021-03-04 17:28:34,011 - Apparent-V2_D2_16_AdditionalDriver_Non-licensed -INFO - DriverList page: Success!
2021-03-05 01:09:25,097 - Test Suite -INFO - TEST CASE: TC016 | Priority: 5
2021-03-05 01:09:51,642 - Apparent-V2_D2_16_AdditionalDriver_Non-licensed -INFO - Beginning to Quote.
2021-03-05 01:10:00,840 - Apparent-V2_D2_16_AdditionalDriver_Non-licensed -INFO - Family page: Success!
2021-03-05 01:10:12,345 - Apparent-V2_D2_16_AdditionalDriver_Non-licensed -INFO - Policy Holder page: Success!
2021-03-05 01:10:13,998 - Apparent-V2_D2_16_AdditionalDriver_Non-licensed -ERROR - NoSuchElement Exception
2021-03-05 01:10:44,872 - Apparent-V2_D2_16_AdditionalDriver_Non-licensed -INFO - Address page: Success!
2021-03-05 01:11:32,390 - Apparent-V2_D2_16_AdditionalDriver_Non-licensed -INFO - Vehicle Details 1of2 page: Success!
2021-03-05 01:12:00,933 - Apparent-V2_D2_16_AdditionalDriver_Non-licensed -INFO - Vehicle Details 2of2 page: Success!
2021-03-05 01:12:04,585 - Apparent-V2_D2_16_AdditionalDriver_Non-licensed -INFO - VehicleList page: Success!
2021-03-05 01:12:49,792 - Apparent-V2_D2_16_AdditionalDriver_Non-licensed -INFO - Vehicle Details 1of2 page: Success!
2021-03-05 01:13:17,933 - Apparent-V2_D2_16_AdditionalDriver_Non-licensed -INFO - Vehicle Details 2of2 page: Success!
2021-03-05 01:13:24,507 - Apparent-V2_D2_16_AdditionalDriver_Non-licensed -INFO - VehicleList page: Success!
2021-03-05 01:13:43,415 - Apparent-V2_D2_16_AdditionalDriver_Non-licensed -ERROR - NoSuchElement Exception
2021-03-05 01:13:47,524 - Apparent-V2_D2_16_AdditionalDriver_Non-licensed -ERROR - NoSuchElement Exception
2021-03-05 01:13:51,812 - Apparent-V2_D2_16_AdditionalDriver_Non-licensed -ERROR - NoSuchElement Exception
2021-03-05 01:13:59,377 - Apparent-V2_D2_16_AdditionalDriver_Non-licensed -INFO - Policy holder Details 1of2 page: Success!
2021-03-05 01:14:19,339 - Apparent-V2_D2_16_AdditionalDriver_Non-licensed -INFO - Policy Holder Details 2of2 page: Success!
2021-03-05 01:14:40,315 - Apparent-V2_D2_16_AdditionalDriver_Non-licensed -INFO - Incident added Successfully !
2021-03-05 01:14:43,982 - Apparent-V2_D2_16_AdditionalDriver_Non-licensed -INFO - DriverList page: Success!
2021-03-05 01:15:03,366 - Apparent-V2_D2_16_AdditionalDriver_Non-licensed -INFO - Additional Driver 1of2 page: Success!
2021-03-05 01:15:27,804 - Apparent-V2_D2_16_AdditionalDriver_Non-licensed -INFO - Additional Driver 2of2 page: Success!
2021-03-05 01:15:27,809 - Apparent-V2_D2_16_AdditionalDriver_Non-licensed -INFO - No Incident added!
2021-03-05 01:15:31,493 - Apparent-V2_D2_16_AdditionalDriver_Non-licensed -INFO - DriverList page: Success!
2021-03-05 01:18:25,612 - Test Suite -INFO - TEST CASE: TC016 | Priority: 5
2021-03-05 01:18:47,825 - Apparent-V1_D2_16_AdditionalDriver_Non-licensed -INFO - Beginning to Quote.
2021-03-05 01:18:56,533 - Apparent-V1_D2_16_AdditionalDriver_Non-licensed -INFO - Family page: Success!
2021-03-05 01:19:07,472 - Apparent-V1_D2_16_AdditionalDriver_Non-licensed -INFO - Policy Holder page: Success!
2021-03-05 01:19:09,552 - Apparent-V1_D2_16_AdditionalDriver_Non-licensed -ERROR - NoSuchElement Exception
2021-03-05 01:19:40,711 - Apparent-V1_D2_16_AdditionalDriver_Non-licensed -INFO - Address page: Success!
2021-03-05 01:20:28,071 - Apparent-V1_D2_16_AdditionalDriver_Non-licensed -INFO - Vehicle Details 1of2 page: Success!
2021-03-05 01:20:56,251 - Apparent-V1_D2_16_AdditionalDriver_Non-licensed -INFO - Vehicle Details 2of2 page: Success!
2021-03-05 01:21:02,805 - Apparent-V1_D2_16_AdditionalDriver_Non-licensed -INFO - VehicleList page: Success!
2021-03-05 01:21:21,805 - Apparent-V1_D2_16_AdditionalDriver_Non-licensed -ERROR - NoSuchElement Exception
2021-03-05 01:21:26,217 - Apparent-V1_D2_16_AdditionalDriver_Non-licensed -ERROR - NoSuchElement Exception
2021-03-05 01:21:30,636 - Apparent-V1_D2_16_AdditionalDriver_Non-licensed -ERROR - NoSuchElement Exception
2021-03-05 01:21:38,188 - Apparent-V1_D2_16_AdditionalDriver_Non-licensed -INFO - Policy holder Details 1of2 page: Success!
2021-03-05 01:21:58,129 - Apparent-V1_D2_16_AdditionalDriver_Non-licensed -INFO - Policy Holder Details 2of2 page: Success!
2021-03-05 01:21:58,138 - Apparent-V1_D2_16_AdditionalDriver_Non-licensed -INFO - No Incident added!
2021-03-05 01:22:01,813 - Apparent-V1_D2_16_AdditionalDriver_Non-licensed -INFO - DriverList page: Success!
2021-03-05 01:22:21,362 - Apparent-V1_D2_16_AdditionalDriver_Non-licensed -INFO - Additional Driver 1of2 page: Success!
2021-03-05 01:26:05,335 - Test Suite -INFO - TEST CASE: TC016 | Priority: 5
2021-03-05 01:26:40,039 - Apparent-V1_D2_16_AdditionalDriver_Non-licensed -INFO - Beginning to Quote.
2021-03-05 01:26:49,518 - Apparent-V1_D2_16_AdditionalDriver_Non-licensed -INFO - Family page: Success!
2021-03-05 01:27:00,139 - Apparent-V1_D2_16_AdditionalDriver_Non-licensed -INFO - Policy Holder page: Success!
2021-03-05 01:27:01,587 - Apparent-V1_D2_16_AdditionalDriver_Non-licensed -ERROR - NoSuchElement Exception
2021-03-05 01:27:08,496 - Apparent-V1_D2_16_AdditionalDriver_Non-licensed -ERROR - WebDriver Exception
2021-03-05 01:27:34,478 - Apparent-V1_D2_16_AdditionalDriver_Non-licensed -INFO - Address page: Success!
2021-03-05 01:28:21,031 - Apparent-V1_D2_16_AdditionalDriver_Non-licensed -INFO - Vehicle Details 1of2 page: Success!
2021-03-05 01:28:49,547 - Apparent-V1_D2_16_AdditionalDriver_Non-licensed -INFO - Vehicle Details 2of2 page: Success!
2021-03-05 01:28:56,072 - Apparent-V1_D2_16_AdditionalDriver_Non-licensed -INFO - VehicleList page: Success!
2021-03-05 01:29:14,563 - Apparent-V1_D2_16_AdditionalDriver_Non-licensed -ERROR - NoSuchElement Exception
2021-03-05 01:29:18,612 - Apparent-V1_D2_16_AdditionalDriver_Non-licensed -ERROR - NoSuchElement Exception
2021-03-05 01:29:22,942 - Apparent-V1_D2_16_AdditionalDriver_Non-licensed -ERROR - NoSuchElement Exception
2021-03-05 01:29:30,095 - Apparent-V1_D2_16_AdditionalDriver_Non-licensed -INFO - Policy holder Details 1of2 page: Success!
2021-03-05 01:29:49,859 - Apparent-V1_D2_16_AdditionalDriver_Non-licensed -INFO - Policy Holder Details 2of2 page: Success!
2021-03-05 01:29:49,867 - Apparent-V1_D2_16_AdditionalDriver_Non-licensed -INFO - No Incident added!
2021-03-05 01:29:53,534 - Apparent-V1_D2_16_AdditionalDriver_Non-licensed -INFO - DriverList page: Success!
2021-03-05 01:30:12,895 - Apparent-V1_D2_16_AdditionalDriver_Non-licensed -INFO - Additional Driver 1of2 page: Success!
2021-03-05 01:32:17,729 - Test Suite -INFO - TEST CASE: TC016 | Priority: 5
2021-03-05 01:32:47,573 - Apparent-V1_D2_16_AdditionalDriver_Non-licensed -INFO - Beginning to Quote.
2021-03-05 01:33:30,072 - Apparent-V1_D2_16_AdditionalDriver_Non-licensed -ERROR - WebDriver Exception
2021-03-05 01:34:12,636 - Apparent-V1_D2_16_AdditionalDriver_Non-licensed -ERROR - WebDriver Exception
2021-03-05 01:34:38,207 - Apparent-V1_D2_16_AdditionalDriver_Non-licensed -INFO - Family page: Success!
2021-03-05 01:34:54,076 - Apparent-V1_D2_16_AdditionalDriver_Non-licensed -INFO - Policy Holder page: Success!
2021-03-05 01:34:56,294 - Apparent-V1_D2_16_AdditionalDriver_Non-licensed -ERROR - NoSuchElement Exception
2021-03-05 01:35:03,276 - Apparent-V1_D2_16_AdditionalDriver_Non-licensed -ERROR - WebDriver Exception
2021-03-05 01:35:44,189 - Apparent-V1_D2_16_AdditionalDriver_Non-licensed -INFO - Address page: Success!
2021-03-05 01:36:53,256 - Apparent-V1_D2_16_AdditionalDriver_Non-licensed -INFO - Vehicle Details 1of2 page: Success!
2021-03-05 01:37:21,223 - Apparent-V1_D2_16_AdditionalDriver_Non-licensed -INFO - Vehicle Details 2of2 page: Success!
2021-03-05 01:37:27,894 - Apparent-V1_D2_16_AdditionalDriver_Non-licensed -INFO - VehicleList page: Success!
2021-03-05 01:37:46,366 - Apparent-V1_D2_16_AdditionalDriver_Non-licensed -ERROR - NoSuchElement Exception
2021-03-05 01:37:50,176 - Apparent-V1_D2_16_AdditionalDriver_Non-licensed -ERROR - NoSuchElement Exception
2021-03-05 01:37:54,609 - Apparent-V1_D2_16_AdditionalDriver_Non-licensed -ERROR - NoSuchElement Exception
2021-03-05 01:38:02,733 - Apparent-V1_D2_16_AdditionalDriver_Non-licensed -INFO - Policy holder Details 1of2 page: Success!
2021-03-05 01:38:22,289 - Apparent-V1_D2_16_AdditionalDriver_Non-licensed -INFO - Policy Holder Details 2of2 page: Success!
2021-03-05 01:38:22,298 - Apparent-V1_D2_16_AdditionalDriver_Non-licensed -INFO - No Incident added!
2021-03-05 01:38:25,706 - Apparent-V1_D2_16_AdditionalDriver_Non-licensed -INFO - DriverList page: Success!
2021-03-05 01:38:44,941 - Apparent-V1_D2_16_AdditionalDriver_Non-licensed -INFO - Additional Driver 1of2 page: Success!
2021-03-05 01:40:26,006 - Apparent-V1_D2_16_AdditionalDriver_Non-licensed -INFO - Additional Driver 2of2 page: Success!
2021-03-05 01:40:26,871 - Apparent-V1_D2_16_AdditionalDriver_Non-licensed -INFO - No Incident added!
2021-03-05 01:43:35,021 - Test Suite -INFO - TEST CASE: TC016 | Priority: 5
2021-03-05 01:43:56,102 - Apparent-V1_D2_16_AdditionalDriver_Non-licensed -INFO - Beginning to Quote.
2021-03-05 01:44:05,314 - Apparent-V1_D2_16_AdditionalDriver_Non-licensed -INFO - Family page: Success!
2021-03-05 01:44:16,500 - Apparent-V1_D2_16_AdditionalDriver_Non-licensed -INFO - Policy Holder page: Success!
2021-03-05 01:44:18,191 - Apparent-V1_D2_16_AdditionalDriver_Non-licensed -ERROR - NoSuchElement Exception
2021-03-05 01:44:25,318 - Apparent-V1_D2_16_AdditionalDriver_Non-licensed -ERROR - WebDriver Exception
2021-03-05 01:44:51,400 - Apparent-V1_D2_16_AdditionalDriver_Non-licensed -INFO - Address page: Success!
2021-03-05 01:45:38,901 - Apparent-V1_D2_16_AdditionalDriver_Non-licensed -INFO - Vehicle Details 1of2 page: Success!
2021-03-05 01:46:06,490 - Apparent-V1_D2_16_AdditionalDriver_Non-licensed -INFO - Vehicle Details 2of2 page: Success!
2021-03-05 01:46:13,042 - Apparent-V1_D2_16_AdditionalDriver_Non-licensed -INFO - VehicleList page: Success!
2021-03-08 20:06:48,657 - Test Suite -INFO - TEST CASE: TC016 | Priority: 5
2021-03-08 20:08:00,294 - Apparent-V2_D2_16_AdditionalDriver_Non-licensed -ERROR - WebDriver Exception
2021-03-08 20:08:36,107 - Apparent-V2_D2_16_AdditionalDriver_Non-licensed -INFO - Beginning to Quote.
2021-03-08 20:08:45,497 - Apparent-V2_D2_16_AdditionalDriver_Non-licensed -INFO - Family page: Success!
2021-03-08 20:08:58,465 - Apparent-V2_D2_16_AdditionalDriver_Non-licensed -INFO - Policy Holder page: Success!
2021-03-08 20:09:09,776 - Apparent-V2_D2_16_AdditionalDriver_Non-licensed -ERROR - NoSuchElement Exception
2021-03-08 20:09:32,466 - Apparent-V2_D2_16_AdditionalDriver_Non-licensed -ERROR - WebDriver Exception
2021-03-08 20:10:18,486 - Apparent-V2_D2_16_AdditionalDriver_Non-licensed -INFO - Address page: Success!
2021-03-08 20:11:27,099 - Apparent-V2_D2_16_AdditionalDriver_Non-licensed -INFO - Vehicle Details 1of2 page: Success!
2021-03-08 20:12:25,586 - Apparent-V2_D2_16_AdditionalDriver_Non-licensed -INFO - Vehicle Details 2of2 page: Success!
2021-03-08 20:12:34,187 - Apparent-V2_D2_16_AdditionalDriver_Non-licensed -INFO - VehicleList page: Success!
2021-03-08 20:13:34,779 - Apparent-V2_D2_16_AdditionalDriver_Non-licensed -INFO - Vehicle Details 1of2 page: Success!
2021-03-08 20:14:02,363 - Apparent-V2_D2_16_AdditionalDriver_Non-licensed -INFO - Vehicle Details 2of2 page: Success!
2021-03-08 20:14:14,114 - Apparent-V2_D2_16_AdditionalDriver_Non-licensed -INFO - VehicleList page: Success!
2021-03-08 20:14:32,956 - Apparent-V2_D2_16_AdditionalDriver_Non-licensed -ERROR - NoSuchElement Exception
2021-03-08 20:14:37,270 - Apparent-V2_D2_16_AdditionalDriver_Non-licensed -ERROR - NoSuchElement Exception
2021-03-08 20:14:41,340 - Apparent-V2_D2_16_AdditionalDriver_Non-licensed -ERROR - NoSuchElement Exception
2021-03-08 20:14:48,850 - Apparent-V2_D2_16_AdditionalDriver_Non-licensed -INFO - Policy holder Details 1of2 page: Success!
2021-03-08 20:15:08,359 - Apparent-V2_D2_16_AdditionalDriver_Non-licensed -INFO - Policy Holder Details 2of2 page: Success!
2021-03-08 20:15:08,367 - Apparent-V2_D2_16_AdditionalDriver_Non-licensed -INFO - No Incident added!
2021-03-08 20:15:12,069 - Apparent-V2_D2_16_AdditionalDriver_Non-licensed -INFO - DriverList page: Success!
2021-03-08 20:15:31,252 - Apparent-V2_D2_16_AdditionalDriver_Non-licensed -INFO - Additional Driver 1of2 page: Success!
2021-03-08 20:16:07,433 - Apparent-V2_D2_16_AdditionalDriver_Non-licensed -INFO - Additional Driver 2of2 page: Success!
2021-03-08 20:16:07,435 - Apparent-V2_D2_16_AdditionalDriver_Non-licensed -INFO - No Incident added!
2021-03-08 20:16:15,882 - Apparent-V2_D2_16_AdditionalDriver_Non-licensed -INFO - DriverList page: Success!
2021-03-08 20:17:09,860 - Apparent-V2_D2_16_AdditionalDriver_Non-licensed -ERROR - WebDriver Exception
2021-03-08 20:17:52,593 - Apparent-V2_D2_16_AdditionalDriver_Non-licensed -ERROR - WebDriver Exception
2021-03-08 20:18:35,327 - Apparent-V2_D2_16_AdditionalDriver_Non-licensed -ERROR - WebDriver Exception
2021-03-08 20:19:17,704 - Apparent-V2_D2_16_AdditionalDriver_Non-licensed -INFO - Test case has failed!
2021-03-08 20:19:17,706 - Apparent-V2_D2_16_AdditionalDriver_Non-licensed -INFO - Expected condition failed: waiting for element to be clickable: [[ChromeDriver: chrome on XP (3516e930ff356275e5a2c3d6e59d2353)] -> xpath: //*[@id='insuranceProvider']] (tried for 40 second(s) with 500 milliseconds interval)
Build info: version: '3.10.0', revision: '176b4a9', time: '2018-03-02T19:03:16.397Z'
System info: host: 'DESKTOP-RL948I0', ip: '192.168.43.163', os.name: 'Windows 10', os.arch: 'amd64', os.version: '10.0', java.version: '1.8.0_181'
Driver info: org.openqa.selenium.chrome.ChromeDriver
Capabilities {acceptInsecureCerts: false, acceptSslCerts: false, applicationCacheEnabled: false, browserConnectionEnabled: false, browserName: chrome, chrome: {chromedriverVersion: 2.41.578737 (49da6702b16031..., userDataDir: C:\Users\Admin\AppData\Loca...}, cssSelectorsEnabled: true, databaseEnabled: false, goog:chromeOptions: {debuggerAddress: localhost:50749}, handlesAlerts: true, hasTouchScreen: false, javascriptEnabled: true, locationContextEnabled: true, mobileEmulationEnabled: false, nativeEvents: true, networkConnectionEnabled: false, pageLoadStrategy: normal, platform: XP, platformName: XP, rotatable: false, setWindowRect: true, takesHeapSnapshot: true, takesScreenshot: true, unexpectedAlertBehaviour: , unhandledPromptBehavior: , version: 88.0.4324.190, webStorageEnabled: true}
Session ID: 3516e930ff356275e5a2c3d6e59d2353
2021-03-08 20:19:23,937 - Test Suite -ERROR - TC016 is Failed ! 
 EXCEPTION:  --->  org.openqa.selenium.TimeoutException: Expected condition failed: waiting for element to be clickable: [[ChromeDriver: chrome on XP (3516e930ff356275e5a2c3d6e59d2353)] -> xpath: //*[@id='insuranceProvider']] (tried for 40 second(s) with 500 milliseconds interval)
Build info: version: '3.10.0', revision: '176b4a9', time: '2018-03-02T19:03:16.397Z'
System info: host: 'DESKTOP-RL948I0', ip: '192.168.43.163', os.name: 'Windows 10', os.arch: 'amd64', os.version: '10.0', java.version: '1.8.0_181'
Driver info: org.openqa.selenium.chrome.ChromeDriver
Capabilities {acceptInsecureCerts: false, acceptSslCerts: false, applicationCacheEnabled: false, browserConnectionEnabled: false, browserName: chrome, chrome: {chromedriverVersion: 2.41.578737 (49da6702b16031..., userDataDir: C:\Users\Admin\AppData\Loca...}, cssSelectorsEnabled: true, databaseEnabled: false, goog:chromeOptions: {debuggerAddress: localhost:50749}, handlesAlerts: true, hasTouchScreen: false, javascriptEnabled: true, locationContextEnabled: true, mobileEmulationEnabled: false, nativeEvents: true, networkConnectionEnabled: false, pageLoadStrategy: normal, platform: XP, platformName: XP, rotatable: false, setWindowRect: true, takesHeapSnapshot: true, takesScreenshot: true, unexpectedAlertBehaviour: , unhandledPromptBehavior: , version: 88.0.4324.190, webStorageEnabled: true}
Session ID: 3516e930ff356275e5a2c3d6e59d2353
	at org.openqa.selenium.support.ui.WebDriverWait.timeoutException(WebDriverWait.java:82)
	at org.openqa.selenium.support.ui.FluentWait.until(FluentWait.java:272)
	at resources.WebFunctions.click(WebFunctions.java:118)
	at SharedTC.STC_InsuranceHistory.insuranceHistory_Yes(STC_InsuranceHistory.java:21)
	at testApparent.TC_Regression.TC016(TC_Regression.java:488)
	at sun.reflect.NativeMethodAccessorImpl.invoke0(Native Method)
	at sun.reflect.NativeMethodAccessorImpl.invoke(NativeMethodAccessorImpl.java:62)
	at sun.reflect.DelegatingMethodAccessorImpl.invoke(DelegatingMethodAccessorImpl.java:43)
	at java.lang.reflect.Method.invoke(Method.java:498)
	at org.testng.internal.MethodInvocationHelper.invokeMethod(MethodInvocationHelper.java:85)
	at org.testng.internal.Invoker.invokeMethod(Invoker.java:639)
	at org.testng.internal.Invoker.invokeTestMethod(Invoker.java:816)
	at org.testng.internal.Invoker.invokeTestMethods(Invoker.java:1124)
	at org.testng.internal.TestMethodWorker.invokeTestMethods(TestMethodWorker.java:125)
	at org.testng.internal.TestMethodWorker.run(TestMethodWorker.java:108)
	at java.util.concurrent.ThreadPoolExecutor.runWorker(ThreadPoolExecutor.java:1149)
	at java.util.concurrent.ThreadPoolExecutor$Worker.run(ThreadPoolExecutor.java:624)
	at java.lang.Thread.run(Thread.java:748)

2021-03-08 20:20:05,117 - Test Suite -INFO - TEST CASE: TC016 | Priority: 5
2021-03-08 20:20:33,648 - Apparent-V2_D2_16_AdditionalDriver_Non-licensed -INFO - Beginning to Quote.
2021-03-08 20:20:42,795 - Apparent-V2_D2_16_AdditionalDriver_Non-licensed -INFO - Family page: Success!
2021-03-08 20:20:53,425 - Apparent-V2_D2_16_AdditionalDriver_Non-licensed -INFO - Policy Holder page: Success!
2021-03-08 20:21:33,788 - Apparent-V2_D2_16_AdditionalDriver_Non-licensed -ERROR - WebDriver Exception
2021-03-08 20:22:16,243 - Apparent-V2_D2_16_AdditionalDriver_Non-licensed -ERROR - WebDriver Exception
2021-03-08 20:22:58,601 - Apparent-V2_D2_16_AdditionalDriver_Non-licensed -ERROR - WebDriver Exception
2021-03-08 20:23:03,450 - Apparent-V2_D2_16_AdditionalDriver_Non-licensed -INFO - Test case has failed!
2021-03-08 20:23:03,453 - Apparent-V2_D2_16_AdditionalDriver_Non-licensed -INFO - unexpected alert open: {Alert text : }
  (Session info: chrome=88.0.4324.190)
  (Driver info: chromedriver=2.41.578737 (49da6702b16031c40d63e5618de03a32ff6c197e),platform=Windows NT 10.0.19041 x86_64) (WARNING: The server did not provide any stacktrace information)
Command duration or timeout: 0 milliseconds: null
Build info: version: '3.10.0', revision: '176b4a9', time: '2018-03-02T19:03:16.397Z'
System info: host: 'DESKTOP-RL948I0', ip: '192.168.43.163', os.name: 'Windows 10', os.arch: 'amd64', os.version: '10.0', java.version: '1.8.0_181'
Driver info: org.openqa.selenium.chrome.ChromeDriver
Capabilities {acceptInsecureCerts: false, acceptSslCerts: false, applicationCacheEnabled: false, browserConnectionEnabled: false, browserName: chrome, chrome: {chromedriverVersion: 2.41.578737 (49da6702b16031..., userDataDir: C:\Users\Admin\AppData\Loca...}, cssSelectorsEnabled: true, databaseEnabled: false, goog:chromeOptions: {debuggerAddress: localhost:51093}, handlesAlerts: true, hasTouchScreen: false, javascriptEnabled: true, locationContextEnabled: true, mobileEmulationEnabled: false, nativeEvents: true, networkConnectionEnabled: false, pageLoadStrategy: normal, platform: XP, platformName: XP, rotatable: false, setWindowRect: true, takesHeapSnapshot: true, takesScreenshot: true, unexpectedAlertBehaviour: , unhandledPromptBehavior: , version: 88.0.4324.190, webStorageEnabled: true}
Session ID: 7bf13ad3998c873923fad2d8e1bbb2d5
*** Element info: {Using=id, value=customerAddress}
2021-03-08 20:23:05,544 - Test Suite -ERROR - TC016 is Failed ! 
 EXCEPTION:  --->  org.openqa.selenium.UnhandledAlertException: unexpected alert open: {Alert text : }
  (Session info: chrome=88.0.4324.190)
  (Driver info: chromedriver=2.41.578737 (49da6702b16031c40d63e5618de03a32ff6c197e),platform=Windows NT 10.0.19041 x86_64) (WARNING: The server did not provide any stacktrace information)
Command duration or timeout: 0 milliseconds: null
Build info: version: '3.10.0', revision: '176b4a9', time: '2018-03-02T19:03:16.397Z'
System info: host: 'DESKTOP-RL948I0', ip: '192.168.43.163', os.name: 'Windows 10', os.arch: 'amd64', os.version: '10.0', java.version: '1.8.0_181'
Driver info: org.openqa.selenium.chrome.ChromeDriver
Capabilities {acceptInsecureCerts: false, acceptSslCerts: false, applicationCacheEnabled: false, browserConnectionEnabled: false, browserName: chrome, chrome: {chromedriverVersion: 2.41.578737 (49da6702b16031..., userDataDir: C:\Users\Admin\AppData\Loca...}, cssSelectorsEnabled: true, databaseEnabled: false, goog:chromeOptions: {debuggerAddress: localhost:51093}, handlesAlerts: true, hasTouchScreen: false, javascriptEnabled: true, locationContextEnabled: true, mobileEmulationEnabled: false, nativeEvents: true, networkConnectionEnabled: false, pageLoadStrategy: normal, platform: XP, platformName: XP, rotatable: false, setWindowRect: true, takesHeapSnapshot: true, takesScreenshot: true, unexpectedAlertBehaviour: , unhandledPromptBehavior: , version: 88.0.4324.190, webStorageEnabled: true}
Session ID: 7bf13ad3998c873923fad2d8e1bbb2d5
*** Element info: {Using=id, value=customerAddress}
	at sun.reflect.NativeConstructorAccessorImpl.newInstance0(Native Method)
	at sun.reflect.NativeConstructorAccessorImpl.newInstance(NativeConstructorAccessorImpl.java:62)
	at sun.reflect.DelegatingConstructorAccessorImpl.newInstance(DelegatingConstructorAccessorImpl.java:45)
	at java.lang.reflect.Constructor.newInstance(Constructor.java:423)
	at org.openqa.selenium.remote.ErrorHandler.createThrowable(ErrorHandler.java:214)
	at org.openqa.selenium.remote.ErrorHandler.throwIfResponseFailed(ErrorHandler.java:172)
	at org.openqa.selenium.remote.http.JsonHttpResponseCodec.reconstructValue(JsonHttpResponseCodec.java:40)
	at org.openqa.selenium.remote.http.AbstractHttpResponseCodec.decode(AbstractHttpResponseCodec.java:80)
	at org.openqa.selenium.remote.http.AbstractHttpResponseCodec.decode(AbstractHttpResponseCodec.java:44)
	at org.openqa.selenium.remote.HttpCommandExecutor.execute(HttpCommandExecutor.java:160)
	at org.openqa.selenium.remote.service.DriverCommandExecutor.execute(DriverCommandExecutor.java:83)
	at org.openqa.selenium.remote.RemoteWebDriver.execute(RemoteWebDriver.java:601)
	at org.openqa.selenium.remote.RemoteWebDriver.findElement(RemoteWebDriver.java:371)
	at org.openqa.selenium.remote.RemoteWebDriver.findElementById(RemoteWebDriver.java:417)
	at org.openqa.selenium.By$ById.findElement(By.java:218)
	at org.openqa.selenium.remote.RemoteWebDriver.findElement(RemoteWebDriver.java:363)
	at org.openqa.selenium.support.pagefactory.DefaultElementLocator.findElement(DefaultElementLocator.java:69)
	at org.openqa.selenium.support.pagefactory.internal.LocatingElementHandler.invoke(LocatingElementHandler.java:38)
	at com.sun.proxy.$Proxy9.isDisplayed(Unknown Source)
	at org.openqa.selenium.support.ui.ExpectedConditions.elementIfVisible(ExpectedConditions.java:315)
	at org.openqa.selenium.support.ui.ExpectedConditions.access$100(ExpectedConditions.java:44)
	at org.openqa.selenium.support.ui.ExpectedConditions$10.apply(ExpectedConditions.java:301)
	at org.openqa.selenium.support.ui.ExpectedConditions$10.apply(ExpectedConditions.java:298)
	at org.openqa.selenium.support.ui.FluentWait.until(FluentWait.java:249)
	at resources.WebFunctions.dropdownMelissaJS(WebFunctions.java:521)
	at SharedTC.STC_Address.address(STC_Address.java:14)
	at testApparent.TC_Regression.TC016(TC_Regression.java:483)
	at sun.reflect.NativeMethodAccessorImpl.invoke0(Native Method)
	at sun.reflect.NativeMethodAccessorImpl.invoke(NativeMethodAccessorImpl.java:62)
	at sun.reflect.DelegatingMethodAccessorImpl.invoke(DelegatingMethodAccessorImpl.java:43)
	at java.lang.reflect.Method.invoke(Method.java:498)
	at org.testng.internal.MethodInvocationHelper.invokeMethod(MethodInvocationHelper.java:85)
	at org.testng.internal.Invoker.invokeMethod(Invoker.java:639)
	at org.testng.internal.Invoker.invokeTestMethod(Invoker.java:816)
	at org.testng.internal.Invoker.invokeTestMethods(Invoker.java:1124)
	at org.testng.internal.TestMethodWorker.invokeTestMethods(TestMethodWorker.java:125)
	at org.testng.internal.TestMethodWorker.run(TestMethodWorker.java:108)
	at java.util.concurrent.ThreadPoolExecutor.runWorker(ThreadPoolExecutor.java:1149)
	at java.util.concurrent.ThreadPoolExecutor$Worker.run(ThreadPoolExecutor.java:624)
	at java.lang.Thread.run(Thread.java:748)

2021-03-08 20:23:13,751 - Test Suite -INFO - TEST CASE: TC016 | Priority: 5
2021-03-08 20:23:46,059 - Apparent-V2_D2_16_AdditionalDriver_Non-licensed -INFO - Beginning to Quote.
2021-03-08 20:23:55,311 - Apparent-V2_D2_16_AdditionalDriver_Non-licensed -INFO - Family page: Success!
2021-03-08 20:24:05,747 - Apparent-V2_D2_16_AdditionalDriver_Non-licensed -INFO - Policy Holder page: Success!
2021-03-08 20:24:07,159 - Apparent-V2_D2_16_AdditionalDriver_Non-licensed -ERROR - NoSuchElement Exception
2021-03-08 20:24:14,400 - Apparent-V2_D2_16_AdditionalDriver_Non-licensed -ERROR - WebDriver Exception
2021-03-08 20:24:40,579 - Apparent-V2_D2_16_AdditionalDriver_Non-licensed -INFO - Address page: Success!
2021-03-08 20:25:29,574 - Apparent-V2_D2_16_AdditionalDriver_Non-licensed -INFO - Vehicle Details 1of2 page: Success!
2021-03-08 20:25:57,634 - Apparent-V2_D2_16_AdditionalDriver_Non-licensed -INFO - Vehicle Details 2of2 page: Success!
2021-03-08 20:26:01,172 - Apparent-V2_D2_16_AdditionalDriver_Non-licensed -INFO - VehicleList page: Success!
2021-03-08 20:26:46,136 - Apparent-V2_D2_16_AdditionalDriver_Non-licensed -INFO - Vehicle Details 1of2 page: Success!
2021-03-08 20:27:14,514 - Apparent-V2_D2_16_AdditionalDriver_Non-licensed -INFO - Vehicle Details 2of2 page: Success!
2021-03-08 20:27:21,121 - Apparent-V2_D2_16_AdditionalDriver_Non-licensed -INFO - VehicleList page: Success!
2021-03-08 20:27:39,612 - Apparent-V2_D2_16_AdditionalDriver_Non-licensed -ERROR - NoSuchElement Exception
2021-03-08 20:27:43,716 - Apparent-V2_D2_16_AdditionalDriver_Non-licensed -ERROR - NoSuchElement Exception
2021-03-08 20:27:48,058 - Apparent-V2_D2_16_AdditionalDriver_Non-licensed -ERROR - NoSuchElement Exception
2021-03-08 20:27:55,375 - Apparent-V2_D2_16_AdditionalDriver_Non-licensed -INFO - Policy holder Details 1of2 page: Success!
2021-03-08 20:28:14,186 - Apparent-V2_D2_16_AdditionalDriver_Non-licensed -INFO - Policy Holder Details 2of2 page: Success!
2021-03-08 20:28:14,196 - Apparent-V2_D2_16_AdditionalDriver_Non-licensed -INFO - No Incident added!
2021-03-08 20:28:17,861 - Apparent-V2_D2_16_AdditionalDriver_Non-licensed -INFO - DriverList page: Success!
2021-03-08 20:28:37,943 - Apparent-V2_D2_16_AdditionalDriver_Non-licensed -INFO - Additional Driver 1of2 page: Success!
2021-03-08 20:29:39,056 - Apparent-V2_D2_16_AdditionalDriver_Non-licensed -INFO - Additional Driver 2of2 page: Success!
2021-03-08 20:29:39,058 - Apparent-V2_D2_16_AdditionalDriver_Non-licensed -INFO - No Incident added!
2021-03-08 20:29:42,532 - Apparent-V2_D2_16_AdditionalDriver_Non-licensed -INFO - DriverList page: Success!
2021-03-08 20:30:23,815 - Apparent-V2_D2_16_AdditionalDriver_Non-licensed -INFO - Insurance History page: Success!
2021-03-08 20:30:39,780 - Apparent-V2_D2_16_AdditionalDriver_Non-licensed -INFO - Policy Start page: Success!
2021-03-08 20:31:15,662 - Apparent-V2_D2_16_AdditionalDriver_Non-licensed -INFO - Quote Page: Success!
2021-03-08 20:32:06,910 - Apparent-V2_D2_16_AdditionalDriver_Non-licensed -INFO - Confirm Driver page: Success!
2021-03-08 20:32:28,361 - Apparent-V2_D2_16_AdditionalDriver_Non-licensed -ERROR - NoSuchElement Exception
2021-03-08 20:32:32,057 - Apparent-V2_D2_16_AdditionalDriver_Non-licensed -ERROR - NoSuchElement Exception
2021-03-08 20:32:36,203 - Apparent-V2_D2_16_AdditionalDriver_Non-licensed -ERROR - NoSuchElement Exception
2021-03-08 20:32:50,971 - Apparent-V2_D2_16_AdditionalDriver_Non-licensed -ERROR - NoSuchElement Exception
2021-03-08 20:32:55,089 - Apparent-V2_D2_16_AdditionalDriver_Non-licensed -ERROR - NoSuchElement Exception
2021-03-08 20:32:58,930 - Apparent-V2_D2_16_AdditionalDriver_Non-licensed -ERROR - NoSuchElement Exception
2021-03-08 20:33:12,802 - Apparent-V2_D2_16_AdditionalDriver_Non-licensed -INFO - ConfirmVehicle page: Success!
2021-03-08 20:34:12,132 - Apparent-V2_D2_16_AdditionalDriver_Non-licensed -INFO - Billing page: Success!
2021-03-08 20:34:40,689 - Apparent-V2_D2_16_AdditionalDriver_Non-licensed -INFO - Policy Number :244-000-000-98
2021-03-08 20:34:40,690 - Apparent-V2_D2_16_AdditionalDriver_Non-licensed -INFO - Test case is successful!
2021-03-08 20:34:46,720 - Test Suite -INFO - TC016 is Passed !
2021-03-09 14:20:04,400 - Test Suite -INFO - TEST CASE: TC016 | Priority: 5
2021-03-09 14:21:18,123 - Apparent-V2_D2_16_AdditionalDriver_Non-licensed -INFO - Beginning to Quote.
2021-03-09 14:21:26,564 - Apparent-V2_D2_16_AdditionalDriver_Non-licensed -INFO - Family page: Success!
2021-03-09 14:21:35,652 - Apparent-V2_D2_16_AdditionalDriver_Non-licensed -INFO - Policy Holder page: Success!
2021-03-09 14:21:36,285 - Apparent-V2_D2_16_AdditionalDriver_Non-licensed -ERROR - NoSuchElement Exception
2021-03-09 14:21:42,196 - Apparent-V2_D2_16_AdditionalDriver_Non-licensed -ERROR - WebDriver Exception
2021-03-09 14:22:05,655 - Apparent-V2_D2_16_AdditionalDriver_Non-licensed -INFO - Address page: Success!
2021-03-09 14:22:47,614 - Apparent-V2_D2_16_AdditionalDriver_Non-licensed -INFO - Vehicle Details 1of2 page: Success!
2021-03-09 14:23:13,324 - Apparent-V2_D2_16_AdditionalDriver_Non-licensed -INFO - Vehicle Details 2of2 page: Success!
2021-03-09 14:23:16,568 - Apparent-V2_D2_16_AdditionalDriver_Non-licensed -INFO - VehicleList page: Success!
2021-03-09 14:23:56,223 - Apparent-V2_D2_16_AdditionalDriver_Non-licensed -INFO - Vehicle Details 1of2 page: Success!
2021-03-09 14:24:21,921 - Apparent-V2_D2_16_AdditionalDriver_Non-licensed -INFO - Vehicle Details 2of2 page: Success!
2021-03-09 14:24:28,142 - Apparent-V2_D2_16_AdditionalDriver_Non-licensed -INFO - VehicleList page: Success!
2021-03-09 14:24:44,852 - Apparent-V2_D2_16_AdditionalDriver_Non-licensed -ERROR - NoSuchElement Exception
2021-03-09 14:24:48,541 - Apparent-V2_D2_16_AdditionalDriver_Non-licensed -ERROR - NoSuchElement Exception
2021-03-09 14:24:52,233 - Apparent-V2_D2_16_AdditionalDriver_Non-licensed -ERROR - NoSuchElement Exception
2021-03-09 14:25:01,460 - Apparent-V2_D2_16_AdditionalDriver_Non-licensed -INFO - Policy holder Details 1of2 page: Success!
2021-03-09 14:25:19,491 - Apparent-V2_D2_16_AdditionalDriver_Non-licensed -INFO - Policy Holder Details 2of2 page: Success!
2021-03-09 14:25:19,498 - Apparent-V2_D2_16_AdditionalDriver_Non-licensed -INFO - No Incident added!
2021-03-09 14:25:22,716 - Apparent-V2_D2_16_AdditionalDriver_Non-licensed -INFO - DriverList page: Success!
2021-03-09 14:25:39,403 - Apparent-V2_D2_16_AdditionalDriver_Non-licensed -INFO - Additional Driver 1of2 page: Success!
2021-03-09 14:25:58,747 - Apparent-V2_D2_16_AdditionalDriver_Non-licensed -INFO - Additional Driver 2of2 page: Success!
2021-03-09 14:25:58,751 - Apparent-V2_D2_16_AdditionalDriver_Non-licensed -INFO - No Incident added!
2021-03-09 14:26:01,994 - Apparent-V2_D2_16_AdditionalDriver_Non-licensed -INFO - DriverList page: Success!
2021-03-09 14:26:39,174 - Apparent-V2_D2_16_AdditionalDriver_Non-licensed -INFO - Insurance History page: Success!
2021-03-09 14:26:52,645 - Apparent-V2_D2_16_AdditionalDriver_Non-licensed -INFO - Policy Start page: Success!
2021-03-09 14:27:13,201 - Apparent-V2_D2_16_AdditionalDriver_Non-licensed -INFO - Quote Page: Success!
2021-03-09 14:27:19,315 - Apparent-V2_D2_16_AdditionalDriver_Non-licensed -INFO - Test case has failed!
2021-03-09 14:27:19,316 - Apparent-V2_D2_16_AdditionalDriver_Non-licensed -INFO - no such element: Unable to locate element: {"method":"xpath","selector":"(//input[@name='driverLicense'])[1]"}
  (Session info: chrome=89.0.4389.82)
  (Driver info: chromedriver=2.41.578737 (49da6702b16031c40d63e5618de03a32ff6c197e),platform=Windows NT 10.0.19041 x86_64) (WARNING: The server did not provide any stacktrace information)
Command duration or timeout: 0 milliseconds
For documentation on this error, please visit: http://seleniumhq.org/exceptions/no_such_element.html
Build info: version: '3.10.0', revision: '176b4a9', time: '2018-03-02T19:03:16.397Z'
System info: host: 'DESKTOP-RL948I0', ip: '192.168.43.163', os.name: 'Windows 10', os.arch: 'amd64', os.version: '10.0', java.version: '1.8.0_181'
Driver info: org.openqa.selenium.chrome.ChromeDriver
Capabilities {acceptInsecureCerts: false, acceptSslCerts: false, applicationCacheEnabled: false, browserConnectionEnabled: false, browserName: chrome, chrome: {chromedriverVersion: 2.41.578737 (49da6702b16031..., userDataDir: C:\Users\Admin\AppData\Loca...}, cssSelectorsEnabled: true, databaseEnabled: false, goog:chromeOptions: {debuggerAddress: localhost:63629}, handlesAlerts: true, hasTouchScreen: false, javascriptEnabled: true, locationContextEnabled: true, mobileEmulationEnabled: false, nativeEvents: true, networkConnectionEnabled: false, pageLoadStrategy: normal, platform: XP, platformName: XP, rotatable: false, setWindowRect: true, takesHeapSnapshot: true, takesScreenshot: true, unexpectedAlertBehaviour: , unhandledPromptBehavior: , version: 89.0.4389.82, webStorageEnabled: true}
Session ID: 3bb13ec52ec703c13b914b07188cbb30
*** Element info: {Using=xpath, value=(//input[@name='driverLicense'])[1]}
2021-03-09 14:27:20,870 - Test Suite -ERROR - TC016 is Failed ! 
 EXCEPTION:  --->  org.openqa.selenium.NoSuchElementException: no such element: Unable to locate element: {"method":"xpath","selector":"(//input[@name='driverLicense'])[1]"}
  (Session info: chrome=89.0.4389.82)
  (Driver info: chromedriver=2.41.578737 (49da6702b16031c40d63e5618de03a32ff6c197e),platform=Windows NT 10.0.19041 x86_64) (WARNING: The server did not provide any stacktrace information)
Command duration or timeout: 0 milliseconds
For documentation on this error, please visit: http://seleniumhq.org/exceptions/no_such_element.html
Build info: version: '3.10.0', revision: '176b4a9', time: '2018-03-02T19:03:16.397Z'
System info: host: 'DESKTOP-RL948I0', ip: '192.168.43.163', os.name: 'Windows 10', os.arch: 'amd64', os.version: '10.0', java.version: '1.8.0_181'
Driver info: org.openqa.selenium.chrome.ChromeDriver
Capabilities {acceptInsecureCerts: false, acceptSslCerts: false, applicationCacheEnabled: false, browserConnectionEnabled: false, browserName: chrome, chrome: {chromedriverVersion: 2.41.578737 (49da6702b16031..., userDataDir: C:\Users\Admin\AppData\Loca...}, cssSelectorsEnabled: true, databaseEnabled: false, goog:chromeOptions: {debuggerAddress: localhost:63629}, handlesAlerts: true, hasTouchScreen: false, javascriptEnabled: true, locationContextEnabled: true, mobileEmulationEnabled: false, nativeEvents: true, networkConnectionEnabled: false, pageLoadStrategy: normal, platform: XP, platformName: XP, rotatable: false, setWindowRect: true, takesHeapSnapshot: true, takesScreenshot: true, unexpectedAlertBehaviour: , unhandledPromptBehavior: , version: 89.0.4389.82, webStorageEnabled: true}
Session ID: 3bb13ec52ec703c13b914b07188cbb30
*** Element info: {Using=xpath, value=(//input[@name='driverLicense'])[1]}
	at sun.reflect.GeneratedConstructorAccessor18.newInstance(Unknown Source)
	at sun.reflect.DelegatingConstructorAccessorImpl.newInstance(DelegatingConstructorAccessorImpl.java:45)
	at java.lang.reflect.Constructor.newInstance(Constructor.java:423)
	at org.openqa.selenium.remote.ErrorHandler.createThrowable(ErrorHandler.java:214)
	at org.openqa.selenium.remote.ErrorHandler.throwIfResponseFailed(ErrorHandler.java:166)
	at org.openqa.selenium.remote.http.JsonHttpResponseCodec.reconstructValue(JsonHttpResponseCodec.java:40)
	at org.openqa.selenium.remote.http.AbstractHttpResponseCodec.decode(AbstractHttpResponseCodec.java:80)
	at org.openqa.selenium.remote.http.AbstractHttpResponseCodec.decode(AbstractHttpResponseCodec.java:44)
	at org.openqa.selenium.remote.HttpCommandExecutor.execute(HttpCommandExecutor.java:160)
	at org.openqa.selenium.remote.service.DriverCommandExecutor.execute(DriverCommandExecutor.java:83)
	at org.openqa.selenium.remote.RemoteWebDriver.execute(RemoteWebDriver.java:601)
	at org.openqa.selenium.remote.RemoteWebDriver.findElement(RemoteWebDriver.java:371)
	at org.openqa.selenium.remote.RemoteWebDriver.findElementByXPath(RemoteWebDriver.java:473)
	at org.openqa.selenium.By$ByXPath.findElement(By.java:361)
	at org.openqa.selenium.remote.RemoteWebDriver.findElement(RemoteWebDriver.java:363)
	at resources.WebFunctions.type(WebFunctions.java:87)
	at SharedTC.STC_ConfirmDriver.confirmDriver(STC_ConfirmDriver.java:20)
	at testApparent.TC_Regression.TC016(TC_Regression.java:492)
	at sun.reflect.NativeMethodAccessorImpl.invoke0(Native Method)
	at sun.reflect.NativeMethodAccessorImpl.invoke(NativeMethodAccessorImpl.java:62)
	at sun.reflect.DelegatingMethodAccessorImpl.invoke(DelegatingMethodAccessorImpl.java:43)
	at java.lang.reflect.Method.invoke(Method.java:498)
	at org.testng.internal.MethodInvocationHelper.invokeMethod(MethodInvocationHelper.java:85)
	at org.testng.internal.Invoker.invokeMethod(Invoker.java:639)
	at org.testng.internal.Invoker.invokeTestMethod(Invoker.java:816)
	at org.testng.internal.Invoker.invokeTestMethods(Invoker.java:1124)
	at org.testng.internal.TestMethodWorker.invokeTestMethods(TestMethodWorker.java:125)
	at org.testng.internal.TestMethodWorker.run(TestMethodWorker.java:108)
	at java.util.concurrent.ThreadPoolExecutor.runWorker(ThreadPoolExecutor.java:1149)
	at java.util.concurrent.ThreadPoolExecutor$Worker.run(ThreadPoolExecutor.java:624)
	at java.lang.Thread.run(Thread.java:748)

2021-03-09 14:28:01,320 - Test Suite -INFO - TEST CASE: TC016 | Priority: 5
2021-03-09 14:28:22,294 - Apparent-V2_D2_16_AdditionalDriver_Non-licensed -INFO - Beginning to Quote.
2021-03-09 14:28:30,753 - Apparent-V2_D2_16_AdditionalDriver_Non-licensed -INFO - Family page: Success!
2021-03-09 14:28:39,940 - Apparent-V2_D2_16_AdditionalDriver_Non-licensed -INFO - Policy Holder page: Success!
2021-03-09 14:28:40,605 - Apparent-V2_D2_16_AdditionalDriver_Non-licensed -ERROR - NoSuchElement Exception
2021-03-09 14:28:46,583 - Apparent-V2_D2_16_AdditionalDriver_Non-licensed -ERROR - WebDriver Exception
2021-03-09 14:29:10,073 - Apparent-V2_D2_16_AdditionalDriver_Non-licensed -INFO - Address page: Success!
2021-03-09 14:29:52,078 - Apparent-V2_D2_16_AdditionalDriver_Non-licensed -INFO - Vehicle Details 1of2 page: Success!
2021-03-09 14:30:17,682 - Apparent-V2_D2_16_AdditionalDriver_Non-licensed -INFO - Vehicle Details 2of2 page: Success!
2021-03-09 14:30:20,899 - Apparent-V2_D2_16_AdditionalDriver_Non-licensed -INFO - VehicleList page: Success!
2021-03-09 14:31:00,756 - Apparent-V2_D2_16_AdditionalDriver_Non-licensed -INFO - Vehicle Details 1of2 page: Success!
2021-03-09 14:31:26,440 - Apparent-V2_D2_16_AdditionalDriver_Non-licensed -INFO - Vehicle Details 2of2 page: Success!
2021-03-09 14:31:32,664 - Apparent-V2_D2_16_AdditionalDriver_Non-licensed -INFO - VehicleList page: Success!
2021-03-09 14:31:49,121 - Apparent-V2_D2_16_AdditionalDriver_Non-licensed -ERROR - NoSuchElement Exception
2021-03-09 14:31:52,643 - Apparent-V2_D2_16_AdditionalDriver_Non-licensed -ERROR - NoSuchElement Exception
2021-03-09 14:31:56,152 - Apparent-V2_D2_16_AdditionalDriver_Non-licensed -ERROR - NoSuchElement Exception
2021-03-09 14:32:02,870 - Apparent-V2_D2_16_AdditionalDriver_Non-licensed -INFO - Policy holder Details 1of2 page: Success!
2021-03-09 14:32:20,901 - Apparent-V2_D2_16_AdditionalDriver_Non-licensed -INFO - Policy Holder Details 2of2 page: Success!
2021-03-09 14:32:20,904 - Apparent-V2_D2_16_AdditionalDriver_Non-licensed -INFO - No Incident added!
2021-03-09 14:32:24,593 - Apparent-V2_D2_16_AdditionalDriver_Non-licensed -INFO - DriverList page: Success!
2021-03-09 14:32:41,500 - Apparent-V2_D2_16_AdditionalDriver_Non-licensed -INFO - Additional Driver 1of2 page: Success!
2021-03-09 14:33:00,797 - Apparent-V2_D2_16_AdditionalDriver_Non-licensed -INFO - Additional Driver 2of2 page: Success!
2021-03-09 14:33:00,798 - Apparent-V2_D2_16_AdditionalDriver_Non-licensed -INFO - No Incident added!
2021-03-09 14:33:04,002 - Apparent-V2_D2_16_AdditionalDriver_Non-licensed -INFO - DriverList page: Success!
2021-03-09 14:33:41,151 - Apparent-V2_D2_16_AdditionalDriver_Non-licensed -INFO - Insurance History page: Success!
2021-03-09 14:33:54,770 - Apparent-V2_D2_16_AdditionalDriver_Non-licensed -INFO - Policy Start page: Success!
2021-03-09 14:34:15,241 - Apparent-V2_D2_16_AdditionalDriver_Non-licensed -INFO - Quote Page: Success!
2021-03-09 14:34:25,699 - Apparent-V2_D2_16_AdditionalDriver_Non-licensed -INFO - Confirm Driver page: Success!
2021-03-09 14:34:36,217 - Apparent-V2_D2_16_AdditionalDriver_Non-licensed -ERROR - NoSuchElement Exception
2021-03-09 14:34:39,511 - Apparent-V2_D2_16_AdditionalDriver_Non-licensed -ERROR - NoSuchElement Exception
2021-03-09 14:34:42,820 - Apparent-V2_D2_16_AdditionalDriver_Non-licensed -ERROR - NoSuchElement Exception
2021-03-09 14:34:55,013 - Apparent-V2_D2_16_AdditionalDriver_Non-licensed -ERROR - NoSuchElement Exception
2021-03-09 14:34:58,317 - Apparent-V2_D2_16_AdditionalDriver_Non-licensed -ERROR - NoSuchElement Exception
2021-03-09 14:35:01,629 - Apparent-V2_D2_16_AdditionalDriver_Non-licensed -ERROR - NoSuchElement Exception
2021-03-09 14:35:13,663 - Apparent-V2_D2_16_AdditionalDriver_Non-licensed -INFO - ConfirmVehicle page: Success!
2021-03-09 14:36:08,407 - Apparent-V2_D2_16_AdditionalDriver_Non-licensed -INFO - Billing page: Success!
2021-03-09 14:36:30,423 - Apparent-V2_D2_16_AdditionalDriver_Non-licensed -INFO - Policy Number :244-000-001-03
2021-03-09 14:37:10,545 - Apparent-V2_D2_16_AdditionalDriver_Non-licensed -INFO - Test case has failed!
2021-03-09 14:37:10,558 - Apparent-V2_D2_16_AdditionalDriver_Non-licensed -INFO - no such alert
  (Session info: chrome=89.0.4389.82)
  (Driver info: chromedriver=2.41.578737 (49da6702b16031c40d63e5618de03a32ff6c197e),platform=Windows NT 10.0.19041 x86_64) (WARNING: The server did not provide any stacktrace information)
Command duration or timeout: 0 milliseconds
Build info: version: '3.10.0', revision: '176b4a9', time: '2018-03-02T19:03:16.397Z'
System info: host: 'DESKTOP-RL948I0', ip: '192.168.43.163', os.name: 'Windows 10', os.arch: 'amd64', os.version: '10.0', java.version: '1.8.0_181'
Driver info: org.openqa.selenium.chrome.ChromeDriver
Capabilities {acceptInsecureCerts: false, acceptSslCerts: false, applicationCacheEnabled: false, browserConnectionEnabled: false, browserName: chrome, chrome: {chromedriverVersion: 2.41.578737 (49da6702b16031..., userDataDir: C:\Users\Admin\AppData\Loca...}, cssSelectorsEnabled: true, databaseEnabled: false, goog:chromeOptions: {debuggerAddress: localhost:63767}, handlesAlerts: true, hasTouchScreen: false, javascriptEnabled: true, locationContextEnabled: true, mobileEmulationEnabled: false, nativeEvents: true, networkConnectionEnabled: false, pageLoadStrategy: normal, platform: XP, platformName: XP, rotatable: false, setWindowRect: true, takesHeapSnapshot: true, takesScreenshot: true, unexpectedAlertBehaviour: , unhandledPromptBehavior: , version: 89.0.4389.82, webStorageEnabled: true}
Session ID: dd352303dee6f461c5e0894d259a4b08
2021-03-09 14:39:29,024 - Test Suite -INFO - TEST CASE: TC016 | Priority: 5
2021-03-09 14:39:49,294 - Apparent-V2_D2_16_AdditionalDriver_Non-licensed -INFO - Beginning to Quote.
2021-03-09 14:39:57,683 - Apparent-V2_D2_16_AdditionalDriver_Non-licensed -INFO - Family page: Success!
2021-03-09 14:40:06,906 - Apparent-V2_D2_16_AdditionalDriver_Non-licensed -INFO - Policy Holder page: Success!
2021-03-09 14:40:07,842 - Apparent-V2_D2_16_AdditionalDriver_Non-licensed -ERROR - NoSuchElement Exception
2021-03-09 14:40:13,803 - Apparent-V2_D2_16_AdditionalDriver_Non-licensed -ERROR - WebDriver Exception
2021-03-09 14:40:37,284 - Apparent-V2_D2_16_AdditionalDriver_Non-licensed -INFO - Address page: Success!
2021-03-09 14:41:19,780 - Apparent-V2_D2_16_AdditionalDriver_Non-licensed -INFO - Vehicle Details 1of2 page: Success!
2021-03-09 14:41:45,522 - Apparent-V2_D2_16_AdditionalDriver_Non-licensed -INFO - Vehicle Details 2of2 page: Success!
2021-03-09 14:41:48,741 - Apparent-V2_D2_16_AdditionalDriver_Non-licensed -INFO - VehicleList page: Success!
2021-03-09 14:42:28,754 - Apparent-V2_D2_16_AdditionalDriver_Non-licensed -INFO - Vehicle Details 1of2 page: Success!
2021-03-09 14:42:54,470 - Apparent-V2_D2_16_AdditionalDriver_Non-licensed -INFO - Vehicle Details 2of2 page: Success!
2021-03-09 14:43:00,683 - Apparent-V2_D2_16_AdditionalDriver_Non-licensed -INFO - VehicleList page: Success!
2021-03-09 14:43:17,428 - Apparent-V2_D2_16_AdditionalDriver_Non-licensed -ERROR - NoSuchElement Exception
2021-03-09 14:43:21,067 - Apparent-V2_D2_16_AdditionalDriver_Non-licensed -ERROR - NoSuchElement Exception
2021-03-09 14:43:24,736 - Apparent-V2_D2_16_AdditionalDriver_Non-licensed -ERROR - NoSuchElement Exception
2021-03-09 14:43:31,517 - Apparent-V2_D2_16_AdditionalDriver_Non-licensed -INFO - Policy holder Details 1of2 page: Success!
2021-03-09 14:43:49,410 - Apparent-V2_D2_16_AdditionalDriver_Non-licensed -INFO - Policy Holder Details 2of2 page: Success!
2021-03-09 14:43:49,412 - Apparent-V2_D2_16_AdditionalDriver_Non-licensed -INFO - No Incident added!
2021-03-09 14:43:52,667 - Apparent-V2_D2_16_AdditionalDriver_Non-licensed -INFO - DriverList page: Success!
2021-03-09 14:44:09,429 - Apparent-V2_D2_16_AdditionalDriver_Non-licensed -INFO - Additional Driver 1of2 page: Success!
2021-03-09 14:44:28,780 - Apparent-V2_D2_16_AdditionalDriver_Non-licensed -INFO - Additional Driver 2of2 page: Success!
2021-03-09 14:44:28,782 - Apparent-V2_D2_16_AdditionalDriver_Non-licensed -INFO - No Incident added!
2021-03-09 14:44:32,018 - Apparent-V2_D2_16_AdditionalDriver_Non-licensed -INFO - DriverList page: Success!
2021-03-09 14:45:09,240 - Apparent-V2_D2_16_AdditionalDriver_Non-licensed -INFO - Insurance History page: Success!
2021-03-09 14:45:22,919 - Apparent-V2_D2_16_AdditionalDriver_Non-licensed -INFO - Policy Start page: Success!
2021-03-09 14:51:56,944 - Apparent-V2_D2_16_AdditionalDriver_Non-licensed -INFO - Quote Page: Success!
2021-03-09 14:52:31,450 - Apparent-V2_D2_16_AdditionalDriver_Non-licensed -INFO - Confirm Driver page: Success!
2021-03-09 14:52:46,982 - Apparent-V2_D2_16_AdditionalDriver_Non-licensed -ERROR - NoSuchElement Exception
2021-03-09 14:52:50,980 - Apparent-V2_D2_16_AdditionalDriver_Non-licensed -ERROR - NoSuchElement Exception
2021-03-09 14:52:54,733 - Apparent-V2_D2_16_AdditionalDriver_Non-licensed -ERROR - NoSuchElement Exception
2021-03-09 14:53:08,333 - Apparent-V2_D2_16_AdditionalDriver_Non-licensed -ERROR - NoSuchElement Exception
2021-03-09 14:53:12,056 - Apparent-V2_D2_16_AdditionalDriver_Non-licensed -ERROR - NoSuchElement Exception
2021-03-09 14:53:15,729 - Apparent-V2_D2_16_AdditionalDriver_Non-licensed -ERROR - NoSuchElement Exception
2021-03-09 14:53:28,894 - Apparent-V2_D2_16_AdditionalDriver_Non-licensed -INFO - ConfirmVehicle page: Success!
2021-03-09 14:54:37,125 - Apparent-V2_D2_16_AdditionalDriver_Non-licensed -INFO - Billing page: Success!
2021-03-09 14:55:33,334 - Apparent-V2_D2_16_AdditionalDriver_Non-licensed -INFO - Policy Number :244-000-001-04
2021-03-09 14:56:01,050 - Apparent-V2_D2_16_AdditionalDriver_Non-licensed -INFO - Beginning to Quote.
2021-03-09 19:16:26,659 - Test Suite -INFO - TEST CASE: TC021 | Priority: 5
2021-03-09 19:16:49,637 - Apparent-V1_D1_21_CustomCoverage -INFO - Beginning to Quote.
2021-03-09 19:16:58,347 - Apparent-V1_D1_21_CustomCoverage -INFO - Family page: Success!
2021-03-09 19:17:09,240 - Apparent-V1_D1_21_CustomCoverage -INFO - Policy Holder page: Success!
2021-03-09 19:17:11,169 - Apparent-V1_D1_21_CustomCoverage -ERROR - NoSuchElement Exception
2021-03-09 19:17:42,151 - Apparent-V1_D1_21_CustomCoverage -INFO - Address page: Success!
2021-03-09 19:18:30,983 - Apparent-V1_D1_21_CustomCoverage -INFO - Vehicle Details 1of2 page: Success!
2021-03-09 19:18:59,971 - Apparent-V1_D1_21_CustomCoverage -INFO - Vehicle Details 2of2 page: Success!
2021-03-09 19:19:06,614 - Apparent-V1_D1_21_CustomCoverage -INFO - VehicleList page: Success!
2021-03-09 19:19:25,967 - Apparent-V1_D1_21_CustomCoverage -ERROR - NoSuchElement Exception
2021-03-09 19:19:30,778 - Apparent-V1_D1_21_CustomCoverage -ERROR - NoSuchElement Exception
2021-03-09 19:19:34,676 - Apparent-V1_D1_21_CustomCoverage -ERROR - NoSuchElement Exception
2021-03-09 19:19:42,634 - Apparent-V1_D1_21_CustomCoverage -INFO - Policy holder Details 1of2 page: Success!
2021-03-09 19:20:02,954 - Apparent-V1_D1_21_CustomCoverage -INFO - Policy Holder Details 2of2 page: Success!
2021-03-09 19:20:02,969 - Apparent-V1_D1_21_CustomCoverage -INFO - No Incident added!
2021-03-09 19:20:43,515 - Apparent-V1_D1_21_CustomCoverage -ERROR - WebDriver Exception
2021-03-09 19:21:25,851 - Apparent-V1_D1_21_CustomCoverage -ERROR - WebDriver Exception
2021-03-09 19:22:08,302 - Apparent-V1_D1_21_CustomCoverage -ERROR - WebDriver Exception
2021-03-09 19:22:50,859 - Apparent-V1_D1_21_CustomCoverage -INFO - Test case has failed!
2021-03-09 19:22:50,860 - Apparent-V1_D1_21_CustomCoverage -INFO - Expected condition failed: waiting for element to be clickable: Proxy element for: DefaultElementLocator 'By.id: customerFname' (tried for 40 second(s) with 500 milliseconds interval)
2021-03-09 19:22:53,018 - Test Suite -ERROR - TC021 is Failed ! 
 EXCEPTION:  --->  org.openqa.selenium.TimeoutException: Expected condition failed: waiting for element to be clickable: Proxy element for: DefaultElementLocator 'By.id: customerFname' (tried for 40 second(s) with 500 milliseconds interval)
	at org.openqa.selenium.support.ui.WebDriverWait.timeoutException(WebDriverWait.java:82)
	at org.openqa.selenium.support.ui.FluentWait.until(FluentWait.java:272)
	at resources.WebFunctions.type(WebFunctions.java:35)
	at SharedTC.STC_Spouse1of2.Spouse1of2(STC_Spouse1of2.java:18)
	at testApparent.TC_Regression.TC021(TC_Regression.java:638)
	at sun.reflect.NativeMethodAccessorImpl.invoke0(Native Method)
	at sun.reflect.NativeMethodAccessorImpl.invoke(NativeMethodAccessorImpl.java:62)
	at sun.reflect.DelegatingMethodAccessorImpl.invoke(DelegatingMethodAccessorImpl.java:43)
	at java.lang.reflect.Method.invoke(Method.java:498)
	at org.testng.internal.MethodInvocationHelper.invokeMethod(MethodInvocationHelper.java:85)
	at org.testng.internal.Invoker.invokeMethod(Invoker.java:639)
	at org.testng.internal.Invoker.invokeTestMethod(Invoker.java:816)
	at org.testng.internal.Invoker.invokeTestMethods(Invoker.java:1124)
	at org.testng.internal.TestMethodWorker.invokeTestMethods(TestMethodWorker.java:125)
	at org.testng.internal.TestMethodWorker.run(TestMethodWorker.java:108)
	at java.util.concurrent.ThreadPoolExecutor.runWorker(ThreadPoolExecutor.java:1149)
	at java.util.concurrent.ThreadPoolExecutor$Worker.run(ThreadPoolExecutor.java:624)
	at java.lang.Thread.run(Thread.java:748)
Caused by: org.openqa.selenium.NoSuchElementException: no such element: Unable to locate element: {"method":"id","selector":"customerFname"}
  (Session info: chrome=89.0.4389.82)
  (Driver info: chromedriver=2.41.578737 (49da6702b16031c40d63e5618de03a32ff6c197e),platform=Windows NT 10.0.19041 x86_64) (WARNING: The server did not provide any stacktrace information)
Command duration or timeout: 0 milliseconds
For documentation on this error, please visit: http://seleniumhq.org/exceptions/no_such_element.html
Build info: version: '3.10.0', revision: '176b4a9', time: '2018-03-02T19:03:16.397Z'
System info: host: 'DESKTOP-RL948I0', ip: '192.168.43.163', os.name: 'Windows 10', os.arch: 'amd64', os.version: '10.0', java.version: '1.8.0_181'
Driver info: org.openqa.selenium.chrome.ChromeDriver
Capabilities {acceptInsecureCerts: false, acceptSslCerts: false, applicationCacheEnabled: false, browserConnectionEnabled: false, browserName: chrome, chrome: {chromedriverVersion: 2.41.578737 (49da6702b16031..., userDataDir: C:\Users\Admin\AppData\Loca...}, cssSelectorsEnabled: true, databaseEnabled: false, goog:chromeOptions: {debuggerAddress: localhost:51098}, handlesAlerts: true, hasTouchScreen: false, javascriptEnabled: true, locationContextEnabled: true, mobileEmulationEnabled: false, nativeEvents: true, networkConnectionEnabled: false, pageLoadStrategy: normal, platform: XP, platformName: XP, rotatable: false, setWindowRect: true, takesHeapSnapshot: true, takesScreenshot: true, unexpectedAlertBehaviour: , unhandledPromptBehavior: , version: 89.0.4389.82, webStorageEnabled: true}
Session ID: aa3c5050a5521c700617141f65cb85b7
*** Element info: {Using=id, value=customerFname}
	at sun.reflect.GeneratedConstructorAccessor18.newInstance(Unknown Source)
	at sun.reflect.DelegatingConstructorAccessorImpl.newInstance(DelegatingConstructorAccessorImpl.java:45)
	at java.lang.reflect.Constructor.newInstance(Constructor.java:423)
	at org.openqa.selenium.remote.ErrorHandler.createThrowable(ErrorHandler.java:214)
	at org.openqa.selenium.remote.ErrorHandler.throwIfResponseFailed(ErrorHandler.java:166)
	at org.openqa.selenium.remote.http.JsonHttpResponseCodec.reconstructValue(JsonHttpResponseCodec.java:40)
	at org.openqa.selenium.remote.http.AbstractHttpResponseCodec.decode(AbstractHttpResponseCodec.java:80)
	at org.openqa.selenium.remote.http.AbstractHttpResponseCodec.decode(AbstractHttpResponseCodec.java:44)
	at org.openqa.selenium.remote.HttpCommandExecutor.execute(HttpCommandExecutor.java:160)
	at org.openqa.selenium.remote.service.DriverCommandExecutor.execute(DriverCommandExecutor.java:83)
	at org.openqa.selenium.remote.RemoteWebDriver.execute(RemoteWebDriver.java:601)
	at org.openqa.selenium.remote.RemoteWebDriver.findElement(RemoteWebDriver.java:371)
	at org.openqa.selenium.remote.RemoteWebDriver.findElementById(RemoteWebDriver.java:417)
	at org.openqa.selenium.By$ById.findElement(By.java:218)
	at org.openqa.selenium.remote.RemoteWebDriver.findElement(RemoteWebDriver.java:363)
	at org.openqa.selenium.support.pagefactory.DefaultElementLocator.findElement(DefaultElementLocator.java:69)
	at org.openqa.selenium.support.pagefactory.internal.LocatingElementHandler.invoke(LocatingElementHandler.java:38)
	at com.sun.proxy.$Proxy9.isDisplayed(Unknown Source)
	at org.openqa.selenium.support.ui.ExpectedConditions.elementIfVisible(ExpectedConditions.java:315)
	at org.openqa.selenium.support.ui.ExpectedConditions.access$100(ExpectedConditions.java:44)
	at org.openqa.selenium.support.ui.ExpectedConditions$10.apply(ExpectedConditions.java:301)
	at org.openqa.selenium.support.ui.ExpectedConditions$10.apply(ExpectedConditions.java:298)
	at org.openqa.selenium.support.ui.ExpectedConditions$23.apply(ExpectedConditions.java:686)
	at org.openqa.selenium.support.ui.ExpectedConditions$23.apply(ExpectedConditions.java:682)
	at org.openqa.selenium.support.ui.FluentWait.until(FluentWait.java:249)
	... 16 more

2021-03-09 19:24:15,169 - Test Suite -INFO - TEST CASE: TC021 | Priority: 5
2021-03-09 19:24:37,798 - Apparent-V1_D1_21_CustomCoverage -INFO - Beginning to Quote.
2021-03-09 19:24:47,201 - Apparent-V1_D1_21_CustomCoverage -INFO - Family page: Success!
2021-03-09 19:24:58,387 - Apparent-V1_D1_21_CustomCoverage -INFO - Policy Holder page: Success!
2021-03-09 19:24:59,695 - Apparent-V1_D1_21_CustomCoverage -ERROR - NoSuchElement Exception
2021-03-09 19:25:07,202 - Apparent-V1_D1_21_CustomCoverage -ERROR - WebDriver Exception
2021-03-09 19:25:32,776 - Apparent-V1_D1_21_CustomCoverage -INFO - Address page: Success!
2021-03-09 19:26:20,102 - Apparent-V1_D1_21_CustomCoverage -INFO - Vehicle Details 1of2 page: Success!
2021-03-09 19:26:49,059 - Apparent-V1_D1_21_CustomCoverage -INFO - Vehicle Details 2of2 page: Success!
2021-03-09 19:26:55,574 - Apparent-V1_D1_21_CustomCoverage -INFO - VehicleList page: Success!
2021-03-09 19:27:14,863 - Apparent-V1_D1_21_CustomCoverage -ERROR - NoSuchElement Exception
2021-03-09 19:27:19,025 - Apparent-V1_D1_21_CustomCoverage -ERROR - NoSuchElement Exception
2021-03-09 19:27:23,350 - Apparent-V1_D1_21_CustomCoverage -ERROR - NoSuchElement Exception
2021-03-09 19:27:30,802 - Apparent-V1_D1_21_CustomCoverage -INFO - Policy holder Details 1of2 page: Success!
2021-03-09 19:27:51,011 - Apparent-V1_D1_21_CustomCoverage -INFO - Policy Holder Details 2of2 page: Success!
2021-03-09 19:27:51,020 - Apparent-V1_D1_21_CustomCoverage -INFO - No Incident added!
2021-03-09 19:28:31,664 - Apparent-V1_D1_21_CustomCoverage -ERROR - WebDriver Exception
2021-03-09 19:29:13,763 - Apparent-V1_D1_21_CustomCoverage -ERROR - WebDriver Exception
2021-03-09 19:29:56,201 - Apparent-V1_D1_21_CustomCoverage -ERROR - WebDriver Exception
2021-03-09 19:30:38,637 - Apparent-V1_D1_21_CustomCoverage -INFO - Test case has failed!
2021-03-09 19:30:38,639 - Apparent-V1_D1_21_CustomCoverage -INFO - Expected condition failed: waiting for element to be clickable: Proxy element for: DefaultElementLocator 'By.id: customerFname' (tried for 40 second(s) with 500 milliseconds interval)
2021-03-09 19:30:40,773 - Test Suite -ERROR - TC021 is Failed ! 
 EXCEPTION:  --->  org.openqa.selenium.TimeoutException: Expected condition failed: waiting for element to be clickable: Proxy element for: DefaultElementLocator 'By.id: customerFname' (tried for 40 second(s) with 500 milliseconds interval)
	at org.openqa.selenium.support.ui.WebDriverWait.timeoutException(WebDriverWait.java:82)
	at org.openqa.selenium.support.ui.FluentWait.until(FluentWait.java:272)
	at resources.WebFunctions.type(WebFunctions.java:35)
	at SharedTC.STC_Spouse1of2.Spouse1of2(STC_Spouse1of2.java:18)
	at testApparent.TC_Regression.TC021(TC_Regression.java:638)
	at sun.reflect.NativeMethodAccessorImpl.invoke0(Native Method)
	at sun.reflect.NativeMethodAccessorImpl.invoke(NativeMethodAccessorImpl.java:62)
	at sun.reflect.DelegatingMethodAccessorImpl.invoke(DelegatingMethodAccessorImpl.java:43)
	at java.lang.reflect.Method.invoke(Method.java:498)
	at org.testng.internal.MethodInvocationHelper.invokeMethod(MethodInvocationHelper.java:85)
	at org.testng.internal.Invoker.invokeMethod(Invoker.java:639)
	at org.testng.internal.Invoker.invokeTestMethod(Invoker.java:816)
	at org.testng.internal.Invoker.invokeTestMethods(Invoker.java:1124)
	at org.testng.internal.TestMethodWorker.invokeTestMethods(TestMethodWorker.java:125)
	at org.testng.internal.TestMethodWorker.run(TestMethodWorker.java:108)
	at java.util.concurrent.ThreadPoolExecutor.runWorker(ThreadPoolExecutor.java:1149)
	at java.util.concurrent.ThreadPoolExecutor$Worker.run(ThreadPoolExecutor.java:624)
	at java.lang.Thread.run(Thread.java:748)
Caused by: org.openqa.selenium.NoSuchElementException: no such element: Unable to locate element: {"method":"id","selector":"customerFname"}
  (Session info: chrome=89.0.4389.82)
  (Driver info: chromedriver=2.41.578737 (49da6702b16031c40d63e5618de03a32ff6c197e),platform=Windows NT 10.0.19041 x86_64) (WARNING: The server did not provide any stacktrace information)
Command duration or timeout: 0 milliseconds
For documentation on this error, please visit: http://seleniumhq.org/exceptions/no_such_element.html
Build info: version: '3.10.0', revision: '176b4a9', time: '2018-03-02T19:03:16.397Z'
System info: host: 'DESKTOP-RL948I0', ip: '192.168.43.163', os.name: 'Windows 10', os.arch: 'amd64', os.version: '10.0', java.version: '1.8.0_181'
Driver info: org.openqa.selenium.chrome.ChromeDriver
Capabilities {acceptInsecureCerts: false, acceptSslCerts: false, applicationCacheEnabled: false, browserConnectionEnabled: false, browserName: chrome, chrome: {chromedriverVersion: 2.41.578737 (49da6702b16031..., userDataDir: C:\Users\Admin\AppData\Loca...}, cssSelectorsEnabled: true, databaseEnabled: false, goog:chromeOptions: {debuggerAddress: localhost:51213}, handlesAlerts: true, hasTouchScreen: false, javascriptEnabled: true, locationContextEnabled: true, mobileEmulationEnabled: false, nativeEvents: true, networkConnectionEnabled: false, pageLoadStrategy: normal, platform: XP, platformName: XP, rotatable: false, setWindowRect: true, takesHeapSnapshot: true, takesScreenshot: true, unexpectedAlertBehaviour: , unhandledPromptBehavior: , version: 89.0.4389.82, webStorageEnabled: true}
Session ID: 24c45b3f574176a5c67169d38329518f
*** Element info: {Using=id, value=customerFname}
	at sun.reflect.GeneratedConstructorAccessor18.newInstance(Unknown Source)
	at sun.reflect.DelegatingConstructorAccessorImpl.newInstance(DelegatingConstructorAccessorImpl.java:45)
	at java.lang.reflect.Constructor.newInstance(Constructor.java:423)
	at org.openqa.selenium.remote.ErrorHandler.createThrowable(ErrorHandler.java:214)
	at org.openqa.selenium.remote.ErrorHandler.throwIfResponseFailed(ErrorHandler.java:166)
	at org.openqa.selenium.remote.http.JsonHttpResponseCodec.reconstructValue(JsonHttpResponseCodec.java:40)
	at org.openqa.selenium.remote.http.AbstractHttpResponseCodec.decode(AbstractHttpResponseCodec.java:80)
	at org.openqa.selenium.remote.http.AbstractHttpResponseCodec.decode(AbstractHttpResponseCodec.java:44)
	at org.openqa.selenium.remote.HttpCommandExecutor.execute(HttpCommandExecutor.java:160)
	at org.openqa.selenium.remote.service.DriverCommandExecutor.execute(DriverCommandExecutor.java:83)
	at org.openqa.selenium.remote.RemoteWebDriver.execute(RemoteWebDriver.java:601)
	at org.openqa.selenium.remote.RemoteWebDriver.findElement(RemoteWebDriver.java:371)
	at org.openqa.selenium.remote.RemoteWebDriver.findElementById(RemoteWebDriver.java:417)
	at org.openqa.selenium.By$ById.findElement(By.java:218)
	at org.openqa.selenium.remote.RemoteWebDriver.findElement(RemoteWebDriver.java:363)
	at org.openqa.selenium.support.pagefactory.DefaultElementLocator.findElement(DefaultElementLocator.java:69)
	at org.openqa.selenium.support.pagefactory.internal.LocatingElementHandler.invoke(LocatingElementHandler.java:38)
	at com.sun.proxy.$Proxy9.isDisplayed(Unknown Source)
	at org.openqa.selenium.support.ui.ExpectedConditions.elementIfVisible(ExpectedConditions.java:315)
	at org.openqa.selenium.support.ui.ExpectedConditions.access$100(ExpectedConditions.java:44)
	at org.openqa.selenium.support.ui.ExpectedConditions$10.apply(ExpectedConditions.java:301)
	at org.openqa.selenium.support.ui.ExpectedConditions$10.apply(ExpectedConditions.java:298)
	at org.openqa.selenium.support.ui.ExpectedConditions$23.apply(ExpectedConditions.java:686)
	at org.openqa.selenium.support.ui.ExpectedConditions$23.apply(ExpectedConditions.java:682)
	at org.openqa.selenium.support.ui.FluentWait.until(FluentWait.java:249)
	... 16 more

2021-03-09 19:31:40,500 - Test Suite -INFO - TEST CASE: TC021 | Priority: 5
2021-03-09 19:32:06,921 - Apparent-V1_D1_21_CustomCoverage -INFO - Beginning to Quote.
2021-03-09 19:32:15,791 - Apparent-V1_D1_21_CustomCoverage -INFO - Family page: Success!
2021-03-09 19:32:26,766 - Apparent-V1_D1_21_CustomCoverage -INFO - Policy Holder page: Success!
2021-03-09 19:32:28,898 - Apparent-V1_D1_21_CustomCoverage -ERROR - NoSuchElement Exception
2021-03-09 19:33:00,238 - Apparent-V1_D1_21_CustomCoverage -INFO - Address page: Success!
2021-03-09 19:33:47,243 - Apparent-V1_D1_21_CustomCoverage -INFO - Vehicle Details 1of2 page: Success!
2021-03-09 19:34:16,154 - Apparent-V1_D1_21_CustomCoverage -INFO - Vehicle Details 2of2 page: Success!
2021-03-09 19:34:22,837 - Apparent-V1_D1_21_CustomCoverage -INFO - VehicleList page: Success!
2021-03-09 19:34:42,430 - Apparent-V1_D1_21_CustomCoverage -ERROR - NoSuchElement Exception
2021-03-09 19:34:46,812 - Apparent-V1_D1_21_CustomCoverage -ERROR - NoSuchElement Exception
2021-03-09 19:34:51,079 - Apparent-V1_D1_21_CustomCoverage -ERROR - NoSuchElement Exception
2021-03-09 19:34:59,061 - Apparent-V1_D1_21_CustomCoverage -INFO - Policy holder Details 1of2 page: Success!
2021-03-09 19:35:19,062 - Apparent-V1_D1_21_CustomCoverage -INFO - Policy Holder Details 2of2 page: Success!
2021-03-09 19:35:19,071 - Apparent-V1_D1_21_CustomCoverage -INFO - No Incident added!
2021-03-09 19:35:22,701 - Apparent-V1_D1_21_CustomCoverage -INFO - DriverList page: Success!
2021-03-09 19:36:03,300 - Apparent-V1_D1_21_CustomCoverage -INFO - Insurance History page: Success!
2021-03-09 19:36:18,766 - Apparent-V1_D1_21_CustomCoverage -INFO - Policy Start page: Success!
2021-03-09 19:47:10,189 - Test Suite -INFO - TEST CASE: TC021 | Priority: 5
2021-03-09 19:47:32,939 - Apparent-V1_D1_21_CustomCoverage -INFO - Beginning to Quote.
2021-03-09 19:47:42,463 - Apparent-V1_D1_21_CustomCoverage -INFO - Family page: Success!
2021-03-09 19:47:53,317 - Apparent-V1_D1_21_CustomCoverage -INFO - Policy Holder page: Success!
2021-03-09 19:47:54,621 - Apparent-V1_D1_21_CustomCoverage -ERROR - NoSuchElement Exception
2021-03-09 19:48:26,071 - Apparent-V1_D1_21_CustomCoverage -INFO - Address page: Success!
2021-03-09 19:49:14,017 - Apparent-V1_D1_21_CustomCoverage -INFO - Vehicle Details 1of2 page: Success!
2021-03-09 19:49:43,027 - Apparent-V1_D1_21_CustomCoverage -INFO - Vehicle Details 2of2 page: Success!
2021-03-09 19:49:49,659 - Apparent-V1_D1_21_CustomCoverage -INFO - VehicleList page: Success!
2021-03-09 19:50:08,761 - Apparent-V1_D1_21_CustomCoverage -ERROR - NoSuchElement Exception
2021-03-09 19:50:13,321 - Apparent-V1_D1_21_CustomCoverage -ERROR - NoSuchElement Exception
2021-03-09 19:50:17,608 - Apparent-V1_D1_21_CustomCoverage -ERROR - NoSuchElement Exception
2021-03-09 19:50:25,866 - Apparent-V1_D1_21_CustomCoverage -INFO - Policy holder Details 1of2 page: Success!
2021-03-09 19:50:45,800 - Apparent-V1_D1_21_CustomCoverage -INFO - Policy Holder Details 2of2 page: Success!
2021-03-09 19:50:45,811 - Apparent-V1_D1_21_CustomCoverage -INFO - No Incident added!
2021-03-09 19:50:49,220 - Apparent-V1_D1_21_CustomCoverage -INFO - DriverList page: Success!
2021-03-09 19:51:29,654 - Apparent-V1_D1_21_CustomCoverage -INFO - Insurance History page: Success!
2021-03-09 19:51:45,390 - Apparent-V1_D1_21_CustomCoverage -INFO - Policy Start page: Success!
2021-03-09 19:54:40,556 - Apparent-V1_D1_21_CustomCoverage -INFO - Test case has failed!
2021-03-09 19:54:40,611 - Apparent-V1_D1_21_CustomCoverage -INFO - no such element: Unable to locate element: {"method":"xpath","selector":"(//input[contains(@id,'vehicleCoverageItemRentalReimbursement')]/ancestor::div[1]//ul[@id='rz-ticks']//span[contains(text(),'Pickup / $50 per day / $1,500 max')]/ancestor::li[1])['1']"}
  (Session info: chrome=89.0.4389.82)
  (Driver info: chromedriver=2.41.578737 (49da6702b16031c40d63e5618de03a32ff6c197e),platform=Windows NT 10.0.19041 x86_64) (WARNING: The server did not provide any stacktrace information)
Command duration or timeout: 0 milliseconds
For documentation on this error, please visit: http://seleniumhq.org/exceptions/no_such_element.html
Build info: version: '3.10.0', revision: '176b4a9', time: '2018-03-02T19:03:16.397Z'
System info: host: 'DESKTOP-RL948I0', ip: '192.168.43.163', os.name: 'Windows 10', os.arch: 'amd64', os.version: '10.0', java.version: '1.8.0_181'
Driver info: org.openqa.selenium.chrome.ChromeDriver
Capabilities {acceptInsecureCerts: false, acceptSslCerts: false, applicationCacheEnabled: false, browserConnectionEnabled: false, browserName: chrome, chrome: {chromedriverVersion: 2.41.578737 (49da6702b16031..., userDataDir: C:\Users\Admin\AppData\Loca...}, cssSelectorsEnabled: true, databaseEnabled: false, goog:chromeOptions: {debuggerAddress: localhost:51500}, handlesAlerts: true, hasTouchScreen: false, javascriptEnabled: true, locationContextEnabled: true, mobileEmulationEnabled: false, nativeEvents: true, networkConnectionEnabled: false, pageLoadStrategy: normal, platform: XP, platformName: XP, rotatable: false, setWindowRect: true, takesHeapSnapshot: true, takesScreenshot: true, unexpectedAlertBehaviour: , unhandledPromptBehavior: , version: 89.0.4389.82, webStorageEnabled: true}
Session ID: 4657e1c739b2fc2f6c6c947bcf65a3b8
*** Element info: {Using=xpath, value=(//input[contains(@id,'vehicleCoverageItemRentalReimbursement')]/ancestor::div[1]//ul[@id='rz-ticks']//span[contains(text(),'Pickup / $50 per day / $1,500 max')]/ancestor::li[1])['1']}
2021-03-09 19:55:30,306 - Test Suite -ERROR - TC021 is Failed ! 
 EXCEPTION:  --->  org.openqa.selenium.NoSuchElementException: no such element: Unable to locate element: {"method":"xpath","selector":"(//input[contains(@id,'vehicleCoverageItemRentalReimbursement')]/ancestor::div[1]//ul[@id='rz-ticks']//span[contains(text(),'Pickup / $50 per day / $1,500 max')]/ancestor::li[1])['1']"}
  (Session info: chrome=89.0.4389.82)
  (Driver info: chromedriver=2.41.578737 (49da6702b16031c40d63e5618de03a32ff6c197e),platform=Windows NT 10.0.19041 x86_64) (WARNING: The server did not provide any stacktrace information)
Command duration or timeout: 0 milliseconds
For documentation on this error, please visit: http://seleniumhq.org/exceptions/no_such_element.html
Build info: version: '3.10.0', revision: '176b4a9', time: '2018-03-02T19:03:16.397Z'
System info: host: 'DESKTOP-RL948I0', ip: '192.168.43.163', os.name: 'Windows 10', os.arch: 'amd64', os.version: '10.0', java.version: '1.8.0_181'
Driver info: org.openqa.selenium.chrome.ChromeDriver
Capabilities {acceptInsecureCerts: false, acceptSslCerts: false, applicationCacheEnabled: false, browserConnectionEnabled: false, browserName: chrome, chrome: {chromedriverVersion: 2.41.578737 (49da6702b16031..., userDataDir: C:\Users\Admin\AppData\Loca...}, cssSelectorsEnabled: true, databaseEnabled: false, goog:chromeOptions: {debuggerAddress: localhost:51500}, handlesAlerts: true, hasTouchScreen: false, javascriptEnabled: true, locationContextEnabled: true, mobileEmulationEnabled: false, nativeEvents: true, networkConnectionEnabled: false, pageLoadStrategy: normal, platform: XP, platformName: XP, rotatable: false, setWindowRect: true, takesHeapSnapshot: true, takesScreenshot: true, unexpectedAlertBehaviour: , unhandledPromptBehavior: , version: 89.0.4389.82, webStorageEnabled: true}
Session ID: 4657e1c739b2fc2f6c6c947bcf65a3b8
*** Element info: {Using=xpath, value=(//input[contains(@id,'vehicleCoverageItemRentalReimbursement')]/ancestor::div[1]//ul[@id='rz-ticks']//span[contains(text(),'Pickup / $50 per day / $1,500 max')]/ancestor::li[1])['1']}
	at sun.reflect.NativeConstructorAccessorImpl.newInstance0(Native Method)
	at sun.reflect.NativeConstructorAccessorImpl.newInstance(NativeConstructorAccessorImpl.java:62)
	at sun.reflect.DelegatingConstructorAccessorImpl.newInstance(DelegatingConstructorAccessorImpl.java:45)
	at java.lang.reflect.Constructor.newInstance(Constructor.java:423)
	at org.openqa.selenium.remote.ErrorHandler.createThrowable(ErrorHandler.java:214)
	at org.openqa.selenium.remote.ErrorHandler.throwIfResponseFailed(ErrorHandler.java:166)
	at org.openqa.selenium.remote.http.JsonHttpResponseCodec.reconstructValue(JsonHttpResponseCodec.java:40)
	at org.openqa.selenium.remote.http.AbstractHttpResponseCodec.decode(AbstractHttpResponseCodec.java:80)
	at org.openqa.selenium.remote.http.AbstractHttpResponseCodec.decode(AbstractHttpResponseCodec.java:44)
	at org.openqa.selenium.remote.HttpCommandExecutor.execute(HttpCommandExecutor.java:160)
	at org.openqa.selenium.remote.service.DriverCommandExecutor.execute(DriverCommandExecutor.java:83)
	at org.openqa.selenium.remote.RemoteWebDriver.execute(RemoteWebDriver.java:601)
	at org.openqa.selenium.remote.RemoteWebDriver.findElement(RemoteWebDriver.java:371)
	at org.openqa.selenium.remote.RemoteWebDriver.findElementByXPath(RemoteWebDriver.java:473)
	at org.openqa.selenium.By$ByXPath.findElement(By.java:361)
	at org.openqa.selenium.remote.RemoteWebDriver.findElement(RemoteWebDriver.java:363)
	at resources.WebFunctions.clickUsingAction(WebFunctions.java:339)
	at SharedTC.STC_Quote.editCoverages(STC_Quote.java:89)
	at testApparent.TC_Regression.TC021(TC_Regression.java:642)
	at sun.reflect.NativeMethodAccessorImpl.invoke0(Native Method)
	at sun.reflect.NativeMethodAccessorImpl.invoke(NativeMethodAccessorImpl.java:62)
	at sun.reflect.DelegatingMethodAccessorImpl.invoke(DelegatingMethodAccessorImpl.java:43)
	at java.lang.reflect.Method.invoke(Method.java:498)
	at org.testng.internal.MethodInvocationHelper.invokeMethod(MethodInvocationHelper.java:85)
	at org.testng.internal.Invoker.invokeMethod(Invoker.java:639)
	at org.testng.internal.Invoker.invokeTestMethod(Invoker.java:816)
	at org.testng.internal.Invoker.invokeTestMethods(Invoker.java:1124)
	at org.testng.internal.TestMethodWorker.invokeTestMethods(TestMethodWorker.java:125)
	at org.testng.internal.TestMethodWorker.run(TestMethodWorker.java:108)
	at java.util.concurrent.ThreadPoolExecutor.runWorker(ThreadPoolExecutor.java:1149)
	at java.util.concurrent.ThreadPoolExecutor$Worker.run(ThreadPoolExecutor.java:624)
	at java.lang.Thread.run(Thread.java:748)

2021-03-09 19:56:48,461 - Test Suite -INFO - TEST CASE: TC021 | Priority: 5
2021-03-09 19:57:49,986 - Apparent-V1_D1_21_CustomCoverage -ERROR - WebDriver Exception
2021-03-09 19:58:32,589 - Apparent-V1_D1_21_CustomCoverage -ERROR - WebDriver Exception
2021-03-09 19:59:14,700 - Apparent-V1_D1_21_CustomCoverage -ERROR - WebDriver Exception
2021-03-09 19:59:56,860 - Apparent-V1_D1_21_CustomCoverage -INFO - Test case has failed!
2021-03-09 19:59:56,884 - Apparent-V1_D1_21_CustomCoverage -INFO - Expected condition failed: waiting for element to be clickable: [[ChromeDriver: chrome on XP (237c8e533ae8679afc630ecf9688ec52)] -> id: btnPostalCode] (tried for 40 second(s) with 500 milliseconds interval)
Build info: version: '3.10.0', revision: '176b4a9', time: '2018-03-02T19:03:16.397Z'
System info: host: 'DESKTOP-RL948I0', ip: '192.168.43.163', os.name: 'Windows 10', os.arch: 'amd64', os.version: '10.0', java.version: '1.8.0_181'
Driver info: org.openqa.selenium.chrome.ChromeDriver
Capabilities {acceptInsecureCerts: false, acceptSslCerts: false, applicationCacheEnabled: false, browserConnectionEnabled: false, browserName: chrome, chrome: {chromedriverVersion: 2.41.578737 (49da6702b16031..., userDataDir: C:\Users\Admin\AppData\Loca...}, cssSelectorsEnabled: true, databaseEnabled: false, goog:chromeOptions: {debuggerAddress: localhost:51670}, handlesAlerts: true, hasTouchScreen: false, javascriptEnabled: true, locationContextEnabled: true, mobileEmulationEnabled: false, nativeEvents: true, networkConnectionEnabled: false, pageLoadStrategy: normal, platform: XP, platformName: XP, rotatable: false, setWindowRect: true, takesHeapSnapshot: true, takesScreenshot: true, unexpectedAlertBehaviour: , unhandledPromptBehavior: , version: 89.0.4389.82, webStorageEnabled: true}
Session ID: 237c8e533ae8679afc630ecf9688ec52
2021-03-09 19:59:58,850 - Test Suite -ERROR - TC021 is Failed ! 
 EXCEPTION:  --->  org.openqa.selenium.TimeoutException: Expected condition failed: waiting for element to be clickable: [[ChromeDriver: chrome on XP (237c8e533ae8679afc630ecf9688ec52)] -> id: btnPostalCode] (tried for 40 second(s) with 500 milliseconds interval)
Build info: version: '3.10.0', revision: '176b4a9', time: '2018-03-02T19:03:16.397Z'
System info: host: 'DESKTOP-RL948I0', ip: '192.168.43.163', os.name: 'Windows 10', os.arch: 'amd64', os.version: '10.0', java.version: '1.8.0_181'
Driver info: org.openqa.selenium.chrome.ChromeDriver
Capabilities {acceptInsecureCerts: false, acceptSslCerts: false, applicationCacheEnabled: false, browserConnectionEnabled: false, browserName: chrome, chrome: {chromedriverVersion: 2.41.578737 (49da6702b16031..., userDataDir: C:\Users\Admin\AppData\Loca...}, cssSelectorsEnabled: true, databaseEnabled: false, goog:chromeOptions: {debuggerAddress: localhost:51670}, handlesAlerts: true, hasTouchScreen: false, javascriptEnabled: true, locationContextEnabled: true, mobileEmulationEnabled: false, nativeEvents: true, networkConnectionEnabled: false, pageLoadStrategy: normal, platform: XP, platformName: XP, rotatable: false, setWindowRect: true, takesHeapSnapshot: true, takesScreenshot: true, unexpectedAlertBehaviour: , unhandledPromptBehavior: , version: 89.0.4389.82, webStorageEnabled: true}
Session ID: 237c8e533ae8679afc630ecf9688ec52
	at org.openqa.selenium.support.ui.WebDriverWait.timeoutException(WebDriverWait.java:82)
	at org.openqa.selenium.support.ui.FluentWait.until(FluentWait.java:272)
	at resources.WebFunctions.click(WebFunctions.java:118)
	at SharedTC.STC_PostalCode.postalCode(STC_PostalCode.java:19)
	at testApparent.TC_Regression.TC021(TC_Regression.java:630)
	at sun.reflect.NativeMethodAccessorImpl.invoke0(Native Method)
	at sun.reflect.NativeMethodAccessorImpl.invoke(NativeMethodAccessorImpl.java:62)
	at sun.reflect.DelegatingMethodAccessorImpl.invoke(DelegatingMethodAccessorImpl.java:43)
	at java.lang.reflect.Method.invoke(Method.java:498)
	at org.testng.internal.MethodInvocationHelper.invokeMethod(MethodInvocationHelper.java:85)
	at org.testng.internal.Invoker.invokeMethod(Invoker.java:639)
	at org.testng.internal.Invoker.invokeTestMethod(Invoker.java:816)
	at org.testng.internal.Invoker.invokeTestMethods(Invoker.java:1124)
	at org.testng.internal.TestMethodWorker.invokeTestMethods(TestMethodWorker.java:125)
	at org.testng.internal.TestMethodWorker.run(TestMethodWorker.java:108)
	at java.util.concurrent.ThreadPoolExecutor.runWorker(ThreadPoolExecutor.java:1149)
	at java.util.concurrent.ThreadPoolExecutor$Worker.run(ThreadPoolExecutor.java:624)
	at java.lang.Thread.run(Thread.java:748)

2021-03-09 20:38:51,406 - Test Suite -INFO - TEST CASE: TC021 | Priority: 5
2021-03-09 20:39:14,596 - Apparent-V1_D1_21_CustomCoverage -INFO - Beginning to Quote.
2021-03-09 20:39:23,831 - Apparent-V1_D1_21_CustomCoverage -INFO - Family page: Success!
2021-03-09 20:39:34,800 - Apparent-V1_D1_21_CustomCoverage -INFO - Policy Holder page: Success!
2021-03-09 20:39:36,346 - Apparent-V1_D1_21_CustomCoverage -ERROR - NoSuchElement Exception
2021-03-09 20:39:43,789 - Apparent-V1_D1_21_CustomCoverage -ERROR - WebDriver Exception
2021-03-09 20:40:09,881 - Apparent-V1_D1_21_CustomCoverage -INFO - Address page: Success!
2021-03-09 20:40:57,381 - Apparent-V1_D1_21_CustomCoverage -INFO - Vehicle Details 1of2 page: Success!
2021-03-09 20:41:26,508 - Apparent-V1_D1_21_CustomCoverage -INFO - Vehicle Details 2of2 page: Success!
2021-03-09 20:41:33,152 - Apparent-V1_D1_21_CustomCoverage -INFO - VehicleList page: Success!
2021-03-09 20:41:52,410 - Apparent-V1_D1_21_CustomCoverage -ERROR - NoSuchElement Exception
2021-03-09 20:41:56,468 - Apparent-V1_D1_21_CustomCoverage -ERROR - NoSuchElement Exception
2021-03-09 20:42:00,973 - Apparent-V1_D1_21_CustomCoverage -ERROR - NoSuchElement Exception
2021-03-09 20:42:09,023 - Apparent-V1_D1_21_CustomCoverage -INFO - Policy holder Details 1of2 page: Success!
2021-03-09 20:42:28,363 - Apparent-V1_D1_21_CustomCoverage -INFO - Policy Holder Details 2of2 page: Success!
2021-03-09 20:42:28,374 - Apparent-V1_D1_21_CustomCoverage -INFO - No Incident added!
2021-03-09 20:42:31,988 - Apparent-V1_D1_21_CustomCoverage -INFO - DriverList page: Success!
2021-03-09 20:43:12,980 - Apparent-V1_D1_21_CustomCoverage -INFO - Insurance History page: Success!
2021-03-09 20:43:29,251 - Apparent-V1_D1_21_CustomCoverage -INFO - Policy Start page: Success!
2021-03-09 20:46:13,774 - Apparent-V1_D1_21_CustomCoverage -INFO - Test case has failed!
2021-03-09 20:46:13,850 - Apparent-V1_D1_21_CustomCoverage -INFO - no such element: Unable to locate element: {"method":"xpath","selector":"(//input[contains(@id,'vehicleCoverageItemRentalReimbursement')]/ancestor::div[1]//ul[@id='rz-ticks']//span[contains(text(),'$900')]/ancestor::li[1])['1']"}
  (Session info: chrome=89.0.4389.82)
  (Driver info: chromedriver=2.41.578737 (49da6702b16031c40d63e5618de03a32ff6c197e),platform=Windows NT 10.0.19041 x86_64) (WARNING: The server did not provide any stacktrace information)
Command duration or timeout: 0 milliseconds
For documentation on this error, please visit: http://seleniumhq.org/exceptions/no_such_element.html
Build info: version: '3.10.0', revision: '176b4a9', time: '2018-03-02T19:03:16.397Z'
System info: host: 'DESKTOP-RL948I0', ip: '192.168.43.163', os.name: 'Windows 10', os.arch: 'amd64', os.version: '10.0', java.version: '1.8.0_181'
Driver info: org.openqa.selenium.chrome.ChromeDriver
Capabilities {acceptInsecureCerts: false, acceptSslCerts: false, applicationCacheEnabled: false, browserConnectionEnabled: false, browserName: chrome, chrome: {chromedriverVersion: 2.41.578737 (49da6702b16031..., userDataDir: C:\Users\Admin\AppData\Loca...}, cssSelectorsEnabled: true, databaseEnabled: false, goog:chromeOptions: {debuggerAddress: localhost:51871}, handlesAlerts: true, hasTouchScreen: false, javascriptEnabled: true, locationContextEnabled: true, mobileEmulationEnabled: false, nativeEvents: true, networkConnectionEnabled: false, pageLoadStrategy: normal, platform: XP, platformName: XP, rotatable: false, setWindowRect: true, takesHeapSnapshot: true, takesScreenshot: true, unexpectedAlertBehaviour: , unhandledPromptBehavior: , version: 89.0.4389.82, webStorageEnabled: true}
Session ID: eeb19c88111ddefcb82ef6a54f7e0cba
*** Element info: {Using=xpath, value=(//input[contains(@id,'vehicleCoverageItemRentalReimbursement')]/ancestor::div[1]//ul[@id='rz-ticks']//span[contains(text(),'$900')]/ancestor::li[1])['1']}
2021-03-10 21:51:51,669 - Test Suite -INFO - TEST CASE: TC021 | Priority: 5
2021-03-10 21:52:15,933 - Apparent-V1_D1_21_CustomCoverage -INFO - Beginning to Quote.
2021-03-10 21:52:25,493 - Apparent-V1_D1_21_CustomCoverage -INFO - Family page: Success!
2021-03-10 21:52:28,231 - Apparent-V1_D1_21_CustomCoverage -ERROR - WebDriver Exception
2021-03-10 21:52:30,638 - Apparent-V1_D1_21_CustomCoverage -ERROR - WebDriver Exception
2021-03-10 21:52:33,068 - Apparent-V1_D1_21_CustomCoverage -ERROR - WebDriver Exception
2021-03-10 21:52:35,487 - Apparent-V1_D1_21_CustomCoverage -INFO - Test case has failed!
2021-03-10 21:52:35,493 - Apparent-V1_D1_21_CustomCoverage -INFO - unknown error: keys should be a string
  (Session info: chrome=89.0.4389.82)
  (Driver info: chromedriver=2.41.578737 (49da6702b16031c40d63e5618de03a32ff6c197e),platform=Windows NT 10.0.19041 x86_64) (WARNING: The server did not provide any stacktrace information)
Command duration or timeout: 0 milliseconds
Build info: version: '3.10.0', revision: '176b4a9', time: '2018-03-02T19:03:16.397Z'
System info: host: 'DESKTOP-RL948I0', ip: '192.168.1.100', os.name: 'Windows 10', os.arch: 'amd64', os.version: '10.0', java.version: '1.8.0_181'
Driver info: org.openqa.selenium.chrome.ChromeDriver
Capabilities {acceptInsecureCerts: false, acceptSslCerts: false, applicationCacheEnabled: false, browserConnectionEnabled: false, browserName: chrome, chrome: {chromedriverVersion: 2.41.578737 (49da6702b16031..., userDataDir: C:\Users\Admin\AppData\Loca...}, cssSelectorsEnabled: true, databaseEnabled: false, goog:chromeOptions: {debuggerAddress: localhost:58220}, handlesAlerts: true, hasTouchScreen: false, javascriptEnabled: true, locationContextEnabled: true, mobileEmulationEnabled: false, nativeEvents: true, networkConnectionEnabled: false, pageLoadStrategy: normal, platform: XP, platformName: XP, rotatable: false, setWindowRect: true, takesHeapSnapshot: true, takesScreenshot: true, unexpectedAlertBehaviour: , unhandledPromptBehavior: , version: 89.0.4389.82, webStorageEnabled: true}
Session ID: 7b22b3a9230437c393a57f8638afa18e
2021-03-10 21:52:37,236 - Test Suite -ERROR - TC021 is Failed ! 
 EXCEPTION:  --->  org.openqa.selenium.WebDriverException: unknown error: keys should be a string
  (Session info: chrome=89.0.4389.82)
  (Driver info: chromedriver=2.41.578737 (49da6702b16031c40d63e5618de03a32ff6c197e),platform=Windows NT 10.0.19041 x86_64) (WARNING: The server did not provide any stacktrace information)
Command duration or timeout: 0 milliseconds
Build info: version: '3.10.0', revision: '176b4a9', time: '2018-03-02T19:03:16.397Z'
System info: host: 'DESKTOP-RL948I0', ip: '192.168.1.100', os.name: 'Windows 10', os.arch: 'amd64', os.version: '10.0', java.version: '1.8.0_181'
Driver info: org.openqa.selenium.chrome.ChromeDriver
Capabilities {acceptInsecureCerts: false, acceptSslCerts: false, applicationCacheEnabled: false, browserConnectionEnabled: false, browserName: chrome, chrome: {chromedriverVersion: 2.41.578737 (49da6702b16031..., userDataDir: C:\Users\Admin\AppData\Loca...}, cssSelectorsEnabled: true, databaseEnabled: false, goog:chromeOptions: {debuggerAddress: localhost:58220}, handlesAlerts: true, hasTouchScreen: false, javascriptEnabled: true, locationContextEnabled: true, mobileEmulationEnabled: false, nativeEvents: true, networkConnectionEnabled: false, pageLoadStrategy: normal, platform: XP, platformName: XP, rotatable: false, setWindowRect: true, takesHeapSnapshot: true, takesScreenshot: true, unexpectedAlertBehaviour: , unhandledPromptBehavior: , version: 89.0.4389.82, webStorageEnabled: true}
Session ID: 7b22b3a9230437c393a57f8638afa18e
	at sun.reflect.NativeConstructorAccessorImpl.newInstance0(Native Method)
	at sun.reflect.NativeConstructorAccessorImpl.newInstance(NativeConstructorAccessorImpl.java:62)
	at sun.reflect.DelegatingConstructorAccessorImpl.newInstance(DelegatingConstructorAccessorImpl.java:45)
	at java.lang.reflect.Constructor.newInstance(Constructor.java:423)
	at org.openqa.selenium.remote.ErrorHandler.createThrowable(ErrorHandler.java:214)
	at org.openqa.selenium.remote.ErrorHandler.throwIfResponseFailed(ErrorHandler.java:166)
	at org.openqa.selenium.remote.http.JsonHttpResponseCodec.reconstructValue(JsonHttpResponseCodec.java:40)
	at org.openqa.selenium.remote.http.AbstractHttpResponseCodec.decode(AbstractHttpResponseCodec.java:80)
	at org.openqa.selenium.remote.http.AbstractHttpResponseCodec.decode(AbstractHttpResponseCodec.java:44)
	at org.openqa.selenium.remote.HttpCommandExecutor.execute(HttpCommandExecutor.java:160)
	at org.openqa.selenium.remote.service.DriverCommandExecutor.execute(DriverCommandExecutor.java:83)
	at org.openqa.selenium.remote.RemoteWebDriver.execute(RemoteWebDriver.java:601)
	at org.openqa.selenium.remote.RemoteWebElement.execute(RemoteWebElement.java:279)
	at org.openqa.selenium.remote.RemoteWebElement.sendKeys(RemoteWebElement.java:100)
	at sun.reflect.NativeMethodAccessorImpl.invoke0(Native Method)
	at sun.reflect.NativeMethodAccessorImpl.invoke(NativeMethodAccessorImpl.java:62)
	at sun.reflect.DelegatingMethodAccessorImpl.invoke(DelegatingMethodAccessorImpl.java:43)
	at java.lang.reflect.Method.invoke(Method.java:498)
	at org.openqa.selenium.support.pagefactory.internal.LocatingElementHandler.invoke(LocatingElementHandler.java:51)
	at com.sun.proxy.$Proxy9.sendKeys(Unknown Source)
	at resources.WebFunctions.type(WebFunctions.java:37)
	at SharedTC.STC_PolicyHolder.policyholder(STC_PolicyHolder.java:18)
	at testApparent.TC_Regression.TC021(TC_Regression.java:633)
	at sun.reflect.NativeMethodAccessorImpl.invoke0(Native Method)
	at sun.reflect.NativeMethodAccessorImpl.invoke(NativeMethodAccessorImpl.java:62)
	at sun.reflect.DelegatingMethodAccessorImpl.invoke(DelegatingMethodAccessorImpl.java:43)
	at java.lang.reflect.Method.invoke(Method.java:498)
	at org.testng.internal.MethodInvocationHelper.invokeMethod(MethodInvocationHelper.java:85)
	at org.testng.internal.Invoker.invokeMethod(Invoker.java:639)
	at org.testng.internal.Invoker.invokeTestMethod(Invoker.java:816)
	at org.testng.internal.Invoker.invokeTestMethods(Invoker.java:1124)
	at org.testng.internal.TestMethodWorker.invokeTestMethods(TestMethodWorker.java:125)
	at org.testng.internal.TestMethodWorker.run(TestMethodWorker.java:108)
	at java.util.concurrent.ThreadPoolExecutor.runWorker(ThreadPoolExecutor.java:1149)
	at java.util.concurrent.ThreadPoolExecutor$Worker.run(ThreadPoolExecutor.java:624)
	at java.lang.Thread.run(Thread.java:748)

2021-03-10 21:55:09,716 - Test Suite -INFO - TEST CASE: TC021 | Priority: 5
2021-03-10 21:55:32,447 - Apparent-V1_D1_21_CustomCoverage -INFO - Beginning to Quote.
2021-03-10 21:55:41,504 - Apparent-V1_D1_21_CustomCoverage -INFO - Family page: Success!
2021-03-10 21:55:52,624 - Apparent-V1_D1_21_CustomCoverage -INFO - Policy Holder page: Success!
2021-03-10 21:55:53,957 - Apparent-V1_D1_21_CustomCoverage -ERROR - NoSuchElement Exception
2021-03-10 21:56:24,874 - Apparent-V1_D1_21_CustomCoverage -INFO - Address page: Success!
2021-03-10 21:57:14,604 - Apparent-V1_D1_21_CustomCoverage -INFO - Vehicle Details 1of2 page: Success!
2021-03-10 21:57:43,200 - Apparent-V1_D1_21_CustomCoverage -INFO - Vehicle Details 2of2 page: Success!
2021-03-10 21:57:49,725 - Apparent-V1_D1_21_CustomCoverage -INFO - VehicleList page: Success!
2021-03-10 21:58:08,415 - Apparent-V1_D1_21_CustomCoverage -ERROR - NoSuchElement Exception
2021-03-10 21:58:12,830 - Apparent-V1_D1_21_CustomCoverage -ERROR - NoSuchElement Exception
2021-03-10 21:58:17,094 - Apparent-V1_D1_21_CustomCoverage -ERROR - NoSuchElement Exception
2021-03-10 21:58:24,524 - Apparent-V1_D1_21_CustomCoverage -INFO - Policy holder Details 1of2 page: Success!
2021-03-10 21:58:44,526 - Apparent-V1_D1_21_CustomCoverage -INFO - Policy Holder Details 2of2 page: Success!
2021-03-10 21:58:44,543 - Apparent-V1_D1_21_CustomCoverage -INFO - No Incident added!
2021-03-10 21:58:48,116 - Apparent-V1_D1_21_CustomCoverage -INFO - DriverList page: Success!
2021-03-10 21:59:29,118 - Apparent-V1_D1_21_CustomCoverage -INFO - Insurance History page: Success!
2021-03-10 21:59:44,904 - Apparent-V1_D1_21_CustomCoverage -INFO - Policy Start page: Success!
2021-03-10 22:03:29,247 - Apparent-V1_D1_21_CustomCoverage -INFO - Quote Page: Success!
2021-03-10 22:04:47,183 - Test Suite -INFO - TEST CASE: TC021 | Priority: 5
2021-03-10 22:05:13,960 - Apparent-V1_D1_21_CustomCoverage -INFO - Beginning to Quote.
2021-03-10 22:05:23,092 - Apparent-V1_D1_21_CustomCoverage -INFO - Family page: Success!
2021-03-10 22:05:34,048 - Apparent-V1_D1_21_CustomCoverage -INFO - Policy Holder page: Success!
2021-03-10 22:05:35,794 - Apparent-V1_D1_21_CustomCoverage -ERROR - NoSuchElement Exception
2021-03-10 22:05:43,482 - Apparent-V1_D1_21_CustomCoverage -ERROR - WebDriver Exception
2021-03-10 22:06:09,478 - Apparent-V1_D1_21_CustomCoverage -INFO - Address page: Success!
2021-03-10 22:06:56,756 - Apparent-V1_D1_21_CustomCoverage -INFO - Vehicle Details 1of2 page: Success!
2021-03-10 22:07:25,556 - Apparent-V1_D1_21_CustomCoverage -INFO - Vehicle Details 2of2 page: Success!
2021-03-10 22:07:32,063 - Apparent-V1_D1_21_CustomCoverage -INFO - VehicleList page: Success!
2021-03-10 22:07:50,947 - Apparent-V1_D1_21_CustomCoverage -ERROR - NoSuchElement Exception
2021-03-10 22:07:54,944 - Apparent-V1_D1_21_CustomCoverage -ERROR - NoSuchElement Exception
2021-03-10 22:07:59,173 - Apparent-V1_D1_21_CustomCoverage -ERROR - NoSuchElement Exception
2021-03-10 22:08:06,780 - Apparent-V1_D1_21_CustomCoverage -INFO - Policy holder Details 1of2 page: Success!
2021-03-10 22:08:26,534 - Apparent-V1_D1_21_CustomCoverage -INFO - Policy Holder Details 2of2 page: Success!
2021-03-10 22:08:26,540 - Apparent-V1_D1_21_CustomCoverage -INFO - No Incident added!
2021-03-10 22:08:30,071 - Apparent-V1_D1_21_CustomCoverage -INFO - DriverList page: Success!
2021-03-10 22:09:10,133 - Apparent-V1_D1_21_CustomCoverage -INFO - Insurance History page: Success!
2021-03-10 22:09:26,298 - Apparent-V1_D1_21_CustomCoverage -INFO - Policy Start page: Success!
2021-03-10 22:10:39,050 - Apparent-V1_D1_21_CustomCoverage -ERROR - WebDriver Exception
2021-03-10 22:10:44,534 - Apparent-V1_D1_21_CustomCoverage -INFO - Quote Page: Success!
2021-03-10 22:10:55,929 - Apparent-V1_D1_21_CustomCoverage -INFO - Confirm Driver page: Success!
2021-03-10 22:11:07,304 - Apparent-V1_D1_21_CustomCoverage -ERROR - NoSuchElement Exception
2021-03-10 22:11:11,283 - Apparent-V1_D1_21_CustomCoverage -ERROR - NoSuchElement Exception
2021-03-10 22:11:14,990 - Apparent-V1_D1_21_CustomCoverage -ERROR - NoSuchElement Exception
2021-03-10 22:11:28,559 - Apparent-V1_D1_21_CustomCoverage -INFO - ConfirmVehicle page: Success!
2021-03-10 22:12:27,308 - Apparent-V1_D1_21_CustomCoverage -INFO - Billing page: Success!
2021-03-10 22:12:46,277 - Apparent-V1_D1_21_CustomCoverage -INFO - Policy Number :244-000-001-05
2021-03-10 22:12:46,280 - Apparent-V1_D1_21_CustomCoverage -INFO - Test case is successful!
2021-03-10 22:12:48,397 - Test Suite -INFO - TC021 is Passed !
