2020-08-05 14:34:55,692 [pool-1-thread-2] INFO Test Suite - TEST CASE: TC501 | Priority: 5
2020-08-05 14:34:55,694 [pool-1-thread-1] INFO Test Suite - TEST CASE: TC001 | Priority: 5
2020-08-05 14:35:31,603 [pool-1-thread-2] ERROR Test Suite - TC501 is Failed ! 
 EXCEPTION:  --->  java.lang.NullPointerException: null value in entry: url=null
	at com.google.common.collect.CollectPreconditions.checkEntryNotNull(CollectPreconditions.java:32)
	at com.google.common.collect.SingletonImmutableBiMap.<init>(SingletonImmutableBiMap.java:42)
	at com.google.common.collect.ImmutableBiMap.of(ImmutableBiMap.java:70)
	at com.google.common.collect.ImmutableMap.of(ImmutableMap.java:123)
	at org.openqa.selenium.remote.RemoteWebDriver.get(RemoteWebDriver.java:325)
	at resources.BrowserFactory.<init>(BrowserFactory.java:22)
	at resources.Testing.<init>(Testing.java:35)
	at testApparent.TC_Apparent.TC501(TC_Apparent.java:45)
	at sun.reflect.NativeMethodAccessorImpl.invoke0(Native Method)
	at sun.reflect.NativeMethodAccessorImpl.invoke(NativeMethodAccessorImpl.java:62)
	at sun.reflect.DelegatingMethodAccessorImpl.invoke(DelegatingMethodAccessorImpl.java:43)
	at java.lang.reflect.Method.invoke(Method.java:498)
	at org.testng.internal.MethodInvocationHelper.invokeMethod(MethodInvocationHelper.java:85)
	at org.testng.internal.Invoker.invokeMethod(Invoker.java:639)
	at org.testng.internal.Invoker.invokeTestMethod(Invoker.java:816)
	at org.testng.internal.Invoker.invokeTestMethods(Invoker.java:1124)
	at org.testng.internal.TestMethodWorker.invokeTestMethods(TestMethodWorker.java:125)
	at org.testng.internal.TestMethodWorker.run(TestMethodWorker.java:108)
	at java.util.concurrent.ThreadPoolExecutor.runWorker(ThreadPoolExecutor.java:1142)
	at java.util.concurrent.ThreadPoolExecutor$Worker.run(ThreadPoolExecutor.java:617)
	at java.lang.Thread.run(Thread.java:745)

2020-08-05 14:35:31,748 [pool-1-thread-1] ERROR Test Suite - TC001 is Failed ! 
 EXCEPTION:  --->  java.lang.NullPointerException: null value in entry: url=null
	at com.google.common.collect.CollectPreconditions.checkEntryNotNull(CollectPreconditions.java:32)
	at com.google.common.collect.SingletonImmutableBiMap.<init>(SingletonImmutableBiMap.java:42)
	at com.google.common.collect.ImmutableBiMap.of(ImmutableBiMap.java:70)
	at com.google.common.collect.ImmutableMap.of(ImmutableMap.java:123)
	at org.openqa.selenium.remote.RemoteWebDriver.get(RemoteWebDriver.java:325)
	at resources.BrowserFactory.<init>(BrowserFactory.java:22)
	at resources.Testing.<init>(Testing.java:35)
	at testElephant.TC_Elephant.TC001(TC_Elephant.java:45)
	at sun.reflect.NativeMethodAccessorImpl.invoke0(Native Method)
	at sun.reflect.NativeMethodAccessorImpl.invoke(NativeMethodAccessorImpl.java:62)
	at sun.reflect.DelegatingMethodAccessorImpl.invoke(DelegatingMethodAccessorImpl.java:43)
	at java.lang.reflect.Method.invoke(Method.java:498)
	at org.testng.internal.MethodInvocationHelper.invokeMethod(MethodInvocationHelper.java:85)
	at org.testng.internal.Invoker.invokeMethod(Invoker.java:639)
	at org.testng.internal.Invoker.invokeTestMethod(Invoker.java:816)
	at org.testng.internal.Invoker.invokeTestMethods(Invoker.java:1124)
	at org.testng.internal.TestMethodWorker.invokeTestMethods(TestMethodWorker.java:125)
	at org.testng.internal.TestMethodWorker.run(TestMethodWorker.java:108)
	at java.util.concurrent.ThreadPoolExecutor.runWorker(ThreadPoolExecutor.java:1142)
	at java.util.concurrent.ThreadPoolExecutor$Worker.run(ThreadPoolExecutor.java:617)
	at java.lang.Thread.run(Thread.java:745)

2020-11-06 19:45:57,024 [main] INFO Test Suite - TEST CASE: TC005 | Priority: 5
2020-11-06 19:45:58,218 [main] ERROR Test Suite - TC005 is Failed ! 
 EXCEPTION:  --->  java.lang.IllegalStateException: The driver executable does not exist: D:\Admiral\Automation\BrowserDrivers\chromedriver.exe
	at com.google.common.base.Preconditions.checkState(Preconditions.java:585)
	at org.openqa.selenium.remote.service.DriverService.checkExecutable(DriverService.java:136)
	at org.openqa.selenium.remote.service.DriverService.findExecutable(DriverService.java:131)
	at org.openqa.selenium.chrome.ChromeDriverService.access$000(ChromeDriverService.java:32)
	at org.openqa.selenium.chrome.ChromeDriverService$Builder.findDefaultExecutable(ChromeDriverService.java:137)
	at org.openqa.selenium.remote.service.DriverService$Builder.build(DriverService.java:339)
	at org.openqa.selenium.chrome.ChromeDriverService.createDefaultService(ChromeDriverService.java:88)
	at org.openqa.selenium.chrome.ChromeDriver.<init>(ChromeDriver.java:123)
	at resources.BrowserFactory.<init>(BrowserFactory.java:20)
	at resources.Testing.<init>(Testing.java:35)
	at testElephant.TC_Elephant.TC005(TC_Elephant.java:142)
	at sun.reflect.NativeMethodAccessorImpl.invoke0(Native Method)
	at sun.reflect.NativeMethodAccessorImpl.invoke(NativeMethodAccessorImpl.java:62)
	at sun.reflect.DelegatingMethodAccessorImpl.invoke(DelegatingMethodAccessorImpl.java:43)
	at java.lang.reflect.Method.invoke(Method.java:498)
	at org.testng.internal.MethodInvocationHelper.invokeMethod(MethodInvocationHelper.java:85)
	at org.testng.internal.Invoker.invokeMethod(Invoker.java:639)
	at org.testng.internal.Invoker.invokeTestMethod(Invoker.java:816)
	at org.testng.internal.Invoker.invokeTestMethods(Invoker.java:1124)
	at org.testng.internal.TestMethodWorker.invokeTestMethods(TestMethodWorker.java:125)
	at org.testng.internal.TestMethodWorker.run(TestMethodWorker.java:108)
	at org.testng.TestRunner.privateRun(TestRunner.java:774)
	at org.testng.TestRunner.run(TestRunner.java:624)
	at org.testng.SuiteRunner.runTest(SuiteRunner.java:359)
	at org.testng.SuiteRunner.runSequentially(SuiteRunner.java:354)
	at org.testng.SuiteRunner.privateRun(SuiteRunner.java:312)
	at org.testng.SuiteRunner.run(SuiteRunner.java:261)
	at org.testng.SuiteRunnerWorker.runSuite(SuiteRunnerWorker.java:52)
	at org.testng.SuiteRunnerWorker.run(SuiteRunnerWorker.java:86)
	at org.testng.TestNG.runSuitesSequentially(TestNG.java:1191)
	at org.testng.TestNG.runSuitesLocally(TestNG.java:1116)
	at org.testng.TestNG.run(TestNG.java:1024)
	at org.testng.remote.AbstractRemoteTestNG.run(AbstractRemoteTestNG.java:114)
	at org.testng.remote.RemoteTestNG.initAndRun(RemoteTestNG.java:251)
	at org.testng.remote.RemoteTestNG.main(RemoteTestNG.java:77)

2020-11-06 19:46:41,689 [main] INFO Test Suite - TEST CASE: TC005 | Priority: 5
2020-11-06 19:46:42,836 [main] ERROR Test Suite - TC005 is Failed ! 
 EXCEPTION:  --->  java.lang.IllegalStateException: The driver executable does not exist: D:\Admiral\Automation\BrowserDrivers\chromedriver.exe
	at com.google.common.base.Preconditions.checkState(Preconditions.java:585)
	at org.openqa.selenium.remote.service.DriverService.checkExecutable(DriverService.java:136)
	at org.openqa.selenium.remote.service.DriverService.findExecutable(DriverService.java:131)
	at org.openqa.selenium.chrome.ChromeDriverService.access$000(ChromeDriverService.java:32)
	at org.openqa.selenium.chrome.ChromeDriverService$Builder.findDefaultExecutable(ChromeDriverService.java:137)
	at org.openqa.selenium.remote.service.DriverService$Builder.build(DriverService.java:339)
	at org.openqa.selenium.chrome.ChromeDriverService.createDefaultService(ChromeDriverService.java:88)
	at org.openqa.selenium.chrome.ChromeDriver.<init>(ChromeDriver.java:123)
	at resources.BrowserFactory.<init>(BrowserFactory.java:20)
	at resources.Testing.<init>(Testing.java:35)
	at testElephant.TC_Elephant.TC005(TC_Elephant.java:142)
	at sun.reflect.NativeMethodAccessorImpl.invoke0(Native Method)
	at sun.reflect.NativeMethodAccessorImpl.invoke(NativeMethodAccessorImpl.java:62)
	at sun.reflect.DelegatingMethodAccessorImpl.invoke(DelegatingMethodAccessorImpl.java:43)
	at java.lang.reflect.Method.invoke(Method.java:498)
	at org.testng.internal.MethodInvocationHelper.invokeMethod(MethodInvocationHelper.java:85)
	at org.testng.internal.Invoker.invokeMethod(Invoker.java:639)
	at org.testng.internal.Invoker.invokeTestMethod(Invoker.java:816)
	at org.testng.internal.Invoker.invokeTestMethods(Invoker.java:1124)
	at org.testng.internal.TestMethodWorker.invokeTestMethods(TestMethodWorker.java:125)
	at org.testng.internal.TestMethodWorker.run(TestMethodWorker.java:108)
	at org.testng.TestRunner.privateRun(TestRunner.java:774)
	at org.testng.TestRunner.run(TestRunner.java:624)
	at org.testng.SuiteRunner.runTest(SuiteRunner.java:359)
	at org.testng.SuiteRunner.runSequentially(SuiteRunner.java:354)
	at org.testng.SuiteRunner.privateRun(SuiteRunner.java:312)
	at org.testng.SuiteRunner.run(SuiteRunner.java:261)
	at org.testng.SuiteRunnerWorker.runSuite(SuiteRunnerWorker.java:52)
	at org.testng.SuiteRunnerWorker.run(SuiteRunnerWorker.java:86)
	at org.testng.TestNG.runSuitesSequentially(TestNG.java:1191)
	at org.testng.TestNG.runSuitesLocally(TestNG.java:1116)
	at org.testng.TestNG.run(TestNG.java:1024)
	at org.testng.remote.AbstractRemoteTestNG.run(AbstractRemoteTestNG.java:114)
	at org.testng.remote.RemoteTestNG.initAndRun(RemoteTestNG.java:251)
	at org.testng.remote.RemoteTestNG.main(RemoteTestNG.java:77)

2020-11-06 19:52:36,925 [main] INFO Test Suite - TEST CASE: TC005 | Priority: 5
2020-11-06 19:52:38,135 [main] ERROR Test Suite - TC005 is Failed ! 
 EXCEPTION:  --->  java.lang.IllegalStateException: The driver executable does not exist: D:\Admiral\Automation\BrowserDrivers\chromedriver.exe
	at com.google.common.base.Preconditions.checkState(Preconditions.java:585)
	at org.openqa.selenium.remote.service.DriverService.checkExecutable(DriverService.java:136)
	at org.openqa.selenium.remote.service.DriverService.findExecutable(DriverService.java:131)
	at org.openqa.selenium.chrome.ChromeDriverService.access$000(ChromeDriverService.java:32)
	at org.openqa.selenium.chrome.ChromeDriverService$Builder.findDefaultExecutable(ChromeDriverService.java:137)
	at org.openqa.selenium.remote.service.DriverService$Builder.build(DriverService.java:339)
	at org.openqa.selenium.chrome.ChromeDriverService.createDefaultService(ChromeDriverService.java:88)
	at org.openqa.selenium.chrome.ChromeDriver.<init>(ChromeDriver.java:123)
	at resources.BrowserFactory.<init>(BrowserFactory.java:20)
	at resources.Testing.<init>(Testing.java:35)
	at testElephant.TC_Elephant.TC005(TC_Elephant.java:142)
	at sun.reflect.NativeMethodAccessorImpl.invoke0(Native Method)
	at sun.reflect.NativeMethodAccessorImpl.invoke(NativeMethodAccessorImpl.java:62)
	at sun.reflect.DelegatingMethodAccessorImpl.invoke(DelegatingMethodAccessorImpl.java:43)
	at java.lang.reflect.Method.invoke(Method.java:498)
	at org.testng.internal.MethodInvocationHelper.invokeMethod(MethodInvocationHelper.java:85)
	at org.testng.internal.Invoker.invokeMethod(Invoker.java:639)
	at org.testng.internal.Invoker.invokeTestMethod(Invoker.java:816)
	at org.testng.internal.Invoker.invokeTestMethods(Invoker.java:1124)
	at org.testng.internal.TestMethodWorker.invokeTestMethods(TestMethodWorker.java:125)
	at org.testng.internal.TestMethodWorker.run(TestMethodWorker.java:108)
	at org.testng.TestRunner.privateRun(TestRunner.java:774)
	at org.testng.TestRunner.run(TestRunner.java:624)
	at org.testng.SuiteRunner.runTest(SuiteRunner.java:359)
	at org.testng.SuiteRunner.runSequentially(SuiteRunner.java:354)
	at org.testng.SuiteRunner.privateRun(SuiteRunner.java:312)
	at org.testng.SuiteRunner.run(SuiteRunner.java:261)
	at org.testng.SuiteRunnerWorker.runSuite(SuiteRunnerWorker.java:52)
	at org.testng.SuiteRunnerWorker.run(SuiteRunnerWorker.java:86)
	at org.testng.TestNG.runSuitesSequentially(TestNG.java:1191)
	at org.testng.TestNG.runSuitesLocally(TestNG.java:1116)
	at org.testng.TestNG.run(TestNG.java:1024)
	at org.testng.remote.AbstractRemoteTestNG.run(AbstractRemoteTestNG.java:114)
	at org.testng.remote.RemoteTestNG.initAndRun(RemoteTestNG.java:251)
	at org.testng.remote.RemoteTestNG.main(RemoteTestNG.java:77)

2020-11-06 19:56:49,586 [main] INFO Test Suite - TEST CASE: TC005 | Priority: 5
2020-11-06 19:56:50,720 [main] ERROR Test Suite - TC005 is Failed ! 
 EXCEPTION:  --->  java.lang.IllegalStateException: The driver executable does not exist: D:\Admiral\Automation\BrowserDrivers\chromedriver.exe
	at com.google.common.base.Preconditions.checkState(Preconditions.java:585)
	at org.openqa.selenium.remote.service.DriverService.checkExecutable(DriverService.java:136)
	at org.openqa.selenium.remote.service.DriverService.findExecutable(DriverService.java:131)
	at org.openqa.selenium.chrome.ChromeDriverService.access$000(ChromeDriverService.java:32)
	at org.openqa.selenium.chrome.ChromeDriverService$Builder.findDefaultExecutable(ChromeDriverService.java:137)
	at org.openqa.selenium.remote.service.DriverService$Builder.build(DriverService.java:339)
	at org.openqa.selenium.chrome.ChromeDriverService.createDefaultService(ChromeDriverService.java:88)
	at org.openqa.selenium.chrome.ChromeDriver.<init>(ChromeDriver.java:123)
	at resources.BrowserFactory.<init>(BrowserFactory.java:20)
	at resources.Testing.<init>(Testing.java:35)
	at testElephant.TC_Elephant.TC005(TC_Elephant.java:142)
	at sun.reflect.NativeMethodAccessorImpl.invoke0(Native Method)
	at sun.reflect.NativeMethodAccessorImpl.invoke(NativeMethodAccessorImpl.java:62)
	at sun.reflect.DelegatingMethodAccessorImpl.invoke(DelegatingMethodAccessorImpl.java:43)
	at java.lang.reflect.Method.invoke(Method.java:498)
	at org.testng.internal.MethodInvocationHelper.invokeMethod(MethodInvocationHelper.java:85)
	at org.testng.internal.Invoker.invokeMethod(Invoker.java:639)
	at org.testng.internal.Invoker.invokeTestMethod(Invoker.java:816)
	at org.testng.internal.Invoker.invokeTestMethods(Invoker.java:1124)
	at org.testng.internal.TestMethodWorker.invokeTestMethods(TestMethodWorker.java:125)
	at org.testng.internal.TestMethodWorker.run(TestMethodWorker.java:108)
	at org.testng.TestRunner.privateRun(TestRunner.java:774)
	at org.testng.TestRunner.run(TestRunner.java:624)
	at org.testng.SuiteRunner.runTest(SuiteRunner.java:359)
	at org.testng.SuiteRunner.runSequentially(SuiteRunner.java:354)
	at org.testng.SuiteRunner.privateRun(SuiteRunner.java:312)
	at org.testng.SuiteRunner.run(SuiteRunner.java:261)
	at org.testng.SuiteRunnerWorker.runSuite(SuiteRunnerWorker.java:52)
	at org.testng.SuiteRunnerWorker.run(SuiteRunnerWorker.java:86)
	at org.testng.TestNG.runSuitesSequentially(TestNG.java:1191)
	at org.testng.TestNG.runSuitesLocally(TestNG.java:1116)
	at org.testng.TestNG.run(TestNG.java:1024)
	at org.testng.remote.AbstractRemoteTestNG.run(AbstractRemoteTestNG.java:114)
	at org.testng.remote.RemoteTestNG.initAndRun(RemoteTestNG.java:251)
	at org.testng.remote.RemoteTestNG.main(RemoteTestNG.java:77)

2020-11-06 19:57:47,661 [main] INFO Test Suite - TEST CASE: TC005 | Priority: 5
2020-11-06 19:58:04,124 [main] ERROR Elephant-4VClaim - NoSuchElement Exception
2020-11-06 19:58:11,491 [main] INFO Elephant-4VClaim - Clicked on 'All Other Claims' button on Launch Page of ENOL
2020-11-06 19:58:51,996 [main] INFO Test Suite - TC005 is Passed !
2020-11-06 20:03:01,781 [main] INFO Test Suite - TEST CASE: TC005 | Priority: 5
2020-11-06 20:03:17,140 [main] ERROR Elephant-4VClaim - NoSuchElement Exception
2020-11-06 20:03:24,473 [main] INFO Elephant-4VClaim - Clicked on 'All Other Claims' button on Launch Page of ENOL
2020-11-06 20:03:24,713 [main] ERROR Elephant-4VClaim - WebDriver Exception
2020-11-06 20:03:26,873 [main] ERROR Elephant-4VClaim - WebDriver Exception
2020-11-06 20:03:29,024 [main] ERROR Elephant-4VClaim - WebDriver Exception
2020-11-06 20:03:31,178 [main] INFO Test Suite - TC005 is Passed !
2020-11-06 20:04:28,411 [main] INFO Test Suite - TEST CASE: TC005 | Priority: 5
2020-11-06 20:04:44,409 [main] ERROR Elephant-IncidentDate_Future - NoSuchElement Exception
2020-11-06 20:04:51,778 [main] INFO Elephant-IncidentDate_Future - Clicked on 'All Other Claims' button on Launch Page of ENOL
2020-11-06 20:04:51,993 [main] ERROR Elephant-IncidentDate_Future - WebDriver Exception
2020-11-06 20:04:54,157 [main] ERROR Elephant-IncidentDate_Future - WebDriver Exception
2020-11-06 20:04:56,308 [main] ERROR Elephant-IncidentDate_Future - WebDriver Exception
2020-11-06 20:04:58,462 [main] INFO Test Suite - TC005 is Passed !
2020-11-06 20:05:51,850 [main] INFO Test Suite - TEST CASE: TC005 | Priority: 5
2020-11-06 20:06:08,550 [main] ERROR Elephant-IncidentDate_Future - NoSuchElement Exception
2020-11-06 20:06:15,886 [main] INFO Elephant-IncidentDate_Future - Clicked on 'All Other Claims' button on Launch Page of ENOL
2020-11-06 20:06:16,081 [main] ERROR Elephant-IncidentDate_Future - WebDriver Exception
2020-11-06 20:06:18,241 [main] ERROR Elephant-IncidentDate_Future - WebDriver Exception
2020-11-06 20:06:20,388 [main] ERROR Elephant-IncidentDate_Future - WebDriver Exception
2020-11-06 20:06:22,539 [main] INFO Test Suite - TC005 is Passed !
2020-11-06 20:10:36,694 [main] INFO Test Suite - TEST CASE: TC005 | Priority: 5
2020-11-06 20:10:52,095 [main] ERROR Elephant-IncidentDate_Future - NoSuchElement Exception
2020-11-06 20:10:59,480 [main] INFO Elephant-IncidentDate_Future - Clicked on 'All Other Claims' button on Launch Page of ENOL
2020-11-06 20:10:59,721 [main] ERROR Elephant-IncidentDate_Future - WebDriver Exception
2020-11-06 20:11:01,881 [main] ERROR Elephant-IncidentDate_Future - WebDriver Exception
2020-11-06 20:11:04,026 [main] ERROR Elephant-IncidentDate_Future - WebDriver Exception
2020-11-06 20:11:06,190 [main] INFO Test Suite - TC005 is Passed !
2020-11-06 20:16:08,022 [main] INFO Test Suite - TEST CASE: TC005 | Priority: 5
2020-11-06 20:16:24,676 [main] ERROR Elephant-IncidentDate_Future - NoSuchElement Exception
2020-11-06 20:16:32,021 [main] INFO Elephant-IncidentDate_Future - Clicked on 'All Other Claims' button on Launch Page of ENOL
2020-11-06 20:16:50,243 [main] INFO Test Suite - TC005 is Passed !
2020-11-06 20:17:38,674 [main] INFO Test Suite - TEST CASE: TC005 | Priority: 5
2020-11-06 20:17:54,666 [main] ERROR Elephant-IncidentDate_Future - NoSuchElement Exception
2020-11-06 20:18:02,073 [main] INFO Elephant-IncidentDate_Future - Clicked on 'All Other Claims' button on Launch Page of ENOL
2020-11-06 20:18:20,378 [main] INFO Test Suite - TC005 is Passed !
2020-11-06 20:20:14,312 [main] INFO Test Suite - TEST CASE: TC005 | Priority: 5
2020-11-06 20:20:31,147 [main] ERROR Elephant-IncidentDate_Future - NoSuchElement Exception
2020-11-06 20:20:38,580 [main] INFO Elephant-IncidentDate_Future - Clicked on 'All Other Claims' button on Launch Page of ENOL
2020-11-06 20:21:05,224 [main] INFO Elephant-IncidentDate_Future - Incident Details Info entered, navigating to Vehicle Details Page...
2020-11-06 20:21:06,345 [main] INFO Elephant-IncidentDate_Future - Actual Error Message : A future date is not allowed. Please enter a valid date within the last 12 months.
2020-11-06 20:21:06,351 [main] ERROR Test Suite - TC005 is Failed ! 
 EXCEPTION:  --->  java.lang.AssertionError: expected [true] but found [false]
	at org.testng.Assert.fail(Assert.java:94)
	at org.testng.Assert.failNotEquals(Assert.java:496)
	at org.testng.Assert.assertTrue(Assert.java:42)
	at org.testng.Assert.assertTrue(Assert.java:52)
	at SharedTC.STC_IncidentDetails.verifyErrorMessage(STC_IncidentDetails.java:43)
	at testElephant.TC_Elephant.TC005(TC_Elephant.java:146)
	at sun.reflect.NativeMethodAccessorImpl.invoke0(Native Method)
	at sun.reflect.NativeMethodAccessorImpl.invoke(NativeMethodAccessorImpl.java:62)
	at sun.reflect.DelegatingMethodAccessorImpl.invoke(DelegatingMethodAccessorImpl.java:43)
	at java.lang.reflect.Method.invoke(Method.java:498)
	at org.testng.internal.MethodInvocationHelper.invokeMethod(MethodInvocationHelper.java:85)
	at org.testng.internal.Invoker.invokeMethod(Invoker.java:639)
	at org.testng.internal.Invoker.invokeTestMethod(Invoker.java:816)
	at org.testng.internal.Invoker.invokeTestMethods(Invoker.java:1124)
	at org.testng.internal.TestMethodWorker.invokeTestMethods(TestMethodWorker.java:125)
	at org.testng.internal.TestMethodWorker.run(TestMethodWorker.java:108)
	at org.testng.TestRunner.privateRun(TestRunner.java:774)
	at org.testng.TestRunner.run(TestRunner.java:624)
	at org.testng.SuiteRunner.runTest(SuiteRunner.java:359)
	at org.testng.SuiteRunner.runSequentially(SuiteRunner.java:354)
	at org.testng.SuiteRunner.privateRun(SuiteRunner.java:312)
	at org.testng.SuiteRunner.run(SuiteRunner.java:261)
	at org.testng.SuiteRunnerWorker.runSuite(SuiteRunnerWorker.java:52)
	at org.testng.SuiteRunnerWorker.run(SuiteRunnerWorker.java:86)
	at org.testng.TestNG.runSuitesSequentially(TestNG.java:1191)
	at org.testng.TestNG.runSuitesLocally(TestNG.java:1116)
	at org.testng.TestNG.run(TestNG.java:1024)
	at org.testng.remote.AbstractRemoteTestNG.run(AbstractRemoteTestNG.java:114)
	at org.testng.remote.RemoteTestNG.initAndRun(RemoteTestNG.java:251)
	at org.testng.remote.RemoteTestNG.main(RemoteTestNG.java:77)

2020-11-06 20:26:22,983 [main] INFO Test Suite - TEST CASE: TC005 | Priority: 5
2020-11-06 20:26:38,859 [main] ERROR Elephant-IncidentDate_Future - NoSuchElement Exception
2020-11-06 20:26:46,352 [main] INFO Elephant-IncidentDate_Future - Clicked on 'All Other Claims' button on Launch Page of ENOL
2020-11-06 20:27:04,636 [main] INFO Test Suite - TC005 is Passed !
2020-11-06 20:28:42,800 [main] INFO Test Suite - TEST CASE: TC005 | Priority: 5
2020-11-06 20:28:59,020 [main] ERROR Elephant-IncidentDate_Future - NoSuchElement Exception
2020-11-06 20:29:06,474 [main] INFO Elephant-IncidentDate_Future - Clicked on 'All Other Claims' button on Launch Page of ENOL
2020-11-06 20:29:32,894 [main] INFO Elephant-IncidentDate_Future - Incident Details Info entered, navigating to Vehicle Details Page...
2020-11-06 20:29:34,018 [main] INFO Elephant-IncidentDate_Future - Actual Error Message : A future date is not allowed. Please enter a valid date within the last 12 months.
2020-11-06 20:29:34,021 [main] INFO Elephant-IncidentDate_Future - Assertion Passed, error text is correct...
2020-11-06 20:29:34,022 [main] INFO Test Suite - TC005 is Passed !
2020-11-09 00:01:25,081 [main] INFO Test Suite - TEST CASE: TC006 | Priority: 5
2020-11-09 00:01:40,789 [main] ERROR Elephant-IncidentDate_Out_Effective - NoSuchElement Exception
2020-11-09 00:01:48,155 [main] INFO Elephant-IncidentDate_Out_Effective - Clicked on 'All Other Claims' button on Launch Page of ENOL
2020-11-09 00:02:15,561 [main] INFO Elephant-IncidentDate_Out_Effective - Incident Details Info entered, navigating to Vehicle Details Page...
2020-11-09 00:02:16,804 [main] INFO Elephant-IncidentDate_Out_Effective - Actual Error Message : We are unable to locate a valid policy from the details provided.
2020-11-09 00:02:16,820 [main] INFO Elephant-IncidentDate_Out_Effective - Assertion Passed, error text is correct...
2020-11-09 00:02:16,825 [main] INFO Test Suite - TC006 is Passed !
2020-12-15 15:59:34,745 [pool-1-thread-1] INFO Test Suite - TEST CASE: TC001 | Priority: 5
2020-12-15 15:59:54,091 [pool-1-thread-1] ERROR Apparent-Apparent_Test - NoSuchElement Exception
2020-12-15 15:59:57,141 [pool-1-thread-1] ERROR Apparent-Apparent_Test - NoSuchElement Exception
2020-12-15 16:00:00,247 [pool-1-thread-1] ERROR Apparent-Apparent_Test - NoSuchElement Exception
2020-12-15 16:00:17,730 [pool-1-thread-1] ERROR Test Suite - TC001 is Failed ! 
 EXCEPTION:  --->  org.openqa.selenium.WebDriverException: chrome not reachable
  (Session info: chrome=87.0.4280.88)
  (Driver info: chromedriver=2.41.578737 (49da6702b16031c40d63e5618de03a32ff6c197e),platform=Windows NT 10.0.19041 x86_64) (WARNING: The server did not provide any stacktrace information)
Command duration or timeout: 0 milliseconds
Build info: version: '3.10.0', revision: '176b4a9', time: '2018-03-02T19:03:16.397Z'
System info: host: 'DESKTOP-RL948I0', ip: '10.1.208.138', os.name: 'Windows 10', os.arch: 'amd64', os.version: '10.0', java.version: '1.8.0_181'
Driver info: org.openqa.selenium.chrome.ChromeDriver
Capabilities {acceptInsecureCerts: false, acceptSslCerts: false, applicationCacheEnabled: false, browserConnectionEnabled: false, browserName: chrome, chrome: {chromedriverVersion: 2.41.578737 (49da6702b16031..., userDataDir: C:\Users\Admin\AppData\Loca...}, cssSelectorsEnabled: true, databaseEnabled: false, goog:chromeOptions: {debuggerAddress: localhost:65485}, handlesAlerts: true, hasTouchScreen: false, javascriptEnabled: true, locationContextEnabled: true, mobileEmulationEnabled: false, nativeEvents: true, networkConnectionEnabled: false, pageLoadStrategy: normal, platform: XP, platformName: XP, rotatable: false, setWindowRect: true, takesHeapSnapshot: true, takesScreenshot: true, unexpectedAlertBehaviour: , unhandledPromptBehavior: , version: 87.0.4280.88, webStorageEnabled: true}
Session ID: 1cbcdd7ba4100eea340256b91966f139
	at sun.reflect.NativeConstructorAccessorImpl.newInstance0(Native Method)
	at sun.reflect.NativeConstructorAccessorImpl.newInstance(NativeConstructorAccessorImpl.java:62)
	at sun.reflect.DelegatingConstructorAccessorImpl.newInstance(DelegatingConstructorAccessorImpl.java:45)
	at java.lang.reflect.Constructor.newInstance(Constructor.java:423)
	at org.openqa.selenium.remote.ErrorHandler.createThrowable(ErrorHandler.java:214)
	at org.openqa.selenium.remote.ErrorHandler.throwIfResponseFailed(ErrorHandler.java:166)
	at org.openqa.selenium.remote.http.JsonHttpResponseCodec.reconstructValue(JsonHttpResponseCodec.java:40)
	at org.openqa.selenium.remote.http.AbstractHttpResponseCodec.decode(AbstractHttpResponseCodec.java:80)
	at org.openqa.selenium.remote.http.AbstractHttpResponseCodec.decode(AbstractHttpResponseCodec.java:44)
	at org.openqa.selenium.remote.HttpCommandExecutor.execute(HttpCommandExecutor.java:160)
	at org.openqa.selenium.remote.service.DriverCommandExecutor.execute(DriverCommandExecutor.java:83)
	at org.openqa.selenium.remote.RemoteWebDriver.execute(RemoteWebDriver.java:601)
	at org.openqa.selenium.remote.RemoteWebDriver.execute(RemoteWebDriver.java:658)
	at org.openqa.selenium.remote.RemoteWebDriver.close(RemoteWebDriver.java:487)
	at resources.BrowserFactory.closeBrowser(BrowserFactory.java:29)
	at resources.Testing.tearDown(Testing.java:57)
	at testApparent.TC_Apparent.TC001(TC_Apparent.java:79)
	at sun.reflect.NativeMethodAccessorImpl.invoke0(Native Method)
	at sun.reflect.NativeMethodAccessorImpl.invoke(NativeMethodAccessorImpl.java:62)
	at sun.reflect.DelegatingMethodAccessorImpl.invoke(DelegatingMethodAccessorImpl.java:43)
	at java.lang.reflect.Method.invoke(Method.java:498)
	at org.testng.internal.MethodInvocationHelper.invokeMethod(MethodInvocationHelper.java:85)
	at org.testng.internal.Invoker.invokeMethod(Invoker.java:639)
	at org.testng.internal.Invoker.invokeTestMethod(Invoker.java:816)
	at org.testng.internal.Invoker.invokeTestMethods(Invoker.java:1124)
	at org.testng.internal.TestMethodWorker.invokeTestMethods(TestMethodWorker.java:125)
	at org.testng.internal.TestMethodWorker.run(TestMethodWorker.java:108)
	at java.util.concurrent.ThreadPoolExecutor.runWorker(ThreadPoolExecutor.java:1149)
	at java.util.concurrent.ThreadPoolExecutor$Worker.run(ThreadPoolExecutor.java:624)
	at java.lang.Thread.run(Thread.java:748)

2020-12-15 16:01:56,862 [pool-1-thread-1] INFO Test Suite - TEST CASE: TC001 | Priority: 5
2020-12-15 16:02:14,246 [pool-1-thread-1] ERROR Apparent-Apparent_Test - NoSuchElement Exception
2020-12-15 16:08:52,718 [pool-1-thread-1] INFO Test Suite - TEST CASE: TC001 | Priority: 5
2020-12-15 16:09:18,606 [pool-1-thread-1] ERROR Apparent-Apparent_Test - WebDriver Exception
2020-12-15 16:09:20,666 [pool-1-thread-1] ERROR Apparent-Apparent_Test - WebDriver Exception
2020-12-15 16:09:22,726 [pool-1-thread-1] ERROR Apparent-Apparent_Test - WebDriver Exception
2020-12-15 16:09:28,996 [pool-1-thread-1] INFO Apparent-Apparent_Test - Beginning to Quote.
2020-12-15 16:09:39,337 [pool-1-thread-1] INFO Apparent-Apparent_Test - Family page: Success!
2020-12-15 16:09:41,633 [pool-1-thread-1] ERROR Apparent-Apparent_Test - WebDriver Exception
2020-12-15 16:09:43,799 [pool-1-thread-1] ERROR Apparent-Apparent_Test - WebDriver Exception
2020-12-15 16:09:45,956 [pool-1-thread-1] ERROR Apparent-Apparent_Test - WebDriver Exception
2020-12-15 16:09:53,275 [pool-1-thread-1] ERROR Test Suite - TC001 is Failed ! 
 EXCEPTION:  --->  org.openqa.selenium.WebDriverException: unknown error: keys should be a string
  (Session info: chrome=87.0.4280.88)
  (Driver info: chromedriver=2.41.578737 (49da6702b16031c40d63e5618de03a32ff6c197e),platform=Windows NT 10.0.19041 x86_64) (WARNING: The server did not provide any stacktrace information)
Command duration or timeout: 0 milliseconds
Build info: version: '3.10.0', revision: '176b4a9', time: '2018-03-02T19:03:16.397Z'
System info: host: 'DESKTOP-RL948I0', ip: '10.1.208.138', os.name: 'Windows 10', os.arch: 'amd64', os.version: '10.0', java.version: '1.8.0_181'
Driver info: org.openqa.selenium.chrome.ChromeDriver
Capabilities {acceptInsecureCerts: false, acceptSslCerts: false, applicationCacheEnabled: false, browserConnectionEnabled: false, browserName: chrome, chrome: {chromedriverVersion: 2.41.578737 (49da6702b16031..., userDataDir: C:\Users\Admin\AppData\Loca...}, cssSelectorsEnabled: true, databaseEnabled: false, goog:chromeOptions: {debuggerAddress: localhost:49478}, handlesAlerts: true, hasTouchScreen: false, javascriptEnabled: true, locationContextEnabled: true, mobileEmulationEnabled: false, nativeEvents: true, networkConnectionEnabled: false, pageLoadStrategy: normal, platform: XP, platformName: XP, rotatable: false, setWindowRect: true, takesHeapSnapshot: true, takesScreenshot: true, unexpectedAlertBehaviour: , unhandledPromptBehavior: , version: 87.0.4280.88, webStorageEnabled: true}
Session ID: 77bdf05bab7cd517d50d1563aaf93a06
	at sun.reflect.NativeConstructorAccessorImpl.newInstance0(Native Method)
	at sun.reflect.NativeConstructorAccessorImpl.newInstance(NativeConstructorAccessorImpl.java:62)
	at sun.reflect.DelegatingConstructorAccessorImpl.newInstance(DelegatingConstructorAccessorImpl.java:45)
	at java.lang.reflect.Constructor.newInstance(Constructor.java:423)
	at org.openqa.selenium.remote.ErrorHandler.createThrowable(ErrorHandler.java:214)
	at org.openqa.selenium.remote.ErrorHandler.throwIfResponseFailed(ErrorHandler.java:166)
	at org.openqa.selenium.remote.http.JsonHttpResponseCodec.reconstructValue(JsonHttpResponseCodec.java:40)
	at org.openqa.selenium.remote.http.AbstractHttpResponseCodec.decode(AbstractHttpResponseCodec.java:80)
	at org.openqa.selenium.remote.http.AbstractHttpResponseCodec.decode(AbstractHttpResponseCodec.java:44)
	at org.openqa.selenium.remote.HttpCommandExecutor.execute(HttpCommandExecutor.java:160)
	at org.openqa.selenium.remote.service.DriverCommandExecutor.execute(DriverCommandExecutor.java:83)
	at org.openqa.selenium.remote.RemoteWebDriver.execute(RemoteWebDriver.java:601)
	at org.openqa.selenium.remote.RemoteWebElement.execute(RemoteWebElement.java:279)
	at org.openqa.selenium.remote.RemoteWebElement.sendKeys(RemoteWebElement.java:100)
	at sun.reflect.NativeMethodAccessorImpl.invoke0(Native Method)
	at sun.reflect.NativeMethodAccessorImpl.invoke(NativeMethodAccessorImpl.java:62)
	at sun.reflect.DelegatingMethodAccessorImpl.invoke(DelegatingMethodAccessorImpl.java:43)
	at java.lang.reflect.Method.invoke(Method.java:498)
	at org.openqa.selenium.support.pagefactory.internal.LocatingElementHandler.invoke(LocatingElementHandler.java:51)
	at com.sun.proxy.$Proxy9.sendKeys(Unknown Source)
	at resources.WebFunctions.type(WebFunctions.java:37)
	at SharedTC.SharedTestCases_PolicyHolder.policyholder(SharedTestCases_PolicyHolder.java:22)
	at testApparent.TC_Apparent.TC001(TC_Apparent.java:74)
	at sun.reflect.NativeMethodAccessorImpl.invoke0(Native Method)
	at sun.reflect.NativeMethodAccessorImpl.invoke(NativeMethodAccessorImpl.java:62)
	at sun.reflect.DelegatingMethodAccessorImpl.invoke(DelegatingMethodAccessorImpl.java:43)
	at java.lang.reflect.Method.invoke(Method.java:498)
	at org.testng.internal.MethodInvocationHelper.invokeMethod(MethodInvocationHelper.java:85)
	at org.testng.internal.Invoker.invokeMethod(Invoker.java:639)
	at org.testng.internal.Invoker.invokeTestMethod(Invoker.java:816)
	at org.testng.internal.Invoker.invokeTestMethods(Invoker.java:1124)
	at org.testng.internal.TestMethodWorker.invokeTestMethods(TestMethodWorker.java:125)
	at org.testng.internal.TestMethodWorker.run(TestMethodWorker.java:108)
	at java.util.concurrent.ThreadPoolExecutor.runWorker(ThreadPoolExecutor.java:1149)
	at java.util.concurrent.ThreadPoolExecutor$Worker.run(ThreadPoolExecutor.java:624)
	at java.lang.Thread.run(Thread.java:748)

2020-12-15 16:56:40,890 [pool-1-thread-1] INFO Test Suite - TEST CASE: TC001 | Priority: 5
2020-12-15 16:57:08,570 [pool-1-thread-1] ERROR Apparent-Apparent_Test - WebDriver Exception
2020-12-15 16:57:14,839 [pool-1-thread-1] INFO Apparent-Apparent_Test - Beginning to Quote.
2020-12-15 16:57:25,161 [pool-1-thread-1] INFO Apparent-Apparent_Test - Family page: Success!
2020-12-15 16:57:27,423 [pool-1-thread-1] ERROR Apparent-Apparent_Test - WebDriver Exception
2020-12-15 16:57:29,642 [pool-1-thread-1] ERROR Apparent-Apparent_Test - WebDriver Exception
2020-12-15 16:57:31,849 [pool-1-thread-1] ERROR Apparent-Apparent_Test - WebDriver Exception
2020-12-15 16:57:34,912 [pool-1-thread-1] ERROR Test Suite - TC001 is Failed ! 
 EXCEPTION:  --->  org.openqa.selenium.WebDriverException: unknown error: keys should be a string
  (Session info: chrome=87.0.4280.88)
  (Driver info: chromedriver=2.41.578737 (49da6702b16031c40d63e5618de03a32ff6c197e),platform=Windows NT 10.0.19041 x86_64) (WARNING: The server did not provide any stacktrace information)
Command duration or timeout: 0 milliseconds
Build info: version: '3.10.0', revision: '176b4a9', time: '2018-03-02T19:03:16.397Z'
System info: host: 'DESKTOP-RL948I0', ip: '10.1.208.138', os.name: 'Windows 10', os.arch: 'amd64', os.version: '10.0', java.version: '1.8.0_181'
Driver info: org.openqa.selenium.chrome.ChromeDriver
Capabilities {acceptInsecureCerts: false, acceptSslCerts: false, applicationCacheEnabled: false, browserConnectionEnabled: false, browserName: chrome, chrome: {chromedriverVersion: 2.41.578737 (49da6702b16031..., userDataDir: C:\Users\Admin\AppData\Loca...}, cssSelectorsEnabled: true, databaseEnabled: false, goog:chromeOptions: {debuggerAddress: localhost:52012}, handlesAlerts: true, hasTouchScreen: false, javascriptEnabled: true, locationContextEnabled: true, mobileEmulationEnabled: false, nativeEvents: true, networkConnectionEnabled: false, pageLoadStrategy: normal, platform: XP, platformName: XP, rotatable: false, setWindowRect: true, takesHeapSnapshot: true, takesScreenshot: true, unexpectedAlertBehaviour: , unhandledPromptBehavior: , version: 87.0.4280.88, webStorageEnabled: true}
Session ID: 4c2f2e26e2ffbe54ce3b12b9350e477d
	at sun.reflect.NativeConstructorAccessorImpl.newInstance0(Native Method)
	at sun.reflect.NativeConstructorAccessorImpl.newInstance(NativeConstructorAccessorImpl.java:62)
	at sun.reflect.DelegatingConstructorAccessorImpl.newInstance(DelegatingConstructorAccessorImpl.java:45)
	at java.lang.reflect.Constructor.newInstance(Constructor.java:423)
	at org.openqa.selenium.remote.ErrorHandler.createThrowable(ErrorHandler.java:214)
	at org.openqa.selenium.remote.ErrorHandler.throwIfResponseFailed(ErrorHandler.java:166)
	at org.openqa.selenium.remote.http.JsonHttpResponseCodec.reconstructValue(JsonHttpResponseCodec.java:40)
	at org.openqa.selenium.remote.http.AbstractHttpResponseCodec.decode(AbstractHttpResponseCodec.java:80)
	at org.openqa.selenium.remote.http.AbstractHttpResponseCodec.decode(AbstractHttpResponseCodec.java:44)
	at org.openqa.selenium.remote.HttpCommandExecutor.execute(HttpCommandExecutor.java:160)
	at org.openqa.selenium.remote.service.DriverCommandExecutor.execute(DriverCommandExecutor.java:83)
	at org.openqa.selenium.remote.RemoteWebDriver.execute(RemoteWebDriver.java:601)
	at org.openqa.selenium.remote.RemoteWebElement.execute(RemoteWebElement.java:279)
	at org.openqa.selenium.remote.RemoteWebElement.sendKeys(RemoteWebElement.java:100)
	at sun.reflect.NativeMethodAccessorImpl.invoke0(Native Method)
	at sun.reflect.NativeMethodAccessorImpl.invoke(NativeMethodAccessorImpl.java:62)
	at sun.reflect.DelegatingMethodAccessorImpl.invoke(DelegatingMethodAccessorImpl.java:43)
	at java.lang.reflect.Method.invoke(Method.java:498)
	at org.openqa.selenium.support.pagefactory.internal.LocatingElementHandler.invoke(LocatingElementHandler.java:51)
	at com.sun.proxy.$Proxy9.sendKeys(Unknown Source)
	at resources.WebFunctions.type(WebFunctions.java:37)
	at SharedTC.SharedTestCases_PolicyHolder.policyholder(SharedTestCases_PolicyHolder.java:22)
	at testApparent.TC_Apparent.TC001(TC_Apparent.java:74)
	at sun.reflect.NativeMethodAccessorImpl.invoke0(Native Method)
	at sun.reflect.NativeMethodAccessorImpl.invoke(NativeMethodAccessorImpl.java:62)
	at sun.reflect.DelegatingMethodAccessorImpl.invoke(DelegatingMethodAccessorImpl.java:43)
	at java.lang.reflect.Method.invoke(Method.java:498)
	at org.testng.internal.MethodInvocationHelper.invokeMethod(MethodInvocationHelper.java:85)
	at org.testng.internal.Invoker.invokeMethod(Invoker.java:639)
	at org.testng.internal.Invoker.invokeTestMethod(Invoker.java:816)
	at org.testng.internal.Invoker.invokeTestMethods(Invoker.java:1124)
	at org.testng.internal.TestMethodWorker.invokeTestMethods(TestMethodWorker.java:125)
	at org.testng.internal.TestMethodWorker.run(TestMethodWorker.java:108)
	at java.util.concurrent.ThreadPoolExecutor.runWorker(ThreadPoolExecutor.java:1149)
	at java.util.concurrent.ThreadPoolExecutor$Worker.run(ThreadPoolExecutor.java:624)
	at java.lang.Thread.run(Thread.java:748)

2020-12-15 16:58:38,662 [pool-1-thread-1] INFO Test Suite - TEST CASE: TC001 | Priority: 5
2020-12-15 16:59:06,124 [pool-1-thread-1] INFO Apparent-Apparent_Test - Beginning to Quote.
2020-12-15 16:59:16,488 [pool-1-thread-1] INFO Apparent-Apparent_Test - Family page: Success!
2020-12-15 16:59:32,891 [pool-1-thread-1] INFO Apparent-Apparent_Test - Policy Holder page: Success!
2020-12-15 16:59:37,999 [pool-1-thread-1] INFO Test Suite - TC001 is Passed !
2020-12-15 18:59:56,569 [pool-1-thread-1] INFO Test Suite - TEST CASE: TC001 | Priority: 5
2020-12-15 19:00:14,624 [pool-1-thread-1] ERROR Apparent-Apparent_Test - NoSuchElement Exception
2020-12-15 19:00:17,695 [pool-1-thread-1] ERROR Apparent-Apparent_Test - NoSuchElement Exception
2020-12-15 19:00:20,742 [pool-1-thread-1] ERROR Apparent-Apparent_Test - NoSuchElement Exception
2020-12-15 19:00:24,505 [pool-1-thread-1] ERROR Test Suite - TC001 is Failed ! 
 EXCEPTION:  --->  org.openqa.selenium.NoSuchElementException: no such element: Unable to locate element: {"method":"id","selector":"btnPostalCode"}
  (Session info: chrome=87.0.4280.88)
  (Driver info: chromedriver=2.41.578737 (49da6702b16031c40d63e5618de03a32ff6c197e),platform=Windows NT 10.0.19041 x86_64) (WARNING: The server did not provide any stacktrace information)
Command duration or timeout: 0 milliseconds
For documentation on this error, please visit: http://seleniumhq.org/exceptions/no_such_element.html
Build info: version: '3.10.0', revision: '176b4a9', time: '2018-03-02T19:03:16.397Z'
System info: host: 'DESKTOP-RL948I0', ip: '10.1.208.138', os.name: 'Windows 10', os.arch: 'amd64', os.version: '10.0', java.version: '1.8.0_181'
Driver info: org.openqa.selenium.chrome.ChromeDriver
Capabilities {acceptInsecureCerts: false, acceptSslCerts: false, applicationCacheEnabled: false, browserConnectionEnabled: false, browserName: chrome, chrome: {chromedriverVersion: 2.41.578737 (49da6702b16031..., userDataDir: C:\Users\Admin\AppData\Loca...}, cssSelectorsEnabled: true, databaseEnabled: false, goog:chromeOptions: {debuggerAddress: localhost:56476}, handlesAlerts: true, hasTouchScreen: false, javascriptEnabled: true, locationContextEnabled: true, mobileEmulationEnabled: false, nativeEvents: true, networkConnectionEnabled: false, pageLoadStrategy: normal, platform: XP, platformName: XP, rotatable: false, setWindowRect: true, takesHeapSnapshot: true, takesScreenshot: true, unexpectedAlertBehaviour: , unhandledPromptBehavior: , version: 87.0.4280.88, webStorageEnabled: true}
Session ID: 01a9338d47e40878ed791a6771f5ed57
*** Element info: {Using=id, value=btnPostalCode}
	at sun.reflect.NativeConstructorAccessorImpl.newInstance0(Native Method)
	at sun.reflect.NativeConstructorAccessorImpl.newInstance(NativeConstructorAccessorImpl.java:62)
	at sun.reflect.DelegatingConstructorAccessorImpl.newInstance(DelegatingConstructorAccessorImpl.java:45)
	at java.lang.reflect.Constructor.newInstance(Constructor.java:423)
	at org.openqa.selenium.remote.ErrorHandler.createThrowable(ErrorHandler.java:214)
	at org.openqa.selenium.remote.ErrorHandler.throwIfResponseFailed(ErrorHandler.java:166)
	at org.openqa.selenium.remote.http.JsonHttpResponseCodec.reconstructValue(JsonHttpResponseCodec.java:40)
	at org.openqa.selenium.remote.http.AbstractHttpResponseCodec.decode(AbstractHttpResponseCodec.java:80)
	at org.openqa.selenium.remote.http.AbstractHttpResponseCodec.decode(AbstractHttpResponseCodec.java:44)
	at org.openqa.selenium.remote.HttpCommandExecutor.execute(HttpCommandExecutor.java:160)
	at org.openqa.selenium.remote.service.DriverCommandExecutor.execute(DriverCommandExecutor.java:83)
	at org.openqa.selenium.remote.RemoteWebDriver.execute(RemoteWebDriver.java:601)
	at org.openqa.selenium.remote.RemoteWebDriver.findElement(RemoteWebDriver.java:371)
	at org.openqa.selenium.remote.RemoteWebDriver.findElementById(RemoteWebDriver.java:417)
	at org.openqa.selenium.By$ById.findElement(By.java:218)
	at org.openqa.selenium.remote.RemoteWebDriver.findElement(RemoteWebDriver.java:363)
	at org.openqa.selenium.support.pagefactory.DefaultElementLocator.findElement(DefaultElementLocator.java:69)
	at org.openqa.selenium.support.pagefactory.internal.LocatingElementHandler.invoke(LocatingElementHandler.java:38)
	at com.sun.proxy.$Proxy9.click(Unknown Source)
	at resources.WebFunctions.click(WebFunctions.java:119)
	at SharedTC.SharedTestCases_PostalCode.postalCode(SharedTestCases_PostalCode.java:18)
	at testApparent.TC_Apparent.TC001(TC_Apparent.java:71)
	at sun.reflect.NativeMethodAccessorImpl.invoke0(Native Method)
	at sun.reflect.NativeMethodAccessorImpl.invoke(NativeMethodAccessorImpl.java:62)
	at sun.reflect.DelegatingMethodAccessorImpl.invoke(DelegatingMethodAccessorImpl.java:43)
	at java.lang.reflect.Method.invoke(Method.java:498)
	at org.testng.internal.MethodInvocationHelper.invokeMethod(MethodInvocationHelper.java:85)
	at org.testng.internal.Invoker.invokeMethod(Invoker.java:639)
	at org.testng.internal.Invoker.invokeTestMethod(Invoker.java:816)
	at org.testng.internal.Invoker.invokeTestMethods(Invoker.java:1124)
	at org.testng.internal.TestMethodWorker.invokeTestMethods(TestMethodWorker.java:125)
	at org.testng.internal.TestMethodWorker.run(TestMethodWorker.java:108)
	at java.util.concurrent.ThreadPoolExecutor.runWorker(ThreadPoolExecutor.java:1149)
	at java.util.concurrent.ThreadPoolExecutor$Worker.run(ThreadPoolExecutor.java:624)
	at java.lang.Thread.run(Thread.java:748)

2021-03-02 20:09:29,599 [main] INFO Test Suite - TEST CASE: TC002 | Priority: 5
2021-03-02 20:09:54,595 [main] INFO Apparent-V1_D1_RetrieveQuote_Bind - Beginning to Quote.
2021-03-02 20:10:03,085 [main] INFO Apparent-V1_D1_RetrieveQuote_Bind - Family page: Success!
2021-03-02 20:10:03,311 [main] ERROR Apparent-V1_D1_RetrieveQuote_Bind - WebDriver Exception
2021-03-02 20:10:05,499 [main] ERROR Apparent-V1_D1_RetrieveQuote_Bind - WebDriver Exception
2021-03-02 20:10:07,662 [main] ERROR Apparent-V1_D1_RetrieveQuote_Bind - WebDriver Exception
2021-03-02 20:10:09,885 [main] INFO Apparent-V1_D1_RetrieveQuote_Bind - Test case has failed!
2021-03-02 20:10:09,887 [main] INFO Apparent-V1_D1_RetrieveQuote_Bind - unknown error: keys should be a string
  (Session info: chrome=88.0.4324.190)
  (Driver info: chromedriver=2.41.578737 (49da6702b16031c40d63e5618de03a32ff6c197e),platform=Windows NT 10.0.19041 x86_64) (WARNING: The server did not provide any stacktrace information)
Command duration or timeout: 0 milliseconds
Build info: version: '3.10.0', revision: '176b4a9', time: '2018-03-02T19:03:16.397Z'
System info: host: 'DESKTOP-RL948I0', ip: '192.168.43.163', os.name: 'Windows 10', os.arch: 'amd64', os.version: '10.0', java.version: '1.8.0_181'
Driver info: org.openqa.selenium.chrome.ChromeDriver
Capabilities {acceptInsecureCerts: false, acceptSslCerts: false, applicationCacheEnabled: false, browserConnectionEnabled: false, browserName: chrome, chrome: {chromedriverVersion: 2.41.578737 (49da6702b16031..., userDataDir: C:\Users\Admin\AppData\Loca...}, cssSelectorsEnabled: true, databaseEnabled: false, goog:chromeOptions: {debuggerAddress: localhost:49263}, handlesAlerts: true, hasTouchScreen: false, javascriptEnabled: true, locationContextEnabled: true, mobileEmulationEnabled: false, nativeEvents: true, networkConnectionEnabled: false, pageLoadStrategy: normal, platform: XP, platformName: XP, rotatable: false, setWindowRect: true, takesHeapSnapshot: true, takesScreenshot: true, unexpectedAlertBehaviour: , unhandledPromptBehavior: , version: 88.0.4324.190, webStorageEnabled: true}
Session ID: b24b08d71db7847c57a75613cf202fa7
2021-03-02 20:10:15,214 [main] ERROR Test Suite - TC002 is Failed ! 
 EXCEPTION:  --->  org.openqa.selenium.WebDriverException: unknown error: keys should be a string
  (Session info: chrome=88.0.4324.190)
  (Driver info: chromedriver=2.41.578737 (49da6702b16031c40d63e5618de03a32ff6c197e),platform=Windows NT 10.0.19041 x86_64) (WARNING: The server did not provide any stacktrace information)
Command duration or timeout: 0 milliseconds
Build info: version: '3.10.0', revision: '176b4a9', time: '2018-03-02T19:03:16.397Z'
System info: host: 'DESKTOP-RL948I0', ip: '192.168.43.163', os.name: 'Windows 10', os.arch: 'amd64', os.version: '10.0', java.version: '1.8.0_181'
Driver info: org.openqa.selenium.chrome.ChromeDriver
Capabilities {acceptInsecureCerts: false, acceptSslCerts: false, applicationCacheEnabled: false, browserConnectionEnabled: false, browserName: chrome, chrome: {chromedriverVersion: 2.41.578737 (49da6702b16031..., userDataDir: C:\Users\Admin\AppData\Loca...}, cssSelectorsEnabled: true, databaseEnabled: false, goog:chromeOptions: {debuggerAddress: localhost:49263}, handlesAlerts: true, hasTouchScreen: false, javascriptEnabled: true, locationContextEnabled: true, mobileEmulationEnabled: false, nativeEvents: true, networkConnectionEnabled: false, pageLoadStrategy: normal, platform: XP, platformName: XP, rotatable: false, setWindowRect: true, takesHeapSnapshot: true, takesScreenshot: true, unexpectedAlertBehaviour: , unhandledPromptBehavior: , version: 88.0.4324.190, webStorageEnabled: true}
Session ID: b24b08d71db7847c57a75613cf202fa7
	at sun.reflect.NativeConstructorAccessorImpl.newInstance0(Native Method)
	at sun.reflect.NativeConstructorAccessorImpl.newInstance(NativeConstructorAccessorImpl.java:62)
	at sun.reflect.DelegatingConstructorAccessorImpl.newInstance(DelegatingConstructorAccessorImpl.java:45)
	at java.lang.reflect.Constructor.newInstance(Constructor.java:423)
	at org.openqa.selenium.remote.ErrorHandler.createThrowable(ErrorHandler.java:214)
	at org.openqa.selenium.remote.ErrorHandler.throwIfResponseFailed(ErrorHandler.java:166)
	at org.openqa.selenium.remote.http.JsonHttpResponseCodec.reconstructValue(JsonHttpResponseCodec.java:40)
	at org.openqa.selenium.remote.http.AbstractHttpResponseCodec.decode(AbstractHttpResponseCodec.java:80)
	at org.openqa.selenium.remote.http.AbstractHttpResponseCodec.decode(AbstractHttpResponseCodec.java:44)
	at org.openqa.selenium.remote.HttpCommandExecutor.execute(HttpCommandExecutor.java:160)
	at org.openqa.selenium.remote.service.DriverCommandExecutor.execute(DriverCommandExecutor.java:83)
	at org.openqa.selenium.remote.RemoteWebDriver.execute(RemoteWebDriver.java:601)
	at org.openqa.selenium.remote.RemoteWebElement.execute(RemoteWebElement.java:279)
	at org.openqa.selenium.remote.RemoteWebElement.sendKeys(RemoteWebElement.java:100)
	at sun.reflect.NativeMethodAccessorImpl.invoke0(Native Method)
	at sun.reflect.NativeMethodAccessorImpl.invoke(NativeMethodAccessorImpl.java:62)
	at sun.reflect.DelegatingMethodAccessorImpl.invoke(DelegatingMethodAccessorImpl.java:43)
	at java.lang.reflect.Method.invoke(Method.java:498)
	at org.openqa.selenium.support.pagefactory.internal.LocatingElementHandler.invoke(LocatingElementHandler.java:51)
	at com.sun.proxy.$Proxy9.sendKeys(Unknown Source)
	at resources.WebFunctions.type(WebFunctions.java:37)
	at SharedTC.STC_PolicyHolder.policyholder(STC_PolicyHolder.java:18)
	at testApparent.TC_Apparent.TC002(TC_Apparent.java:106)
	at sun.reflect.NativeMethodAccessorImpl.invoke0(Native Method)
	at sun.reflect.NativeMethodAccessorImpl.invoke(NativeMethodAccessorImpl.java:62)
	at sun.reflect.DelegatingMethodAccessorImpl.invoke(DelegatingMethodAccessorImpl.java:43)
	at java.lang.reflect.Method.invoke(Method.java:498)
	at org.testng.internal.MethodInvocationHelper.invokeMethod(MethodInvocationHelper.java:85)
	at org.testng.internal.Invoker.invokeMethod(Invoker.java:639)
	at org.testng.internal.Invoker.invokeTestMethod(Invoker.java:816)
	at org.testng.internal.Invoker.invokeTestMethods(Invoker.java:1124)
	at org.testng.internal.TestMethodWorker.invokeTestMethods(TestMethodWorker.java:125)
	at org.testng.internal.TestMethodWorker.run(TestMethodWorker.java:108)
	at org.testng.TestRunner.privateRun(TestRunner.java:774)
	at org.testng.TestRunner.run(TestRunner.java:624)
	at org.testng.SuiteRunner.runTest(SuiteRunner.java:359)
	at org.testng.SuiteRunner.runSequentially(SuiteRunner.java:354)
	at org.testng.SuiteRunner.privateRun(SuiteRunner.java:312)
	at org.testng.SuiteRunner.run(SuiteRunner.java:261)
	at org.testng.SuiteRunnerWorker.runSuite(SuiteRunnerWorker.java:52)
	at org.testng.SuiteRunnerWorker.run(SuiteRunnerWorker.java:86)
	at org.testng.TestNG.runSuitesSequentially(TestNG.java:1191)
	at org.testng.TestNG.runSuitesLocally(TestNG.java:1116)
	at org.testng.TestNG.run(TestNG.java:1024)
	at org.testng.remote.AbstractRemoteTestNG.run(AbstractRemoteTestNG.java:114)
	at org.testng.remote.RemoteTestNG.initAndRun(RemoteTestNG.java:251)
	at org.testng.remote.RemoteTestNG.main(RemoteTestNG.java:77)

2021-03-02 20:10:15,248 [main] INFO Test Suite - TEST CASE: TC003 | Priority: 5
2021-03-02 20:11:53,138 [pool-1-thread-1] INFO Test Suite - TEST CASE: TC002 | Priority: 5
2021-03-02 20:11:53,138 [pool-1-thread-2] INFO Test Suite - TEST CASE: TC003 | Priority: 5
2021-03-02 20:11:54,399 [pool-1-thread-2] ERROR Test Suite - TC003 is Failed ! 
 EXCEPTION:  --->  java.lang.NullPointerException
	at com.aventstack.extentreports.Report.lambda$createTest$0(Report.java:68)
	at java.util.ArrayList.forEach(ArrayList.java:1257)
	at com.aventstack.extentreports.Report.createTest(Report.java:68)
	at com.aventstack.extentreports.ExtentReports.createTest(ExtentReports.java:230)
	at com.aventstack.extentreports.ExtentReports.createTest(ExtentReports.java:243)
	at resources.Reporter.<init>(Reporter.java:27)
	at resources.Testing.<init>(Testing.java:30)
	at testApparent.TC_Apparent.TC003(TC_Apparent.java:142)
	at sun.reflect.NativeMethodAccessorImpl.invoke0(Native Method)
	at sun.reflect.NativeMethodAccessorImpl.invoke(NativeMethodAccessorImpl.java:62)
	at sun.reflect.DelegatingMethodAccessorImpl.invoke(DelegatingMethodAccessorImpl.java:43)
	at java.lang.reflect.Method.invoke(Method.java:498)
	at org.testng.internal.MethodInvocationHelper.invokeMethod(MethodInvocationHelper.java:85)
	at org.testng.internal.Invoker.invokeMethod(Invoker.java:639)
	at org.testng.internal.Invoker.invokeTestMethod(Invoker.java:816)
	at org.testng.internal.Invoker.invokeTestMethods(Invoker.java:1124)
	at org.testng.internal.TestMethodWorker.invokeTestMethods(TestMethodWorker.java:125)
	at org.testng.internal.TestMethodWorker.run(TestMethodWorker.java:108)
	at java.util.concurrent.ThreadPoolExecutor.runWorker(ThreadPoolExecutor.java:1149)
	at java.util.concurrent.ThreadPoolExecutor$Worker.run(ThreadPoolExecutor.java:624)
	at java.lang.Thread.run(Thread.java:748)

2021-03-02 20:11:54,399 [pool-1-thread-1] ERROR Test Suite - TC002 is Failed ! 
 EXCEPTION:  --->  java.lang.NullPointerException
	at com.aventstack.extentreports.Report.lambda$createTest$0(Report.java:68)
	at java.util.ArrayList.forEach(ArrayList.java:1257)
	at com.aventstack.extentreports.Report.createTest(Report.java:68)
	at com.aventstack.extentreports.ExtentReports.createTest(ExtentReports.java:230)
	at com.aventstack.extentreports.ExtentReports.createTest(ExtentReports.java:243)
	at resources.Reporter.<init>(Reporter.java:27)
	at resources.Testing.<init>(Testing.java:30)
	at testApparent.TC_Apparent.TC002(TC_Apparent.java:101)
	at sun.reflect.NativeMethodAccessorImpl.invoke0(Native Method)
	at sun.reflect.NativeMethodAccessorImpl.invoke(NativeMethodAccessorImpl.java:62)
	at sun.reflect.DelegatingMethodAccessorImpl.invoke(DelegatingMethodAccessorImpl.java:43)
	at java.lang.reflect.Method.invoke(Method.java:498)
	at org.testng.internal.MethodInvocationHelper.invokeMethod(MethodInvocationHelper.java:85)
	at org.testng.internal.Invoker.invokeMethod(Invoker.java:639)
	at org.testng.internal.Invoker.invokeTestMethod(Invoker.java:816)
	at org.testng.internal.Invoker.invokeTestMethods(Invoker.java:1124)
	at org.testng.internal.TestMethodWorker.invokeTestMethods(TestMethodWorker.java:125)
	at org.testng.internal.TestMethodWorker.run(TestMethodWorker.java:108)
	at java.util.concurrent.ThreadPoolExecutor.runWorker(ThreadPoolExecutor.java:1149)
	at java.util.concurrent.ThreadPoolExecutor$Worker.run(ThreadPoolExecutor.java:624)
	at java.lang.Thread.run(Thread.java:748)

2021-03-02 20:11:54,403 [pool-1-thread-2] INFO Test Suite - TEST CASE: TC004 | Priority: 5
2021-03-02 20:11:54,407 [pool-1-thread-1] INFO Test Suite - TEST CASE: TC005 | Priority: 5
2021-03-02 20:11:54,412 [pool-1-thread-2] ERROR Test Suite - TC004 is Failed ! 
 EXCEPTION:  --->  java.lang.NullPointerException
	at com.aventstack.extentreports.Report.lambda$createTest$0(Report.java:68)
	at java.util.ArrayList.forEach(ArrayList.java:1257)
	at com.aventstack.extentreports.Report.createTest(Report.java:68)
	at com.aventstack.extentreports.ExtentReports.createTest(ExtentReports.java:230)
	at com.aventstack.extentreports.ExtentReports.createTest(ExtentReports.java:243)
	at resources.Reporter.<init>(Reporter.java:27)
	at resources.Testing.<init>(Testing.java:30)
	at testApparent.TC_Apparent.TC004(TC_Apparent.java:180)
	at sun.reflect.NativeMethodAccessorImpl.invoke0(Native Method)
	at sun.reflect.NativeMethodAccessorImpl.invoke(NativeMethodAccessorImpl.java:62)
	at sun.reflect.DelegatingMethodAccessorImpl.invoke(DelegatingMethodAccessorImpl.java:43)
	at java.lang.reflect.Method.invoke(Method.java:498)
	at org.testng.internal.MethodInvocationHelper.invokeMethod(MethodInvocationHelper.java:85)
	at org.testng.internal.Invoker.invokeMethod(Invoker.java:639)
	at org.testng.internal.Invoker.invokeTestMethod(Invoker.java:816)
	at org.testng.internal.Invoker.invokeTestMethods(Invoker.java:1124)
	at org.testng.internal.TestMethodWorker.invokeTestMethods(TestMethodWorker.java:125)
	at org.testng.internal.TestMethodWorker.run(TestMethodWorker.java:108)
	at java.util.concurrent.ThreadPoolExecutor.runWorker(ThreadPoolExecutor.java:1149)
	at java.util.concurrent.ThreadPoolExecutor$Worker.run(ThreadPoolExecutor.java:624)
	at java.lang.Thread.run(Thread.java:748)

2021-03-02 20:11:54,428 [pool-1-thread-1] ERROR Test Suite - TC005 is Failed ! 
 EXCEPTION:  --->  java.lang.NullPointerException
	at com.aventstack.extentreports.Report.lambda$createTest$0(Report.java:68)
	at java.util.ArrayList.forEach(ArrayList.java:1257)
	at com.aventstack.extentreports.Report.createTest(Report.java:68)
	at com.aventstack.extentreports.ExtentReports.createTest(ExtentReports.java:230)
	at com.aventstack.extentreports.ExtentReports.createTest(ExtentReports.java:243)
	at resources.Reporter.<init>(Reporter.java:27)
	at resources.Testing.<init>(Testing.java:30)
	at testApparent.TC_Apparent.TC005(TC_Apparent.java:220)
	at sun.reflect.NativeMethodAccessorImpl.invoke0(Native Method)
	at sun.reflect.NativeMethodAccessorImpl.invoke(NativeMethodAccessorImpl.java:62)
	at sun.reflect.DelegatingMethodAccessorImpl.invoke(DelegatingMethodAccessorImpl.java:43)
	at java.lang.reflect.Method.invoke(Method.java:498)
	at org.testng.internal.MethodInvocationHelper.invokeMethod(MethodInvocationHelper.java:85)
	at org.testng.internal.Invoker.invokeMethod(Invoker.java:639)
	at org.testng.internal.Invoker.invokeTestMethod(Invoker.java:816)
	at org.testng.internal.Invoker.invokeTestMethods(Invoker.java:1124)
	at org.testng.internal.TestMethodWorker.invokeTestMethods(TestMethodWorker.java:125)
	at org.testng.internal.TestMethodWorker.run(TestMethodWorker.java:108)
	at java.util.concurrent.ThreadPoolExecutor.runWorker(ThreadPoolExecutor.java:1149)
	at java.util.concurrent.ThreadPoolExecutor$Worker.run(ThreadPoolExecutor.java:624)
	at java.lang.Thread.run(Thread.java:748)

2021-03-02 20:39:21,431 [pool-1-thread-1] INFO Test Suite - TEST CASE: TC002 | Priority: 5
2021-03-02 20:39:21,431 [pool-1-thread-2] INFO Test Suite - TEST CASE: TC003 | Priority: 5
2021-03-02 20:39:44,934 [pool-1-thread-2] INFO Test Suite - TEST CASE: TC003 | Priority: 5
2021-03-02 20:39:44,934 [pool-1-thread-1] INFO Test Suite - TEST CASE: TC002 | Priority: 5
2021-03-02 20:41:15,908 [pool-1-thread-1] INFO Test Suite - TEST CASE: TC012 | Priority: 5
2021-03-02 20:41:40,153 [pool-1-thread-1] INFO Apparent-V1_D2_12_RemoveDriver - Beginning to Quote.
2021-03-02 20:41:49,364 [pool-1-thread-1] INFO Apparent-V1_D2_12_RemoveDriver - Family page: Success!
2021-03-02 20:42:00,573 [pool-1-thread-1] INFO Apparent-V1_D2_12_RemoveDriver - Policy Holder page: Success!
2021-03-02 20:42:02,016 [pool-1-thread-1] ERROR Apparent-V1_D2_12_RemoveDriver - NoSuchElement Exception
2021-03-02 20:42:08,718 [pool-1-thread-1] ERROR Apparent-V1_D2_12_RemoveDriver - WebDriver Exception
2021-03-02 20:42:34,857 [pool-1-thread-1] INFO Apparent-V1_D2_12_RemoveDriver - Address page: Success!
2021-03-02 20:43:22,275 [pool-1-thread-1] INFO Apparent-V1_D2_12_RemoveDriver - Vehicle Details 1of2 page: Success!
2021-03-02 20:43:50,370 [pool-1-thread-1] INFO Apparent-V1_D2_12_RemoveDriver - Vehicle Details 2of2 page: Success!
2021-03-02 20:43:56,999 [pool-1-thread-1] INFO Apparent-V1_D2_12_RemoveDriver - VehicleList page: Success!
2021-03-02 20:44:31,125 [pool-1-thread-1] ERROR Apparent-V1_D2_12_RemoveDriver - WebDriver Exception
2021-03-02 20:45:18,619 [pool-1-thread-1] INFO Test Suite - TEST CASE: TC012 | Priority: 5
2021-03-02 20:45:31,921 [pool-1-thread-1] INFO Test Suite - TEST CASE: TC012 | Priority: 5
2021-03-02 20:45:57,443 [pool-1-thread-1] INFO Apparent-V1_D2_12_RemoveDriver - Beginning to Quote.
2021-03-02 20:46:06,598 [pool-1-thread-1] INFO Apparent-V1_D2_12_RemoveDriver - Family page: Success!
2021-03-02 20:46:17,680 [pool-1-thread-1] INFO Apparent-V1_D2_12_RemoveDriver - Policy Holder page: Success!
2021-03-02 20:46:19,313 [pool-1-thread-1] ERROR Apparent-V1_D2_12_RemoveDriver - NoSuchElement Exception
2021-03-02 20:46:55,163 [pool-1-thread-1] INFO Apparent-V1_D2_12_RemoveDriver - Address page: Success!
2021-03-02 20:47:43,420 [pool-1-thread-1] INFO Apparent-V1_D2_12_RemoveDriver - Vehicle Details 1of2 page: Success!
2021-03-02 20:48:11,287 [pool-1-thread-1] INFO Apparent-V1_D2_12_RemoveDriver - Vehicle Details 2of2 page: Success!
2021-03-02 20:48:17,915 [pool-1-thread-1] INFO Apparent-V1_D2_12_RemoveDriver - VehicleList page: Success!
2021-03-02 20:48:36,363 [pool-1-thread-1] ERROR Apparent-V1_D2_12_RemoveDriver - NoSuchElement Exception
2021-03-02 20:48:40,486 [pool-1-thread-1] ERROR Apparent-V1_D2_12_RemoveDriver - NoSuchElement Exception
2021-03-02 20:48:44,568 [pool-1-thread-1] ERROR Apparent-V1_D2_12_RemoveDriver - NoSuchElement Exception
2021-03-02 20:48:52,138 [pool-1-thread-1] INFO Apparent-V1_D2_12_RemoveDriver - Policy holder Details 1of2 page: Success!
2021-03-02 20:49:11,494 [pool-1-thread-1] INFO Apparent-V1_D2_12_RemoveDriver - Policy Holder Details 2of2 page: Success!
2021-03-02 20:49:11,498 [pool-1-thread-1] INFO Apparent-V1_D2_12_RemoveDriver - No Incident added!
2021-03-02 20:49:15,223 [pool-1-thread-1] INFO Apparent-V1_D2_12_RemoveDriver - DriverList page: Success!
2021-03-02 20:49:35,134 [pool-1-thread-1] INFO Apparent-V1_D2_12_RemoveDriver - Additional Driver 1of2 page: Success!
2021-03-02 20:49:51,978 [pool-1-thread-1] INFO Apparent-V1_D2_12_RemoveDriver - Additional Driver 2of2 page: Success!
2021-03-02 20:49:51,984 [pool-1-thread-1] INFO Apparent-V1_D2_12_RemoveDriver - No Incident added!
2021-03-02 20:49:55,592 [pool-1-thread-1] INFO Apparent-V1_D2_12_RemoveDriver - DriverList page: Success!
2021-03-02 20:50:35,625 [pool-1-thread-1] INFO Apparent-V1_D2_12_RemoveDriver - Insurance History page: Success!
2021-03-02 20:50:39,177 [pool-1-thread-1] INFO Apparent-V1_D2_12_RemoveDriver - Assignment page: Success!
2021-03-02 20:50:54,511 [pool-1-thread-1] INFO Apparent-V1_D2_12_RemoveDriver - Policy Start page: Success!
2021-03-02 20:51:15,010 [pool-1-thread-1] INFO Apparent-V1_D2_12_RemoveDriver - Quote Page: Success!
2021-03-02 20:51:18,348 [pool-1-thread-1] INFO Apparent-V1_D2_12_RemoveDriver - Driver link clicked !
2021-03-02 20:51:18,435 [pool-1-thread-1] INFO Apparent-V1_D2_12_RemoveDriver - Test case has failed!
2021-03-02 20:51:18,435 [pool-1-thread-1] INFO Apparent-V1_D2_12_RemoveDriver - no such element: Unable to locate element: {"method":"xpath","selector":"//div[contains(text(),'TestDriver')]/ancestor::div[3]/div/div[2]/button"}
  (Session info: chrome=88.0.4324.190)
  (Driver info: chromedriver=2.41.578737 (49da6702b16031c40d63e5618de03a32ff6c197e),platform=Windows NT 10.0.19041 x86_64) (WARNING: The server did not provide any stacktrace information)
Command duration or timeout: 0 milliseconds
For documentation on this error, please visit: http://seleniumhq.org/exceptions/no_such_element.html
Build info: version: '3.10.0', revision: '176b4a9', time: '2018-03-02T19:03:16.397Z'
System info: host: 'DESKTOP-RL948I0', ip: '192.168.43.163', os.name: 'Windows 10', os.arch: 'amd64', os.version: '10.0', java.version: '1.8.0_181'
Driver info: org.openqa.selenium.chrome.ChromeDriver
Capabilities {acceptInsecureCerts: false, acceptSslCerts: false, applicationCacheEnabled: false, browserConnectionEnabled: false, browserName: chrome, chrome: {chromedriverVersion: 2.41.578737 (49da6702b16031..., userDataDir: C:\Users\Admin\AppData\Loca...}, cssSelectorsEnabled: true, databaseEnabled: false, goog:chromeOptions: {debuggerAddress: localhost:50737}, handlesAlerts: true, hasTouchScreen: false, javascriptEnabled: true, locationContextEnabled: true, mobileEmulationEnabled: false, nativeEvents: true, networkConnectionEnabled: false, pageLoadStrategy: normal, platform: XP, platformName: XP, rotatable: false, setWindowRect: true, takesHeapSnapshot: true, takesScreenshot: true, unexpectedAlertBehaviour: , unhandledPromptBehavior: , version: 88.0.4324.190, webStorageEnabled: true}
Session ID: 90a6f8886429dc0d9f0d255680986e04
*** Element info: {Using=xpath, value=//div[contains(text(),'TestDriver')]/ancestor::div[3]/div/div[2]/button}
2021-03-02 20:51:24,350 [pool-1-thread-1] ERROR Test Suite - TC012 is Failed ! 
 EXCEPTION:  --->  org.openqa.selenium.NoSuchElementException: no such element: Unable to locate element: {"method":"xpath","selector":"//div[contains(text(),'TestDriver')]/ancestor::div[3]/div/div[2]/button"}
  (Session info: chrome=88.0.4324.190)
  (Driver info: chromedriver=2.41.578737 (49da6702b16031c40d63e5618de03a32ff6c197e),platform=Windows NT 10.0.19041 x86_64) (WARNING: The server did not provide any stacktrace information)
Command duration or timeout: 0 milliseconds
For documentation on this error, please visit: http://seleniumhq.org/exceptions/no_such_element.html
Build info: version: '3.10.0', revision: '176b4a9', time: '2018-03-02T19:03:16.397Z'
System info: host: 'DESKTOP-RL948I0', ip: '192.168.43.163', os.name: 'Windows 10', os.arch: 'amd64', os.version: '10.0', java.version: '1.8.0_181'
Driver info: org.openqa.selenium.chrome.ChromeDriver
Capabilities {acceptInsecureCerts: false, acceptSslCerts: false, applicationCacheEnabled: false, browserConnectionEnabled: false, browserName: chrome, chrome: {chromedriverVersion: 2.41.578737 (49da6702b16031..., userDataDir: C:\Users\Admin\AppData\Loca...}, cssSelectorsEnabled: true, databaseEnabled: false, goog:chromeOptions: {debuggerAddress: localhost:50737}, handlesAlerts: true, hasTouchScreen: false, javascriptEnabled: true, locationContextEnabled: true, mobileEmulationEnabled: false, nativeEvents: true, networkConnectionEnabled: false, pageLoadStrategy: normal, platform: XP, platformName: XP, rotatable: false, setWindowRect: true, takesHeapSnapshot: true, takesScreenshot: true, unexpectedAlertBehaviour: , unhandledPromptBehavior: , version: 88.0.4324.190, webStorageEnabled: true}
Session ID: 90a6f8886429dc0d9f0d255680986e04
*** Element info: {Using=xpath, value=//div[contains(text(),'TestDriver')]/ancestor::div[3]/div/div[2]/button}
	at sun.reflect.GeneratedConstructorAccessor16.newInstance(Unknown Source)
	at sun.reflect.DelegatingConstructorAccessorImpl.newInstance(DelegatingConstructorAccessorImpl.java:45)
	at java.lang.reflect.Constructor.newInstance(Constructor.java:423)
	at org.openqa.selenium.remote.ErrorHandler.createThrowable(ErrorHandler.java:214)
	at org.openqa.selenium.remote.ErrorHandler.throwIfResponseFailed(ErrorHandler.java:166)
	at org.openqa.selenium.remote.http.JsonHttpResponseCodec.reconstructValue(JsonHttpResponseCodec.java:40)
	at org.openqa.selenium.remote.http.AbstractHttpResponseCodec.decode(AbstractHttpResponseCodec.java:80)
	at org.openqa.selenium.remote.http.AbstractHttpResponseCodec.decode(AbstractHttpResponseCodec.java:44)
	at org.openqa.selenium.remote.HttpCommandExecutor.execute(HttpCommandExecutor.java:160)
	at org.openqa.selenium.remote.service.DriverCommandExecutor.execute(DriverCommandExecutor.java:83)
	at org.openqa.selenium.remote.RemoteWebDriver.execute(RemoteWebDriver.java:601)
	at org.openqa.selenium.remote.RemoteWebDriver.findElement(RemoteWebDriver.java:371)
	at org.openqa.selenium.remote.RemoteWebDriver.findElementByXPath(RemoteWebDriver.java:473)
	at org.openqa.selenium.By$ByXPath.findElement(By.java:361)
	at org.openqa.selenium.remote.RemoteWebDriver.findElement(RemoteWebDriver.java:363)
	at resources.WebFunctions.click(WebFunctions.java:164)
	at SharedTC.STC_DriverList.driverList_RemoveDriver(STC_DriverList.java:21)
	at testApparent.TC_Regression.TC012(TC_Regression.java:234)
	at sun.reflect.NativeMethodAccessorImpl.invoke0(Native Method)
	at sun.reflect.NativeMethodAccessorImpl.invoke(NativeMethodAccessorImpl.java:62)
	at sun.reflect.DelegatingMethodAccessorImpl.invoke(DelegatingMethodAccessorImpl.java:43)
	at java.lang.reflect.Method.invoke(Method.java:498)
	at org.testng.internal.MethodInvocationHelper.invokeMethod(MethodInvocationHelper.java:85)
	at org.testng.internal.Invoker.invokeMethod(Invoker.java:639)
	at org.testng.internal.Invoker.invokeTestMethod(Invoker.java:816)
	at org.testng.internal.Invoker.invokeTestMethods(Invoker.java:1124)
	at org.testng.internal.TestMethodWorker.invokeTestMethods(TestMethodWorker.java:125)
	at org.testng.internal.TestMethodWorker.run(TestMethodWorker.java:108)
	at java.util.concurrent.ThreadPoolExecutor.runWorker(ThreadPoolExecutor.java:1149)
	at java.util.concurrent.ThreadPoolExecutor$Worker.run(ThreadPoolExecutor.java:624)
	at java.lang.Thread.run(Thread.java:748)

2021-03-02 20:53:49,305 [pool-1-thread-1] INFO Test Suite - TEST CASE: TC012 | Priority: 5
2021-03-02 20:54:12,647 [pool-1-thread-1] INFO Apparent-V1_D2_12_RemoveDriver - Beginning to Quote.
2021-03-02 20:54:21,862 [pool-1-thread-1] INFO Apparent-V1_D2_12_RemoveDriver - Family page: Success!
2021-03-02 20:54:32,538 [pool-1-thread-1] INFO Apparent-V1_D2_12_RemoveDriver - Policy Holder page: Success!
2021-03-02 20:54:33,870 [pool-1-thread-1] ERROR Apparent-V1_D2_12_RemoveDriver - NoSuchElement Exception
2021-03-02 20:54:40,893 [pool-1-thread-1] ERROR Apparent-V1_D2_12_RemoveDriver - WebDriver Exception
2021-03-02 20:55:06,664 [pool-1-thread-1] INFO Apparent-V1_D2_12_RemoveDriver - Address page: Success!
2021-03-02 20:55:54,069 [pool-1-thread-1] INFO Apparent-V1_D2_12_RemoveDriver - Vehicle Details 1of2 page: Success!
2021-03-02 20:56:22,158 [pool-1-thread-1] INFO Apparent-V1_D2_12_RemoveDriver - Vehicle Details 2of2 page: Success!
2021-03-02 20:56:28,591 [pool-1-thread-1] INFO Apparent-V1_D2_12_RemoveDriver - VehicleList page: Success!
2021-03-02 20:56:46,965 [pool-1-thread-1] ERROR Apparent-V1_D2_12_RemoveDriver - NoSuchElement Exception
2021-03-02 20:56:51,235 [pool-1-thread-1] ERROR Apparent-V1_D2_12_RemoveDriver - NoSuchElement Exception
2021-03-02 20:56:55,360 [pool-1-thread-1] ERROR Apparent-V1_D2_12_RemoveDriver - NoSuchElement Exception
2021-03-02 20:57:03,339 [pool-1-thread-1] INFO Apparent-V1_D2_12_RemoveDriver - Policy holder Details 1of2 page: Success!
2021-03-02 20:57:23,163 [pool-1-thread-1] INFO Apparent-V1_D2_12_RemoveDriver - Policy Holder Details 2of2 page: Success!
2021-03-02 20:57:23,170 [pool-1-thread-1] INFO Apparent-V1_D2_12_RemoveDriver - No Incident added!
2021-03-02 20:57:26,874 [pool-1-thread-1] INFO Apparent-V1_D2_12_RemoveDriver - DriverList page: Success!
2021-03-02 20:57:46,898 [pool-1-thread-1] INFO Apparent-V1_D2_12_RemoveDriver - Additional Driver 1of2 page: Success!
2021-03-02 20:58:04,218 [pool-1-thread-1] INFO Apparent-V1_D2_12_RemoveDriver - Additional Driver 2of2 page: Success!
2021-03-02 20:58:04,222 [pool-1-thread-1] INFO Apparent-V1_D2_12_RemoveDriver - No Incident added!
2021-03-02 20:58:07,763 [pool-1-thread-1] INFO Apparent-V1_D2_12_RemoveDriver - DriverList page: Success!
2021-03-02 20:58:47,915 [pool-1-thread-1] INFO Apparent-V1_D2_12_RemoveDriver - Insurance History page: Success!
2021-03-02 20:58:51,504 [pool-1-thread-1] INFO Apparent-V1_D2_12_RemoveDriver - Assignment page: Success!
2021-03-02 20:59:06,811 [pool-1-thread-1] INFO Apparent-V1_D2_12_RemoveDriver - Policy Start page: Success!
2021-03-02 20:59:27,580 [pool-1-thread-1] INFO Apparent-V1_D2_12_RemoveDriver - Quote Page: Success!
2021-03-02 20:59:30,994 [pool-1-thread-1] INFO Apparent-V1_D2_12_RemoveDriver - Driver link clicked !
2021-03-02 20:59:37,448 [pool-1-thread-1] INFO Apparent-V1_D2_12_RemoveDriver - Driver link clicked !
2021-03-02 20:59:37,522 [pool-1-thread-1] INFO Apparent-V1_D2_12_RemoveDriver - Test case has failed!
2021-03-02 20:59:37,531 [pool-1-thread-1] INFO Apparent-V1_D2_12_RemoveDriver - no such element: Unable to locate element: {"method":"xpath","selector":"//div[contains(text(),'TestDriver')]/ancestor::div[3]/div/div[2]/button"}
  (Session info: chrome=88.0.4324.190)
  (Driver info: chromedriver=2.41.578737 (49da6702b16031c40d63e5618de03a32ff6c197e),platform=Windows NT 10.0.19041 x86_64) (WARNING: The server did not provide any stacktrace information)
Command duration or timeout: 0 milliseconds
For documentation on this error, please visit: http://seleniumhq.org/exceptions/no_such_element.html
Build info: version: '3.10.0', revision: '176b4a9', time: '2018-03-02T19:03:16.397Z'
System info: host: 'DESKTOP-RL948I0', ip: '192.168.43.163', os.name: 'Windows 10', os.arch: 'amd64', os.version: '10.0', java.version: '1.8.0_181'
Driver info: org.openqa.selenium.chrome.ChromeDriver
Capabilities {acceptInsecureCerts: false, acceptSslCerts: false, applicationCacheEnabled: false, browserConnectionEnabled: false, browserName: chrome, chrome: {chromedriverVersion: 2.41.578737 (49da6702b16031..., userDataDir: C:\Users\Admin\AppData\Loca...}, cssSelectorsEnabled: true, databaseEnabled: false, goog:chromeOptions: {debuggerAddress: localhost:50865}, handlesAlerts: true, hasTouchScreen: false, javascriptEnabled: true, locationContextEnabled: true, mobileEmulationEnabled: false, nativeEvents: true, networkConnectionEnabled: false, pageLoadStrategy: normal, platform: XP, platformName: XP, rotatable: false, setWindowRect: true, takesHeapSnapshot: true, takesScreenshot: true, unexpectedAlertBehaviour: , unhandledPromptBehavior: , version: 88.0.4324.190, webStorageEnabled: true}
Session ID: 48cacbc5ee63ed4f948739bb82c60a9a
*** Element info: {Using=xpath, value=//div[contains(text(),'TestDriver')]/ancestor::div[3]/div/div[2]/button}
2021-03-02 20:59:39,651 [pool-1-thread-1] ERROR Test Suite - TC012 is Failed ! 
 EXCEPTION:  --->  org.openqa.selenium.NoSuchElementException: no such element: Unable to locate element: {"method":"xpath","selector":"//div[contains(text(),'TestDriver')]/ancestor::div[3]/div/div[2]/button"}
  (Session info: chrome=88.0.4324.190)
  (Driver info: chromedriver=2.41.578737 (49da6702b16031c40d63e5618de03a32ff6c197e),platform=Windows NT 10.0.19041 x86_64) (WARNING: The server did not provide any stacktrace information)
Command duration or timeout: 0 milliseconds
For documentation on this error, please visit: http://seleniumhq.org/exceptions/no_such_element.html
Build info: version: '3.10.0', revision: '176b4a9', time: '2018-03-02T19:03:16.397Z'
System info: host: 'DESKTOP-RL948I0', ip: '192.168.43.163', os.name: 'Windows 10', os.arch: 'amd64', os.version: '10.0', java.version: '1.8.0_181'
Driver info: org.openqa.selenium.chrome.ChromeDriver
Capabilities {acceptInsecureCerts: false, acceptSslCerts: false, applicationCacheEnabled: false, browserConnectionEnabled: false, browserName: chrome, chrome: {chromedriverVersion: 2.41.578737 (49da6702b16031..., userDataDir: C:\Users\Admin\AppData\Loca...}, cssSelectorsEnabled: true, databaseEnabled: false, goog:chromeOptions: {debuggerAddress: localhost:50865}, handlesAlerts: true, hasTouchScreen: false, javascriptEnabled: true, locationContextEnabled: true, mobileEmulationEnabled: false, nativeEvents: true, networkConnectionEnabled: false, pageLoadStrategy: normal, platform: XP, platformName: XP, rotatable: false, setWindowRect: true, takesHeapSnapshot: true, takesScreenshot: true, unexpectedAlertBehaviour: , unhandledPromptBehavior: , version: 88.0.4324.190, webStorageEnabled: true}
Session ID: 48cacbc5ee63ed4f948739bb82c60a9a
*** Element info: {Using=xpath, value=//div[contains(text(),'TestDriver')]/ancestor::div[3]/div/div[2]/button}
	at sun.reflect.GeneratedConstructorAccessor16.newInstance(Unknown Source)
	at sun.reflect.DelegatingConstructorAccessorImpl.newInstance(DelegatingConstructorAccessorImpl.java:45)
	at java.lang.reflect.Constructor.newInstance(Constructor.java:423)
	at org.openqa.selenium.remote.ErrorHandler.createThrowable(ErrorHandler.java:214)
	at org.openqa.selenium.remote.ErrorHandler.throwIfResponseFailed(ErrorHandler.java:166)
	at org.openqa.selenium.remote.http.JsonHttpResponseCodec.reconstructValue(JsonHttpResponseCodec.java:40)
	at org.openqa.selenium.remote.http.AbstractHttpResponseCodec.decode(AbstractHttpResponseCodec.java:80)
	at org.openqa.selenium.remote.http.AbstractHttpResponseCodec.decode(AbstractHttpResponseCodec.java:44)
	at org.openqa.selenium.remote.HttpCommandExecutor.execute(HttpCommandExecutor.java:160)
	at org.openqa.selenium.remote.service.DriverCommandExecutor.execute(DriverCommandExecutor.java:83)
	at org.openqa.selenium.remote.RemoteWebDriver.execute(RemoteWebDriver.java:601)
	at org.openqa.selenium.remote.RemoteWebDriver.findElement(RemoteWebDriver.java:371)
	at org.openqa.selenium.remote.RemoteWebDriver.findElementByXPath(RemoteWebDriver.java:473)
	at org.openqa.selenium.By$ByXPath.findElement(By.java:361)
	at org.openqa.selenium.remote.RemoteWebDriver.findElement(RemoteWebDriver.java:363)
	at resources.WebFunctions.click(WebFunctions.java:164)
	at SharedTC.STC_DriverList.driverList_RemoveDriver(STC_DriverList.java:21)
	at testApparent.TC_Regression.TC012(TC_Regression.java:236)
	at sun.reflect.NativeMethodAccessorImpl.invoke0(Native Method)
	at sun.reflect.NativeMethodAccessorImpl.invoke(NativeMethodAccessorImpl.java:62)
	at sun.reflect.DelegatingMethodAccessorImpl.invoke(DelegatingMethodAccessorImpl.java:43)
	at java.lang.reflect.Method.invoke(Method.java:498)
	at org.testng.internal.MethodInvocationHelper.invokeMethod(MethodInvocationHelper.java:85)
	at org.testng.internal.Invoker.invokeMethod(Invoker.java:639)
	at org.testng.internal.Invoker.invokeTestMethod(Invoker.java:816)
	at org.testng.internal.Invoker.invokeTestMethods(Invoker.java:1124)
	at org.testng.internal.TestMethodWorker.invokeTestMethods(TestMethodWorker.java:125)
	at org.testng.internal.TestMethodWorker.run(TestMethodWorker.java:108)
	at java.util.concurrent.ThreadPoolExecutor.runWorker(ThreadPoolExecutor.java:1149)
	at java.util.concurrent.ThreadPoolExecutor$Worker.run(ThreadPoolExecutor.java:624)
	at java.lang.Thread.run(Thread.java:748)

2021-03-02 21:00:45,127 [pool-1-thread-1] INFO Test Suite - TEST CASE: TC012 | Priority: 5
2021-03-02 21:01:15,218 [pool-1-thread-1] INFO Apparent-V1_D2_12_RemoveDriver - Beginning to Quote.
2021-03-02 21:01:24,672 [pool-1-thread-1] INFO Apparent-V1_D2_12_RemoveDriver - Family page: Success!
2021-03-02 21:01:35,346 [pool-1-thread-1] INFO Apparent-V1_D2_12_RemoveDriver - Policy Holder page: Success!
2021-03-02 21:01:36,801 [pool-1-thread-1] ERROR Apparent-V1_D2_12_RemoveDriver - NoSuchElement Exception
2021-03-02 21:01:44,233 [pool-1-thread-1] ERROR Apparent-V1_D2_12_RemoveDriver - WebDriver Exception
2021-03-02 21:02:10,090 [pool-1-thread-1] INFO Apparent-V1_D2_12_RemoveDriver - Address page: Success!
2021-03-02 21:03:00,691 [pool-1-thread-1] INFO Apparent-V1_D2_12_RemoveDriver - Vehicle Details 1of2 page: Success!
2021-03-02 21:03:28,431 [pool-1-thread-1] INFO Apparent-V1_D2_12_RemoveDriver - Vehicle Details 2of2 page: Success!
2021-03-02 21:03:34,678 [pool-1-thread-1] INFO Apparent-V1_D2_12_RemoveDriver - VehicleList page: Success!
2021-03-02 21:03:52,966 [pool-1-thread-1] ERROR Apparent-V1_D2_12_RemoveDriver - NoSuchElement Exception
2021-03-02 21:03:57,022 [pool-1-thread-1] ERROR Apparent-V1_D2_12_RemoveDriver - NoSuchElement Exception
2021-03-02 21:04:01,110 [pool-1-thread-1] ERROR Apparent-V1_D2_12_RemoveDriver - NoSuchElement Exception
2021-03-02 21:04:08,566 [pool-1-thread-1] INFO Apparent-V1_D2_12_RemoveDriver - Policy holder Details 1of2 page: Success!
2021-03-02 21:04:27,827 [pool-1-thread-1] INFO Apparent-V1_D2_12_RemoveDriver - Policy Holder Details 2of2 page: Success!
2021-03-02 21:04:27,831 [pool-1-thread-1] INFO Apparent-V1_D2_12_RemoveDriver - No Incident added!
2021-03-02 21:04:31,227 [pool-1-thread-1] INFO Apparent-V1_D2_12_RemoveDriver - DriverList page: Success!
2021-03-02 21:04:50,857 [pool-1-thread-1] INFO Apparent-V1_D2_12_RemoveDriver - Additional Driver 1of2 page: Success!
2021-03-02 21:05:08,319 [pool-1-thread-1] INFO Apparent-V1_D2_12_RemoveDriver - Additional Driver 2of2 page: Success!
2021-03-02 21:05:08,321 [pool-1-thread-1] INFO Apparent-V1_D2_12_RemoveDriver - No Incident added!
2021-03-02 21:05:11,873 [pool-1-thread-1] INFO Apparent-V1_D2_12_RemoveDriver - DriverList page: Success!
2021-03-02 21:05:51,761 [pool-1-thread-1] INFO Apparent-V1_D2_12_RemoveDriver - Insurance History page: Success!
2021-03-02 21:05:55,300 [pool-1-thread-1] INFO Apparent-V1_D2_12_RemoveDriver - Assignment page: Success!
2021-03-02 21:06:04,793 [pool-1-thread-1] INFO Apparent-V1_D2_12_RemoveDriver - Driver link clicked !
2021-03-02 21:06:15,531 [pool-1-thread-1] INFO Apparent-V1_D2_12_RemoveDriver - Test case is successful!
2021-03-02 21:06:21,327 [pool-1-thread-1] INFO Test Suite - TC012 is Passed !
2021-03-02 21:07:22,112 [pool-1-thread-1] INFO Test Suite - TEST CASE: TC012 | Priority: 5
2021-03-02 21:07:44,242 [pool-1-thread-1] INFO Apparent-V1_D2_12_RemoveDriver - Beginning to Quote.
2021-03-02 21:07:52,987 [pool-1-thread-1] INFO Apparent-V1_D2_12_RemoveDriver - Family page: Success!
2021-03-02 21:08:04,189 [pool-1-thread-1] INFO Apparent-V1_D2_12_RemoveDriver - Policy Holder page: Success!
2021-03-02 21:08:05,572 [pool-1-thread-1] ERROR Apparent-V1_D2_12_RemoveDriver - NoSuchElement Exception
2021-03-02 21:08:12,898 [pool-1-thread-1] ERROR Apparent-V1_D2_12_RemoveDriver - WebDriver Exception
2021-03-02 21:08:39,171 [pool-1-thread-1] INFO Apparent-V1_D2_12_RemoveDriver - Address page: Success!
2021-03-02 21:09:27,490 [pool-1-thread-1] INFO Apparent-V1_D2_12_RemoveDriver - Vehicle Details 1of2 page: Success!
2021-03-02 21:09:56,206 [pool-1-thread-1] INFO Apparent-V1_D2_12_RemoveDriver - Vehicle Details 2of2 page: Success!
2021-03-02 21:10:02,781 [pool-1-thread-1] INFO Apparent-V1_D2_12_RemoveDriver - VehicleList page: Success!
2021-03-02 21:10:21,028 [pool-1-thread-1] ERROR Apparent-V1_D2_12_RemoveDriver - NoSuchElement Exception
2021-03-02 21:10:25,036 [pool-1-thread-1] ERROR Apparent-V1_D2_12_RemoveDriver - NoSuchElement Exception
2021-03-02 21:10:29,159 [pool-1-thread-1] ERROR Apparent-V1_D2_12_RemoveDriver - NoSuchElement Exception
2021-03-02 21:10:36,738 [pool-1-thread-1] INFO Apparent-V1_D2_12_RemoveDriver - Policy holder Details 1of2 page: Success!
2021-03-02 21:10:56,493 [pool-1-thread-1] INFO Apparent-V1_D2_12_RemoveDriver - Policy Holder Details 2of2 page: Success!
2021-03-02 21:10:56,496 [pool-1-thread-1] INFO Apparent-V1_D2_12_RemoveDriver - No Incident added!
2021-03-02 21:11:00,175 [pool-1-thread-1] INFO Apparent-V1_D2_12_RemoveDriver - DriverList page: Success!
2021-03-02 21:11:19,451 [pool-1-thread-1] INFO Apparent-V1_D2_12_RemoveDriver - Additional Driver 1of2 page: Success!
2021-03-02 21:11:36,548 [pool-1-thread-1] INFO Apparent-V1_D2_12_RemoveDriver - Additional Driver 2of2 page: Success!
2021-03-02 21:11:36,553 [pool-1-thread-1] INFO Apparent-V1_D2_12_RemoveDriver - No Incident added!
2021-03-02 21:11:40,054 [pool-1-thread-1] INFO Apparent-V1_D2_12_RemoveDriver - DriverList page: Success!
2021-03-02 21:12:20,411 [pool-1-thread-1] INFO Apparent-V1_D2_12_RemoveDriver - Insurance History page: Success!
2021-03-02 21:12:24,007 [pool-1-thread-1] INFO Apparent-V1_D2_12_RemoveDriver - Assignment page: Success!
2021-03-02 21:12:39,058 [pool-1-thread-1] INFO Apparent-V1_D2_12_RemoveDriver - Policy Start page: Success!
2021-03-02 21:12:51,116 [pool-1-thread-1] INFO Apparent-V1_D2_12_RemoveDriver - Driver link clicked !
2021-03-02 21:13:01,582 [pool-1-thread-1] INFO Apparent-V1_D2_12_RemoveDriver - Test case is successful!
2021-03-02 21:13:03,714 [pool-1-thread-1] INFO Test Suite - TC012 is Passed !
2021-03-02 21:57:39,680 [pool-1-thread-1] INFO Test Suite - TEST CASE: TC014 | Priority: 5
2021-03-02 21:58:00,393 [pool-1-thread-1] INFO Apparent-V1_D1_14_BrandedVin - Beginning to Quote.
2021-03-02 21:58:08,823 [pool-1-thread-1] INFO Apparent-V1_D1_14_BrandedVin - Family page: Success!
2021-03-02 21:58:11,080 [pool-1-thread-1] ERROR Apparent-V1_D1_14_BrandedVin - WebDriver Exception
2021-03-02 21:58:13,267 [pool-1-thread-1] ERROR Apparent-V1_D1_14_BrandedVin - WebDriver Exception
2021-03-02 21:58:15,427 [pool-1-thread-1] ERROR Apparent-V1_D1_14_BrandedVin - WebDriver Exception
2021-03-02 21:58:17,577 [pool-1-thread-1] INFO Apparent-V1_D1_14_BrandedVin - Test case has failed!
2021-03-02 21:58:17,578 [pool-1-thread-1] INFO Apparent-V1_D1_14_BrandedVin - unknown error: keys should be a string
  (Session info: chrome=88.0.4324.190)
  (Driver info: chromedriver=2.41.578737 (49da6702b16031c40d63e5618de03a32ff6c197e),platform=Windows NT 10.0.19041 x86_64) (WARNING: The server did not provide any stacktrace information)
Command duration or timeout: 0 milliseconds
Build info: version: '3.10.0', revision: '176b4a9', time: '2018-03-02T19:03:16.397Z'
System info: host: 'DESKTOP-RL948I0', ip: '192.168.43.163', os.name: 'Windows 10', os.arch: 'amd64', os.version: '10.0', java.version: '1.8.0_181'
Driver info: org.openqa.selenium.chrome.ChromeDriver
Capabilities {acceptInsecureCerts: false, acceptSslCerts: false, applicationCacheEnabled: false, browserConnectionEnabled: false, browserName: chrome, chrome: {chromedriverVersion: 2.41.578737 (49da6702b16031..., userDataDir: C:\Users\Admin\AppData\Loca...}, cssSelectorsEnabled: true, databaseEnabled: false, goog:chromeOptions: {debuggerAddress: localhost:51478}, handlesAlerts: true, hasTouchScreen: false, javascriptEnabled: true, locationContextEnabled: true, mobileEmulationEnabled: false, nativeEvents: true, networkConnectionEnabled: false, pageLoadStrategy: normal, platform: XP, platformName: XP, rotatable: false, setWindowRect: true, takesHeapSnapshot: true, takesScreenshot: true, unexpectedAlertBehaviour: , unhandledPromptBehavior: , version: 88.0.4324.190, webStorageEnabled: true}
Session ID: a8347e4eb869dfc21a340c6441f82b14
2021-03-02 21:59:29,129 [pool-1-thread-1] INFO Test Suite - TEST CASE: TC014 | Priority: 5
2021-03-02 21:59:50,943 [pool-1-thread-1] INFO Apparent-V1_D1_14_BrandedVin - Beginning to Quote.
2021-03-02 22:00:07,197 [pool-1-thread-1] INFO Apparent-V1_D1_14_BrandedVin - Family page: Success!
2021-03-02 22:00:21,266 [pool-1-thread-1] INFO Apparent-V1_D1_14_BrandedVin - Policy Holder page: Success!
2021-03-02 22:00:31,890 [pool-1-thread-1] ERROR Apparent-V1_D1_14_BrandedVin - NoSuchElement Exception
2021-03-02 22:01:34,260 [pool-1-thread-1] INFO Apparent-V1_D1_14_BrandedVin - Address page: Success!
2021-03-02 22:02:28,565 [pool-1-thread-1] INFO Test Suite - TEST CASE: TC014 | Priority: 5
2021-03-02 22:02:50,323 [pool-1-thread-1] INFO Apparent-V1_D1_14_BrandedVin - Beginning to Quote.
2021-03-02 22:02:58,724 [pool-1-thread-1] INFO Apparent-V1_D1_14_BrandedVin - Family page: Success!
2021-03-02 22:03:08,308 [pool-1-thread-1] INFO Apparent-V1_D1_14_BrandedVin - Policy Holder page: Success!
2021-03-02 22:03:08,980 [pool-1-thread-1] ERROR Apparent-V1_D1_14_BrandedVin - NoSuchElement Exception
2021-03-02 22:03:14,987 [pool-1-thread-1] ERROR Apparent-V1_D1_14_BrandedVin - WebDriver Exception
2021-03-02 22:03:38,534 [pool-1-thread-1] INFO Apparent-V1_D1_14_BrandedVin - Address page: Success!
2021-03-02 22:04:20,567 [pool-1-thread-1] INFO Apparent-V1_D1_14_BrandedVin - Vehicle Details 1of2 page: Success!
2021-03-02 22:05:16,239 [pool-1-thread-1] INFO Apparent-V1_D1_14_BrandedVin - Vehicle Details 2of2 page: Success!
2021-03-02 22:05:27,488 [pool-1-thread-1] INFO Apparent-V1_D1_14_BrandedVin - VehicleList page: Success!
2021-03-02 22:06:10,198 [pool-1-thread-1] ERROR Apparent-V1_D1_14_BrandedVin - NoSuchElement Exception
2021-03-02 22:06:23,786 [pool-1-thread-1] ERROR Apparent-V1_D1_14_BrandedVin - NoSuchElement Exception
2021-03-02 22:06:37,324 [pool-1-thread-1] ERROR Apparent-V1_D1_14_BrandedVin - NoSuchElement Exception
2021-03-02 22:06:59,203 [pool-1-thread-1] INFO Apparent-V1_D1_14_BrandedVin - Policy holder Details 1of2 page: Success!
2021-03-02 22:07:38,867 [pool-1-thread-1] INFO Apparent-V1_D1_14_BrandedVin - Policy Holder Details 2of2 page: Success!
2021-03-02 22:07:38,873 [pool-1-thread-1] INFO Apparent-V1_D1_14_BrandedVin - No Incident added!
2021-03-02 22:08:19,063 [pool-1-thread-1] ERROR Apparent-V1_D1_14_BrandedVin - WebDriver Exception
2021-03-02 22:08:45,360 [pool-1-thread-1] INFO Apparent-V1_D1_14_BrandedVin - DriverList page: Success!
2021-03-02 22:09:42,471 [pool-1-thread-1] INFO Apparent-V1_D1_14_BrandedVin - Insurance History page: Success!
2021-03-02 22:10:22,951 [pool-1-thread-1] ERROR Apparent-V1_D1_14_BrandedVin - WebDriver Exception
2021-03-02 22:11:04,989 [pool-1-thread-1] ERROR Apparent-V1_D1_14_BrandedVin - WebDriver Exception
2021-03-02 22:11:36,551 [pool-1-thread-1] ERROR Apparent-V1_D1_14_BrandedVin - WebDriver Exception
2021-03-02 22:17:45,869 [pool-1-thread-1] INFO Test Suite - TEST CASE: TC014 | Priority: 5
2021-03-02 22:18:09,989 [pool-1-thread-1] INFO Apparent-V1_D1_14_BrandedVin - Beginning to Quote.
2021-03-02 22:18:18,526 [pool-1-thread-1] INFO Apparent-V1_D1_14_BrandedVin - Family page: Success!
2021-03-02 22:18:27,813 [pool-1-thread-1] INFO Apparent-V1_D1_14_BrandedVin - Policy Holder page: Success!
2021-03-02 22:18:28,540 [pool-1-thread-1] ERROR Apparent-V1_D1_14_BrandedVin - NoSuchElement Exception
2021-03-02 22:18:34,616 [pool-1-thread-1] ERROR Apparent-V1_D1_14_BrandedVin - WebDriver Exception
2021-03-02 22:18:58,279 [pool-1-thread-1] INFO Apparent-V1_D1_14_BrandedVin - Address page: Success!
2021-03-02 22:19:41,026 [pool-1-thread-1] INFO Apparent-V1_D1_14_BrandedVin - Vehicle Details 1of2 page: Success!
2021-03-02 22:20:06,765 [pool-1-thread-1] INFO Apparent-V1_D1_14_BrandedVin - Vehicle Details 2of2 page: Success!
2021-03-02 22:20:13,029 [pool-1-thread-1] INFO Apparent-V1_D1_14_BrandedVin - VehicleList page: Success!
2021-03-02 22:20:29,487 [pool-1-thread-1] ERROR Apparent-V1_D1_14_BrandedVin - NoSuchElement Exception
2021-03-02 22:20:33,010 [pool-1-thread-1] ERROR Apparent-V1_D1_14_BrandedVin - NoSuchElement Exception
2021-03-02 22:20:36,544 [pool-1-thread-1] ERROR Apparent-V1_D1_14_BrandedVin - NoSuchElement Exception
2021-03-02 22:20:43,287 [pool-1-thread-1] INFO Apparent-V1_D1_14_BrandedVin - Policy holder Details 1of2 page: Success!
2021-03-02 22:35:36,545 [pool-1-thread-1] INFO Test Suite - TEST CASE: TC014 | Priority: 5
2021-03-02 22:36:02,784 [pool-1-thread-1] INFO Apparent-V1_D1_14_BrandedVin - Beginning to Quote.
2021-03-02 22:36:11,886 [pool-1-thread-1] INFO Apparent-V1_D1_14_BrandedVin - Family page: Success!
2021-03-02 22:36:21,118 [pool-1-thread-1] INFO Apparent-V1_D1_14_BrandedVin - Policy Holder page: Success!
2021-03-02 22:36:21,801 [pool-1-thread-1] ERROR Apparent-V1_D1_14_BrandedVin - NoSuchElement Exception
2021-03-02 22:36:27,826 [pool-1-thread-1] ERROR Apparent-V1_D1_14_BrandedVin - WebDriver Exception
2021-03-02 22:36:56,323 [pool-1-thread-1] INFO Apparent-V1_D1_14_BrandedVin - Address page: Success!
2021-03-02 22:38:20,049 [pool-1-thread-1] INFO Apparent-V1_D1_14_BrandedVin - Vehicle Details 1of2 page: Success!
2021-03-02 22:39:15,996 [pool-1-thread-1] INFO Apparent-V1_D1_14_BrandedVin - Vehicle Details 2of2 page: Success!
2021-03-02 22:39:27,257 [pool-1-thread-1] INFO Apparent-V1_D1_14_BrandedVin - VehicleList page: Success!
2021-03-02 22:40:07,399 [pool-1-thread-1] ERROR Apparent-V1_D1_14_BrandedVin - NoSuchElement Exception
2021-03-02 22:40:20,927 [pool-1-thread-1] ERROR Apparent-V1_D1_14_BrandedVin - NoSuchElement Exception
2021-03-02 22:40:34,395 [pool-1-thread-1] ERROR Apparent-V1_D1_14_BrandedVin - NoSuchElement Exception
2021-03-02 22:40:56,222 [pool-1-thread-1] INFO Apparent-V1_D1_14_BrandedVin - Policy holder Details 1of2 page: Success!
2021-03-02 22:41:30,012 [pool-1-thread-1] INFO Apparent-V1_D1_14_BrandedVin - Policy Holder Details 2of2 page: Success!
2021-03-02 22:41:30,019 [pool-1-thread-1] INFO Apparent-V1_D1_14_BrandedVin - No Incident added!
2021-03-02 22:41:33,289 [pool-1-thread-1] INFO Apparent-V1_D1_14_BrandedVin - DriverList page: Success!
2021-03-02 22:42:39,539 [pool-1-thread-1] INFO Apparent-V1_D1_14_BrandedVin - Insurance History page: Success!
2021-03-02 22:43:19,558 [pool-1-thread-1] ERROR Apparent-V1_D1_14_BrandedVin - WebDriver Exception
2021-03-02 22:47:32,745 [pool-1-thread-1] INFO Test Suite - TEST CASE: TC014 | Priority: 5
2021-03-02 22:47:55,476 [pool-1-thread-1] INFO Test Suite - TEST CASE: TC015 | Priority: 5
2021-03-02 22:48:19,895 [pool-1-thread-1] INFO Apparent-V1_D1_15_SuspendedLicense - Beginning to Quote.
2021-03-02 22:48:28,384 [pool-1-thread-1] INFO Apparent-V1_D1_15_SuspendedLicense - Family page: Success!
2021-03-02 22:48:37,505 [pool-1-thread-1] INFO Apparent-V1_D1_15_SuspendedLicense - Policy Holder page: Success!
2021-03-02 22:48:38,204 [pool-1-thread-1] ERROR Apparent-V1_D1_15_SuspendedLicense - NoSuchElement Exception
2021-03-02 22:48:44,194 [pool-1-thread-1] ERROR Apparent-V1_D1_15_SuspendedLicense - WebDriver Exception
2021-03-02 22:49:07,940 [pool-1-thread-1] INFO Apparent-V1_D1_15_SuspendedLicense - Address page: Success!
2021-03-02 22:49:51,223 [pool-1-thread-1] INFO Apparent-V1_D1_15_SuspendedLicense - Vehicle Details 1of2 page: Success!
2021-03-02 22:50:16,919 [pool-1-thread-1] INFO Apparent-V1_D1_15_SuspendedLicense - Vehicle Details 2of2 page: Success!
2021-03-02 22:50:23,162 [pool-1-thread-1] INFO Apparent-V1_D1_15_SuspendedLicense - VehicleList page: Success!
2021-03-02 22:50:39,600 [pool-1-thread-1] ERROR Apparent-V1_D1_15_SuspendedLicense - NoSuchElement Exception
2021-03-02 22:50:43,079 [pool-1-thread-1] ERROR Apparent-V1_D1_15_SuspendedLicense - NoSuchElement Exception
2021-03-02 22:50:46,649 [pool-1-thread-1] ERROR Apparent-V1_D1_15_SuspendedLicense - NoSuchElement Exception
2021-03-02 22:50:53,350 [pool-1-thread-1] INFO Apparent-V1_D1_15_SuspendedLicense - Policy holder Details 1of2 page: Success!
2021-03-02 22:55:26,533 [pool-1-thread-1] INFO Test Suite - TEST CASE: TC015 | Priority: 5
2021-03-02 22:56:24,370 [pool-1-thread-1] INFO Apparent-V1_D1_15_SuspendedLicense - Beginning to Quote.
2021-03-02 22:56:32,809 [pool-1-thread-1] INFO Apparent-V1_D1_15_SuspendedLicense - Family page: Success!
2021-03-02 22:56:41,927 [pool-1-thread-1] INFO Apparent-V1_D1_15_SuspendedLicense - Policy Holder page: Success!
2021-03-02 22:56:42,657 [pool-1-thread-1] ERROR Apparent-V1_D1_15_SuspendedLicense - NoSuchElement Exception
2021-03-02 22:56:48,551 [pool-1-thread-1] ERROR Apparent-V1_D1_15_SuspendedLicense - WebDriver Exception
2021-03-02 22:57:12,004 [pool-1-thread-1] INFO Apparent-V1_D1_15_SuspendedLicense - Address page: Success!
2021-03-02 22:57:54,555 [pool-1-thread-1] INFO Apparent-V1_D1_15_SuspendedLicense - Vehicle Details 1of2 page: Success!
2021-03-02 22:58:22,696 [pool-1-thread-1] INFO Apparent-V1_D1_15_SuspendedLicense - Vehicle Details 2of2 page: Success!
2021-03-02 22:58:28,894 [pool-1-thread-1] INFO Apparent-V1_D1_15_SuspendedLicense - VehicleList page: Success!
2021-03-02 22:58:45,207 [pool-1-thread-1] ERROR Apparent-V1_D1_15_SuspendedLicense - NoSuchElement Exception
2021-03-02 22:58:48,724 [pool-1-thread-1] ERROR Apparent-V1_D1_15_SuspendedLicense - NoSuchElement Exception
2021-03-02 22:58:52,281 [pool-1-thread-1] ERROR Apparent-V1_D1_15_SuspendedLicense - NoSuchElement Exception
2021-03-02 22:58:58,979 [pool-1-thread-1] INFO Apparent-V1_D1_15_SuspendedLicense - Policy holder Details 1of2 page: Success!
2021-03-02 22:59:23,294 [pool-1-thread-1] INFO Apparent-V1_D1_15_SuspendedLicense - Policy Holder Details 2of2 page: Success!
2021-03-02 22:59:23,298 [pool-1-thread-1] INFO Apparent-V1_D1_15_SuspendedLicense - No Incident added!
2021-03-02 22:59:23,300 [pool-1-thread-1] INFO Apparent-V1_D1_15_SuspendedLicense - Test case is successful!
2021-03-02 22:59:28,456 [pool-1-thread-1] INFO Test Suite - TC015 is Passed !
2021-03-02 23:03:47,463 [pool-1-thread-1] INFO Test Suite - TEST CASE: TC015 | Priority: 5
2021-03-02 23:04:09,152 [pool-1-thread-1] INFO Apparent-V1_D1_15_SuspendedLicense - Beginning to Quote.
2021-03-02 23:04:17,591 [pool-1-thread-1] INFO Apparent-V1_D1_15_SuspendedLicense - Family page: Success!
2021-03-02 23:04:26,697 [pool-1-thread-1] INFO Apparent-V1_D1_15_SuspendedLicense - Policy Holder page: Success!
2021-03-02 23:04:27,359 [pool-1-thread-1] ERROR Apparent-V1_D1_15_SuspendedLicense - NoSuchElement Exception
2021-03-02 23:04:33,347 [pool-1-thread-1] ERROR Apparent-V1_D1_15_SuspendedLicense - WebDriver Exception
2021-03-02 23:04:57,022 [pool-1-thread-1] INFO Apparent-V1_D1_15_SuspendedLicense - Address page: Success!
2021-03-02 23:05:39,728 [pool-1-thread-1] INFO Apparent-V1_D1_15_SuspendedLicense - Vehicle Details 1of2 page: Success!
2021-03-02 23:06:05,479 [pool-1-thread-1] INFO Apparent-V1_D1_15_SuspendedLicense - Vehicle Details 2of2 page: Success!
2021-03-02 23:06:11,688 [pool-1-thread-1] INFO Apparent-V1_D1_15_SuspendedLicense - VehicleList page: Success!
2021-03-02 23:06:28,059 [pool-1-thread-1] ERROR Apparent-V1_D1_15_SuspendedLicense - NoSuchElement Exception
2021-03-02 23:06:31,539 [pool-1-thread-1] ERROR Apparent-V1_D1_15_SuspendedLicense - NoSuchElement Exception
2021-03-02 23:06:35,066 [pool-1-thread-1] ERROR Apparent-V1_D1_15_SuspendedLicense - NoSuchElement Exception
2021-03-02 23:06:41,791 [pool-1-thread-1] INFO Apparent-V1_D1_15_SuspendedLicense - Policy holder Details 1of2 page: Success!
2021-03-02 23:07:06,256 [pool-1-thread-1] INFO Apparent-V1_D1_15_SuspendedLicense - Policy Holder Details 2of2 page: Success!
2021-03-02 23:07:06,257 [pool-1-thread-1] INFO Apparent-V1_D1_15_SuspendedLicense - No Incident added!
2021-03-02 23:07:07,411 [pool-1-thread-1] INFO Apparent-V1_D1_15_SuspendedLicense - Test case is successful!
2021-03-02 23:07:12,702 [pool-1-thread-1] INFO Test Suite - TC015 is Passed !
2021-03-02 23:07:26,051 [pool-1-thread-1] INFO Test Suite - TEST CASE: TC014 | Priority: 5
2021-03-02 23:07:46,969 [pool-1-thread-1] INFO Apparent-V1_D1_14_BrandedVin - Beginning to Quote.
2021-03-02 23:07:55,405 [pool-1-thread-1] INFO Apparent-V1_D1_14_BrandedVin - Family page: Success!
2021-03-02 23:08:04,631 [pool-1-thread-1] INFO Apparent-V1_D1_14_BrandedVin - Policy Holder page: Success!
2021-03-02 23:08:05,301 [pool-1-thread-1] ERROR Apparent-V1_D1_14_BrandedVin - NoSuchElement Exception
2021-03-02 23:08:11,234 [pool-1-thread-1] ERROR Apparent-V1_D1_14_BrandedVin - WebDriver Exception
2021-03-02 23:08:34,785 [pool-1-thread-1] INFO Apparent-V1_D1_14_BrandedVin - Address page: Success!
2021-03-02 23:09:17,460 [pool-1-thread-1] INFO Apparent-V1_D1_14_BrandedVin - Vehicle Details 1of2 page: Success!
2021-03-02 23:09:43,158 [pool-1-thread-1] INFO Apparent-V1_D1_14_BrandedVin - Vehicle Details 2of2 page: Success!
2021-03-02 23:09:49,450 [pool-1-thread-1] INFO Apparent-V1_D1_14_BrandedVin - VehicleList page: Success!
2021-03-02 23:10:05,874 [pool-1-thread-1] ERROR Apparent-V1_D1_14_BrandedVin - NoSuchElement Exception
2021-03-02 23:10:09,434 [pool-1-thread-1] ERROR Apparent-V1_D1_14_BrandedVin - NoSuchElement Exception
2021-03-02 23:10:12,979 [pool-1-thread-1] ERROR Apparent-V1_D1_14_BrandedVin - NoSuchElement Exception
2021-03-02 23:10:19,716 [pool-1-thread-1] INFO Apparent-V1_D1_14_BrandedVin - Policy holder Details 1of2 page: Success!
2021-03-02 23:10:37,815 [pool-1-thread-1] INFO Apparent-V1_D1_14_BrandedVin - Policy Holder Details 2of2 page: Success!
2021-03-02 23:10:37,822 [pool-1-thread-1] INFO Apparent-V1_D1_14_BrandedVin - No Incident added!
2021-03-02 23:10:41,044 [pool-1-thread-1] INFO Apparent-V1_D1_14_BrandedVin - DriverList page: Success!
2021-03-02 23:11:18,181 [pool-1-thread-1] INFO Apparent-V1_D1_14_BrandedVin - Insurance History page: Success!
2021-03-02 23:11:58,452 [pool-1-thread-1] ERROR Apparent-V1_D1_14_BrandedVin - WebDriver Exception
2021-03-02 23:12:40,978 [pool-1-thread-1] ERROR Apparent-V1_D1_14_BrandedVin - WebDriver Exception
2021-03-02 23:13:23,087 [pool-1-thread-1] ERROR Apparent-V1_D1_14_BrandedVin - WebDriver Exception
2021-03-02 23:14:05,543 [pool-1-thread-1] INFO Apparent-V1_D1_14_BrandedVin - Test case has failed!
2021-03-02 23:14:05,544 [pool-1-thread-1] INFO Apparent-V1_D1_14_BrandedVin - Expected condition failed: waiting for element to be clickable: Proxy element for: DefaultElementLocator 'By.id: btnNext' (tried for 40 second(s) with 500 milliseconds interval)
2021-03-02 23:14:11,043 [pool-1-thread-1] ERROR Test Suite - TC014 is Failed ! 
 EXCEPTION:  --->  org.openqa.selenium.TimeoutException: Expected condition failed: waiting for element to be clickable: Proxy element for: DefaultElementLocator 'By.id: btnNext' (tried for 40 second(s) with 500 milliseconds interval)
	at org.openqa.selenium.support.ui.WebDriverWait.timeoutException(WebDriverWait.java:82)
	at org.openqa.selenium.support.ui.FluentWait.until(FluentWait.java:272)
	at resources.WebFunctions.click(WebFunctions.java:118)
	at SharedTC.STC_Assignment.driverVehicleAssignmentPage(STC_Assignment.java:21)
	at testApparent.TC_Regression.TC014(TC_Regression.java:265)
	at sun.reflect.NativeMethodAccessorImpl.invoke0(Native Method)
	at sun.reflect.NativeMethodAccessorImpl.invoke(NativeMethodAccessorImpl.java:62)
	at sun.reflect.DelegatingMethodAccessorImpl.invoke(DelegatingMethodAccessorImpl.java:43)
	at java.lang.reflect.Method.invoke(Method.java:498)
	at org.testng.internal.MethodInvocationHelper.invokeMethod(MethodInvocationHelper.java:85)
	at org.testng.internal.Invoker.invokeMethod(Invoker.java:639)
	at org.testng.internal.Invoker.invokeTestMethod(Invoker.java:816)
	at org.testng.internal.Invoker.invokeTestMethods(Invoker.java:1124)
	at org.testng.internal.TestMethodWorker.invokeTestMethods(TestMethodWorker.java:125)
	at org.testng.internal.TestMethodWorker.run(TestMethodWorker.java:108)
	at java.util.concurrent.ThreadPoolExecutor.runWorker(ThreadPoolExecutor.java:1149)
	at java.util.concurrent.ThreadPoolExecutor$Worker.run(ThreadPoolExecutor.java:624)
	at java.lang.Thread.run(Thread.java:748)
Caused by: org.openqa.selenium.NoSuchElementException: no such element: Unable to locate element: {"method":"id","selector":"btnNext"}
  (Session info: chrome=88.0.4324.190)
  (Driver info: chromedriver=2.41.578737 (49da6702b16031c40d63e5618de03a32ff6c197e),platform=Windows NT 10.0.19041 x86_64) (WARNING: The server did not provide any stacktrace information)
Command duration or timeout: 0 milliseconds
For documentation on this error, please visit: http://seleniumhq.org/exceptions/no_such_element.html
Build info: version: '3.10.0', revision: '176b4a9', time: '2018-03-02T19:03:16.397Z'
System info: host: 'DESKTOP-RL948I0', ip: '192.168.43.163', os.name: 'Windows 10', os.arch: 'amd64', os.version: '10.0', java.version: '1.8.0_181'
Driver info: org.openqa.selenium.chrome.ChromeDriver
Capabilities {acceptInsecureCerts: false, acceptSslCerts: false, applicationCacheEnabled: false, browserConnectionEnabled: false, browserName: chrome, chrome: {chromedriverVersion: 2.41.578737 (49da6702b16031..., userDataDir: C:\Users\Admin\AppData\Loca...}, cssSelectorsEnabled: true, databaseEnabled: false, goog:chromeOptions: {debuggerAddress: localhost:53922}, handlesAlerts: true, hasTouchScreen: false, javascriptEnabled: true, locationContextEnabled: true, mobileEmulationEnabled: false, nativeEvents: true, networkConnectionEnabled: false, pageLoadStrategy: normal, platform: XP, platformName: XP, rotatable: false, setWindowRect: true, takesHeapSnapshot: true, takesScreenshot: true, unexpectedAlertBehaviour: , unhandledPromptBehavior: , version: 88.0.4324.190, webStorageEnabled: true}
Session ID: 8642494558db535929dc1a8c09975063
*** Element info: {Using=id, value=btnNext}
	at sun.reflect.GeneratedConstructorAccessor18.newInstance(Unknown Source)
	at sun.reflect.DelegatingConstructorAccessorImpl.newInstance(DelegatingConstructorAccessorImpl.java:45)
	at java.lang.reflect.Constructor.newInstance(Constructor.java:423)
	at org.openqa.selenium.remote.ErrorHandler.createThrowable(ErrorHandler.java:214)
	at org.openqa.selenium.remote.ErrorHandler.throwIfResponseFailed(ErrorHandler.java:166)
	at org.openqa.selenium.remote.http.JsonHttpResponseCodec.reconstructValue(JsonHttpResponseCodec.java:40)
	at org.openqa.selenium.remote.http.AbstractHttpResponseCodec.decode(AbstractHttpResponseCodec.java:80)
	at org.openqa.selenium.remote.http.AbstractHttpResponseCodec.decode(AbstractHttpResponseCodec.java:44)
	at org.openqa.selenium.remote.HttpCommandExecutor.execute(HttpCommandExecutor.java:160)
	at org.openqa.selenium.remote.service.DriverCommandExecutor.execute(DriverCommandExecutor.java:83)
	at org.openqa.selenium.remote.RemoteWebDriver.execute(RemoteWebDriver.java:601)
	at org.openqa.selenium.remote.RemoteWebDriver.findElement(RemoteWebDriver.java:371)
	at org.openqa.selenium.remote.RemoteWebDriver.findElementById(RemoteWebDriver.java:417)
	at org.openqa.selenium.By$ById.findElement(By.java:218)
	at org.openqa.selenium.remote.RemoteWebDriver.findElement(RemoteWebDriver.java:363)
	at org.openqa.selenium.support.pagefactory.DefaultElementLocator.findElement(DefaultElementLocator.java:69)
	at org.openqa.selenium.support.pagefactory.internal.LocatingElementHandler.invoke(LocatingElementHandler.java:38)
	at com.sun.proxy.$Proxy9.isDisplayed(Unknown Source)
	at org.openqa.selenium.support.ui.ExpectedConditions.elementIfVisible(ExpectedConditions.java:315)
	at org.openqa.selenium.support.ui.ExpectedConditions.access$100(ExpectedConditions.java:44)
	at org.openqa.selenium.support.ui.ExpectedConditions$10.apply(ExpectedConditions.java:301)
	at org.openqa.selenium.support.ui.ExpectedConditions$10.apply(ExpectedConditions.java:298)
	at org.openqa.selenium.support.ui.ExpectedConditions$23.apply(ExpectedConditions.java:686)
	at org.openqa.selenium.support.ui.ExpectedConditions$23.apply(ExpectedConditions.java:682)
	at org.openqa.selenium.support.ui.FluentWait.until(FluentWait.java:249)
	... 16 more

2021-03-02 23:39:56,311 [pool-1-thread-1] INFO Test Suite - TEST CASE: TC014 | Priority: 5
2021-03-02 23:40:57,167 [pool-1-thread-1] ERROR Apparent-V1_D1_14_BrandedVin - WebDriver Exception
2021-03-02 23:41:39,506 [pool-1-thread-1] ERROR Apparent-V1_D1_14_BrandedVin - WebDriver Exception
2021-03-02 23:42:21,871 [pool-1-thread-1] ERROR Apparent-V1_D1_14_BrandedVin - WebDriver Exception
2021-03-02 23:42:27,217 [pool-1-thread-1] INFO Apparent-V1_D1_14_BrandedVin - Beginning to Quote.
2021-03-02 23:42:45,704 [pool-1-thread-1] INFO Apparent-V1_D1_14_BrandedVin - Family page: Success!
2021-03-02 23:42:54,764 [pool-1-thread-1] INFO Apparent-V1_D1_14_BrandedVin - Policy Holder page: Success!
2021-03-02 23:43:05,557 [pool-1-thread-1] ERROR Apparent-V1_D1_14_BrandedVin - NoSuchElement Exception
2021-03-02 23:44:08,027 [pool-1-thread-1] INFO Apparent-V1_D1_14_BrandedVin - Address page: Success!
2021-03-02 23:45:27,319 [pool-1-thread-1] INFO Apparent-V1_D1_14_BrandedVin - Vehicle Details 1of2 page: Success!
2021-03-02 23:46:21,481 [pool-1-thread-1] INFO Apparent-V1_D1_14_BrandedVin - Vehicle Details 2of2 page: Success!
2021-03-02 23:46:32,697 [pool-1-thread-1] INFO Apparent-V1_D1_14_BrandedVin - VehicleList page: Success!
2021-03-02 23:47:18,524 [pool-1-thread-1] ERROR Apparent-V1_D1_14_BrandedVin - NoSuchElement Exception
2021-03-02 23:47:31,978 [pool-1-thread-1] ERROR Apparent-V1_D1_14_BrandedVin - NoSuchElement Exception
2021-03-02 23:47:45,412 [pool-1-thread-1] ERROR Apparent-V1_D1_14_BrandedVin - NoSuchElement Exception
2021-03-02 23:48:07,318 [pool-1-thread-1] INFO Apparent-V1_D1_14_BrandedVin - Policy holder Details 1of2 page: Success!
2021-03-02 23:48:25,392 [pool-1-thread-1] INFO Apparent-V1_D1_14_BrandedVin - Policy Holder Details 2of2 page: Success!
2021-03-02 23:48:25,403 [pool-1-thread-1] INFO Apparent-V1_D1_14_BrandedVin - No Incident added!
2021-03-02 23:48:28,625 [pool-1-thread-1] INFO Apparent-V1_D1_14_BrandedVin - DriverList page: Success!
2021-03-02 23:49:05,852 [pool-1-thread-1] INFO Apparent-V1_D1_14_BrandedVin - Insurance History page: Success!
2021-03-02 23:49:46,388 [pool-1-thread-1] ERROR Apparent-V1_D1_14_BrandedVin - WebDriver Exception
2021-03-02 23:50:28,513 [pool-1-thread-1] ERROR Apparent-V1_D1_14_BrandedVin - WebDriver Exception
2021-03-02 23:51:10,643 [pool-1-thread-1] ERROR Apparent-V1_D1_14_BrandedVin - WebDriver Exception
2021-03-02 23:51:52,825 [pool-1-thread-1] INFO Apparent-V1_D1_14_BrandedVin - Test case has failed!
2021-03-02 23:51:52,836 [pool-1-thread-1] INFO Apparent-V1_D1_14_BrandedVin - Expected condition failed: waiting for element to be clickable: Proxy element for: DefaultElementLocator 'By.id: btnNext' (tried for 40 second(s) with 500 milliseconds interval)
2021-03-02 23:51:58,188 [pool-1-thread-1] ERROR Test Suite - TC014 is Failed ! 
 EXCEPTION:  --->  org.openqa.selenium.TimeoutException: Expected condition failed: waiting for element to be clickable: Proxy element for: DefaultElementLocator 'By.id: btnNext' (tried for 40 second(s) with 500 milliseconds interval)
	at org.openqa.selenium.support.ui.WebDriverWait.timeoutException(WebDriverWait.java:82)
	at org.openqa.selenium.support.ui.FluentWait.until(FluentWait.java:272)
	at resources.WebFunctions.click(WebFunctions.java:118)
	at SharedTC.STC_Assignment.driverVehicleAssignmentPage(STC_Assignment.java:21)
	at testApparent.TC_Regression.TC014(TC_Regression.java:265)
	at sun.reflect.NativeMethodAccessorImpl.invoke0(Native Method)
	at sun.reflect.NativeMethodAccessorImpl.invoke(NativeMethodAccessorImpl.java:62)
	at sun.reflect.DelegatingMethodAccessorImpl.invoke(DelegatingMethodAccessorImpl.java:43)
	at java.lang.reflect.Method.invoke(Method.java:498)
	at org.testng.internal.MethodInvocationHelper.invokeMethod(MethodInvocationHelper.java:85)
	at org.testng.internal.Invoker.invokeMethod(Invoker.java:639)
	at org.testng.internal.Invoker.invokeTestMethod(Invoker.java:816)
	at org.testng.internal.Invoker.invokeTestMethods(Invoker.java:1124)
	at org.testng.internal.TestMethodWorker.invokeTestMethods(TestMethodWorker.java:125)
	at org.testng.internal.TestMethodWorker.run(TestMethodWorker.java:108)
	at java.util.concurrent.ThreadPoolExecutor.runWorker(ThreadPoolExecutor.java:1149)
	at java.util.concurrent.ThreadPoolExecutor$Worker.run(ThreadPoolExecutor.java:624)
	at java.lang.Thread.run(Thread.java:748)
Caused by: org.openqa.selenium.NoSuchElementException: no such element: Unable to locate element: {"method":"id","selector":"btnNext"}
  (Session info: chrome=88.0.4324.190)
  (Driver info: chromedriver=2.41.578737 (49da6702b16031c40d63e5618de03a32ff6c197e),platform=Windows NT 10.0.19041 x86_64) (WARNING: The server did not provide any stacktrace information)
Command duration or timeout: 0 milliseconds
For documentation on this error, please visit: http://seleniumhq.org/exceptions/no_such_element.html
Build info: version: '3.10.0', revision: '176b4a9', time: '2018-03-02T19:03:16.397Z'
System info: host: 'DESKTOP-RL948I0', ip: '192.168.43.163', os.name: 'Windows 10', os.arch: 'amd64', os.version: '10.0', java.version: '1.8.0_181'
Driver info: org.openqa.selenium.chrome.ChromeDriver
Capabilities {acceptInsecureCerts: false, acceptSslCerts: false, applicationCacheEnabled: false, browserConnectionEnabled: false, browserName: chrome, chrome: {chromedriverVersion: 2.41.578737 (49da6702b16031..., userDataDir: C:\Users\Admin\AppData\Loca...}, cssSelectorsEnabled: true, databaseEnabled: false, goog:chromeOptions: {debuggerAddress: localhost:55049}, handlesAlerts: true, hasTouchScreen: false, javascriptEnabled: true, locationContextEnabled: true, mobileEmulationEnabled: false, nativeEvents: true, networkConnectionEnabled: false, pageLoadStrategy: normal, platform: XP, platformName: XP, rotatable: false, setWindowRect: true, takesHeapSnapshot: true, takesScreenshot: true, unexpectedAlertBehaviour: , unhandledPromptBehavior: , version: 88.0.4324.190, webStorageEnabled: true}
Session ID: a8bc2d42033dad6ed10750fcf5f0d53c
*** Element info: {Using=id, value=btnNext}
	at sun.reflect.GeneratedConstructorAccessor18.newInstance(Unknown Source)
	at sun.reflect.DelegatingConstructorAccessorImpl.newInstance(DelegatingConstructorAccessorImpl.java:45)
	at java.lang.reflect.Constructor.newInstance(Constructor.java:423)
	at org.openqa.selenium.remote.ErrorHandler.createThrowable(ErrorHandler.java:214)
	at org.openqa.selenium.remote.ErrorHandler.throwIfResponseFailed(ErrorHandler.java:166)
	at org.openqa.selenium.remote.http.JsonHttpResponseCodec.reconstructValue(JsonHttpResponseCodec.java:40)
	at org.openqa.selenium.remote.http.AbstractHttpResponseCodec.decode(AbstractHttpResponseCodec.java:80)
	at org.openqa.selenium.remote.http.AbstractHttpResponseCodec.decode(AbstractHttpResponseCodec.java:44)
	at org.openqa.selenium.remote.HttpCommandExecutor.execute(HttpCommandExecutor.java:160)
	at org.openqa.selenium.remote.service.DriverCommandExecutor.execute(DriverCommandExecutor.java:83)
	at org.openqa.selenium.remote.RemoteWebDriver.execute(RemoteWebDriver.java:601)
	at org.openqa.selenium.remote.RemoteWebDriver.findElement(RemoteWebDriver.java:371)
	at org.openqa.selenium.remote.RemoteWebDriver.findElementById(RemoteWebDriver.java:417)
	at org.openqa.selenium.By$ById.findElement(By.java:218)
	at org.openqa.selenium.remote.RemoteWebDriver.findElement(RemoteWebDriver.java:363)
	at org.openqa.selenium.support.pagefactory.DefaultElementLocator.findElement(DefaultElementLocator.java:69)
	at org.openqa.selenium.support.pagefactory.internal.LocatingElementHandler.invoke(LocatingElementHandler.java:38)
	at com.sun.proxy.$Proxy9.isDisplayed(Unknown Source)
	at org.openqa.selenium.support.ui.ExpectedConditions.elementIfVisible(ExpectedConditions.java:315)
	at org.openqa.selenium.support.ui.ExpectedConditions.access$100(ExpectedConditions.java:44)
	at org.openqa.selenium.support.ui.ExpectedConditions$10.apply(ExpectedConditions.java:301)
	at org.openqa.selenium.support.ui.ExpectedConditions$10.apply(ExpectedConditions.java:298)
	at org.openqa.selenium.support.ui.ExpectedConditions$23.apply(ExpectedConditions.java:686)
	at org.openqa.selenium.support.ui.ExpectedConditions$23.apply(ExpectedConditions.java:682)
	at org.openqa.selenium.support.ui.FluentWait.until(FluentWait.java:249)
	... 16 more

2021-03-03 13:01:47,414 [pool-1-thread-1] INFO Test Suite - TEST CASE: TC014 | Priority: 5
2021-03-03 13:02:46,039 [pool-1-thread-1] ERROR Apparent-V1_D1_14_BrandedVin - WebDriver Exception
2021-03-03 13:03:30,068 [pool-1-thread-1] INFO Apparent-V1_D1_14_BrandedVin - Beginning to Quote.
2021-03-03 13:03:48,751 [pool-1-thread-1] INFO Apparent-V1_D1_14_BrandedVin - Family page: Success!
2021-03-03 13:04:03,105 [pool-1-thread-1] INFO Apparent-V1_D1_14_BrandedVin - Policy Holder page: Success!
2021-03-03 13:04:13,737 [pool-1-thread-1] ERROR Apparent-V1_D1_14_BrandedVin - NoSuchElement Exception
2021-03-03 13:05:11,238 [pool-1-thread-1] INFO Apparent-V1_D1_14_BrandedVin - Address page: Success!
2021-03-03 13:06:33,381 [pool-1-thread-1] INFO Apparent-V1_D1_14_BrandedVin - Vehicle Details 1of2 page: Success!
2021-03-03 13:06:54,072 [pool-1-thread-1] INFO Apparent-V1_D1_14_BrandedVin - Test case has failed!
2021-03-03 13:06:54,073 [pool-1-thread-1] INFO Apparent-V1_D1_14_BrandedVin - unexpected alert open
  (Session info: chrome=88.0.4324.190)
  (Driver info: chromedriver=2.41.578737 (49da6702b16031c40d63e5618de03a32ff6c197e),platform=Windows NT 10.0.19041 x86_64) (WARNING: The server did not provide any stacktrace information)
Command duration or timeout: 0 milliseconds: null
Build info: version: '3.10.0', revision: '176b4a9', time: '2018-03-02T19:03:16.397Z'
System info: host: 'DESKTOP-RL948I0', ip: '192.168.43.163', os.name: 'Windows 10', os.arch: 'amd64', os.version: '10.0', java.version: '1.8.0_181'
Driver info: org.openqa.selenium.chrome.ChromeDriver
Capabilities {acceptInsecureCerts: false, acceptSslCerts: false, applicationCacheEnabled: false, browserConnectionEnabled: false, browserName: chrome, chrome: {chromedriverVersion: 2.41.578737 (49da6702b16031..., userDataDir: C:\Users\Admin\AppData\Loca...}, cssSelectorsEnabled: true, databaseEnabled: false, goog:chromeOptions: {debuggerAddress: localhost:60818}, handlesAlerts: true, hasTouchScreen: false, javascriptEnabled: true, locationContextEnabled: true, mobileEmulationEnabled: false, nativeEvents: true, networkConnectionEnabled: false, pageLoadStrategy: normal, platform: XP, platformName: XP, rotatable: false, setWindowRect: true, takesHeapSnapshot: true, takesScreenshot: true, unexpectedAlertBehaviour: , unhandledPromptBehavior: , version: 88.0.4324.190, webStorageEnabled: true}
Session ID: 8a85ac8c861a7fee973864c36e1e7b9b
*** Element info: {Using=xpath, value=//*[@identity='originalOwner']/div/div/label[contains(text(),'Yes')]}
2021-03-03 13:09:31,926 [pool-1-thread-1] INFO Test Suite - TEST CASE: TC014 | Priority: 5
2021-03-03 13:09:50,566 [pool-1-thread-1] INFO Apparent-V1_D1_14_BrandedVin - Beginning to Quote.
2021-03-03 13:09:59,055 [pool-1-thread-1] INFO Apparent-V1_D1_14_BrandedVin - Family page: Success!
2021-03-03 13:10:08,227 [pool-1-thread-1] INFO Apparent-V1_D1_14_BrandedVin - Policy Holder page: Success!
2021-03-03 13:10:09,042 [pool-1-thread-1] ERROR Apparent-V1_D1_14_BrandedVin - NoSuchElement Exception
2021-03-03 13:10:15,038 [pool-1-thread-1] ERROR Apparent-V1_D1_14_BrandedVin - WebDriver Exception
2021-03-03 13:10:38,675 [pool-1-thread-1] INFO Apparent-V1_D1_14_BrandedVin - Address page: Success!
2021-03-03 13:11:20,748 [pool-1-thread-1] INFO Apparent-V1_D1_14_BrandedVin - Vehicle Details 1of2 page: Success!
2021-03-03 13:11:46,497 [pool-1-thread-1] INFO Apparent-V1_D1_14_BrandedVin - Vehicle Details 2of2 page: Success!
2021-03-03 13:11:52,776 [pool-1-thread-1] INFO Apparent-V1_D1_14_BrandedVin - VehicleList page: Success!
2021-03-03 13:12:09,090 [pool-1-thread-1] ERROR Apparent-V1_D1_14_BrandedVin - NoSuchElement Exception
2021-03-03 13:12:12,600 [pool-1-thread-1] ERROR Apparent-V1_D1_14_BrandedVin - NoSuchElement Exception
2021-03-03 13:12:16,114 [pool-1-thread-1] ERROR Apparent-V1_D1_14_BrandedVin - NoSuchElement Exception
2021-03-03 13:12:22,844 [pool-1-thread-1] INFO Apparent-V1_D1_14_BrandedVin - Policy holder Details 1of2 page: Success!
2021-03-03 13:12:40,794 [pool-1-thread-1] INFO Apparent-V1_D1_14_BrandedVin - Policy Holder Details 2of2 page: Success!
2021-03-03 13:12:40,805 [pool-1-thread-1] INFO Apparent-V1_D1_14_BrandedVin - No Incident added!
2021-03-03 13:12:44,003 [pool-1-thread-1] INFO Apparent-V1_D1_14_BrandedVin - DriverList page: Success!
2021-03-03 13:13:21,301 [pool-1-thread-1] INFO Apparent-V1_D1_14_BrandedVin - Insurance History page: Success!
2021-03-03 13:14:01,340 [pool-1-thread-1] ERROR Apparent-V1_D1_14_BrandedVin - WebDriver Exception
2021-03-03 13:14:43,627 [pool-1-thread-1] ERROR Apparent-V1_D1_14_BrandedVin - WebDriver Exception
2021-03-03 13:15:26,122 [pool-1-thread-1] ERROR Apparent-V1_D1_14_BrandedVin - WebDriver Exception
2021-03-03 13:16:08,324 [pool-1-thread-1] INFO Apparent-V1_D1_14_BrandedVin - Test case has failed!
2021-03-03 13:16:08,336 [pool-1-thread-1] INFO Apparent-V1_D1_14_BrandedVin - Expected condition failed: waiting for element to be clickable: Proxy element for: DefaultElementLocator 'By.id: btnNext' (tried for 40 second(s) with 500 milliseconds interval)
2021-03-03 13:16:13,795 [pool-1-thread-1] ERROR Test Suite - TC014 is Failed ! 
 EXCEPTION:  --->  org.openqa.selenium.TimeoutException: Expected condition failed: waiting for element to be clickable: Proxy element for: DefaultElementLocator 'By.id: btnNext' (tried for 40 second(s) with 500 milliseconds interval)
	at org.openqa.selenium.support.ui.WebDriverWait.timeoutException(WebDriverWait.java:82)
	at org.openqa.selenium.support.ui.FluentWait.until(FluentWait.java:272)
	at resources.WebFunctions.click(WebFunctions.java:118)
	at SharedTC.STC_Assignment.driverVehicleAssignmentPage(STC_Assignment.java:21)
	at testApparent.TC_Regression.TC014(TC_Regression.java:265)
	at sun.reflect.NativeMethodAccessorImpl.invoke0(Native Method)
	at sun.reflect.NativeMethodAccessorImpl.invoke(NativeMethodAccessorImpl.java:62)
	at sun.reflect.DelegatingMethodAccessorImpl.invoke(DelegatingMethodAccessorImpl.java:43)
	at java.lang.reflect.Method.invoke(Method.java:498)
	at org.testng.internal.MethodInvocationHelper.invokeMethod(MethodInvocationHelper.java:85)
	at org.testng.internal.Invoker.invokeMethod(Invoker.java:639)
	at org.testng.internal.Invoker.invokeTestMethod(Invoker.java:816)
	at org.testng.internal.Invoker.invokeTestMethods(Invoker.java:1124)
	at org.testng.internal.TestMethodWorker.invokeTestMethods(TestMethodWorker.java:125)
	at org.testng.internal.TestMethodWorker.run(TestMethodWorker.java:108)
	at java.util.concurrent.ThreadPoolExecutor.runWorker(ThreadPoolExecutor.java:1149)
	at java.util.concurrent.ThreadPoolExecutor$Worker.run(ThreadPoolExecutor.java:624)
	at java.lang.Thread.run(Thread.java:748)
Caused by: org.openqa.selenium.NoSuchElementException: no such element: Unable to locate element: {"method":"id","selector":"btnNext"}
  (Session info: chrome=88.0.4324.190)
  (Driver info: chromedriver=2.41.578737 (49da6702b16031c40d63e5618de03a32ff6c197e),platform=Windows NT 10.0.19041 x86_64) (WARNING: The server did not provide any stacktrace information)
Command duration or timeout: 0 milliseconds
For documentation on this error, please visit: http://seleniumhq.org/exceptions/no_such_element.html
Build info: version: '3.10.0', revision: '176b4a9', time: '2018-03-02T19:03:16.397Z'
System info: host: 'DESKTOP-RL948I0', ip: '192.168.43.163', os.name: 'Windows 10', os.arch: 'amd64', os.version: '10.0', java.version: '1.8.0_181'
Driver info: org.openqa.selenium.chrome.ChromeDriver
Capabilities {acceptInsecureCerts: false, acceptSslCerts: false, applicationCacheEnabled: false, browserConnectionEnabled: false, browserName: chrome, chrome: {chromedriverVersion: 2.41.578737 (49da6702b16031..., userDataDir: C:\Users\Admin\AppData\Loca...}, cssSelectorsEnabled: true, databaseEnabled: false, goog:chromeOptions: {debuggerAddress: localhost:61111}, handlesAlerts: true, hasTouchScreen: false, javascriptEnabled: true, locationContextEnabled: true, mobileEmulationEnabled: false, nativeEvents: true, networkConnectionEnabled: false, pageLoadStrategy: normal, platform: XP, platformName: XP, rotatable: false, setWindowRect: true, takesHeapSnapshot: true, takesScreenshot: true, unexpectedAlertBehaviour: , unhandledPromptBehavior: , version: 88.0.4324.190, webStorageEnabled: true}
Session ID: e7152ebf2da76fc73e127f8724f7b7e9
*** Element info: {Using=id, value=btnNext}
	at sun.reflect.GeneratedConstructorAccessor18.newInstance(Unknown Source)
	at sun.reflect.DelegatingConstructorAccessorImpl.newInstance(DelegatingConstructorAccessorImpl.java:45)
	at java.lang.reflect.Constructor.newInstance(Constructor.java:423)
	at org.openqa.selenium.remote.ErrorHandler.createThrowable(ErrorHandler.java:214)
	at org.openqa.selenium.remote.ErrorHandler.throwIfResponseFailed(ErrorHandler.java:166)
	at org.openqa.selenium.remote.http.JsonHttpResponseCodec.reconstructValue(JsonHttpResponseCodec.java:40)
	at org.openqa.selenium.remote.http.AbstractHttpResponseCodec.decode(AbstractHttpResponseCodec.java:80)
	at org.openqa.selenium.remote.http.AbstractHttpResponseCodec.decode(AbstractHttpResponseCodec.java:44)
	at org.openqa.selenium.remote.HttpCommandExecutor.execute(HttpCommandExecutor.java:160)
	at org.openqa.selenium.remote.service.DriverCommandExecutor.execute(DriverCommandExecutor.java:83)
	at org.openqa.selenium.remote.RemoteWebDriver.execute(RemoteWebDriver.java:601)
	at org.openqa.selenium.remote.RemoteWebDriver.findElement(RemoteWebDriver.java:371)
	at org.openqa.selenium.remote.RemoteWebDriver.findElementById(RemoteWebDriver.java:417)
	at org.openqa.selenium.By$ById.findElement(By.java:218)
	at org.openqa.selenium.remote.RemoteWebDriver.findElement(RemoteWebDriver.java:363)
	at org.openqa.selenium.support.pagefactory.DefaultElementLocator.findElement(DefaultElementLocator.java:69)
	at org.openqa.selenium.support.pagefactory.internal.LocatingElementHandler.invoke(LocatingElementHandler.java:38)
	at com.sun.proxy.$Proxy9.isDisplayed(Unknown Source)
	at org.openqa.selenium.support.ui.ExpectedConditions.elementIfVisible(ExpectedConditions.java:315)
	at org.openqa.selenium.support.ui.ExpectedConditions.access$100(ExpectedConditions.java:44)
	at org.openqa.selenium.support.ui.ExpectedConditions$10.apply(ExpectedConditions.java:301)
	at org.openqa.selenium.support.ui.ExpectedConditions$10.apply(ExpectedConditions.java:298)
	at org.openqa.selenium.support.ui.ExpectedConditions$23.apply(ExpectedConditions.java:686)
	at org.openqa.selenium.support.ui.ExpectedConditions$23.apply(ExpectedConditions.java:682)
	at org.openqa.selenium.support.ui.FluentWait.until(FluentWait.java:249)
	... 16 more

2021-03-03 13:17:17,768 [pool-1-thread-1] INFO Test Suite - TEST CASE: TC014 | Priority: 5
2021-03-03 13:17:38,080 [pool-1-thread-1] INFO Apparent-V1_D1_14_BrandedVin - Beginning to Quote.
2021-03-03 13:17:46,552 [pool-1-thread-1] INFO Apparent-V1_D1_14_BrandedVin - Family page: Success!
2021-03-03 13:17:55,750 [pool-1-thread-1] INFO Apparent-V1_D1_14_BrandedVin - Policy Holder page: Success!
2021-03-03 13:17:56,489 [pool-1-thread-1] ERROR Apparent-V1_D1_14_BrandedVin - NoSuchElement Exception
2021-03-03 13:18:02,550 [pool-1-thread-1] ERROR Apparent-V1_D1_14_BrandedVin - WebDriver Exception
2021-03-03 13:18:26,228 [pool-1-thread-1] INFO Apparent-V1_D1_14_BrandedVin - Address page: Success!
2021-03-03 13:19:14,086 [pool-1-thread-1] INFO Apparent-V1_D1_14_BrandedVin - Vehicle Details 1of2 page: Success!
2021-03-03 13:20:09,835 [pool-1-thread-1] INFO Apparent-V1_D1_14_BrandedVin - Vehicle Details 2of2 page: Success!
2021-03-03 13:20:21,090 [pool-1-thread-1] INFO Apparent-V1_D1_14_BrandedVin - VehicleList page: Success!
2021-03-03 13:21:06,035 [pool-1-thread-1] ERROR Apparent-V1_D1_14_BrandedVin - NoSuchElement Exception
2021-03-03 13:21:09,695 [pool-1-thread-1] ERROR Apparent-V1_D1_14_BrandedVin - NoSuchElement Exception
2021-03-03 13:21:23,305 [pool-1-thread-1] ERROR Apparent-V1_D1_14_BrandedVin - NoSuchElement Exception
2021-03-03 13:21:41,670 [pool-1-thread-1] INFO Apparent-V1_D1_14_BrandedVin - Policy holder Details 1of2 page: Success!
2021-03-03 13:22:19,865 [pool-1-thread-1] INFO Apparent-V1_D1_14_BrandedVin - Policy Holder Details 2of2 page: Success!
2021-03-03 13:22:19,869 [pool-1-thread-1] INFO Apparent-V1_D1_14_BrandedVin - No Incident added!
2021-03-03 13:22:28,081 [pool-1-thread-1] INFO Apparent-V1_D1_14_BrandedVin - DriverList page: Success!
2021-03-03 13:23:21,340 [pool-1-thread-1] ERROR Apparent-V1_D1_14_BrandedVin - WebDriver Exception
2021-03-03 13:24:14,413 [pool-1-thread-1] INFO Apparent-V1_D1_14_BrandedVin - Insurance History page: Success!
2021-03-03 13:24:42,978 [pool-1-thread-1] INFO Apparent-V1_D1_14_BrandedVin - Policy Start page: Success!
2021-03-03 13:25:08,308 [pool-1-thread-1] INFO Apparent-V1_D1_14_BrandedVin - Quote Page: Success!
2021-03-03 13:25:20,553 [pool-1-thread-1] INFO Apparent-V1_D1_14_BrandedVin - Confirm Driver page: Success!
2021-03-03 13:25:44,086 [pool-1-thread-1] ERROR Apparent-V1_D1_14_BrandedVin - NoSuchElement Exception
2021-03-03 13:25:49,454 [pool-1-thread-1] ERROR Apparent-V1_D1_14_BrandedVin - NoSuchElement Exception
2021-03-03 13:25:52,758 [pool-1-thread-1] ERROR Apparent-V1_D1_14_BrandedVin - NoSuchElement Exception
2021-03-03 13:25:56,207 [pool-1-thread-1] INFO Apparent-V1_D1_14_BrandedVin - Test case has failed!
2021-03-03 13:25:56,207 [pool-1-thread-1] INFO Apparent-V1_D1_14_BrandedVin - no such element: Unable to locate element: {"method":"xpath","selector":"(//*[@id='customerAddress']/ancestor::div[@class='dropdown']//a)[1]"}
  (Session info: chrome=88.0.4324.190)
  (Driver info: chromedriver=2.41.578737 (49da6702b16031c40d63e5618de03a32ff6c197e),platform=Windows NT 10.0.19041 x86_64) (WARNING: The server did not provide any stacktrace information)
Command duration or timeout: 0 milliseconds
For documentation on this error, please visit: http://seleniumhq.org/exceptions/no_such_element.html
Build info: version: '3.10.0', revision: '176b4a9', time: '2018-03-02T19:03:16.397Z'
System info: host: 'DESKTOP-RL948I0', ip: '192.168.43.163', os.name: 'Windows 10', os.arch: 'amd64', os.version: '10.0', java.version: '1.8.0_181'
Driver info: org.openqa.selenium.chrome.ChromeDriver
Capabilities {acceptInsecureCerts: false, acceptSslCerts: false, applicationCacheEnabled: false, browserConnectionEnabled: false, browserName: chrome, chrome: {chromedriverVersion: 2.41.578737 (49da6702b16031..., userDataDir: C:\Users\Admin\AppData\Loca...}, cssSelectorsEnabled: true, databaseEnabled: false, goog:chromeOptions: {debuggerAddress: localhost:61557}, handlesAlerts: true, hasTouchScreen: false, javascriptEnabled: true, locationContextEnabled: true, mobileEmulationEnabled: false, nativeEvents: true, networkConnectionEnabled: false, pageLoadStrategy: normal, platform: XP, platformName: XP, rotatable: false, setWindowRect: true, takesHeapSnapshot: true, takesScreenshot: true, unexpectedAlertBehaviour: , unhandledPromptBehavior: , version: 88.0.4324.190, webStorageEnabled: true}
Session ID: 1bdbab511ddd6443ce72e1edaae195c7
*** Element info: {Using=xpath, value=(//*[@id='customerAddress']/ancestor::div[@class='dropdown']//a)[1]}
2021-03-03 13:25:57,697 [pool-1-thread-1] ERROR Test Suite - TC014 is Failed ! 
 EXCEPTION:  --->  org.openqa.selenium.NoSuchElementException: no such element: Unable to locate element: {"method":"xpath","selector":"(//*[@id='customerAddress']/ancestor::div[@class='dropdown']//a)[1]"}
  (Session info: chrome=88.0.4324.190)
  (Driver info: chromedriver=2.41.578737 (49da6702b16031c40d63e5618de03a32ff6c197e),platform=Windows NT 10.0.19041 x86_64) (WARNING: The server did not provide any stacktrace information)
Command duration or timeout: 0 milliseconds
For documentation on this error, please visit: http://seleniumhq.org/exceptions/no_such_element.html
Build info: version: '3.10.0', revision: '176b4a9', time: '2018-03-02T19:03:16.397Z'
System info: host: 'DESKTOP-RL948I0', ip: '192.168.43.163', os.name: 'Windows 10', os.arch: 'amd64', os.version: '10.0', java.version: '1.8.0_181'
Driver info: org.openqa.selenium.chrome.ChromeDriver
Capabilities {acceptInsecureCerts: false, acceptSslCerts: false, applicationCacheEnabled: false, browserConnectionEnabled: false, browserName: chrome, chrome: {chromedriverVersion: 2.41.578737 (49da6702b16031..., userDataDir: C:\Users\Admin\AppData\Loca...}, cssSelectorsEnabled: true, databaseEnabled: false, goog:chromeOptions: {debuggerAddress: localhost:61557}, handlesAlerts: true, hasTouchScreen: false, javascriptEnabled: true, locationContextEnabled: true, mobileEmulationEnabled: false, nativeEvents: true, networkConnectionEnabled: false, pageLoadStrategy: normal, platform: XP, platformName: XP, rotatable: false, setWindowRect: true, takesHeapSnapshot: true, takesScreenshot: true, unexpectedAlertBehaviour: , unhandledPromptBehavior: , version: 88.0.4324.190, webStorageEnabled: true}
Session ID: 1bdbab511ddd6443ce72e1edaae195c7
*** Element info: {Using=xpath, value=(//*[@id='customerAddress']/ancestor::div[@class='dropdown']//a)[1]}
	at sun.reflect.GeneratedConstructorAccessor18.newInstance(Unknown Source)
	at sun.reflect.DelegatingConstructorAccessorImpl.newInstance(DelegatingConstructorAccessorImpl.java:45)
	at java.lang.reflect.Constructor.newInstance(Constructor.java:423)
	at org.openqa.selenium.remote.ErrorHandler.createThrowable(ErrorHandler.java:214)
	at org.openqa.selenium.remote.ErrorHandler.throwIfResponseFailed(ErrorHandler.java:166)
	at org.openqa.selenium.remote.http.JsonHttpResponseCodec.reconstructValue(JsonHttpResponseCodec.java:40)
	at org.openqa.selenium.remote.http.AbstractHttpResponseCodec.decode(AbstractHttpResponseCodec.java:80)
	at org.openqa.selenium.remote.http.AbstractHttpResponseCodec.decode(AbstractHttpResponseCodec.java:44)
	at org.openqa.selenium.remote.HttpCommandExecutor.execute(HttpCommandExecutor.java:160)
	at org.openqa.selenium.remote.service.DriverCommandExecutor.execute(DriverCommandExecutor.java:83)
	at org.openqa.selenium.remote.RemoteWebDriver.execute(RemoteWebDriver.java:601)
	at org.openqa.selenium.remote.RemoteWebDriver.findElement(RemoteWebDriver.java:371)
	at org.openqa.selenium.remote.RemoteWebDriver.findElementByXPath(RemoteWebDriver.java:473)
	at org.openqa.selenium.By$ByXPath.findElement(By.java:361)
	at org.openqa.selenium.remote.RemoteWebDriver.findElement(RemoteWebDriver.java:363)
	at resources.WebFunctions.dropdownMelissaJS(WebFunctions.java:525)
	at resources.WebFunctions.dropdownMelissaJS(WebFunctions.java:575)
	at SharedTC.STC_ConfirmVehicle.confirmVehicle(STC_ConfirmVehicle.java:20)
	at testApparent.TC_Regression.TC014(TC_Regression.java:270)
	at sun.reflect.NativeMethodAccessorImpl.invoke0(Native Method)
	at sun.reflect.NativeMethodAccessorImpl.invoke(NativeMethodAccessorImpl.java:62)
	at sun.reflect.DelegatingMethodAccessorImpl.invoke(DelegatingMethodAccessorImpl.java:43)
	at java.lang.reflect.Method.invoke(Method.java:498)
	at org.testng.internal.MethodInvocationHelper.invokeMethod(MethodInvocationHelper.java:85)
	at org.testng.internal.Invoker.invokeMethod(Invoker.java:639)
	at org.testng.internal.Invoker.invokeTestMethod(Invoker.java:816)
	at org.testng.internal.Invoker.invokeTestMethods(Invoker.java:1124)
	at org.testng.internal.TestMethodWorker.invokeTestMethods(TestMethodWorker.java:125)
	at org.testng.internal.TestMethodWorker.run(TestMethodWorker.java:108)
	at java.util.concurrent.ThreadPoolExecutor.runWorker(ThreadPoolExecutor.java:1149)
	at java.util.concurrent.ThreadPoolExecutor$Worker.run(ThreadPoolExecutor.java:624)
	at java.lang.Thread.run(Thread.java:748)

2021-03-03 13:32:37,660 [pool-1-thread-1] INFO Test Suite - TEST CASE: TC014 | Priority: 5
2021-03-03 13:32:58,456 [pool-1-thread-1] INFO Apparent-V1_D1_14_BrandedVin - Beginning to Quote.
2021-03-03 13:33:06,981 [pool-1-thread-1] INFO Apparent-V1_D1_14_BrandedVin - Family page: Success!
2021-03-03 13:33:16,222 [pool-1-thread-1] INFO Apparent-V1_D1_14_BrandedVin - Policy Holder page: Success!
2021-03-03 13:33:16,857 [pool-1-thread-1] ERROR Apparent-V1_D1_14_BrandedVin - NoSuchElement Exception
2021-03-03 13:33:22,972 [pool-1-thread-1] ERROR Apparent-V1_D1_14_BrandedVin - WebDriver Exception
2021-03-03 13:33:46,490 [pool-1-thread-1] INFO Apparent-V1_D1_14_BrandedVin - Address page: Success!
2021-03-03 13:34:29,788 [pool-1-thread-1] INFO Apparent-V1_D1_14_BrandedVin - Vehicle Details 1of2 page: Success!
2021-03-03 13:34:55,589 [pool-1-thread-1] INFO Apparent-V1_D1_14_BrandedVin - Vehicle Details 2of2 page: Success!
2021-03-03 13:35:01,811 [pool-1-thread-1] INFO Apparent-V1_D1_14_BrandedVin - VehicleList page: Success!
2021-03-03 13:35:18,262 [pool-1-thread-1] ERROR Apparent-V1_D1_14_BrandedVin - NoSuchElement Exception
2021-03-03 13:35:21,731 [pool-1-thread-1] ERROR Apparent-V1_D1_14_BrandedVin - NoSuchElement Exception
2021-03-03 13:35:25,278 [pool-1-thread-1] ERROR Apparent-V1_D1_14_BrandedVin - NoSuchElement Exception
2021-03-03 13:35:32,035 [pool-1-thread-1] INFO Apparent-V1_D1_14_BrandedVin - Policy holder Details 1of2 page: Success!
2021-03-03 13:35:50,116 [pool-1-thread-1] INFO Apparent-V1_D1_14_BrandedVin - Policy Holder Details 2of2 page: Success!
2021-03-03 13:35:50,121 [pool-1-thread-1] INFO Apparent-V1_D1_14_BrandedVin - No Incident added!
2021-03-03 13:35:53,320 [pool-1-thread-1] INFO Apparent-V1_D1_14_BrandedVin - DriverList page: Success!
2021-03-03 13:36:30,571 [pool-1-thread-1] INFO Apparent-V1_D1_14_BrandedVin - Insurance History page: Success!
2021-03-03 13:36:44,239 [pool-1-thread-1] INFO Apparent-V1_D1_14_BrandedVin - Policy Start page: Success!
2021-03-03 13:37:04,504 [pool-1-thread-1] INFO Apparent-V1_D1_14_BrandedVin - Quote Page: Success!
2021-03-03 13:37:14,991 [pool-1-thread-1] INFO Apparent-V1_D1_14_BrandedVin - Confirm Driver page: Success!
2021-03-03 13:37:23,648 [pool-1-thread-1] ERROR Apparent-V1_D1_14_BrandedVin - NoSuchElement Exception
2021-03-03 13:37:26,967 [pool-1-thread-1] ERROR Apparent-V1_D1_14_BrandedVin - NoSuchElement Exception
2021-03-03 13:37:30,265 [pool-1-thread-1] ERROR Apparent-V1_D1_14_BrandedVin - NoSuchElement Exception
2021-03-03 13:37:33,571 [pool-1-thread-1] INFO Apparent-V1_D1_14_BrandedVin - Test case has failed!
2021-03-03 13:37:33,571 [pool-1-thread-1] INFO Apparent-V1_D1_14_BrandedVin - no such element: Unable to locate element: {"method":"xpath","selector":"(//*[@id='customerAddress']/ancestor::div[@class='dropdown']//a)[1]"}
  (Session info: chrome=88.0.4324.190)
  (Driver info: chromedriver=2.41.578737 (49da6702b16031c40d63e5618de03a32ff6c197e),platform=Windows NT 10.0.19041 x86_64) (WARNING: The server did not provide any stacktrace information)
Command duration or timeout: 0 milliseconds
For documentation on this error, please visit: http://seleniumhq.org/exceptions/no_such_element.html
Build info: version: '3.10.0', revision: '176b4a9', time: '2018-03-02T19:03:16.397Z'
System info: host: 'DESKTOP-RL948I0', ip: '192.168.43.163', os.name: 'Windows 10', os.arch: 'amd64', os.version: '10.0', java.version: '1.8.0_181'
Driver info: org.openqa.selenium.chrome.ChromeDriver
Capabilities {acceptInsecureCerts: false, acceptSslCerts: false, applicationCacheEnabled: false, browserConnectionEnabled: false, browserName: chrome, chrome: {chromedriverVersion: 2.41.578737 (49da6702b16031..., userDataDir: C:\Users\Admin\AppData\Loca...}, cssSelectorsEnabled: true, databaseEnabled: false, goog:chromeOptions: {debuggerAddress: localhost:62101}, handlesAlerts: true, hasTouchScreen: false, javascriptEnabled: true, locationContextEnabled: true, mobileEmulationEnabled: false, nativeEvents: true, networkConnectionEnabled: false, pageLoadStrategy: normal, platform: XP, platformName: XP, rotatable: false, setWindowRect: true, takesHeapSnapshot: true, takesScreenshot: true, unexpectedAlertBehaviour: , unhandledPromptBehavior: , version: 88.0.4324.190, webStorageEnabled: true}
Session ID: f8e11695b23d285086ea7a47471cd4e0
*** Element info: {Using=xpath, value=(//*[@id='customerAddress']/ancestor::div[@class='dropdown']//a)[1]}
2021-03-03 13:37:38,913 [pool-1-thread-1] ERROR Test Suite - TC014 is Failed ! 
 EXCEPTION:  --->  org.openqa.selenium.NoSuchElementException: no such element: Unable to locate element: {"method":"xpath","selector":"(//*[@id='customerAddress']/ancestor::div[@class='dropdown']//a)[1]"}
  (Session info: chrome=88.0.4324.190)
  (Driver info: chromedriver=2.41.578737 (49da6702b16031c40d63e5618de03a32ff6c197e),platform=Windows NT 10.0.19041 x86_64) (WARNING: The server did not provide any stacktrace information)
Command duration or timeout: 0 milliseconds
For documentation on this error, please visit: http://seleniumhq.org/exceptions/no_such_element.html
Build info: version: '3.10.0', revision: '176b4a9', time: '2018-03-02T19:03:16.397Z'
System info: host: 'DESKTOP-RL948I0', ip: '192.168.43.163', os.name: 'Windows 10', os.arch: 'amd64', os.version: '10.0', java.version: '1.8.0_181'
Driver info: org.openqa.selenium.chrome.ChromeDriver
Capabilities {acceptInsecureCerts: false, acceptSslCerts: false, applicationCacheEnabled: false, browserConnectionEnabled: false, browserName: chrome, chrome: {chromedriverVersion: 2.41.578737 (49da6702b16031..., userDataDir: C:\Users\Admin\AppData\Loca...}, cssSelectorsEnabled: true, databaseEnabled: false, goog:chromeOptions: {debuggerAddress: localhost:62101}, handlesAlerts: true, hasTouchScreen: false, javascriptEnabled: true, locationContextEnabled: true, mobileEmulationEnabled: false, nativeEvents: true, networkConnectionEnabled: false, pageLoadStrategy: normal, platform: XP, platformName: XP, rotatable: false, setWindowRect: true, takesHeapSnapshot: true, takesScreenshot: true, unexpectedAlertBehaviour: , unhandledPromptBehavior: , version: 88.0.4324.190, webStorageEnabled: true}
Session ID: f8e11695b23d285086ea7a47471cd4e0
*** Element info: {Using=xpath, value=(//*[@id='customerAddress']/ancestor::div[@class='dropdown']//a)[1]}
	at sun.reflect.GeneratedConstructorAccessor18.newInstance(Unknown Source)
	at sun.reflect.DelegatingConstructorAccessorImpl.newInstance(DelegatingConstructorAccessorImpl.java:45)
	at java.lang.reflect.Constructor.newInstance(Constructor.java:423)
	at org.openqa.selenium.remote.ErrorHandler.createThrowable(ErrorHandler.java:214)
	at org.openqa.selenium.remote.ErrorHandler.throwIfResponseFailed(ErrorHandler.java:166)
	at org.openqa.selenium.remote.http.JsonHttpResponseCodec.reconstructValue(JsonHttpResponseCodec.java:40)
	at org.openqa.selenium.remote.http.AbstractHttpResponseCodec.decode(AbstractHttpResponseCodec.java:80)
	at org.openqa.selenium.remote.http.AbstractHttpResponseCodec.decode(AbstractHttpResponseCodec.java:44)
	at org.openqa.selenium.remote.HttpCommandExecutor.execute(HttpCommandExecutor.java:160)
	at org.openqa.selenium.remote.service.DriverCommandExecutor.execute(DriverCommandExecutor.java:83)
	at org.openqa.selenium.remote.RemoteWebDriver.execute(RemoteWebDriver.java:601)
	at org.openqa.selenium.remote.RemoteWebDriver.findElement(RemoteWebDriver.java:371)
	at org.openqa.selenium.remote.RemoteWebDriver.findElementByXPath(RemoteWebDriver.java:473)
	at org.openqa.selenium.By$ByXPath.findElement(By.java:361)
	at org.openqa.selenium.remote.RemoteWebDriver.findElement(RemoteWebDriver.java:363)
	at resources.WebFunctions.dropdownMelissaJS(WebFunctions.java:525)
	at resources.WebFunctions.dropdownMelissaJS(WebFunctions.java:575)
	at SharedTC.STC_ConfirmVehicle.confirmVehicle(STC_ConfirmVehicle.java:20)
	at testApparent.TC_Regression.TC014(TC_Regression.java:270)
	at sun.reflect.NativeMethodAccessorImpl.invoke0(Native Method)
	at sun.reflect.NativeMethodAccessorImpl.invoke(NativeMethodAccessorImpl.java:62)
	at sun.reflect.DelegatingMethodAccessorImpl.invoke(DelegatingMethodAccessorImpl.java:43)
	at java.lang.reflect.Method.invoke(Method.java:498)
	at org.testng.internal.MethodInvocationHelper.invokeMethod(MethodInvocationHelper.java:85)
	at org.testng.internal.Invoker.invokeMethod(Invoker.java:639)
	at org.testng.internal.Invoker.invokeTestMethod(Invoker.java:816)
	at org.testng.internal.Invoker.invokeTestMethods(Invoker.java:1124)
	at org.testng.internal.TestMethodWorker.invokeTestMethods(TestMethodWorker.java:125)
	at org.testng.internal.TestMethodWorker.run(TestMethodWorker.java:108)
	at java.util.concurrent.ThreadPoolExecutor.runWorker(ThreadPoolExecutor.java:1149)
	at java.util.concurrent.ThreadPoolExecutor$Worker.run(ThreadPoolExecutor.java:624)
	at java.lang.Thread.run(Thread.java:748)

2021-03-03 13:56:36,335 [pool-1-thread-1] INFO Test Suite - TEST CASE: TC014 | Priority: 5
2021-03-03 13:56:56,790 [pool-1-thread-1] INFO Apparent-V1_D1_14_BrandedVin - Beginning to Quote.
2021-03-03 13:57:05,300 [pool-1-thread-1] INFO Apparent-V1_D1_14_BrandedVin - Family page: Success!
2021-03-03 13:57:14,577 [pool-1-thread-1] INFO Apparent-V1_D1_14_BrandedVin - Policy Holder page: Success!
2021-03-03 13:57:15,246 [pool-1-thread-1] ERROR Apparent-V1_D1_14_BrandedVin - NoSuchElement Exception
2021-03-03 13:57:21,282 [pool-1-thread-1] ERROR Apparent-V1_D1_14_BrandedVin - WebDriver Exception
2021-03-03 13:57:44,867 [pool-1-thread-1] INFO Apparent-V1_D1_14_BrandedVin - Address page: Success!
2021-03-03 13:58:26,567 [pool-1-thread-1] INFO Apparent-V1_D1_14_BrandedVin - Vehicle Details 1of2 page: Success!
2021-03-03 13:58:52,305 [pool-1-thread-1] INFO Apparent-V1_D1_14_BrandedVin - Vehicle Details 2of2 page: Success!
2021-03-03 13:58:58,554 [pool-1-thread-1] INFO Apparent-V1_D1_14_BrandedVin - VehicleList page: Success!
2021-03-03 13:59:14,925 [pool-1-thread-1] ERROR Apparent-V1_D1_14_BrandedVin - NoSuchElement Exception
2021-03-03 13:59:18,500 [pool-1-thread-1] ERROR Apparent-V1_D1_14_BrandedVin - NoSuchElement Exception
2021-03-03 13:59:22,060 [pool-1-thread-1] ERROR Apparent-V1_D1_14_BrandedVin - NoSuchElement Exception
2021-03-03 13:59:28,809 [pool-1-thread-1] INFO Apparent-V1_D1_14_BrandedVin - Policy holder Details 1of2 page: Success!
2021-03-03 13:59:46,914 [pool-1-thread-1] INFO Apparent-V1_D1_14_BrandedVin - Policy Holder Details 2of2 page: Success!
2021-03-03 13:59:46,926 [pool-1-thread-1] INFO Apparent-V1_D1_14_BrandedVin - No Incident added!
2021-03-03 13:59:50,195 [pool-1-thread-1] INFO Apparent-V1_D1_14_BrandedVin - DriverList page: Success!
2021-03-03 14:00:27,365 [pool-1-thread-1] INFO Apparent-V1_D1_14_BrandedVin - Insurance History page: Success!
2021-03-03 14:00:41,028 [pool-1-thread-1] INFO Apparent-V1_D1_14_BrandedVin - Policy Start page: Success!
2021-03-03 14:01:01,423 [pool-1-thread-1] INFO Apparent-V1_D1_14_BrandedVin - Quote Page: Success!
2021-03-03 14:01:11,936 [pool-1-thread-1] INFO Apparent-V1_D1_14_BrandedVin - Confirm Driver page: Success!
2021-03-03 14:02:18,372 [pool-1-thread-1] ERROR Apparent-V1_D1_14_BrandedVin - NoSuchElement Exception
2021-03-03 14:02:22,080 [pool-1-thread-1] ERROR Apparent-V1_D1_14_BrandedVin - NoSuchElement Exception
2021-03-03 14:02:25,903 [pool-1-thread-1] ERROR Apparent-V1_D1_14_BrandedVin - NoSuchElement Exception
2021-03-03 14:04:33,638 [pool-1-thread-1] INFO Apparent-V1_D1_14_BrandedVin - Test case has failed!
2021-03-03 14:04:33,649 [pool-1-thread-1] INFO Apparent-V1_D1_14_BrandedVin - no such element: Unable to locate element: {"method":"xpath","selector":"(//*[@id='customerAddress']/ancestor::div[@class='dropdown']//a)[1]"}
  (Session info: chrome=88.0.4324.190)
  (Driver info: chromedriver=2.41.578737 (49da6702b16031c40d63e5618de03a32ff6c197e),platform=Windows NT 10.0.19041 x86_64) (WARNING: The server did not provide any stacktrace information)
Command duration or timeout: 0 milliseconds
For documentation on this error, please visit: http://seleniumhq.org/exceptions/no_such_element.html
Build info: version: '3.10.0', revision: '176b4a9', time: '2018-03-02T19:03:16.397Z'
System info: host: 'DESKTOP-RL948I0', ip: '192.168.43.163', os.name: 'Windows 10', os.arch: 'amd64', os.version: '10.0', java.version: '1.8.0_181'
Driver info: org.openqa.selenium.chrome.ChromeDriver
Capabilities {acceptInsecureCerts: false, acceptSslCerts: false, applicationCacheEnabled: false, browserConnectionEnabled: false, browserName: chrome, chrome: {chromedriverVersion: 2.41.578737 (49da6702b16031..., userDataDir: C:\Users\Admin\AppData\Loca...}, cssSelectorsEnabled: true, databaseEnabled: false, goog:chromeOptions: {debuggerAddress: localhost:62945}, handlesAlerts: true, hasTouchScreen: false, javascriptEnabled: true, locationContextEnabled: true, mobileEmulationEnabled: false, nativeEvents: true, networkConnectionEnabled: false, pageLoadStrategy: normal, platform: XP, platformName: XP, rotatable: false, setWindowRect: true, takesHeapSnapshot: true, takesScreenshot: true, unexpectedAlertBehaviour: , unhandledPromptBehavior: , version: 88.0.4324.190, webStorageEnabled: true}
Session ID: 3162c882712660164cc08881a50c875d
*** Element info: {Using=xpath, value=(//*[@id='customerAddress']/ancestor::div[@class='dropdown']//a)[1]}
2021-03-03 14:22:59,336 [pool-1-thread-1] INFO Test Suite - TEST CASE: TC014 | Priority: 5
2021-03-03 14:23:20,158 [pool-1-thread-1] INFO Apparent-V1_D1_14_BrandedVin - Beginning to Quote.
2021-03-03 14:23:28,679 [pool-1-thread-1] INFO Apparent-V1_D1_14_BrandedVin - Family page: Success!
2021-03-03 14:23:37,947 [pool-1-thread-1] INFO Apparent-V1_D1_14_BrandedVin - Policy Holder page: Success!
2021-03-03 14:23:38,652 [pool-1-thread-1] ERROR Apparent-V1_D1_14_BrandedVin - NoSuchElement Exception
2021-03-03 14:23:44,653 [pool-1-thread-1] ERROR Apparent-V1_D1_14_BrandedVin - WebDriver Exception
2021-03-03 14:24:08,297 [pool-1-thread-1] INFO Apparent-V1_D1_14_BrandedVin - Address page: Success!
2021-03-03 14:24:51,076 [pool-1-thread-1] INFO Apparent-V1_D1_14_BrandedVin - Vehicle Details 1of2 page: Success!
2021-03-03 14:25:16,796 [pool-1-thread-1] INFO Apparent-V1_D1_14_BrandedVin - Vehicle Details 2of2 page: Success!
2021-03-03 14:25:23,033 [pool-1-thread-1] INFO Apparent-V1_D1_14_BrandedVin - VehicleList page: Success!
2021-03-03 14:25:39,404 [pool-1-thread-1] ERROR Apparent-V1_D1_14_BrandedVin - NoSuchElement Exception
2021-03-03 14:25:42,926 [pool-1-thread-1] ERROR Apparent-V1_D1_14_BrandedVin - NoSuchElement Exception
2021-03-03 14:25:46,461 [pool-1-thread-1] ERROR Apparent-V1_D1_14_BrandedVin - NoSuchElement Exception
2021-03-03 14:25:53,195 [pool-1-thread-1] INFO Apparent-V1_D1_14_BrandedVin - Policy holder Details 1of2 page: Success!
2021-03-03 14:26:11,345 [pool-1-thread-1] INFO Apparent-V1_D1_14_BrandedVin - Policy Holder Details 2of2 page: Success!
2021-03-03 14:26:11,353 [pool-1-thread-1] INFO Apparent-V1_D1_14_BrandedVin - No Incident added!
2021-03-03 14:26:14,590 [pool-1-thread-1] INFO Apparent-V1_D1_14_BrandedVin - DriverList page: Success!
2021-03-03 14:26:51,789 [pool-1-thread-1] INFO Apparent-V1_D1_14_BrandedVin - Insurance History page: Success!
2021-03-03 14:27:05,468 [pool-1-thread-1] INFO Apparent-V1_D1_14_BrandedVin - Policy Start page: Success!
2021-03-03 14:27:28,357 [pool-1-thread-1] INFO Apparent-V1_D1_14_BrandedVin - Quote Page: Success!
2021-03-03 14:27:38,852 [pool-1-thread-1] INFO Apparent-V1_D1_14_BrandedVin - Confirm Driver page: Success!
2021-03-03 14:28:21,712 [pool-1-thread-1] ERROR Apparent-V1_D1_14_BrandedVin - NoSuchElement Exception
2021-03-03 14:28:25,484 [pool-1-thread-1] ERROR Apparent-V1_D1_14_BrandedVin - NoSuchElement Exception
2021-03-03 14:28:29,206 [pool-1-thread-1] ERROR Apparent-V1_D1_14_BrandedVin - NoSuchElement Exception
2021-03-03 14:30:16,876 [pool-1-thread-1] INFO Test Suite - TEST CASE: TC014 | Priority: 5
2021-03-03 14:30:37,572 [pool-1-thread-1] INFO Apparent-V1_D1_14_BrandedVin - Beginning to Quote.
2021-03-03 14:30:46,060 [pool-1-thread-1] INFO Apparent-V1_D1_14_BrandedVin - Family page: Success!
2021-03-03 14:30:55,287 [pool-1-thread-1] INFO Apparent-V1_D1_14_BrandedVin - Policy Holder page: Success!
2021-03-03 14:30:55,985 [pool-1-thread-1] ERROR Apparent-V1_D1_14_BrandedVin - NoSuchElement Exception
2021-03-03 14:31:01,984 [pool-1-thread-1] ERROR Apparent-V1_D1_14_BrandedVin - WebDriver Exception
2021-03-03 14:31:25,556 [pool-1-thread-1] INFO Apparent-V1_D1_14_BrandedVin - Address page: Success!
2021-03-03 14:32:08,798 [pool-1-thread-1] INFO Apparent-V1_D1_14_BrandedVin - Vehicle Details 1of2 page: Success!
2021-03-03 14:32:34,556 [pool-1-thread-1] INFO Apparent-V1_D1_14_BrandedVin - Vehicle Details 2of2 page: Success!
2021-03-03 14:32:40,797 [pool-1-thread-1] INFO Apparent-V1_D1_14_BrandedVin - VehicleList page: Success!
2021-03-03 14:32:57,179 [pool-1-thread-1] ERROR Apparent-V1_D1_14_BrandedVin - NoSuchElement Exception
2021-03-03 14:33:00,675 [pool-1-thread-1] ERROR Apparent-V1_D1_14_BrandedVin - NoSuchElement Exception
2021-03-03 14:33:04,242 [pool-1-thread-1] ERROR Apparent-V1_D1_14_BrandedVin - NoSuchElement Exception
2021-03-03 14:33:11,018 [pool-1-thread-1] INFO Apparent-V1_D1_14_BrandedVin - Policy holder Details 1of2 page: Success!
2021-03-03 14:33:29,134 [pool-1-thread-1] INFO Apparent-V1_D1_14_BrandedVin - Policy Holder Details 2of2 page: Success!
2021-03-03 14:33:29,144 [pool-1-thread-1] INFO Apparent-V1_D1_14_BrandedVin - No Incident added!
2021-03-03 14:33:32,379 [pool-1-thread-1] INFO Apparent-V1_D1_14_BrandedVin - DriverList page: Success!
2021-03-03 14:34:09,623 [pool-1-thread-1] INFO Apparent-V1_D1_14_BrandedVin - Insurance History page: Success!
2021-03-03 14:34:23,295 [pool-1-thread-1] INFO Apparent-V1_D1_14_BrandedVin - Policy Start page: Success!
2021-03-03 14:34:43,660 [pool-1-thread-1] INFO Apparent-V1_D1_14_BrandedVin - Quote Page: Success!
2021-03-03 14:34:54,177 [pool-1-thread-1] INFO Apparent-V1_D1_14_BrandedVin - Confirm Driver page: Success!
2021-03-03 14:36:51,747 [pool-1-thread-1] ERROR Apparent-V1_D1_14_BrandedVin - NoSuchElement Exception
2021-03-03 14:37:05,782 [pool-1-thread-1] ERROR Apparent-V1_D1_14_BrandedVin - NoSuchElement Exception
2021-03-03 14:37:09,637 [pool-1-thread-1] ERROR Apparent-V1_D1_14_BrandedVin - NoSuchElement Exception
2021-03-03 14:38:02,217 [pool-1-thread-1] INFO Apparent-V1_D1_14_BrandedVin - ConfirmVehicle page: Success!
2021-03-03 14:38:27,841 [pool-1-thread-1] INFO Apparent-V1_D1_14_BrandedVin - Test case is successful!
